2020-11-15 21:35:10.954 | DEBUG    | federated_learning.arguments:log:182 - Arguments: 
Batch Size: 10
Test Batch Size: 1000
Epochs: 10
Learning Rate: 0.01
Momentum: 0.5
CUDA Enabled: True
Shuffle Enabled: False
Log Interval: 100
Scheduler Step Size: 50
Scheduler Gamma: 0.5
Scheduler Minimum Learning Rate: 1e-10
Client Selection Strategy: <federated_learning.worker_selection.random.RandomSelectionStrategy object at 0x7f8069118ed0>
Client Selection Strategy Arguments: {
    "NUM_WORKERS_PER_ROUND": 5,
    "current_epoch_number": 10
}
Model Saving Enabled: False
Model Saving Interval: 1
Model Saving Path (Relative): 1202_models
Epoch Save Start Prefix: start
Epoch Save End Suffix: end
Number of Clients: 50
Number of Poisoned Clients: 10
NN: <class 'federated_learning.nets.fashion_mnist_cnn.FashionMNISTCNN'>
Train Data Loader Path: data_loaders/fashion-mnist/train_data_loader.pickle
Test Data Loader Path: data_loaders/fashion-mnist/test_data_loader.pickle
Loss Function: <class 'torch.nn.modules.loss.CrossEntropyLoss'>
Default Model Folder Path: default_models
Data Path: data

2020-11-15 21:35:10.954 | INFO     | federated_learning.utils.data_loader_utils:load_data_loader_from_file:64 - Loading data loader from file: data_loaders/fashion-mnist/train_data_loader.pickle
2020-11-15 21:35:11.278 | INFO     | federated_learning.utils.data_loader_utils:load_data_loader_from_file:64 - Loading data loader from file: data_loaders/fashion-mnist/test_data_loader.pickle
2020-11-15 21:35:12.243 | INFO     | federated_learning.utils.poison_data:poison_data:24 - Poisoning data for workers: [10, 6, 23, 40, 29, 2, 7, 15, 0, 34]
2020-11-15 21:35:12.249 | INFO     | federated_learning.utils.client_utils:log_client_data_statistics:17 - Client #0 has data distribution: [142, 0, 134, 113, 115, 96, 127, 116, 116, 241]
2020-11-15 21:35:12.249 | INFO     | federated_learning.utils.client_utils:log_client_data_statistics:17 - Client #1 has data distribution: [115, 101, 125, 125, 118, 118, 116, 133, 127, 122]
2020-11-15 21:35:12.250 | INFO     | federated_learning.utils.client_utils:log_client_data_statistics:17 - Client #2 has data distribution: [116, 0, 110, 123, 123, 133, 127, 112, 125, 231]
2020-11-15 21:35:12.250 | INFO     | federated_learning.utils.client_utils:log_client_data_statistics:17 - Client #3 has data distribution: [116, 125, 122, 118, 124, 114, 118, 110, 127, 126]
2020-11-15 21:35:12.251 | INFO     | federated_learning.utils.client_utils:log_client_data_statistics:17 - Client #4 has data distribution: [114, 120, 147, 129, 111, 114, 121, 103, 128, 113]
2020-11-15 21:35:12.251 | INFO     | federated_learning.utils.client_utils:log_client_data_statistics:17 - Client #5 has data distribution: [139, 123, 132, 128, 111, 113, 112, 105, 102, 135]
2020-11-15 21:35:12.252 | INFO     | federated_learning.utils.client_utils:log_client_data_statistics:17 - Client #6 has data distribution: [115, 0, 113, 126, 116, 133, 112, 133, 119, 233]
2020-11-15 21:35:12.252 | INFO     | federated_learning.utils.client_utils:log_client_data_statistics:17 - Client #7 has data distribution: [128, 0, 118, 120, 120, 110, 114, 129, 121, 240]
2020-11-15 21:35:12.253 | INFO     | federated_learning.utils.client_utils:log_client_data_statistics:17 - Client #8 has data distribution: [109, 112, 135, 124, 123, 131, 123, 113, 118, 112]
2020-11-15 21:35:12.253 | INFO     | federated_learning.utils.client_utils:log_client_data_statistics:17 - Client #9 has data distribution: [103, 120, 126, 120, 127, 114, 128, 124, 139, 99]
2020-11-15 21:35:12.253 | INFO     | federated_learning.utils.client_utils:log_client_data_statistics:17 - Client #10 has data distribution: [113, 0, 121, 125, 110, 133, 127, 128, 109, 234]
2020-11-15 21:35:12.254 | INFO     | federated_learning.utils.client_utils:log_client_data_statistics:17 - Client #11 has data distribution: [140, 114, 120, 129, 135, 104, 112, 124, 104, 118]
2020-11-15 21:35:12.254 | INFO     | federated_learning.utils.client_utils:log_client_data_statistics:17 - Client #12 has data distribution: [131, 123, 114, 108, 141, 102, 102, 120, 122, 137]
2020-11-15 21:35:12.255 | INFO     | federated_learning.utils.client_utils:log_client_data_statistics:17 - Client #13 has data distribution: [111, 126, 114, 123, 136, 120, 123, 128, 113, 106]
2020-11-15 21:35:12.256 | INFO     | federated_learning.utils.client_utils:log_client_data_statistics:17 - Client #14 has data distribution: [118, 105, 118, 133, 117, 103, 127, 116, 124, 139]
2020-11-15 21:35:12.256 | INFO     | federated_learning.utils.client_utils:log_client_data_statistics:17 - Client #15 has data distribution: [125, 0, 127, 126, 128, 103, 105, 112, 130, 244]
2020-11-15 21:35:12.257 | INFO     | federated_learning.utils.client_utils:log_client_data_statistics:17 - Client #16 has data distribution: [138, 112, 121, 127, 118, 120, 113, 122, 136, 93]
2020-11-15 21:35:12.257 | INFO     | federated_learning.utils.client_utils:log_client_data_statistics:17 - Client #17 has data distribution: [112, 103, 146, 99, 114, 134, 128, 117, 121, 126]
2020-11-15 21:35:12.258 | INFO     | federated_learning.utils.client_utils:log_client_data_statistics:17 - Client #18 has data distribution: [110, 120, 128, 111, 112, 128, 125, 113, 124, 129]
2020-11-15 21:35:12.258 | INFO     | federated_learning.utils.client_utils:log_client_data_statistics:17 - Client #19 has data distribution: [151, 105, 109, 124, 139, 128, 115, 111, 102, 116]
2020-11-15 21:35:12.258 | INFO     | federated_learning.utils.client_utils:log_client_data_statistics:17 - Client #20 has data distribution: [124, 120, 126, 117, 129, 111, 113, 124, 111, 125]
2020-11-15 21:35:12.259 | INFO     | federated_learning.utils.client_utils:log_client_data_statistics:17 - Client #21 has data distribution: [127, 113, 110, 122, 113, 132, 120, 128, 113, 122]
2020-11-15 21:35:12.259 | INFO     | federated_learning.utils.client_utils:log_client_data_statistics:17 - Client #22 has data distribution: [126, 106, 121, 113, 125, 108, 141, 114, 124, 122]
2020-11-15 21:35:12.260 | INFO     | federated_learning.utils.client_utils:log_client_data_statistics:17 - Client #23 has data distribution: [111, 0, 134, 119, 120, 111, 117, 116, 111, 261]
2020-11-15 21:35:12.260 | INFO     | federated_learning.utils.client_utils:log_client_data_statistics:17 - Client #24 has data distribution: [119, 115, 113, 115, 113, 105, 124, 128, 149, 119]
2020-11-15 21:35:12.261 | INFO     | federated_learning.utils.client_utils:log_client_data_statistics:17 - Client #25 has data distribution: [108, 119, 106, 125, 116, 122, 134, 132, 118, 120]
2020-11-15 21:35:12.261 | INFO     | federated_learning.utils.client_utils:log_client_data_statistics:17 - Client #26 has data distribution: [123, 124, 106, 121, 127, 109, 127, 136, 95, 132]
2020-11-15 21:35:12.262 | INFO     | federated_learning.utils.client_utils:log_client_data_statistics:17 - Client #27 has data distribution: [105, 128, 110, 112, 130, 144, 116, 103, 121, 131]
2020-11-15 21:35:12.262 | INFO     | federated_learning.utils.client_utils:log_client_data_statistics:17 - Client #28 has data distribution: [120, 125, 132, 104, 108, 121, 119, 113, 126, 132]
2020-11-15 21:35:12.262 | INFO     | federated_learning.utils.client_utils:log_client_data_statistics:17 - Client #29 has data distribution: [118, 0, 127, 131, 110, 121, 113, 115, 130, 235]
2020-11-15 21:35:12.263 | INFO     | federated_learning.utils.client_utils:log_client_data_statistics:17 - Client #30 has data distribution: [123, 130, 109, 104, 113, 144, 129, 121, 114, 113]
2020-11-15 21:35:12.263 | INFO     | federated_learning.utils.client_utils:log_client_data_statistics:17 - Client #31 has data distribution: [121, 112, 128, 102, 127, 144, 108, 122, 117, 119]
2020-11-15 21:35:12.264 | INFO     | federated_learning.utils.client_utils:log_client_data_statistics:17 - Client #32 has data distribution: [135, 130, 122, 137, 92, 119, 137, 109, 106, 113]
2020-11-15 21:35:12.264 | INFO     | federated_learning.utils.client_utils:log_client_data_statistics:17 - Client #33 has data distribution: [141, 134, 121, 130, 93, 117, 109, 111, 120, 124]
2020-11-15 21:35:12.265 | INFO     | federated_learning.utils.client_utils:log_client_data_statistics:17 - Client #34 has data distribution: [109, 0, 117, 130, 113, 127, 118, 116, 142, 228]
2020-11-15 21:35:12.265 | INFO     | federated_learning.utils.client_utils:log_client_data_statistics:17 - Client #35 has data distribution: [129, 125, 124, 105, 143, 113, 112, 111, 118, 120]
2020-11-15 21:35:12.265 | INFO     | federated_learning.utils.client_utils:log_client_data_statistics:17 - Client #36 has data distribution: [128, 133, 133, 110, 135, 121, 114, 112, 102, 112]
2020-11-15 21:35:12.266 | INFO     | federated_learning.utils.client_utils:log_client_data_statistics:17 - Client #37 has data distribution: [119, 129, 118, 119, 131, 110, 110, 122, 120, 122]
2020-11-15 21:35:12.266 | INFO     | federated_learning.utils.client_utils:log_client_data_statistics:17 - Client #38 has data distribution: [117, 128, 111, 119, 114, 96, 130, 127, 133, 125]
2020-11-15 21:35:12.267 | INFO     | federated_learning.utils.client_utils:log_client_data_statistics:17 - Client #39 has data distribution: [116, 122, 94, 132, 120, 120, 121, 121, 117, 137]
2020-11-15 21:35:12.267 | INFO     | federated_learning.utils.client_utils:log_client_data_statistics:17 - Client #40 has data distribution: [110, 0, 110, 120, 126, 123, 126, 122, 128, 235]
2020-11-15 21:35:12.268 | INFO     | federated_learning.utils.client_utils:log_client_data_statistics:17 - Client #41 has data distribution: [114, 127, 102, 124, 110, 108, 127, 130, 119, 139]
2020-11-15 21:35:12.268 | INFO     | federated_learning.utils.client_utils:log_client_data_statistics:17 - Client #42 has data distribution: [108, 114, 109, 130, 145, 146, 100, 118, 110, 120]
2020-11-15 21:35:12.268 | INFO     | federated_learning.utils.client_utils:log_client_data_statistics:17 - Client #43 has data distribution: [124, 120, 121, 104, 113, 148, 117, 131, 133, 89]
2020-11-15 21:35:12.269 | INFO     | federated_learning.utils.client_utils:log_client_data_statistics:17 - Client #44 has data distribution: [106, 142, 132, 129, 140, 111, 106, 109, 120, 105]
2020-11-15 21:35:12.269 | INFO     | federated_learning.utils.client_utils:log_client_data_statistics:17 - Client #45 has data distribution: [129, 113, 118, 125, 114, 111, 120, 139, 110, 121]
2020-11-15 21:35:12.270 | INFO     | federated_learning.utils.client_utils:log_client_data_statistics:17 - Client #46 has data distribution: [129, 115, 119, 128, 111, 114, 105, 112, 135, 132]
2020-11-15 21:35:12.270 | INFO     | federated_learning.utils.client_utils:log_client_data_statistics:17 - Client #47 has data distribution: [100, 118, 118, 120, 104, 150, 133, 117, 125, 115]
2020-11-15 21:35:12.271 | INFO     | federated_learning.utils.client_utils:log_client_data_statistics:17 - Client #48 has data distribution: [105, 125, 118, 116, 105, 116, 160, 136, 111, 108]
2020-11-15 21:35:12.271 | INFO     | federated_learning.utils.client_utils:log_client_data_statistics:17 - Client #49 has data distribution: [110, 122, 111, 106, 122, 127, 119, 136, 115, 132]
2020-11-15 21:35:12.345 | INFO     | server:train_subset_of_clients:38 - Training epoch #1 on client #45
2020-11-15 21:35:12.355 | INFO     | client:train:139 - [1,     0] loss: 0.025
2020-11-15 21:35:13.150 | INFO     | client:train:139 - [1,   100] loss: 1.227
2020-11-15 21:35:13.309 | INFO     | server:train_subset_of_clients:38 - Training epoch #1 on client #21
2020-11-15 21:35:13.317 | INFO     | client:train:139 - [1,     0] loss: 0.022
2020-11-15 21:35:14.126 | INFO     | client:train:139 - [1,   100] loss: 1.142
2020-11-15 21:35:14.274 | INFO     | server:train_subset_of_clients:38 - Training epoch #1 on client #15
2020-11-15 21:35:14.282 | INFO     | client:train:139 - [1,     0] loss: 0.021
2020-11-15 21:35:15.061 | INFO     | client:train:139 - [1,   100] loss: 1.090
2020-11-15 21:35:15.215 | INFO     | server:train_subset_of_clients:38 - Training epoch #1 on client #14
2020-11-15 21:35:15.223 | INFO     | client:train:139 - [1,     0] loss: 0.022
2020-11-15 21:35:16.056 | INFO     | client:train:139 - [1,   100] loss: 1.195
2020-11-15 21:35:16.215 | INFO     | server:train_subset_of_clients:38 - Training epoch #1 on client #22
2020-11-15 21:35:16.223 | INFO     | client:train:139 - [1,     0] loss: 0.020
2020-11-15 21:35:17.071 | INFO     | client:train:139 - [1,   100] loss: 1.149
2020-11-15 21:35:17.229 | INFO     | server:train_subset_of_clients:41 - Averaging client parameters
2020-11-15 21:35:17.230 | INFO     | server:train_subset_of_clients:46 - Updating parameters on client #0
2020-11-15 21:35:17.231 | INFO     | server:train_subset_of_clients:46 - Updating parameters on client #1
2020-11-15 21:35:17.232 | INFO     | server:train_subset_of_clients:46 - Updating parameters on client #2
2020-11-15 21:35:17.233 | INFO     | server:train_subset_of_clients:46 - Updating parameters on client #3
2020-11-15 21:35:17.234 | INFO     | server:train_subset_of_clients:46 - Updating parameters on client #4
2020-11-15 21:35:17.235 | INFO     | server:train_subset_of_clients:46 - Updating parameters on client #5
2020-11-15 21:35:17.236 | INFO     | server:train_subset_of_clients:46 - Updating parameters on client #6
2020-11-15 21:35:17.237 | INFO     | server:train_subset_of_clients:46 - Updating parameters on client #7
2020-11-15 21:35:17.238 | INFO     | server:train_subset_of_clients:46 - Updating parameters on client #8
2020-11-15 21:35:17.239 | INFO     | server:train_subset_of_clients:46 - Updating parameters on client #9
2020-11-15 21:35:17.239 | INFO     | server:train_subset_of_clients:46 - Updating parameters on client #10
2020-11-15 21:35:17.240 | INFO     | server:train_subset_of_clients:46 - Updating parameters on client #11
2020-11-15 21:35:17.241 | INFO     | server:train_subset_of_clients:46 - Updating parameters on client #12
2020-11-15 21:35:17.241 | INFO     | server:train_subset_of_clients:46 - Updating parameters on client #13
2020-11-15 21:35:17.242 | INFO     | server:train_subset_of_clients:46 - Updating parameters on client #14
2020-11-15 21:35:17.242 | INFO     | server:train_subset_of_clients:46 - Updating parameters on client #15
2020-11-15 21:35:17.243 | INFO     | server:train_subset_of_clients:46 - Updating parameters on client #16
2020-11-15 21:35:17.244 | INFO     | server:train_subset_of_clients:46 - Updating parameters on client #17
2020-11-15 21:35:17.244 | INFO     | server:train_subset_of_clients:46 - Updating parameters on client #18
2020-11-15 21:35:17.245 | INFO     | server:train_subset_of_clients:46 - Updating parameters on client #19
2020-11-15 21:35:17.245 | INFO     | server:train_subset_of_clients:46 - Updating parameters on client #20
2020-11-15 21:35:17.246 | INFO     | server:train_subset_of_clients:46 - Updating parameters on client #21
2020-11-15 21:35:17.247 | INFO     | server:train_subset_of_clients:46 - Updating parameters on client #22
2020-11-15 21:35:17.247 | INFO     | server:train_subset_of_clients:46 - Updating parameters on client #23
2020-11-15 21:35:17.248 | INFO     | server:train_subset_of_clients:46 - Updating parameters on client #24
2020-11-15 21:35:17.248 | INFO     | server:train_subset_of_clients:46 - Updating parameters on client #25
2020-11-15 21:35:17.249 | INFO     | server:train_subset_of_clients:46 - Updating parameters on client #26
2020-11-15 21:35:17.249 | INFO     | server:train_subset_of_clients:46 - Updating parameters on client #27
2020-11-15 21:35:17.250 | INFO     | server:train_subset_of_clients:46 - Updating parameters on client #28
2020-11-15 21:35:17.251 | INFO     | server:train_subset_of_clients:46 - Updating parameters on client #29
2020-11-15 21:35:17.251 | INFO     | server:train_subset_of_clients:46 - Updating parameters on client #30
2020-11-15 21:35:17.252 | INFO     | server:train_subset_of_clients:46 - Updating parameters on client #31
2020-11-15 21:35:17.253 | INFO     | server:train_subset_of_clients:46 - Updating parameters on client #32
2020-11-15 21:35:17.253 | INFO     | server:train_subset_of_clients:46 - Updating parameters on client #33
2020-11-15 21:35:17.254 | INFO     | server:train_subset_of_clients:46 - Updating parameters on client #34
2020-11-15 21:35:17.254 | INFO     | server:train_subset_of_clients:46 - Updating parameters on client #35
2020-11-15 21:35:17.255 | INFO     | server:train_subset_of_clients:46 - Updating parameters on client #36
2020-11-15 21:35:17.256 | INFO     | server:train_subset_of_clients:46 - Updating parameters on client #37
2020-11-15 21:35:17.256 | INFO     | server:train_subset_of_clients:46 - Updating parameters on client #38
2020-11-15 21:35:17.257 | INFO     | server:train_subset_of_clients:46 - Updating parameters on client #39
2020-11-15 21:35:17.258 | INFO     | server:train_subset_of_clients:46 - Updating parameters on client #40
2020-11-15 21:35:17.258 | INFO     | server:train_subset_of_clients:46 - Updating parameters on client #41
2020-11-15 21:35:17.259 | INFO     | server:train_subset_of_clients:46 - Updating parameters on client #42
2020-11-15 21:35:17.259 | INFO     | server:train_subset_of_clients:46 - Updating parameters on client #43
2020-11-15 21:35:17.260 | INFO     | server:train_subset_of_clients:46 - Updating parameters on client #44
2020-11-15 21:35:17.260 | INFO     | server:train_subset_of_clients:46 - Updating parameters on client #45
2020-11-15 21:35:17.261 | INFO     | server:train_subset_of_clients:46 - Updating parameters on client #46
2020-11-15 21:35:17.262 | INFO     | server:train_subset_of_clients:46 - Updating parameters on client #47
2020-11-15 21:35:17.262 | INFO     | server:train_subset_of_clients:46 - Updating parameters on client #48
2020-11-15 21:35:17.263 | INFO     | server:train_subset_of_clients:46 - Updating parameters on client #49
2020-11-15 21:35:20.216 | DEBUG    | client:test:203 - Test set: Accuracy: 7880/10000 (79%)
2020-11-15 21:35:20.216 | DEBUG    | client:test:204 - Test set: Loss: 6.048610091209412
2020-11-15 21:35:20.241 | DEBUG    | client:test:205 - Classification Report:
              precision    recall  f1-score   support

           0       0.71      0.82      0.77      1000
           1       1.00      0.84      0.92      1000
           2       0.63      0.70      0.67      1000
           3       0.71      0.89      0.79      1000
           4       0.65      0.70      0.68      1000
           5       0.96      0.81      0.88      1000
           6       0.65      0.28      0.40      1000
           7       0.81      0.94      0.87      1000
           8       0.86      0.96      0.91      1000
           9       0.91      0.93      0.92      1000

    accuracy                           0.79     10000
   macro avg       0.79      0.79      0.78     10000
weighted avg       0.79      0.79      0.78     10000

2020-11-15 21:35:20.241 | DEBUG    | client:test:206 - Confusion Matrix:
[[824   0  23  89   7   8  25   0  24   0]
 [  6 845  15 120  11   0   0   0   3   0]
 [ 15   0 705  14 172   3  53   0  38   0]
 [ 33   0  11 889  37   3  19   0   8   0]
 [  1   0 171  59 703   2  48   0  16   0]
 [  1   0   0   3   0 809   0 141  11  35]
 [272   1 186  58 145   3 284   0  49   2]
 [  0   0   0   0   0   7   0 936   1  56]
 [  2   0   6  12   4   4   7   6 957   2]
 [  0   0   0   0   0   1   0  70   1 928]]
2020-11-15 21:35:20.242 | DEBUG    | client:test:207 - Class precision: [0.71403813 0.99881797 0.63115488 0.71463023 0.65152919 0.96309524
 0.65137615 0.81179532 0.86371841 0.90713587]
2020-11-15 21:35:20.242 | DEBUG    | client:test:208 - Class recall: [0.824 0.845 0.705 0.889 0.703 0.809 0.284 0.936 0.957 0.928]
2020-11-15 21:35:20.244 | INFO     | server:train_subset_of_clients:38 - Training epoch #2 on client #5
2020-11-15 21:35:20.255 | INFO     | client:train:139 - [2,     0] loss: 0.002
2020-11-15 21:35:21.138 | INFO     | client:train:139 - [2,   100] loss: 0.726
2020-11-15 21:35:21.314 | INFO     | server:train_subset_of_clients:38 - Training epoch #2 on client #40
2020-11-15 21:35:21.324 | INFO     | client:train:139 - [2,     0] loss: 0.005
2020-11-15 21:35:22.196 | INFO     | client:train:139 - [2,   100] loss: 0.766
2020-11-15 21:35:22.374 | INFO     | server:train_subset_of_clients:38 - Training epoch #2 on client #27
2020-11-15 21:35:22.383 | INFO     | client:train:139 - [2,     0] loss: 0.002
2020-11-15 21:35:23.257 | INFO     | client:train:139 - [2,   100] loss: 0.637
2020-11-15 21:35:23.428 | INFO     | server:train_subset_of_clients:38 - Training epoch #2 on client #30
2020-11-15 21:35:23.437 | INFO     | client:train:139 - [2,     0] loss: 0.008
2020-11-15 21:35:24.316 | INFO     | client:train:139 - [2,   100] loss: 0.631
2020-11-15 21:35:24.475 | INFO     | server:train_subset_of_clients:38 - Training epoch #2 on client #39
2020-11-15 21:35:24.483 | INFO     | client:train:139 - [2,     0] loss: 0.003
2020-11-15 21:35:25.332 | INFO     | client:train:139 - [2,   100] loss: 0.714
2020-11-15 21:35:25.490 | INFO     | server:train_subset_of_clients:41 - Averaging client parameters
2020-11-15 21:35:25.491 | INFO     | server:train_subset_of_clients:46 - Updating parameters on client #0
2020-11-15 21:35:25.491 | INFO     | server:train_subset_of_clients:46 - Updating parameters on client #1
2020-11-15 21:35:25.492 | INFO     | server:train_subset_of_clients:46 - Updating parameters on client #2
2020-11-15 21:35:25.493 | INFO     | server:train_subset_of_clients:46 - Updating parameters on client #3
2020-11-15 21:35:25.493 | INFO     | server:train_subset_of_clients:46 - Updating parameters on client #4
2020-11-15 21:35:25.494 | INFO     | server:train_subset_of_clients:46 - Updating parameters on client #5
2020-11-15 21:35:25.495 | INFO     | server:train_subset_of_clients:46 - Updating parameters on client #6
2020-11-15 21:35:25.495 | INFO     | server:train_subset_of_clients:46 - Updating parameters on client #7
2020-11-15 21:35:25.496 | INFO     | server:train_subset_of_clients:46 - Updating parameters on client #8
2020-11-15 21:35:25.497 | INFO     | server:train_subset_of_clients:46 - Updating parameters on client #9
2020-11-15 21:35:25.497 | INFO     | server:train_subset_of_clients:46 - Updating parameters on client #10
2020-11-15 21:35:25.498 | INFO     | server:train_subset_of_clients:46 - Updating parameters on client #11
2020-11-15 21:35:25.498 | INFO     | server:train_subset_of_clients:46 - Updating parameters on client #12
2020-11-15 21:35:25.499 | INFO     | server:train_subset_of_clients:46 - Updating parameters on client #13
2020-11-15 21:35:25.500 | INFO     | server:train_subset_of_clients:46 - Updating parameters on client #14
2020-11-15 21:35:25.500 | INFO     | server:train_subset_of_clients:46 - Updating parameters on client #15
2020-11-15 21:35:25.501 | INFO     | server:train_subset_of_clients:46 - Updating parameters on client #16
2020-11-15 21:35:25.501 | INFO     | server:train_subset_of_clients:46 - Updating parameters on client #17
2020-11-15 21:35:25.502 | INFO     | server:train_subset_of_clients:46 - Updating parameters on client #18
2020-11-15 21:35:25.503 | INFO     | server:train_subset_of_clients:46 - Updating parameters on client #19
2020-11-15 21:35:25.503 | INFO     | server:train_subset_of_clients:46 - Updating parameters on client #20
2020-11-15 21:35:25.504 | INFO     | server:train_subset_of_clients:46 - Updating parameters on client #21
2020-11-15 21:35:25.504 | INFO     | server:train_subset_of_clients:46 - Updating parameters on client #22
2020-11-15 21:35:25.505 | INFO     | server:train_subset_of_clients:46 - Updating parameters on client #23
2020-11-15 21:35:25.505 | INFO     | server:train_subset_of_clients:46 - Updating parameters on client #24
2020-11-15 21:35:25.506 | INFO     | server:train_subset_of_clients:46 - Updating parameters on client #25
2020-11-15 21:35:25.507 | INFO     | server:train_subset_of_clients:46 - Updating parameters on client #26
2020-11-15 21:35:25.507 | INFO     | server:train_subset_of_clients:46 - Updating parameters on client #27
2020-11-15 21:35:25.508 | INFO     | server:train_subset_of_clients:46 - Updating parameters on client #28
2020-11-15 21:35:25.508 | INFO     | server:train_subset_of_clients:46 - Updating parameters on client #29
2020-11-15 21:35:25.509 | INFO     | server:train_subset_of_clients:46 - Updating parameters on client #30
2020-11-15 21:35:25.510 | INFO     | server:train_subset_of_clients:46 - Updating parameters on client #31
2020-11-15 21:35:25.510 | INFO     | server:train_subset_of_clients:46 - Updating parameters on client #32
2020-11-15 21:35:25.511 | INFO     | server:train_subset_of_clients:46 - Updating parameters on client #33
2020-11-15 21:35:25.512 | INFO     | server:train_subset_of_clients:46 - Updating parameters on client #34
2020-11-15 21:35:25.512 | INFO     | server:train_subset_of_clients:46 - Updating parameters on client #35
2020-11-15 21:35:25.513 | INFO     | server:train_subset_of_clients:46 - Updating parameters on client #36
2020-11-15 21:35:25.513 | INFO     | server:train_subset_of_clients:46 - Updating parameters on client #37
2020-11-15 21:35:25.514 | INFO     | server:train_subset_of_clients:46 - Updating parameters on client #38
2020-11-15 21:35:25.514 | INFO     | server:train_subset_of_clients:46 - Updating parameters on client #39
2020-11-15 21:35:25.515 | INFO     | server:train_subset_of_clients:46 - Updating parameters on client #40
2020-11-15 21:35:25.516 | INFO     | server:train_subset_of_clients:46 - Updating parameters on client #41
2020-11-15 21:35:25.516 | INFO     | server:train_subset_of_clients:46 - Updating parameters on client #42
2020-11-15 21:35:25.517 | INFO     | server:train_subset_of_clients:46 - Updating parameters on client #43
2020-11-15 21:35:25.517 | INFO     | server:train_subset_of_clients:46 - Updating parameters on client #44
2020-11-15 21:35:25.518 | INFO     | server:train_subset_of_clients:46 - Updating parameters on client #45
2020-11-15 21:35:25.519 | INFO     | server:train_subset_of_clients:46 - Updating parameters on client #46
2020-11-15 21:35:25.520 | INFO     | server:train_subset_of_clients:46 - Updating parameters on client #47
2020-11-15 21:35:25.520 | INFO     | server:train_subset_of_clients:46 - Updating parameters on client #48
2020-11-15 21:35:25.521 | INFO     | server:train_subset_of_clients:46 - Updating parameters on client #49
2020-11-15 21:35:28.663 | DEBUG    | client:test:203 - Test set: Accuracy: 8270/10000 (83%)
2020-11-15 21:35:28.663 | DEBUG    | client:test:204 - Test set: Loss: 4.878575772047043
2020-11-15 21:35:28.689 | DEBUG    | client:test:205 - Classification Report:
              precision    recall  f1-score   support

           0       0.80      0.78      0.79      1000
           1       0.99      0.93      0.96      1000
           2       0.68      0.78      0.73      1000
           3       0.84      0.83      0.84      1000
           4       0.75      0.67      0.71      1000
           5       0.88      0.96      0.92      1000
           6       0.56      0.58      0.57      1000
           7       0.89      0.91      0.90      1000
           8       0.95      0.94      0.94      1000
           9       0.97      0.90      0.93      1000

    accuracy                           0.83     10000
   macro avg       0.83      0.83      0.83     10000
weighted avg       0.83      0.83      0.83     10000

2020-11-15 21:35:28.689 | DEBUG    | client:test:206 - Confusion Matrix:
[[784   0  26  39   7   9 122   0  13   0]
 [  2 926  15  39   5   2   9   0   2   0]
 [ 12   0 779   5  97   6  95   0   6   0]
 [ 31   7  14 830  29   6  82   0   1   0]
 [  1   0 166  34 668   2 123   0   6   0]
 [  0   0   0   2   0 959   2  27   1   9]
 [153   0 135  25  81  10 577   0  19   0]
 [  0   0   0   0   0  69   0 908   0  23]
 [  2   1  10  10   3  10  23   5 936   0]
 [  0   0   0   0   0  14   2  80   1 903]]
2020-11-15 21:35:28.690 | DEBUG    | client:test:207 - Class precision: [0.79593909 0.99143469 0.68034934 0.84349593 0.7505618  0.88224471
 0.55748792 0.89019608 0.95025381 0.9657754 ]
2020-11-15 21:35:28.690 | DEBUG    | client:test:208 - Class recall: [0.784 0.926 0.779 0.83  0.668 0.959 0.577 0.908 0.936 0.903]
2020-11-15 21:35:28.692 | INFO     | server:train_subset_of_clients:38 - Training epoch #3 on client #5
2020-11-15 21:35:28.704 | INFO     | client:train:139 - [3,     0] loss: 0.006
2020-11-15 21:35:29.745 | INFO     | client:train:139 - [3,   100] loss: 0.564
2020-11-15 21:35:29.901 | INFO     | server:train_subset_of_clients:38 - Training epoch #3 on client #3
2020-11-15 21:35:29.910 | INFO     | client:train:139 - [3,     0] loss: 0.003
2020-11-15 21:35:30.791 | INFO     | client:train:139 - [3,   100] loss: 0.511
2020-11-15 21:35:30.945 | INFO     | server:train_subset_of_clients:38 - Training epoch #3 on client #19
2020-11-15 21:35:30.954 | INFO     | client:train:139 - [3,     0] loss: 0.007
2020-11-15 21:35:31.947 | INFO     | client:train:139 - [3,   100] loss: 0.666
2020-11-15 21:35:32.128 | INFO     | server:train_subset_of_clients:38 - Training epoch #3 on client #42
2020-11-15 21:35:32.142 | INFO     | client:train:139 - [3,     0] loss: 0.002
2020-11-15 21:35:33.224 | INFO     | client:train:139 - [3,   100] loss: 0.543
2020-11-15 21:35:33.433 | INFO     | server:train_subset_of_clients:38 - Training epoch #3 on client #22
2020-11-15 21:35:33.446 | INFO     | client:train:139 - [3,     0] loss: 0.004
2020-11-15 21:35:34.532 | INFO     | client:train:139 - [3,   100] loss: 0.605
2020-11-15 21:35:34.794 | INFO     | server:train_subset_of_clients:41 - Averaging client parameters
2020-11-15 21:35:34.795 | INFO     | server:train_subset_of_clients:46 - Updating parameters on client #0
2020-11-15 21:35:34.796 | INFO     | server:train_subset_of_clients:46 - Updating parameters on client #1
2020-11-15 21:35:34.797 | INFO     | server:train_subset_of_clients:46 - Updating parameters on client #2
2020-11-15 21:35:34.798 | INFO     | server:train_subset_of_clients:46 - Updating parameters on client #3
2020-11-15 21:35:34.799 | INFO     | server:train_subset_of_clients:46 - Updating parameters on client #4
2020-11-15 21:35:34.800 | INFO     | server:train_subset_of_clients:46 - Updating parameters on client #5
2020-11-15 21:35:34.800 | INFO     | server:train_subset_of_clients:46 - Updating parameters on client #6
2020-11-15 21:35:34.801 | INFO     | server:train_subset_of_clients:46 - Updating parameters on client #7
2020-11-15 21:35:34.802 | INFO     | server:train_subset_of_clients:46 - Updating parameters on client #8
2020-11-15 21:35:34.803 | INFO     | server:train_subset_of_clients:46 - Updating parameters on client #9
2020-11-15 21:35:34.804 | INFO     | server:train_subset_of_clients:46 - Updating parameters on client #10
2020-11-15 21:35:34.804 | INFO     | server:train_subset_of_clients:46 - Updating parameters on client #11
2020-11-15 21:35:34.805 | INFO     | server:train_subset_of_clients:46 - Updating parameters on client #12
2020-11-15 21:35:34.806 | INFO     | server:train_subset_of_clients:46 - Updating parameters on client #13
2020-11-15 21:35:34.807 | INFO     | server:train_subset_of_clients:46 - Updating parameters on client #14
2020-11-15 21:35:34.807 | INFO     | server:train_subset_of_clients:46 - Updating parameters on client #15
2020-11-15 21:35:34.808 | INFO     | server:train_subset_of_clients:46 - Updating parameters on client #16
2020-11-15 21:35:34.809 | INFO     | server:train_subset_of_clients:46 - Updating parameters on client #17
2020-11-15 21:35:34.810 | INFO     | server:train_subset_of_clients:46 - Updating parameters on client #18
2020-11-15 21:35:34.811 | INFO     | server:train_subset_of_clients:46 - Updating parameters on client #19
2020-11-15 21:35:34.811 | INFO     | server:train_subset_of_clients:46 - Updating parameters on client #20
2020-11-15 21:35:34.812 | INFO     | server:train_subset_of_clients:46 - Updating parameters on client #21
2020-11-15 21:35:34.813 | INFO     | server:train_subset_of_clients:46 - Updating parameters on client #22
2020-11-15 21:35:34.814 | INFO     | server:train_subset_of_clients:46 - Updating parameters on client #23
2020-11-15 21:35:34.814 | INFO     | server:train_subset_of_clients:46 - Updating parameters on client #24
2020-11-15 21:35:34.815 | INFO     | server:train_subset_of_clients:46 - Updating parameters on client #25
2020-11-15 21:35:34.816 | INFO     | server:train_subset_of_clients:46 - Updating parameters on client #26
2020-11-15 21:35:34.817 | INFO     | server:train_subset_of_clients:46 - Updating parameters on client #27
2020-11-15 21:35:34.817 | INFO     | server:train_subset_of_clients:46 - Updating parameters on client #28
2020-11-15 21:35:34.818 | INFO     | server:train_subset_of_clients:46 - Updating parameters on client #29
2020-11-15 21:35:34.819 | INFO     | server:train_subset_of_clients:46 - Updating parameters on client #30
2020-11-15 21:35:34.819 | INFO     | server:train_subset_of_clients:46 - Updating parameters on client #31
2020-11-15 21:35:34.820 | INFO     | server:train_subset_of_clients:46 - Updating parameters on client #32
2020-11-15 21:35:34.821 | INFO     | server:train_subset_of_clients:46 - Updating parameters on client #33
2020-11-15 21:35:34.822 | INFO     | server:train_subset_of_clients:46 - Updating parameters on client #34
2020-11-15 21:35:34.822 | INFO     | server:train_subset_of_clients:46 - Updating parameters on client #35
2020-11-15 21:35:34.823 | INFO     | server:train_subset_of_clients:46 - Updating parameters on client #36
2020-11-15 21:35:34.824 | INFO     | server:train_subset_of_clients:46 - Updating parameters on client #37
2020-11-15 21:35:34.825 | INFO     | server:train_subset_of_clients:46 - Updating parameters on client #38
2020-11-15 21:35:34.825 | INFO     | server:train_subset_of_clients:46 - Updating parameters on client #39
2020-11-15 21:35:34.826 | INFO     | server:train_subset_of_clients:46 - Updating parameters on client #40
2020-11-15 21:35:34.827 | INFO     | server:train_subset_of_clients:46 - Updating parameters on client #41
2020-11-15 21:35:34.827 | INFO     | server:train_subset_of_clients:46 - Updating parameters on client #42
2020-11-15 21:35:34.828 | INFO     | server:train_subset_of_clients:46 - Updating parameters on client #43
2020-11-15 21:35:34.829 | INFO     | server:train_subset_of_clients:46 - Updating parameters on client #44
2020-11-15 21:35:34.829 | INFO     | server:train_subset_of_clients:46 - Updating parameters on client #45
2020-11-15 21:35:34.830 | INFO     | server:train_subset_of_clients:46 - Updating parameters on client #46
2020-11-15 21:35:34.831 | INFO     | server:train_subset_of_clients:46 - Updating parameters on client #47
2020-11-15 21:35:34.832 | INFO     | server:train_subset_of_clients:46 - Updating parameters on client #48
2020-11-15 21:35:34.832 | INFO     | server:train_subset_of_clients:46 - Updating parameters on client #49
2020-11-15 21:35:37.591 | DEBUG    | client:test:203 - Test set: Accuracy: 8229/10000 (82%)
2020-11-15 21:35:37.591 | DEBUG    | client:test:204 - Test set: Loss: 4.868157356977463
2020-11-15 21:35:37.614 | DEBUG    | client:test:205 - Classification Report:
              precision    recall  f1-score   support

           0       0.80      0.78      0.79      1000
           1       0.99      0.93      0.96      1000
           2       0.58      0.87      0.70      1000
           3       0.74      0.92      0.82      1000
           4       0.75      0.67      0.71      1000
           5       0.94      0.94      0.94      1000
           6       0.74      0.32      0.44      1000
           7       0.92      0.90      0.91      1000
           8       0.94      0.94      0.94      1000
           9       0.92      0.96      0.94      1000

    accuracy                           0.82     10000
   macro avg       0.83      0.82      0.82     10000
weighted avg       0.83      0.82      0.82     10000

2020-11-15 21:35:37.615 | DEBUG    | client:test:206 - Confusion Matrix:
[[784   0  40 102   6   8  45   0  15   0]
 [  0 927  15  50   4   1   1   0   2   0]
 [  8   0 872  16  74   1  22   0   7   0]
 [  8   3  29 923  19   1  15   0   2   0]
 [  1   0 253  55 672   0  17   0   2   0]
 [  1   0   0   4   0 938   0  35   3  19]
 [173   1 282  78 124   3 316   0  22   1]
 [  0   0   0   0   0  40   0 898   1  61]
 [  1   1  18  15   3   7  10   4 938   3]
 [  0   0   0   0   0   3   0  35   1 961]]
2020-11-15 21:35:37.615 | DEBUG    | client:test:207 - Class precision: [0.80327869 0.99463519 0.57786614 0.74255833 0.74501109 0.93612774
 0.74178404 0.92386831 0.94461229 0.91961722]
2020-11-15 21:35:37.616 | DEBUG    | client:test:208 - Class recall: [0.784 0.927 0.872 0.923 0.672 0.938 0.316 0.898 0.938 0.961]
2020-11-15 21:35:37.617 | INFO     | server:train_subset_of_clients:38 - Training epoch #4 on client #21
2020-11-15 21:35:37.629 | INFO     | client:train:139 - [4,     0] loss: 0.002
2020-11-15 21:35:38.517 | INFO     | client:train:139 - [4,   100] loss: 0.569
2020-11-15 21:35:38.695 | INFO     | server:train_subset_of_clients:38 - Training epoch #4 on client #23
2020-11-15 21:35:38.705 | INFO     | client:train:139 - [4,     0] loss: 0.013
2020-11-15 21:35:39.527 | INFO     | client:train:139 - [4,   100] loss: 0.604
2020-11-15 21:35:39.680 | INFO     | server:train_subset_of_clients:38 - Training epoch #4 on client #30
2020-11-15 21:35:39.689 | INFO     | client:train:139 - [4,     0] loss: 0.001
2020-11-15 21:35:40.509 | INFO     | client:train:139 - [4,   100] loss: 0.494
2020-11-15 21:35:40.663 | INFO     | server:train_subset_of_clients:38 - Training epoch #4 on client #13
2020-11-15 21:35:40.672 | INFO     | client:train:139 - [4,     0] loss: 0.009
2020-11-15 21:35:41.525 | INFO     | client:train:139 - [4,   100] loss: 0.550
2020-11-15 21:35:41.671 | INFO     | server:train_subset_of_clients:38 - Training epoch #4 on client #47
2020-11-15 21:35:41.679 | INFO     | client:train:139 - [4,     0] loss: 0.004
2020-11-15 21:35:42.454 | INFO     | client:train:139 - [4,   100] loss: 0.548
2020-11-15 21:35:42.609 | INFO     | server:train_subset_of_clients:41 - Averaging client parameters
2020-11-15 21:35:42.610 | INFO     | server:train_subset_of_clients:46 - Updating parameters on client #0
2020-11-15 21:35:42.611 | INFO     | server:train_subset_of_clients:46 - Updating parameters on client #1
2020-11-15 21:35:42.611 | INFO     | server:train_subset_of_clients:46 - Updating parameters on client #2
2020-11-15 21:35:42.612 | INFO     | server:train_subset_of_clients:46 - Updating parameters on client #3
2020-11-15 21:35:42.612 | INFO     | server:train_subset_of_clients:46 - Updating parameters on client #4
2020-11-15 21:35:42.613 | INFO     | server:train_subset_of_clients:46 - Updating parameters on client #5
2020-11-15 21:35:42.614 | INFO     | server:train_subset_of_clients:46 - Updating parameters on client #6
2020-11-15 21:35:42.614 | INFO     | server:train_subset_of_clients:46 - Updating parameters on client #7
2020-11-15 21:35:42.615 | INFO     | server:train_subset_of_clients:46 - Updating parameters on client #8
2020-11-15 21:35:42.615 | INFO     | server:train_subset_of_clients:46 - Updating parameters on client #9
2020-11-15 21:35:42.616 | INFO     | server:train_subset_of_clients:46 - Updating parameters on client #10
2020-11-15 21:35:42.617 | INFO     | server:train_subset_of_clients:46 - Updating parameters on client #11
2020-11-15 21:35:42.617 | INFO     | server:train_subset_of_clients:46 - Updating parameters on client #12
2020-11-15 21:35:42.618 | INFO     | server:train_subset_of_clients:46 - Updating parameters on client #13
2020-11-15 21:35:42.618 | INFO     | server:train_subset_of_clients:46 - Updating parameters on client #14
2020-11-15 21:35:42.619 | INFO     | server:train_subset_of_clients:46 - Updating parameters on client #15
2020-11-15 21:35:42.620 | INFO     | server:train_subset_of_clients:46 - Updating parameters on client #16
2020-11-15 21:35:42.620 | INFO     | server:train_subset_of_clients:46 - Updating parameters on client #17
2020-11-15 21:35:42.621 | INFO     | server:train_subset_of_clients:46 - Updating parameters on client #18
2020-11-15 21:35:42.622 | INFO     | server:train_subset_of_clients:46 - Updating parameters on client #19
2020-11-15 21:35:42.622 | INFO     | server:train_subset_of_clients:46 - Updating parameters on client #20
2020-11-15 21:35:42.623 | INFO     | server:train_subset_of_clients:46 - Updating parameters on client #21
2020-11-15 21:35:42.623 | INFO     | server:train_subset_of_clients:46 - Updating parameters on client #22
2020-11-15 21:35:42.624 | INFO     | server:train_subset_of_clients:46 - Updating parameters on client #23
2020-11-15 21:35:42.624 | INFO     | server:train_subset_of_clients:46 - Updating parameters on client #24
2020-11-15 21:35:42.625 | INFO     | server:train_subset_of_clients:46 - Updating parameters on client #25
2020-11-15 21:35:42.626 | INFO     | server:train_subset_of_clients:46 - Updating parameters on client #26
2020-11-15 21:35:42.626 | INFO     | server:train_subset_of_clients:46 - Updating parameters on client #27
2020-11-15 21:35:42.627 | INFO     | server:train_subset_of_clients:46 - Updating parameters on client #28
2020-11-15 21:35:42.628 | INFO     | server:train_subset_of_clients:46 - Updating parameters on client #29
2020-11-15 21:35:42.628 | INFO     | server:train_subset_of_clients:46 - Updating parameters on client #30
2020-11-15 21:35:42.629 | INFO     | server:train_subset_of_clients:46 - Updating parameters on client #31
2020-11-15 21:35:42.629 | INFO     | server:train_subset_of_clients:46 - Updating parameters on client #32
2020-11-15 21:35:42.630 | INFO     | server:train_subset_of_clients:46 - Updating parameters on client #33
2020-11-15 21:35:42.631 | INFO     | server:train_subset_of_clients:46 - Updating parameters on client #34
2020-11-15 21:35:42.631 | INFO     | server:train_subset_of_clients:46 - Updating parameters on client #35
2020-11-15 21:35:42.632 | INFO     | server:train_subset_of_clients:46 - Updating parameters on client #36
2020-11-15 21:35:42.632 | INFO     | server:train_subset_of_clients:46 - Updating parameters on client #37
2020-11-15 21:35:42.633 | INFO     | server:train_subset_of_clients:46 - Updating parameters on client #38
2020-11-15 21:35:42.633 | INFO     | server:train_subset_of_clients:46 - Updating parameters on client #39
2020-11-15 21:35:42.634 | INFO     | server:train_subset_of_clients:46 - Updating parameters on client #40
2020-11-15 21:35:42.635 | INFO     | server:train_subset_of_clients:46 - Updating parameters on client #41
2020-11-15 21:35:42.636 | INFO     | server:train_subset_of_clients:46 - Updating parameters on client #42
2020-11-15 21:35:42.636 | INFO     | server:train_subset_of_clients:46 - Updating parameters on client #43
2020-11-15 21:35:42.637 | INFO     | server:train_subset_of_clients:46 - Updating parameters on client #44
2020-11-15 21:35:42.638 | INFO     | server:train_subset_of_clients:46 - Updating parameters on client #45
2020-11-15 21:35:42.638 | INFO     | server:train_subset_of_clients:46 - Updating parameters on client #46
2020-11-15 21:35:42.639 | INFO     | server:train_subset_of_clients:46 - Updating parameters on client #47
2020-11-15 21:35:42.639 | INFO     | server:train_subset_of_clients:46 - Updating parameters on client #48
2020-11-15 21:35:42.640 | INFO     | server:train_subset_of_clients:46 - Updating parameters on client #49
2020-11-15 21:35:45.460 | DEBUG    | client:test:203 - Test set: Accuracy: 8389/10000 (84%)
2020-11-15 21:35:45.460 | DEBUG    | client:test:204 - Test set: Loss: 4.517945259809494
2020-11-15 21:35:45.483 | DEBUG    | client:test:205 - Classification Report:
              precision    recall  f1-score   support

           0       0.82      0.80      0.81      1000
           1       0.99      0.93      0.96      1000
           2       0.87      0.57      0.69      1000
           3       0.86      0.85      0.85      1000
           4       0.68      0.84      0.75      1000
           5       0.95      0.92      0.94      1000
           6       0.55      0.66      0.60      1000
           7       0.87      0.96      0.91      1000
           8       0.95      0.94      0.95      1000
           9       0.96      0.92      0.94      1000

    accuracy                           0.84     10000
   macro avg       0.85      0.84      0.84     10000
weighted avg       0.85      0.84      0.84     10000

2020-11-15 21:35:45.484 | DEBUG    | client:test:206 - Confusion Matrix:
[[795   0   4  38   8   6 137   1  11   0]
 [  2 931   2  43   8   1  11   0   2   0]
 [ 13   0 566   7 204   2 202   0   6   0]
 [ 24   4   1 848  54   1  65   1   2   0]
 [  1   0  27  19 844   1 103   0   5   0]
 [  1   0   0   2   0 923   1  59   2  12]
 [127   0  47  25 119   5 660   0  16   1]
 [  0   0   0   0   0  18   0 956   0  26]
 [  1   1   2   6   3   7  29   6 945   0]
 [  0   0   0   0   0   6   1  71   1 921]]
2020-11-15 21:35:45.484 | DEBUG    | client:test:207 - Class precision: [0.8246888  0.99465812 0.87211094 0.8582996  0.68064516 0.95154639
 0.54590571 0.8738574  0.95454545 0.959375  ]
2020-11-15 21:35:45.485 | DEBUG    | client:test:208 - Class recall: [0.795 0.931 0.566 0.848 0.844 0.923 0.66  0.956 0.945 0.921]
2020-11-15 21:35:45.486 | INFO     | server:train_subset_of_clients:38 - Training epoch #5 on client #14
2020-11-15 21:35:45.497 | INFO     | client:train:139 - [5,     0] loss: 0.002
2020-11-15 21:35:46.324 | INFO     | client:train:139 - [5,   100] loss: 0.494
2020-11-15 21:35:46.481 | INFO     | server:train_subset_of_clients:38 - Training epoch #5 on client #34
2020-11-15 21:35:46.489 | INFO     | client:train:139 - [5,     0] loss: 0.011
2020-11-15 21:35:47.301 | INFO     | client:train:139 - [5,   100] loss: 0.553
2020-11-15 21:35:47.452 | INFO     | server:train_subset_of_clients:38 - Training epoch #5 on client #44
2020-11-15 21:35:47.460 | INFO     | client:train:139 - [5,     0] loss: 0.001
2020-11-15 21:35:48.309 | INFO     | client:train:139 - [5,   100] loss: 0.509
2020-11-15 21:35:48.462 | INFO     | server:train_subset_of_clients:38 - Training epoch #5 on client #0
2020-11-15 21:35:48.470 | INFO     | client:train:139 - [5,     0] loss: 0.004
2020-11-15 21:35:49.294 | INFO     | client:train:139 - [5,   100] loss: 0.541
2020-11-15 21:35:49.451 | INFO     | server:train_subset_of_clients:38 - Training epoch #5 on client #8
2020-11-15 21:35:49.459 | INFO     | client:train:139 - [5,     0] loss: 0.010
2020-11-15 21:35:50.275 | INFO     | client:train:139 - [5,   100] loss: 0.583
2020-11-15 21:35:50.438 | INFO     | server:train_subset_of_clients:41 - Averaging client parameters
2020-11-15 21:35:50.440 | INFO     | server:train_subset_of_clients:46 - Updating parameters on client #0
2020-11-15 21:35:50.440 | INFO     | server:train_subset_of_clients:46 - Updating parameters on client #1
2020-11-15 21:35:50.441 | INFO     | server:train_subset_of_clients:46 - Updating parameters on client #2
2020-11-15 21:35:50.442 | INFO     | server:train_subset_of_clients:46 - Updating parameters on client #3
2020-11-15 21:35:50.443 | INFO     | server:train_subset_of_clients:46 - Updating parameters on client #4
2020-11-15 21:35:50.444 | INFO     | server:train_subset_of_clients:46 - Updating parameters on client #5
2020-11-15 21:35:50.444 | INFO     | server:train_subset_of_clients:46 - Updating parameters on client #6
2020-11-15 21:35:50.445 | INFO     | server:train_subset_of_clients:46 - Updating parameters on client #7
2020-11-15 21:35:50.446 | INFO     | server:train_subset_of_clients:46 - Updating parameters on client #8
2020-11-15 21:35:50.446 | INFO     | server:train_subset_of_clients:46 - Updating parameters on client #9
2020-11-15 21:35:50.447 | INFO     | server:train_subset_of_clients:46 - Updating parameters on client #10
2020-11-15 21:35:50.448 | INFO     | server:train_subset_of_clients:46 - Updating parameters on client #11
2020-11-15 21:35:50.449 | INFO     | server:train_subset_of_clients:46 - Updating parameters on client #12
2020-11-15 21:35:50.449 | INFO     | server:train_subset_of_clients:46 - Updating parameters on client #13
2020-11-15 21:35:50.450 | INFO     | server:train_subset_of_clients:46 - Updating parameters on client #14
2020-11-15 21:35:50.451 | INFO     | server:train_subset_of_clients:46 - Updating parameters on client #15
2020-11-15 21:35:50.452 | INFO     | server:train_subset_of_clients:46 - Updating parameters on client #16
2020-11-15 21:35:50.452 | INFO     | server:train_subset_of_clients:46 - Updating parameters on client #17
2020-11-15 21:35:50.453 | INFO     | server:train_subset_of_clients:46 - Updating parameters on client #18
2020-11-15 21:35:50.454 | INFO     | server:train_subset_of_clients:46 - Updating parameters on client #19
2020-11-15 21:35:50.454 | INFO     | server:train_subset_of_clients:46 - Updating parameters on client #20
2020-11-15 21:35:50.455 | INFO     | server:train_subset_of_clients:46 - Updating parameters on client #21
2020-11-15 21:35:50.456 | INFO     | server:train_subset_of_clients:46 - Updating parameters on client #22
2020-11-15 21:35:50.456 | INFO     | server:train_subset_of_clients:46 - Updating parameters on client #23
2020-11-15 21:35:50.457 | INFO     | server:train_subset_of_clients:46 - Updating parameters on client #24
2020-11-15 21:35:50.458 | INFO     | server:train_subset_of_clients:46 - Updating parameters on client #25
2020-11-15 21:35:50.459 | INFO     | server:train_subset_of_clients:46 - Updating parameters on client #26
2020-11-15 21:35:50.460 | INFO     | server:train_subset_of_clients:46 - Updating parameters on client #27
2020-11-15 21:35:50.461 | INFO     | server:train_subset_of_clients:46 - Updating parameters on client #28
2020-11-15 21:35:50.462 | INFO     | server:train_subset_of_clients:46 - Updating parameters on client #29
2020-11-15 21:35:50.464 | INFO     | server:train_subset_of_clients:46 - Updating parameters on client #30
2020-11-15 21:35:50.465 | INFO     | server:train_subset_of_clients:46 - Updating parameters on client #31
2020-11-15 21:35:50.467 | INFO     | server:train_subset_of_clients:46 - Updating parameters on client #32
2020-11-15 21:35:50.468 | INFO     | server:train_subset_of_clients:46 - Updating parameters on client #33
2020-11-15 21:35:50.469 | INFO     | server:train_subset_of_clients:46 - Updating parameters on client #34
2020-11-15 21:35:50.470 | INFO     | server:train_subset_of_clients:46 - Updating parameters on client #35
2020-11-15 21:35:50.472 | INFO     | server:train_subset_of_clients:46 - Updating parameters on client #36
2020-11-15 21:35:50.475 | INFO     | server:train_subset_of_clients:46 - Updating parameters on client #37
2020-11-15 21:35:50.476 | INFO     | server:train_subset_of_clients:46 - Updating parameters on client #38
2020-11-15 21:35:50.478 | INFO     | server:train_subset_of_clients:46 - Updating parameters on client #39
2020-11-15 21:35:50.479 | INFO     | server:train_subset_of_clients:46 - Updating parameters on client #40
2020-11-15 21:35:50.480 | INFO     | server:train_subset_of_clients:46 - Updating parameters on client #41
2020-11-15 21:35:50.481 | INFO     | server:train_subset_of_clients:46 - Updating parameters on client #42
2020-11-15 21:35:50.482 | INFO     | server:train_subset_of_clients:46 - Updating parameters on client #43
2020-11-15 21:35:50.483 | INFO     | server:train_subset_of_clients:46 - Updating parameters on client #44
2020-11-15 21:35:50.484 | INFO     | server:train_subset_of_clients:46 - Updating parameters on client #45
2020-11-15 21:35:50.485 | INFO     | server:train_subset_of_clients:46 - Updating parameters on client #46
2020-11-15 21:35:50.486 | INFO     | server:train_subset_of_clients:46 - Updating parameters on client #47
2020-11-15 21:35:50.488 | INFO     | server:train_subset_of_clients:46 - Updating parameters on client #48
2020-11-15 21:35:50.489 | INFO     | server:train_subset_of_clients:46 - Updating parameters on client #49
2020-11-15 21:35:53.434 | DEBUG    | client:test:203 - Test set: Accuracy: 8472/10000 (85%)
2020-11-15 21:35:53.434 | DEBUG    | client:test:204 - Test set: Loss: 4.385246783494949
2020-11-15 21:35:53.458 | DEBUG    | client:test:205 - Classification Report:
              precision    recall  f1-score   support

           0       0.82      0.79      0.81      1000
           1       1.00      0.91      0.95      1000
           2       0.69      0.85      0.76      1000
           3       0.76      0.92      0.83      1000
           4       0.81      0.69      0.74      1000
           5       0.94      0.95      0.95      1000
           6       0.68      0.56      0.61      1000
           7       0.93      0.91      0.92      1000
           8       0.96      0.94      0.95      1000
           9       0.93      0.96      0.94      1000

    accuracy                           0.85     10000
   macro avg       0.85      0.85      0.85     10000
weighted avg       0.85      0.85      0.85     10000

2020-11-15 21:35:53.459 | DEBUG    | client:test:206 - Confusion Matrix:
[[794   0  23  81   3   7  84   0   8   0]
 [  0 905  13  63   5   1   6   0   2   5]
 [ 14   0 848  14  64   1  54   0   5   0]
 [ 13   1  18 920  13   0  34   0   1   0]
 [  1   0 179  55 687   1  74   0   3   0]
 [  0   0   0   3   0 953   0  28   2  14]
 [141   0 144  56  79   3 563   0  13   1]
 [  0   0   0   0   0  41   0 907   1  51]
 [  4   0  11  15   2   4  17   4 939   4]
 [  0   0   0   0   0   5   0  38   1 956]]
2020-11-15 21:35:53.459 | DEBUG    | client:test:207 - Class precision: [0.82109617 0.99889625 0.68608414 0.76222038 0.80539273 0.93799213
 0.67668269 0.9283521  0.96307692 0.92725509]
2020-11-15 21:35:53.460 | DEBUG    | client:test:208 - Class recall: [0.794 0.905 0.848 0.92  0.687 0.953 0.563 0.907 0.939 0.956]
2020-11-15 21:35:53.461 | INFO     | server:train_subset_of_clients:38 - Training epoch #6 on client #39
2020-11-15 21:35:53.473 | INFO     | client:train:139 - [6,     0] loss: 0.006
2020-11-15 21:35:54.330 | INFO     | client:train:139 - [6,   100] loss: 0.501
2020-11-15 21:35:54.481 | INFO     | server:train_subset_of_clients:38 - Training epoch #6 on client #41
2020-11-15 21:35:54.489 | INFO     | client:train:139 - [6,     0] loss: 0.005
2020-11-15 21:35:55.300 | INFO     | client:train:139 - [6,   100] loss: 0.549
2020-11-15 21:35:55.450 | INFO     | server:train_subset_of_clients:38 - Training epoch #6 on client #22
2020-11-15 21:35:55.458 | INFO     | client:train:139 - [6,     0] loss: 0.007
2020-11-15 21:35:56.247 | INFO     | client:train:139 - [6,   100] loss: 0.476
2020-11-15 21:35:56.397 | INFO     | server:train_subset_of_clients:38 - Training epoch #6 on client #11
2020-11-15 21:35:56.405 | INFO     | client:train:139 - [6,     0] loss: 0.005
2020-11-15 21:35:57.198 | INFO     | client:train:139 - [6,   100] loss: 0.491
2020-11-15 21:35:57.357 | INFO     | server:train_subset_of_clients:38 - Training epoch #6 on client #32
2020-11-15 21:35:57.365 | INFO     | client:train:139 - [6,     0] loss: 0.005
2020-11-15 21:35:58.161 | INFO     | client:train:139 - [6,   100] loss: 0.499
2020-11-15 21:35:58.310 | INFO     | server:train_subset_of_clients:41 - Averaging client parameters
2020-11-15 21:35:58.311 | INFO     | server:train_subset_of_clients:46 - Updating parameters on client #0
2020-11-15 21:35:58.311 | INFO     | server:train_subset_of_clients:46 - Updating parameters on client #1
2020-11-15 21:35:58.312 | INFO     | server:train_subset_of_clients:46 - Updating parameters on client #2
2020-11-15 21:35:58.313 | INFO     | server:train_subset_of_clients:46 - Updating parameters on client #3
2020-11-15 21:35:58.313 | INFO     | server:train_subset_of_clients:46 - Updating parameters on client #4
2020-11-15 21:35:58.314 | INFO     | server:train_subset_of_clients:46 - Updating parameters on client #5
2020-11-15 21:35:58.315 | INFO     | server:train_subset_of_clients:46 - Updating parameters on client #6
2020-11-15 21:35:58.315 | INFO     | server:train_subset_of_clients:46 - Updating parameters on client #7
2020-11-15 21:35:58.316 | INFO     | server:train_subset_of_clients:46 - Updating parameters on client #8
2020-11-15 21:35:58.317 | INFO     | server:train_subset_of_clients:46 - Updating parameters on client #9
2020-11-15 21:35:58.317 | INFO     | server:train_subset_of_clients:46 - Updating parameters on client #10
2020-11-15 21:35:58.318 | INFO     | server:train_subset_of_clients:46 - Updating parameters on client #11
2020-11-15 21:35:58.319 | INFO     | server:train_subset_of_clients:46 - Updating parameters on client #12
2020-11-15 21:35:58.319 | INFO     | server:train_subset_of_clients:46 - Updating parameters on client #13
2020-11-15 21:35:58.320 | INFO     | server:train_subset_of_clients:46 - Updating parameters on client #14
2020-11-15 21:35:58.320 | INFO     | server:train_subset_of_clients:46 - Updating parameters on client #15
2020-11-15 21:35:58.321 | INFO     | server:train_subset_of_clients:46 - Updating parameters on client #16
2020-11-15 21:35:58.321 | INFO     | server:train_subset_of_clients:46 - Updating parameters on client #17
2020-11-15 21:35:58.322 | INFO     | server:train_subset_of_clients:46 - Updating parameters on client #18
2020-11-15 21:35:58.323 | INFO     | server:train_subset_of_clients:46 - Updating parameters on client #19
2020-11-15 21:35:58.323 | INFO     | server:train_subset_of_clients:46 - Updating parameters on client #20
2020-11-15 21:35:58.324 | INFO     | server:train_subset_of_clients:46 - Updating parameters on client #21
2020-11-15 21:35:58.324 | INFO     | server:train_subset_of_clients:46 - Updating parameters on client #22
2020-11-15 21:35:58.325 | INFO     | server:train_subset_of_clients:46 - Updating parameters on client #23
2020-11-15 21:35:58.325 | INFO     | server:train_subset_of_clients:46 - Updating parameters on client #24
2020-11-15 21:35:58.326 | INFO     | server:train_subset_of_clients:46 - Updating parameters on client #25
2020-11-15 21:35:58.326 | INFO     | server:train_subset_of_clients:46 - Updating parameters on client #26
2020-11-15 21:35:58.327 | INFO     | server:train_subset_of_clients:46 - Updating parameters on client #27
2020-11-15 21:35:58.328 | INFO     | server:train_subset_of_clients:46 - Updating parameters on client #28
2020-11-15 21:35:58.328 | INFO     | server:train_subset_of_clients:46 - Updating parameters on client #29
2020-11-15 21:35:58.329 | INFO     | server:train_subset_of_clients:46 - Updating parameters on client #30
2020-11-15 21:35:58.330 | INFO     | server:train_subset_of_clients:46 - Updating parameters on client #31
2020-11-15 21:35:58.330 | INFO     | server:train_subset_of_clients:46 - Updating parameters on client #32
2020-11-15 21:35:58.331 | INFO     | server:train_subset_of_clients:46 - Updating parameters on client #33
2020-11-15 21:35:58.331 | INFO     | server:train_subset_of_clients:46 - Updating parameters on client #34
2020-11-15 21:35:58.332 | INFO     | server:train_subset_of_clients:46 - Updating parameters on client #35
2020-11-15 21:35:58.332 | INFO     | server:train_subset_of_clients:46 - Updating parameters on client #36
2020-11-15 21:35:58.333 | INFO     | server:train_subset_of_clients:46 - Updating parameters on client #37
2020-11-15 21:35:58.333 | INFO     | server:train_subset_of_clients:46 - Updating parameters on client #38
2020-11-15 21:35:58.334 | INFO     | server:train_subset_of_clients:46 - Updating parameters on client #39
2020-11-15 21:35:58.335 | INFO     | server:train_subset_of_clients:46 - Updating parameters on client #40
2020-11-15 21:35:58.335 | INFO     | server:train_subset_of_clients:46 - Updating parameters on client #41
2020-11-15 21:35:58.336 | INFO     | server:train_subset_of_clients:46 - Updating parameters on client #42
2020-11-15 21:35:58.336 | INFO     | server:train_subset_of_clients:46 - Updating parameters on client #43
2020-11-15 21:35:58.337 | INFO     | server:train_subset_of_clients:46 - Updating parameters on client #44
2020-11-15 21:35:58.337 | INFO     | server:train_subset_of_clients:46 - Updating parameters on client #45
2020-11-15 21:35:58.338 | INFO     | server:train_subset_of_clients:46 - Updating parameters on client #46
2020-11-15 21:35:58.338 | INFO     | server:train_subset_of_clients:46 - Updating parameters on client #47
2020-11-15 21:35:58.339 | INFO     | server:train_subset_of_clients:46 - Updating parameters on client #48
2020-11-15 21:35:58.340 | INFO     | server:train_subset_of_clients:46 - Updating parameters on client #49
2020-11-15 21:36:01.187 | DEBUG    | client:test:203 - Test set: Accuracy: 8466/10000 (85%)
2020-11-15 21:36:01.187 | DEBUG    | client:test:204 - Test set: Loss: 4.20741531252861
2020-11-15 21:36:01.210 | DEBUG    | client:test:205 - Classification Report:
              precision    recall  f1-score   support

           0       0.75      0.88      0.81      1000
           1       0.98      0.96      0.97      1000
           2       0.65      0.87      0.75      1000
           3       0.83      0.89      0.86      1000
           4       0.83      0.60      0.69      1000
           5       0.96      0.94      0.95      1000
           6       0.70      0.48      0.57      1000
           7       0.92      0.92      0.92      1000
           8       0.94      0.97      0.95      1000
           9       0.94      0.96      0.95      1000

    accuracy                           0.85     10000
   macro avg       0.85      0.85      0.84     10000
weighted avg       0.85      0.85      0.84     10000

2020-11-15 21:36:01.211 | DEBUG    | client:test:206 - Confusion Matrix:
[[875   1  24  50   2   4  31   0  13   0]
 [  3 957   8  24   2   0   3   0   3   0]
 [ 18   0 871  12  51   1  37   0  10   0]
 [ 34  15  23 891  13   0  20   0   4   0]
 [  1   3 237  49 597   0 109   0   4   0]
 [  1   0   0   3   0 945   0  35   2  14]
 [236   1 163  37  52   2 484   0  25   0]
 [  0   0   0   0   0  26   0 924   1  49]
 [  1   2   9   7   1   3   6   4 966   1]
 [  0   0   0   0   0   4   1  38   1 956]]
2020-11-15 21:36:01.211 | DEBUG    | client:test:207 - Class precision: [0.74850299 0.97752809 0.65243446 0.83038211 0.83147632 0.95939086
 0.70043415 0.92307692 0.93877551 0.9372549 ]
2020-11-15 21:36:01.211 | DEBUG    | client:test:208 - Class recall: [0.875 0.957 0.871 0.891 0.597 0.945 0.484 0.924 0.966 0.956]
2020-11-15 21:36:01.212 | INFO     | server:train_subset_of_clients:38 - Training epoch #7 on client #12
2020-11-15 21:36:01.224 | INFO     | client:train:139 - [7,     0] loss: 0.012
2020-11-15 21:36:02.096 | INFO     | client:train:139 - [7,   100] loss: 0.464
2020-11-15 21:36:02.259 | INFO     | server:train_subset_of_clients:38 - Training epoch #7 on client #43
2020-11-15 21:36:02.267 | INFO     | client:train:139 - [7,     0] loss: 0.005
2020-11-15 21:36:03.121 | INFO     | client:train:139 - [7,   100] loss: 0.457
2020-11-15 21:36:03.276 | INFO     | server:train_subset_of_clients:38 - Training epoch #7 on client #30
2020-11-15 21:36:03.284 | INFO     | client:train:139 - [7,     0] loss: 0.006
2020-11-15 21:36:04.123 | INFO     | client:train:139 - [7,   100] loss: 0.383
2020-11-15 21:36:04.288 | INFO     | server:train_subset_of_clients:38 - Training epoch #7 on client #14
2020-11-15 21:36:04.297 | INFO     | client:train:139 - [7,     0] loss: 0.003
2020-11-15 21:36:05.147 | INFO     | client:train:139 - [7,   100] loss: 0.455
2020-11-15 21:36:05.310 | INFO     | server:train_subset_of_clients:38 - Training epoch #7 on client #19
2020-11-15 21:36:05.319 | INFO     | client:train:139 - [7,     0] loss: 0.002
2020-11-15 21:36:06.208 | INFO     | client:train:139 - [7,   100] loss: 0.490
2020-11-15 21:36:06.374 | INFO     | server:train_subset_of_clients:41 - Averaging client parameters
2020-11-15 21:36:06.375 | INFO     | server:train_subset_of_clients:46 - Updating parameters on client #0
2020-11-15 21:36:06.375 | INFO     | server:train_subset_of_clients:46 - Updating parameters on client #1
2020-11-15 21:36:06.376 | INFO     | server:train_subset_of_clients:46 - Updating parameters on client #2
2020-11-15 21:36:06.377 | INFO     | server:train_subset_of_clients:46 - Updating parameters on client #3
2020-11-15 21:36:06.377 | INFO     | server:train_subset_of_clients:46 - Updating parameters on client #4
2020-11-15 21:36:06.378 | INFO     | server:train_subset_of_clients:46 - Updating parameters on client #5
2020-11-15 21:36:06.379 | INFO     | server:train_subset_of_clients:46 - Updating parameters on client #6
2020-11-15 21:36:06.379 | INFO     | server:train_subset_of_clients:46 - Updating parameters on client #7
2020-11-15 21:36:06.380 | INFO     | server:train_subset_of_clients:46 - Updating parameters on client #8
2020-11-15 21:36:06.380 | INFO     | server:train_subset_of_clients:46 - Updating parameters on client #9
2020-11-15 21:36:06.381 | INFO     | server:train_subset_of_clients:46 - Updating parameters on client #10
2020-11-15 21:36:06.382 | INFO     | server:train_subset_of_clients:46 - Updating parameters on client #11
2020-11-15 21:36:06.382 | INFO     | server:train_subset_of_clients:46 - Updating parameters on client #12
2020-11-15 21:36:06.383 | INFO     | server:train_subset_of_clients:46 - Updating parameters on client #13
2020-11-15 21:36:06.383 | INFO     | server:train_subset_of_clients:46 - Updating parameters on client #14
2020-11-15 21:36:06.384 | INFO     | server:train_subset_of_clients:46 - Updating parameters on client #15
2020-11-15 21:36:06.385 | INFO     | server:train_subset_of_clients:46 - Updating parameters on client #16
2020-11-15 21:36:06.385 | INFO     | server:train_subset_of_clients:46 - Updating parameters on client #17
2020-11-15 21:36:06.386 | INFO     | server:train_subset_of_clients:46 - Updating parameters on client #18
2020-11-15 21:36:06.386 | INFO     | server:train_subset_of_clients:46 - Updating parameters on client #19
2020-11-15 21:36:06.387 | INFO     | server:train_subset_of_clients:46 - Updating parameters on client #20
2020-11-15 21:36:06.388 | INFO     | server:train_subset_of_clients:46 - Updating parameters on client #21
2020-11-15 21:36:06.388 | INFO     | server:train_subset_of_clients:46 - Updating parameters on client #22
2020-11-15 21:36:06.389 | INFO     | server:train_subset_of_clients:46 - Updating parameters on client #23
2020-11-15 21:36:06.389 | INFO     | server:train_subset_of_clients:46 - Updating parameters on client #24
2020-11-15 21:36:06.390 | INFO     | server:train_subset_of_clients:46 - Updating parameters on client #25
2020-11-15 21:36:06.391 | INFO     | server:train_subset_of_clients:46 - Updating parameters on client #26
2020-11-15 21:36:06.391 | INFO     | server:train_subset_of_clients:46 - Updating parameters on client #27
2020-11-15 21:36:06.392 | INFO     | server:train_subset_of_clients:46 - Updating parameters on client #28
2020-11-15 21:36:06.392 | INFO     | server:train_subset_of_clients:46 - Updating parameters on client #29
2020-11-15 21:36:06.393 | INFO     | server:train_subset_of_clients:46 - Updating parameters on client #30
2020-11-15 21:36:06.393 | INFO     | server:train_subset_of_clients:46 - Updating parameters on client #31
2020-11-15 21:36:06.394 | INFO     | server:train_subset_of_clients:46 - Updating parameters on client #32
2020-11-15 21:36:06.395 | INFO     | server:train_subset_of_clients:46 - Updating parameters on client #33
2020-11-15 21:36:06.395 | INFO     | server:train_subset_of_clients:46 - Updating parameters on client #34
2020-11-15 21:36:06.396 | INFO     | server:train_subset_of_clients:46 - Updating parameters on client #35
2020-11-15 21:36:06.396 | INFO     | server:train_subset_of_clients:46 - Updating parameters on client #36
2020-11-15 21:36:06.397 | INFO     | server:train_subset_of_clients:46 - Updating parameters on client #37
2020-11-15 21:36:06.398 | INFO     | server:train_subset_of_clients:46 - Updating parameters on client #38
2020-11-15 21:36:06.398 | INFO     | server:train_subset_of_clients:46 - Updating parameters on client #39
2020-11-15 21:36:06.399 | INFO     | server:train_subset_of_clients:46 - Updating parameters on client #40
2020-11-15 21:36:06.399 | INFO     | server:train_subset_of_clients:46 - Updating parameters on client #41
2020-11-15 21:36:06.400 | INFO     | server:train_subset_of_clients:46 - Updating parameters on client #42
2020-11-15 21:36:06.401 | INFO     | server:train_subset_of_clients:46 - Updating parameters on client #43
2020-11-15 21:36:06.401 | INFO     | server:train_subset_of_clients:46 - Updating parameters on client #44
2020-11-15 21:36:06.402 | INFO     | server:train_subset_of_clients:46 - Updating parameters on client #45
2020-11-15 21:36:06.402 | INFO     | server:train_subset_of_clients:46 - Updating parameters on client #46
2020-11-15 21:36:06.403 | INFO     | server:train_subset_of_clients:46 - Updating parameters on client #47
2020-11-15 21:36:06.404 | INFO     | server:train_subset_of_clients:46 - Updating parameters on client #48
2020-11-15 21:36:06.404 | INFO     | server:train_subset_of_clients:46 - Updating parameters on client #49
2020-11-15 21:36:09.313 | DEBUG    | client:test:203 - Test set: Accuracy: 8587/10000 (86%)
2020-11-15 21:36:09.313 | DEBUG    | client:test:204 - Test set: Loss: 4.0267526507377625
2020-11-15 21:36:09.337 | DEBUG    | client:test:205 - Classification Report:
              precision    recall  f1-score   support

           0       0.76      0.87      0.81      1000
           1       0.99      0.96      0.97      1000
           2       0.82      0.73      0.78      1000
           3       0.84      0.89      0.86      1000
           4       0.68      0.89      0.77      1000
           5       0.97      0.94      0.95      1000
           6       0.75      0.47      0.58      1000
           7       0.90      0.95      0.92      1000
           8       0.97      0.96      0.96      1000
           9       0.95      0.94      0.94      1000

    accuracy                           0.86     10000
   macro avg       0.86      0.86      0.85     10000
weighted avg       0.86      0.86      0.85     10000

2020-11-15 21:36:09.337 | DEBUG    | client:test:206 - Confusion Matrix:
[[870   0   7  54  11   4  47   0   7   0]
 [  2 957   3  27   7   0   2   0   2   0]
 [ 33   0 733  11 177   1  40   0   5   0]
 [ 21   9   3 889  50   0  27   0   1   0]
 [  1   1  50  32 887   1  26   0   2   0]
 [  1   0   0   4   0 936   0  43   2  14]
 [206   1  93  36 178   2 470   0  13   1]
 [  0   0   0   0   0  15   0 948   1  36]
 [  4   1   2  11   4   3  12   5 958   0]
 [  0   0   0   0   0   4   0  56   1 939]]
2020-11-15 21:36:09.338 | DEBUG    | client:test:207 - Class precision: [0.76449912 0.9876161  0.82267116 0.83552632 0.67503805 0.9689441
 0.75320513 0.90114068 0.96572581 0.94848485]
2020-11-15 21:36:09.338 | DEBUG    | client:test:208 - Class recall: [0.87  0.957 0.733 0.889 0.887 0.936 0.47  0.948 0.958 0.939]
2020-11-15 21:36:09.339 | INFO     | server:train_subset_of_clients:38 - Training epoch #8 on client #35
2020-11-15 21:36:09.351 | INFO     | client:train:139 - [8,     0] loss: 0.006
2020-11-15 21:36:10.155 | INFO     | client:train:139 - [8,   100] loss: 0.487
2020-11-15 21:36:10.306 | INFO     | server:train_subset_of_clients:38 - Training epoch #8 on client #24
2020-11-15 21:36:10.314 | INFO     | client:train:139 - [8,     0] loss: 0.004
2020-11-15 21:36:11.100 | INFO     | client:train:139 - [8,   100] loss: 0.434
2020-11-15 21:36:11.249 | INFO     | server:train_subset_of_clients:38 - Training epoch #8 on client #16
2020-11-15 21:36:11.257 | INFO     | client:train:139 - [8,     0] loss: 0.006
2020-11-15 21:36:12.062 | INFO     | client:train:139 - [8,   100] loss: 0.424
2020-11-15 21:36:12.211 | INFO     | server:train_subset_of_clients:38 - Training epoch #8 on client #23
2020-11-15 21:36:12.220 | INFO     | client:train:139 - [8,     0] loss: 0.006
2020-11-15 21:36:13.047 | INFO     | client:train:139 - [8,   100] loss: 0.487
2020-11-15 21:36:13.221 | INFO     | server:train_subset_of_clients:38 - Training epoch #8 on client #8
2020-11-15 21:36:13.229 | INFO     | client:train:139 - [8,     0] loss: 0.006
2020-11-15 21:36:14.043 | INFO     | client:train:139 - [8,   100] loss: 0.497
2020-11-15 21:36:14.201 | INFO     | server:train_subset_of_clients:41 - Averaging client parameters
2020-11-15 21:36:14.202 | INFO     | server:train_subset_of_clients:46 - Updating parameters on client #0
2020-11-15 21:36:14.202 | INFO     | server:train_subset_of_clients:46 - Updating parameters on client #1
2020-11-15 21:36:14.203 | INFO     | server:train_subset_of_clients:46 - Updating parameters on client #2
2020-11-15 21:36:14.203 | INFO     | server:train_subset_of_clients:46 - Updating parameters on client #3
2020-11-15 21:36:14.204 | INFO     | server:train_subset_of_clients:46 - Updating parameters on client #4
2020-11-15 21:36:14.205 | INFO     | server:train_subset_of_clients:46 - Updating parameters on client #5
2020-11-15 21:36:14.205 | INFO     | server:train_subset_of_clients:46 - Updating parameters on client #6
2020-11-15 21:36:14.206 | INFO     | server:train_subset_of_clients:46 - Updating parameters on client #7
2020-11-15 21:36:14.206 | INFO     | server:train_subset_of_clients:46 - Updating parameters on client #8
2020-11-15 21:36:14.207 | INFO     | server:train_subset_of_clients:46 - Updating parameters on client #9
2020-11-15 21:36:14.208 | INFO     | server:train_subset_of_clients:46 - Updating parameters on client #10
2020-11-15 21:36:14.208 | INFO     | server:train_subset_of_clients:46 - Updating parameters on client #11
2020-11-15 21:36:14.209 | INFO     | server:train_subset_of_clients:46 - Updating parameters on client #12
2020-11-15 21:36:14.209 | INFO     | server:train_subset_of_clients:46 - Updating parameters on client #13
2020-11-15 21:36:14.210 | INFO     | server:train_subset_of_clients:46 - Updating parameters on client #14
2020-11-15 21:36:14.211 | INFO     | server:train_subset_of_clients:46 - Updating parameters on client #15
2020-11-15 21:36:14.211 | INFO     | server:train_subset_of_clients:46 - Updating parameters on client #16
2020-11-15 21:36:14.212 | INFO     | server:train_subset_of_clients:46 - Updating parameters on client #17
2020-11-15 21:36:14.212 | INFO     | server:train_subset_of_clients:46 - Updating parameters on client #18
2020-11-15 21:36:14.213 | INFO     | server:train_subset_of_clients:46 - Updating parameters on client #19
2020-11-15 21:36:14.214 | INFO     | server:train_subset_of_clients:46 - Updating parameters on client #20
2020-11-15 21:36:14.214 | INFO     | server:train_subset_of_clients:46 - Updating parameters on client #21
2020-11-15 21:36:14.215 | INFO     | server:train_subset_of_clients:46 - Updating parameters on client #22
2020-11-15 21:36:14.215 | INFO     | server:train_subset_of_clients:46 - Updating parameters on client #23
2020-11-15 21:36:14.216 | INFO     | server:train_subset_of_clients:46 - Updating parameters on client #24
2020-11-15 21:36:14.217 | INFO     | server:train_subset_of_clients:46 - Updating parameters on client #25
2020-11-15 21:36:14.217 | INFO     | server:train_subset_of_clients:46 - Updating parameters on client #26
2020-11-15 21:36:14.218 | INFO     | server:train_subset_of_clients:46 - Updating parameters on client #27
2020-11-15 21:36:14.218 | INFO     | server:train_subset_of_clients:46 - Updating parameters on client #28
2020-11-15 21:36:14.219 | INFO     | server:train_subset_of_clients:46 - Updating parameters on client #29
2020-11-15 21:36:14.219 | INFO     | server:train_subset_of_clients:46 - Updating parameters on client #30
2020-11-15 21:36:14.220 | INFO     | server:train_subset_of_clients:46 - Updating parameters on client #31
2020-11-15 21:36:14.221 | INFO     | server:train_subset_of_clients:46 - Updating parameters on client #32
2020-11-15 21:36:14.221 | INFO     | server:train_subset_of_clients:46 - Updating parameters on client #33
2020-11-15 21:36:14.222 | INFO     | server:train_subset_of_clients:46 - Updating parameters on client #34
2020-11-15 21:36:14.223 | INFO     | server:train_subset_of_clients:46 - Updating parameters on client #35
2020-11-15 21:36:14.223 | INFO     | server:train_subset_of_clients:46 - Updating parameters on client #36
2020-11-15 21:36:14.224 | INFO     | server:train_subset_of_clients:46 - Updating parameters on client #37
2020-11-15 21:36:14.224 | INFO     | server:train_subset_of_clients:46 - Updating parameters on client #38
2020-11-15 21:36:14.225 | INFO     | server:train_subset_of_clients:46 - Updating parameters on client #39
2020-11-15 21:36:14.225 | INFO     | server:train_subset_of_clients:46 - Updating parameters on client #40
2020-11-15 21:36:14.226 | INFO     | server:train_subset_of_clients:46 - Updating parameters on client #41
2020-11-15 21:36:14.227 | INFO     | server:train_subset_of_clients:46 - Updating parameters on client #42
2020-11-15 21:36:14.227 | INFO     | server:train_subset_of_clients:46 - Updating parameters on client #43
2020-11-15 21:36:14.228 | INFO     | server:train_subset_of_clients:46 - Updating parameters on client #44
2020-11-15 21:36:14.228 | INFO     | server:train_subset_of_clients:46 - Updating parameters on client #45
2020-11-15 21:36:14.229 | INFO     | server:train_subset_of_clients:46 - Updating parameters on client #46
2020-11-15 21:36:14.230 | INFO     | server:train_subset_of_clients:46 - Updating parameters on client #47
2020-11-15 21:36:14.230 | INFO     | server:train_subset_of_clients:46 - Updating parameters on client #48
2020-11-15 21:36:14.231 | INFO     | server:train_subset_of_clients:46 - Updating parameters on client #49
2020-11-15 21:36:17.097 | DEBUG    | client:test:203 - Test set: Accuracy: 8563/10000 (86%)
2020-11-15 21:36:17.098 | DEBUG    | client:test:204 - Test set: Loss: 3.920630097389221
2020-11-15 21:36:17.122 | DEBUG    | client:test:205 - Classification Report:
              precision    recall  f1-score   support

           0       0.87      0.72      0.79      1000
           1       1.00      0.94      0.97      1000
           2       0.75      0.83      0.79      1000
           3       0.80      0.92      0.85      1000
           4       0.80      0.73      0.77      1000
           5       0.98      0.93      0.95      1000
           6       0.61      0.66      0.63      1000
           7       0.90      0.94      0.92      1000
           8       0.96      0.95      0.96      1000
           9       0.94      0.95      0.94      1000

    accuracy                           0.86     10000
   macro avg       0.86      0.86      0.86     10000
weighted avg       0.86      0.86      0.86     10000

2020-11-15 21:36:17.123 | DEBUG    | client:test:206 - Confusion Matrix:
[[724   0  20  67   4   5 170   0  10   0]
 [  0 936   7  45   4   0   6   0   2   0]
 [  8   0 827  12  76   0  73   0   4   0]
 [  6   1   7 915  16   0  54   0   1   0]
 [  0   1 120  46 732   0  99   0   2   0]
 [  1   0   0   3   0 928   1  50   2  15]
 [ 91   0 116  42  77   0 660   0  12   2]
 [  0   0   0   0   0  12   0 944   1  43]
 [  0   1  10  13   3   2  17   5 948   1]
 [  0   0   0   0   0   3   1  46   1 949]]
2020-11-15 21:36:17.123 | DEBUG    | client:test:207 - Class precision: [0.87228916 0.99680511 0.74706414 0.80052493 0.80263158 0.97684211
 0.61054579 0.90334928 0.96439471 0.93960396]
2020-11-15 21:36:17.123 | DEBUG    | client:test:208 - Class recall: [0.724 0.936 0.827 0.915 0.732 0.928 0.66  0.944 0.948 0.949]
2020-11-15 21:36:17.124 | INFO     | server:train_subset_of_clients:38 - Training epoch #9 on client #49
2020-11-15 21:36:17.136 | INFO     | client:train:139 - [9,     0] loss: 0.003
2020-11-15 21:36:17.986 | INFO     | client:train:139 - [9,   100] loss: 0.438
2020-11-15 21:36:18.141 | INFO     | server:train_subset_of_clients:38 - Training epoch #9 on client #29
2020-11-15 21:36:18.150 | INFO     | client:train:139 - [9,     0] loss: 0.006
2020-11-15 21:36:18.975 | INFO     | client:train:139 - [9,   100] loss: 0.458
2020-11-15 21:36:19.130 | INFO     | server:train_subset_of_clients:38 - Training epoch #9 on client #15
2020-11-15 21:36:19.138 | INFO     | client:train:139 - [9,     0] loss: 0.011
2020-11-15 21:36:20.009 | INFO     | client:train:139 - [9,   100] loss: 0.384
2020-11-15 21:36:20.172 | INFO     | server:train_subset_of_clients:38 - Training epoch #9 on client #30
2020-11-15 21:36:20.183 | INFO     | client:train:139 - [9,     0] loss: 0.002
2020-11-15 21:36:21.027 | INFO     | client:train:139 - [9,   100] loss: 0.400
2020-11-15 21:36:21.176 | INFO     | server:train_subset_of_clients:38 - Training epoch #9 on client #31
2020-11-15 21:36:21.184 | INFO     | client:train:139 - [9,     0] loss: 0.008
2020-11-15 21:36:22.089 | INFO     | client:train:139 - [9,   100] loss: 0.425
2020-11-15 21:36:22.244 | INFO     | server:train_subset_of_clients:41 - Averaging client parameters
2020-11-15 21:36:22.245 | INFO     | server:train_subset_of_clients:46 - Updating parameters on client #0
2020-11-15 21:36:22.246 | INFO     | server:train_subset_of_clients:46 - Updating parameters on client #1
2020-11-15 21:36:22.247 | INFO     | server:train_subset_of_clients:46 - Updating parameters on client #2
2020-11-15 21:36:22.247 | INFO     | server:train_subset_of_clients:46 - Updating parameters on client #3
2020-11-15 21:36:22.248 | INFO     | server:train_subset_of_clients:46 - Updating parameters on client #4
2020-11-15 21:36:22.248 | INFO     | server:train_subset_of_clients:46 - Updating parameters on client #5
2020-11-15 21:36:22.249 | INFO     | server:train_subset_of_clients:46 - Updating parameters on client #6
2020-11-15 21:36:22.250 | INFO     | server:train_subset_of_clients:46 - Updating parameters on client #7
2020-11-15 21:36:22.250 | INFO     | server:train_subset_of_clients:46 - Updating parameters on client #8
2020-11-15 21:36:22.251 | INFO     | server:train_subset_of_clients:46 - Updating parameters on client #9
2020-11-15 21:36:22.252 | INFO     | server:train_subset_of_clients:46 - Updating parameters on client #10
2020-11-15 21:36:22.252 | INFO     | server:train_subset_of_clients:46 - Updating parameters on client #11
2020-11-15 21:36:22.253 | INFO     | server:train_subset_of_clients:46 - Updating parameters on client #12
2020-11-15 21:36:22.253 | INFO     | server:train_subset_of_clients:46 - Updating parameters on client #13
2020-11-15 21:36:22.254 | INFO     | server:train_subset_of_clients:46 - Updating parameters on client #14
2020-11-15 21:36:22.255 | INFO     | server:train_subset_of_clients:46 - Updating parameters on client #15
2020-11-15 21:36:22.255 | INFO     | server:train_subset_of_clients:46 - Updating parameters on client #16
2020-11-15 21:36:22.256 | INFO     | server:train_subset_of_clients:46 - Updating parameters on client #17
2020-11-15 21:36:22.256 | INFO     | server:train_subset_of_clients:46 - Updating parameters on client #18
2020-11-15 21:36:22.257 | INFO     | server:train_subset_of_clients:46 - Updating parameters on client #19
2020-11-15 21:36:22.257 | INFO     | server:train_subset_of_clients:46 - Updating parameters on client #20
2020-11-15 21:36:22.258 | INFO     | server:train_subset_of_clients:46 - Updating parameters on client #21
2020-11-15 21:36:22.259 | INFO     | server:train_subset_of_clients:46 - Updating parameters on client #22
2020-11-15 21:36:22.259 | INFO     | server:train_subset_of_clients:46 - Updating parameters on client #23
2020-11-15 21:36:22.260 | INFO     | server:train_subset_of_clients:46 - Updating parameters on client #24
2020-11-15 21:36:22.261 | INFO     | server:train_subset_of_clients:46 - Updating parameters on client #25
2020-11-15 21:36:22.261 | INFO     | server:train_subset_of_clients:46 - Updating parameters on client #26
2020-11-15 21:36:22.262 | INFO     | server:train_subset_of_clients:46 - Updating parameters on client #27
2020-11-15 21:36:22.262 | INFO     | server:train_subset_of_clients:46 - Updating parameters on client #28
2020-11-15 21:36:22.263 | INFO     | server:train_subset_of_clients:46 - Updating parameters on client #29
2020-11-15 21:36:22.263 | INFO     | server:train_subset_of_clients:46 - Updating parameters on client #30
2020-11-15 21:36:22.264 | INFO     | server:train_subset_of_clients:46 - Updating parameters on client #31
2020-11-15 21:36:22.265 | INFO     | server:train_subset_of_clients:46 - Updating parameters on client #32
2020-11-15 21:36:22.265 | INFO     | server:train_subset_of_clients:46 - Updating parameters on client #33
2020-11-15 21:36:22.266 | INFO     | server:train_subset_of_clients:46 - Updating parameters on client #34
2020-11-15 21:36:22.266 | INFO     | server:train_subset_of_clients:46 - Updating parameters on client #35
2020-11-15 21:36:22.267 | INFO     | server:train_subset_of_clients:46 - Updating parameters on client #36
2020-11-15 21:36:22.267 | INFO     | server:train_subset_of_clients:46 - Updating parameters on client #37
2020-11-15 21:36:22.268 | INFO     | server:train_subset_of_clients:46 - Updating parameters on client #38
2020-11-15 21:36:22.269 | INFO     | server:train_subset_of_clients:46 - Updating parameters on client #39
2020-11-15 21:36:22.269 | INFO     | server:train_subset_of_clients:46 - Updating parameters on client #40
2020-11-15 21:36:22.270 | INFO     | server:train_subset_of_clients:46 - Updating parameters on client #41
2020-11-15 21:36:22.270 | INFO     | server:train_subset_of_clients:46 - Updating parameters on client #42
2020-11-15 21:36:22.271 | INFO     | server:train_subset_of_clients:46 - Updating parameters on client #43
2020-11-15 21:36:22.271 | INFO     | server:train_subset_of_clients:46 - Updating parameters on client #44
2020-11-15 21:36:22.272 | INFO     | server:train_subset_of_clients:46 - Updating parameters on client #45
2020-11-15 21:36:22.273 | INFO     | server:train_subset_of_clients:46 - Updating parameters on client #46
2020-11-15 21:36:22.273 | INFO     | server:train_subset_of_clients:46 - Updating parameters on client #47
2020-11-15 21:36:22.274 | INFO     | server:train_subset_of_clients:46 - Updating parameters on client #48
2020-11-15 21:36:22.274 | INFO     | server:train_subset_of_clients:46 - Updating parameters on client #49
2020-11-15 21:36:25.174 | DEBUG    | client:test:203 - Test set: Accuracy: 8626/10000 (86%)
2020-11-15 21:36:25.174 | DEBUG    | client:test:204 - Test set: Loss: 4.0192461013793945
2020-11-15 21:36:25.199 | DEBUG    | client:test:205 - Classification Report:
              precision    recall  f1-score   support

           0       0.82      0.83      0.82      1000
           1       1.00      0.91      0.95      1000
           2       0.79      0.79      0.79      1000
           3       0.84      0.86      0.85      1000
           4       0.73      0.85      0.79      1000
           5       0.95      0.96      0.95      1000
           6       0.68      0.59      0.63      1000
           7       0.94      0.91      0.92      1000
           8       0.96      0.96      0.96      1000
           9       0.92      0.97      0.94      1000

    accuracy                           0.86     10000
   macro avg       0.86      0.86      0.86     10000
weighted avg       0.86      0.86      0.86     10000

2020-11-15 21:36:25.200 | DEBUG    | client:test:206 - Confusion Matrix:
[[826   0  16  39   9   5  94   0  11   0]
 [  2 910   6  58   5   0   6   0   3  10]
 [ 14   0 788   4 124   1  62   0   7   0]
 [ 19   0  14 863  52   0  50   0   2   0]
 [  1   1  70  19 850   0  57   0   2   0]
 [  0   0   0   2   0 957   0  25   1  15]
 [140   0  98  33 121   0 590   0  16   2]
 [  0   0   0   0   0  36   0 910   0  54]
 [  1   0   5   9   4   3   7   4 965   2]
 [  0   0   0   0   0   3   0  29   1 967]]
2020-11-15 21:36:25.200 | DEBUG    | client:test:207 - Class precision: [0.82352941 0.99890231 0.79037111 0.84031159 0.72961373 0.95223881
 0.6812933  0.94008264 0.95734127 0.92095238]
2020-11-15 21:36:25.201 | DEBUG    | client:test:208 - Class recall: [0.826 0.91  0.788 0.863 0.85  0.957 0.59  0.91  0.965 0.967]
2020-11-15 21:36:25.202 | INFO     | server:train_subset_of_clients:38 - Training epoch #10 on client #8
2020-11-15 21:36:25.215 | INFO     | client:train:139 - [10,     0] loss: 0.001
2020-11-15 21:36:26.089 | INFO     | client:train:139 - [10,   100] loss: 0.466
2020-11-15 21:36:26.253 | INFO     | server:train_subset_of_clients:38 - Training epoch #10 on client #42
2020-11-15 21:36:26.262 | INFO     | client:train:139 - [10,     0] loss: 0.005
2020-11-15 21:36:27.120 | INFO     | client:train:139 - [10,   100] loss: 0.389
2020-11-15 21:36:27.280 | INFO     | server:train_subset_of_clients:38 - Training epoch #10 on client #10
2020-11-15 21:36:27.289 | INFO     | client:train:139 - [10,     0] loss: 0.006
2020-11-15 21:36:28.122 | INFO     | client:train:139 - [10,   100] loss: 0.441
2020-11-15 21:36:28.284 | INFO     | server:train_subset_of_clients:38 - Training epoch #10 on client #0
2020-11-15 21:36:28.293 | INFO     | client:train:139 - [10,     0] loss: 0.001
2020-11-15 21:36:29.146 | INFO     | client:train:139 - [10,   100] loss: 0.448
2020-11-15 21:36:29.303 | INFO     | server:train_subset_of_clients:38 - Training epoch #10 on client #17
2020-11-15 21:36:29.312 | INFO     | client:train:139 - [10,     0] loss: 0.002
2020-11-15 21:36:30.133 | INFO     | client:train:139 - [10,   100] loss: 0.453
2020-11-15 21:36:30.284 | INFO     | server:train_subset_of_clients:41 - Averaging client parameters
2020-11-15 21:36:30.286 | INFO     | server:train_subset_of_clients:46 - Updating parameters on client #0
2020-11-15 21:36:30.286 | INFO     | server:train_subset_of_clients:46 - Updating parameters on client #1
2020-11-15 21:36:30.287 | INFO     | server:train_subset_of_clients:46 - Updating parameters on client #2
2020-11-15 21:36:30.288 | INFO     | server:train_subset_of_clients:46 - Updating parameters on client #3
2020-11-15 21:36:30.288 | INFO     | server:train_subset_of_clients:46 - Updating parameters on client #4
2020-11-15 21:36:30.289 | INFO     | server:train_subset_of_clients:46 - Updating parameters on client #5
2020-11-15 21:36:30.290 | INFO     | server:train_subset_of_clients:46 - Updating parameters on client #6
2020-11-15 21:36:30.290 | INFO     | server:train_subset_of_clients:46 - Updating parameters on client #7
2020-11-15 21:36:30.291 | INFO     | server:train_subset_of_clients:46 - Updating parameters on client #8
2020-11-15 21:36:30.291 | INFO     | server:train_subset_of_clients:46 - Updating parameters on client #9
2020-11-15 21:36:30.292 | INFO     | server:train_subset_of_clients:46 - Updating parameters on client #10
2020-11-15 21:36:30.292 | INFO     | server:train_subset_of_clients:46 - Updating parameters on client #11
2020-11-15 21:36:30.293 | INFO     | server:train_subset_of_clients:46 - Updating parameters on client #12
2020-11-15 21:36:30.294 | INFO     | server:train_subset_of_clients:46 - Updating parameters on client #13
2020-11-15 21:36:30.294 | INFO     | server:train_subset_of_clients:46 - Updating parameters on client #14
2020-11-15 21:36:30.295 | INFO     | server:train_subset_of_clients:46 - Updating parameters on client #15
2020-11-15 21:36:30.295 | INFO     | server:train_subset_of_clients:46 - Updating parameters on client #16
2020-11-15 21:36:30.296 | INFO     | server:train_subset_of_clients:46 - Updating parameters on client #17
2020-11-15 21:36:30.297 | INFO     | server:train_subset_of_clients:46 - Updating parameters on client #18
2020-11-15 21:36:30.297 | INFO     | server:train_subset_of_clients:46 - Updating parameters on client #19
2020-11-15 21:36:30.298 | INFO     | server:train_subset_of_clients:46 - Updating parameters on client #20
2020-11-15 21:36:30.298 | INFO     | server:train_subset_of_clients:46 - Updating parameters on client #21
2020-11-15 21:36:30.299 | INFO     | server:train_subset_of_clients:46 - Updating parameters on client #22
2020-11-15 21:36:30.300 | INFO     | server:train_subset_of_clients:46 - Updating parameters on client #23
2020-11-15 21:36:30.300 | INFO     | server:train_subset_of_clients:46 - Updating parameters on client #24
2020-11-15 21:36:30.301 | INFO     | server:train_subset_of_clients:46 - Updating parameters on client #25
2020-11-15 21:36:30.301 | INFO     | server:train_subset_of_clients:46 - Updating parameters on client #26
2020-11-15 21:36:30.302 | INFO     | server:train_subset_of_clients:46 - Updating parameters on client #27
2020-11-15 21:36:30.303 | INFO     | server:train_subset_of_clients:46 - Updating parameters on client #28
2020-11-15 21:36:30.303 | INFO     | server:train_subset_of_clients:46 - Updating parameters on client #29
2020-11-15 21:36:30.304 | INFO     | server:train_subset_of_clients:46 - Updating parameters on client #30
2020-11-15 21:36:30.304 | INFO     | server:train_subset_of_clients:46 - Updating parameters on client #31
2020-11-15 21:36:30.305 | INFO     | server:train_subset_of_clients:46 - Updating parameters on client #32
2020-11-15 21:36:30.306 | INFO     | server:train_subset_of_clients:46 - Updating parameters on client #33
2020-11-15 21:36:30.307 | INFO     | server:train_subset_of_clients:46 - Updating parameters on client #34
2020-11-15 21:36:30.307 | INFO     | server:train_subset_of_clients:46 - Updating parameters on client #35
2020-11-15 21:36:30.308 | INFO     | server:train_subset_of_clients:46 - Updating parameters on client #36
2020-11-15 21:36:30.308 | INFO     | server:train_subset_of_clients:46 - Updating parameters on client #37
2020-11-15 21:36:30.309 | INFO     | server:train_subset_of_clients:46 - Updating parameters on client #38
2020-11-15 21:36:30.309 | INFO     | server:train_subset_of_clients:46 - Updating parameters on client #39
2020-11-15 21:36:30.310 | INFO     | server:train_subset_of_clients:46 - Updating parameters on client #40
2020-11-15 21:36:30.311 | INFO     | server:train_subset_of_clients:46 - Updating parameters on client #41
2020-11-15 21:36:30.311 | INFO     | server:train_subset_of_clients:46 - Updating parameters on client #42
2020-11-15 21:36:30.312 | INFO     | server:train_subset_of_clients:46 - Updating parameters on client #43
2020-11-15 21:36:30.312 | INFO     | server:train_subset_of_clients:46 - Updating parameters on client #44
2020-11-15 21:36:30.313 | INFO     | server:train_subset_of_clients:46 - Updating parameters on client #45
2020-11-15 21:36:30.314 | INFO     | server:train_subset_of_clients:46 - Updating parameters on client #46
2020-11-15 21:36:30.314 | INFO     | server:train_subset_of_clients:46 - Updating parameters on client #47
2020-11-15 21:36:30.315 | INFO     | server:train_subset_of_clients:46 - Updating parameters on client #48
2020-11-15 21:36:30.315 | INFO     | server:train_subset_of_clients:46 - Updating parameters on client #49
2020-11-15 21:36:33.082 | DEBUG    | client:test:203 - Test set: Accuracy: 8627/10000 (86%)
2020-11-15 21:36:33.082 | DEBUG    | client:test:204 - Test set: Loss: 4.027056485414505
2020-11-15 21:36:33.105 | DEBUG    | client:test:205 - Classification Report:
              precision    recall  f1-score   support

           0       0.79      0.86      0.82      1000
           1       1.00      0.91      0.95      1000
           2       0.84      0.74      0.79      1000
           3       0.79      0.92      0.85      1000
           4       0.76      0.81      0.79      1000
           5       0.96      0.96      0.96      1000
           6       0.67      0.58      0.62      1000
           7       0.92      0.94      0.93      1000
           8       0.95      0.97      0.96      1000
           9       0.95      0.95      0.95      1000

    accuracy                           0.86     10000
   macro avg       0.86      0.86      0.86     10000
weighted avg       0.86      0.86      0.86     10000

2020-11-15 21:36:33.106 | DEBUG    | client:test:206 - Confusion Matrix:
[[859   0   8  49   5   5  62   0  12   0]
 [  2 908   4  64   6   1   7   0   2   6]
 [ 15   0 739  14 119   1 105   0   7   0]
 [ 24   0   6 921  23   0  25   0   1   0]
 [  1   1  55  53 810   1  75   0   4   0]
 [  0   0   0   2   0 958   0  30   1   9]
 [192   0  65  48  95   0 579   0  20   1]
 [  0   0   0   0   0  25   0 937   0  38]
 [  1   0   1  11   2   3   8   5 969   0]
 [  0   0   0   0   0   7   0  45   1 947]]
2020-11-15 21:36:33.106 | DEBUG    | client:test:207 - Class precision: [0.78519196 0.99889989 0.84168565 0.79259897 0.76415094 0.95704296
 0.67247387 0.92133727 0.95280236 0.94605395]
2020-11-15 21:36:33.107 | DEBUG    | client:test:208 - Class recall: [0.859 0.908 0.739 0.921 0.81  0.958 0.579 0.937 0.969 0.947]
