2020-10-20 16:02:34.799 | DEBUG    | federated_learning.arguments:log:182 - Arguments: 
Batch Size: 10
Test Batch Size: 1000
Epochs: 10
Learning Rate: 0.01
Momentum: 0.5
CUDA Enabled: True
Shuffle Enabled: False
Log Interval: 100
Scheduler Step Size: 50
Scheduler Gamma: 0.5
Scheduler Minimum Learning Rate: 1e-10
Client Selection Strategy: <federated_learning.worker_selection.random.RandomSelectionStrategy object at 0x10518df28>
Client Selection Strategy Arguments: {
    "NUM_WORKERS_PER_ROUND": 5,
    "current_epoch_number": 10
}
Model Saving Enabled: False
Model Saving Interval: 1
Model Saving Path (Relative): 2002_models
Epoch Save Start Prefix: start
Epoch Save End Suffix: end
Number of Clients: 50
Number of Poisoned Clients: 5
NN: <class 'federated_learning.nets.fashion_mnist_cnn.FashionMNISTCNN'>
Train Data Loader Path: data_loaders/fashion-mnist/train_data_loader.pickle
Test Data Loader Path: data_loaders/fashion-mnist/test_data_loader.pickle
Loss Function: <class 'torch.nn.modules.loss.CrossEntropyLoss'>
Default Model Folder Path: default_models
Data Path: data

2020-10-20 16:02:34.799 | INFO     | federated_learning.utils.data_loader_utils:load_data_loader_from_file:64 - Loading data loader from file: data_loaders/fashion-mnist/train_data_loader.pickle
2020-10-20 16:02:35.366 | INFO     | federated_learning.utils.data_loader_utils:load_data_loader_from_file:64 - Loading data loader from file: data_loaders/fashion-mnist/test_data_loader.pickle
2020-10-20 16:02:37.545 | INFO     | federated_learning.utils.poison_data:poison_data:24 - Poisoning data for workers: [42, 46, 8, 20, 45]
2020-10-20 16:02:37.550 | INFO     | federated_learning.utils.client_utils:log_client_data_statistics:17 - Client #0 has data distribution: [142, 129, 134, 113, 115, 96, 127, 116, 116, 112]
2020-10-20 16:02:37.552 | INFO     | federated_learning.utils.client_utils:log_client_data_statistics:17 - Client #1 has data distribution: [115, 101, 125, 125, 118, 118, 116, 133, 127, 122]
2020-10-20 16:02:37.553 | INFO     | federated_learning.utils.client_utils:log_client_data_statistics:17 - Client #2 has data distribution: [116, 118, 110, 123, 123, 133, 127, 112, 125, 113]
2020-10-20 16:02:37.554 | INFO     | federated_learning.utils.client_utils:log_client_data_statistics:17 - Client #3 has data distribution: [116, 125, 122, 118, 124, 114, 118, 110, 127, 126]
2020-10-20 16:02:37.555 | INFO     | federated_learning.utils.client_utils:log_client_data_statistics:17 - Client #4 has data distribution: [114, 120, 147, 129, 111, 114, 121, 103, 128, 113]
2020-10-20 16:02:37.556 | INFO     | federated_learning.utils.client_utils:log_client_data_statistics:17 - Client #5 has data distribution: [139, 123, 132, 128, 111, 113, 112, 105, 102, 135]
2020-10-20 16:02:37.557 | INFO     | federated_learning.utils.client_utils:log_client_data_statistics:17 - Client #6 has data distribution: [115, 121, 113, 126, 116, 133, 112, 133, 119, 112]
2020-10-20 16:02:37.558 | INFO     | federated_learning.utils.client_utils:log_client_data_statistics:17 - Client #7 has data distribution: [128, 119, 118, 120, 120, 110, 114, 129, 121, 121]
2020-10-20 16:02:37.559 | INFO     | federated_learning.utils.client_utils:log_client_data_statistics:17 - Client #8 has data distribution: [109, 0, 135, 124, 123, 131, 123, 113, 118, 224]
2020-10-20 16:02:37.560 | INFO     | federated_learning.utils.client_utils:log_client_data_statistics:17 - Client #9 has data distribution: [103, 120, 126, 120, 127, 114, 128, 124, 139, 99]
2020-10-20 16:02:37.561 | INFO     | federated_learning.utils.client_utils:log_client_data_statistics:17 - Client #10 has data distribution: [113, 114, 121, 125, 110, 133, 127, 128, 109, 120]
2020-10-20 16:02:37.562 | INFO     | federated_learning.utils.client_utils:log_client_data_statistics:17 - Client #11 has data distribution: [140, 114, 120, 129, 135, 104, 112, 124, 104, 118]
2020-10-20 16:02:37.563 | INFO     | federated_learning.utils.client_utils:log_client_data_statistics:17 - Client #12 has data distribution: [131, 123, 114, 108, 141, 102, 102, 120, 122, 137]
2020-10-20 16:02:37.564 | INFO     | federated_learning.utils.client_utils:log_client_data_statistics:17 - Client #13 has data distribution: [111, 126, 114, 123, 136, 120, 123, 128, 113, 106]
2020-10-20 16:02:37.565 | INFO     | federated_learning.utils.client_utils:log_client_data_statistics:17 - Client #14 has data distribution: [118, 105, 118, 133, 117, 103, 127, 116, 124, 139]
2020-10-20 16:02:37.566 | INFO     | federated_learning.utils.client_utils:log_client_data_statistics:17 - Client #15 has data distribution: [125, 115, 127, 126, 128, 103, 105, 112, 130, 129]
2020-10-20 16:02:37.567 | INFO     | federated_learning.utils.client_utils:log_client_data_statistics:17 - Client #16 has data distribution: [138, 112, 121, 127, 118, 120, 113, 122, 136, 93]
2020-10-20 16:02:37.568 | INFO     | federated_learning.utils.client_utils:log_client_data_statistics:17 - Client #17 has data distribution: [112, 103, 146, 99, 114, 134, 128, 117, 121, 126]
2020-10-20 16:02:37.569 | INFO     | federated_learning.utils.client_utils:log_client_data_statistics:17 - Client #18 has data distribution: [110, 120, 128, 111, 112, 128, 125, 113, 124, 129]
2020-10-20 16:02:37.570 | INFO     | federated_learning.utils.client_utils:log_client_data_statistics:17 - Client #19 has data distribution: [151, 105, 109, 124, 139, 128, 115, 111, 102, 116]
2020-10-20 16:02:37.571 | INFO     | federated_learning.utils.client_utils:log_client_data_statistics:17 - Client #20 has data distribution: [124, 0, 126, 117, 129, 111, 113, 124, 111, 245]
2020-10-20 16:02:37.572 | INFO     | federated_learning.utils.client_utils:log_client_data_statistics:17 - Client #21 has data distribution: [127, 113, 110, 122, 113, 132, 120, 128, 113, 122]
2020-10-20 16:02:37.573 | INFO     | federated_learning.utils.client_utils:log_client_data_statistics:17 - Client #22 has data distribution: [126, 106, 121, 113, 125, 108, 141, 114, 124, 122]
2020-10-20 16:02:37.574 | INFO     | federated_learning.utils.client_utils:log_client_data_statistics:17 - Client #23 has data distribution: [111, 133, 134, 119, 120, 111, 117, 116, 111, 128]
2020-10-20 16:02:37.575 | INFO     | federated_learning.utils.client_utils:log_client_data_statistics:17 - Client #24 has data distribution: [119, 115, 113, 115, 113, 105, 124, 128, 149, 119]
2020-10-20 16:02:37.576 | INFO     | federated_learning.utils.client_utils:log_client_data_statistics:17 - Client #25 has data distribution: [108, 119, 106, 125, 116, 122, 134, 132, 118, 120]
2020-10-20 16:02:37.577 | INFO     | federated_learning.utils.client_utils:log_client_data_statistics:17 - Client #26 has data distribution: [123, 124, 106, 121, 127, 109, 127, 136, 95, 132]
2020-10-20 16:02:37.578 | INFO     | federated_learning.utils.client_utils:log_client_data_statistics:17 - Client #27 has data distribution: [105, 128, 110, 112, 130, 144, 116, 103, 121, 131]
2020-10-20 16:02:37.579 | INFO     | federated_learning.utils.client_utils:log_client_data_statistics:17 - Client #28 has data distribution: [120, 125, 132, 104, 108, 121, 119, 113, 126, 132]
2020-10-20 16:02:37.580 | INFO     | federated_learning.utils.client_utils:log_client_data_statistics:17 - Client #29 has data distribution: [118, 119, 127, 131, 110, 121, 113, 115, 130, 116]
2020-10-20 16:02:37.581 | INFO     | federated_learning.utils.client_utils:log_client_data_statistics:17 - Client #30 has data distribution: [123, 130, 109, 104, 113, 144, 129, 121, 114, 113]
2020-10-20 16:02:37.582 | INFO     | federated_learning.utils.client_utils:log_client_data_statistics:17 - Client #31 has data distribution: [121, 112, 128, 102, 127, 144, 108, 122, 117, 119]
2020-10-20 16:02:37.583 | INFO     | federated_learning.utils.client_utils:log_client_data_statistics:17 - Client #32 has data distribution: [135, 130, 122, 137, 92, 119, 137, 109, 106, 113]
2020-10-20 16:02:37.584 | INFO     | federated_learning.utils.client_utils:log_client_data_statistics:17 - Client #33 has data distribution: [141, 134, 121, 130, 93, 117, 109, 111, 120, 124]
2020-10-20 16:02:37.585 | INFO     | federated_learning.utils.client_utils:log_client_data_statistics:17 - Client #34 has data distribution: [109, 117, 117, 130, 113, 127, 118, 116, 142, 111]
2020-10-20 16:02:37.586 | INFO     | federated_learning.utils.client_utils:log_client_data_statistics:17 - Client #35 has data distribution: [129, 125, 124, 105, 143, 113, 112, 111, 118, 120]
2020-10-20 16:02:37.588 | INFO     | federated_learning.utils.client_utils:log_client_data_statistics:17 - Client #36 has data distribution: [128, 133, 133, 110, 135, 121, 114, 112, 102, 112]
2020-10-20 16:02:37.589 | INFO     | federated_learning.utils.client_utils:log_client_data_statistics:17 - Client #37 has data distribution: [119, 129, 118, 119, 131, 110, 110, 122, 120, 122]
2020-10-20 16:02:37.590 | INFO     | federated_learning.utils.client_utils:log_client_data_statistics:17 - Client #38 has data distribution: [117, 128, 111, 119, 114, 96, 130, 127, 133, 125]
2020-10-20 16:02:37.591 | INFO     | federated_learning.utils.client_utils:log_client_data_statistics:17 - Client #39 has data distribution: [116, 122, 94, 132, 120, 120, 121, 121, 117, 137]
2020-10-20 16:02:37.592 | INFO     | federated_learning.utils.client_utils:log_client_data_statistics:17 - Client #40 has data distribution: [110, 117, 110, 120, 126, 123, 126, 122, 128, 118]
2020-10-20 16:02:37.593 | INFO     | federated_learning.utils.client_utils:log_client_data_statistics:17 - Client #41 has data distribution: [114, 127, 102, 124, 110, 108, 127, 130, 119, 139]
2020-10-20 16:02:37.594 | INFO     | federated_learning.utils.client_utils:log_client_data_statistics:17 - Client #42 has data distribution: [108, 0, 109, 130, 145, 146, 100, 118, 110, 234]
2020-10-20 16:02:37.595 | INFO     | federated_learning.utils.client_utils:log_client_data_statistics:17 - Client #43 has data distribution: [124, 120, 121, 104, 113, 148, 117, 131, 133, 89]
2020-10-20 16:02:37.596 | INFO     | federated_learning.utils.client_utils:log_client_data_statistics:17 - Client #44 has data distribution: [106, 142, 132, 129, 140, 111, 106, 109, 120, 105]
2020-10-20 16:02:37.597 | INFO     | federated_learning.utils.client_utils:log_client_data_statistics:17 - Client #45 has data distribution: [129, 0, 118, 125, 114, 111, 120, 139, 110, 234]
2020-10-20 16:02:37.598 | INFO     | federated_learning.utils.client_utils:log_client_data_statistics:17 - Client #46 has data distribution: [129, 0, 119, 128, 111, 114, 105, 112, 135, 247]
2020-10-20 16:02:37.599 | INFO     | federated_learning.utils.client_utils:log_client_data_statistics:17 - Client #47 has data distribution: [100, 118, 118, 120, 104, 150, 133, 117, 125, 115]
2020-10-20 16:02:37.600 | INFO     | federated_learning.utils.client_utils:log_client_data_statistics:17 - Client #48 has data distribution: [105, 125, 118, 116, 105, 116, 160, 136, 111, 108]
2020-10-20 16:02:37.602 | INFO     | federated_learning.utils.client_utils:log_client_data_statistics:17 - Client #49 has data distribution: [110, 122, 111, 106, 122, 127, 119, 136, 115, 132]
2020-10-20 16:02:37.793 | INFO     | server:train_subset_of_clients:38 - Training epoch #1 on client #18
2020-10-20 16:02:37.818 | INFO     | client:train:139 - [1,     0] loss: 0.025
2020-10-20 16:02:39.731 | INFO     | client:train:139 - [1,   100] loss: 1.175
2020-10-20 16:02:40.095 | INFO     | server:train_subset_of_clients:38 - Training epoch #1 on client #5
2020-10-20 16:02:40.114 | INFO     | client:train:139 - [1,     0] loss: 0.024
2020-10-20 16:02:42.120 | INFO     | client:train:139 - [1,   100] loss: 1.127
2020-10-20 16:02:42.501 | INFO     | server:train_subset_of_clients:38 - Training epoch #1 on client #11
2020-10-20 16:02:42.520 | INFO     | client:train:139 - [1,     0] loss: 0.020
2020-10-20 16:02:44.434 | INFO     | client:train:139 - [1,   100] loss: 1.080
2020-10-20 16:02:44.794 | INFO     | server:train_subset_of_clients:38 - Training epoch #1 on client #29
2020-10-20 16:02:44.813 | INFO     | client:train:139 - [1,     0] loss: 0.023
2020-10-20 16:02:46.721 | INFO     | client:train:139 - [1,   100] loss: 1.112
2020-10-20 16:02:47.088 | INFO     | server:train_subset_of_clients:38 - Training epoch #1 on client #23
2020-10-20 16:02:47.109 | INFO     | client:train:139 - [1,     0] loss: 0.024
2020-10-20 16:02:49.026 | INFO     | client:train:139 - [1,   100] loss: 1.178
2020-10-20 16:02:49.390 | INFO     | server:train_subset_of_clients:41 - Averaging client parameters
2020-10-20 16:02:49.392 | INFO     | server:train_subset_of_clients:46 - Updating parameters on client #0
2020-10-20 16:02:49.394 | INFO     | server:train_subset_of_clients:46 - Updating parameters on client #1
2020-10-20 16:02:49.396 | INFO     | server:train_subset_of_clients:46 - Updating parameters on client #2
2020-10-20 16:02:49.397 | INFO     | server:train_subset_of_clients:46 - Updating parameters on client #3
2020-10-20 16:02:49.399 | INFO     | server:train_subset_of_clients:46 - Updating parameters on client #4
2020-10-20 16:02:49.401 | INFO     | server:train_subset_of_clients:46 - Updating parameters on client #5
2020-10-20 16:02:49.402 | INFO     | server:train_subset_of_clients:46 - Updating parameters on client #6
2020-10-20 16:02:49.404 | INFO     | server:train_subset_of_clients:46 - Updating parameters on client #7
2020-10-20 16:02:49.406 | INFO     | server:train_subset_of_clients:46 - Updating parameters on client #8
2020-10-20 16:02:49.407 | INFO     | server:train_subset_of_clients:46 - Updating parameters on client #9
2020-10-20 16:02:49.409 | INFO     | server:train_subset_of_clients:46 - Updating parameters on client #10
2020-10-20 16:02:49.410 | INFO     | server:train_subset_of_clients:46 - Updating parameters on client #11
2020-10-20 16:02:49.412 | INFO     | server:train_subset_of_clients:46 - Updating parameters on client #12
2020-10-20 16:02:49.413 | INFO     | server:train_subset_of_clients:46 - Updating parameters on client #13
2020-10-20 16:02:49.415 | INFO     | server:train_subset_of_clients:46 - Updating parameters on client #14
2020-10-20 16:02:49.416 | INFO     | server:train_subset_of_clients:46 - Updating parameters on client #15
2020-10-20 16:02:49.418 | INFO     | server:train_subset_of_clients:46 - Updating parameters on client #16
2020-10-20 16:02:49.420 | INFO     | server:train_subset_of_clients:46 - Updating parameters on client #17
2020-10-20 16:02:49.421 | INFO     | server:train_subset_of_clients:46 - Updating parameters on client #18
2020-10-20 16:02:49.423 | INFO     | server:train_subset_of_clients:46 - Updating parameters on client #19
2020-10-20 16:02:49.424 | INFO     | server:train_subset_of_clients:46 - Updating parameters on client #20
2020-10-20 16:02:49.426 | INFO     | server:train_subset_of_clients:46 - Updating parameters on client #21
2020-10-20 16:02:49.428 | INFO     | server:train_subset_of_clients:46 - Updating parameters on client #22
2020-10-20 16:02:49.429 | INFO     | server:train_subset_of_clients:46 - Updating parameters on client #23
2020-10-20 16:02:49.431 | INFO     | server:train_subset_of_clients:46 - Updating parameters on client #24
2020-10-20 16:02:49.432 | INFO     | server:train_subset_of_clients:46 - Updating parameters on client #25
2020-10-20 16:02:49.434 | INFO     | server:train_subset_of_clients:46 - Updating parameters on client #26
2020-10-20 16:02:49.435 | INFO     | server:train_subset_of_clients:46 - Updating parameters on client #27
2020-10-20 16:02:49.437 | INFO     | server:train_subset_of_clients:46 - Updating parameters on client #28
2020-10-20 16:02:49.439 | INFO     | server:train_subset_of_clients:46 - Updating parameters on client #29
2020-10-20 16:02:49.440 | INFO     | server:train_subset_of_clients:46 - Updating parameters on client #30
2020-10-20 16:02:49.442 | INFO     | server:train_subset_of_clients:46 - Updating parameters on client #31
2020-10-20 16:02:49.444 | INFO     | server:train_subset_of_clients:46 - Updating parameters on client #32
2020-10-20 16:02:49.445 | INFO     | server:train_subset_of_clients:46 - Updating parameters on client #33
2020-10-20 16:02:49.447 | INFO     | server:train_subset_of_clients:46 - Updating parameters on client #34
2020-10-20 16:02:49.449 | INFO     | server:train_subset_of_clients:46 - Updating parameters on client #35
2020-10-20 16:02:49.450 | INFO     | server:train_subset_of_clients:46 - Updating parameters on client #36
2020-10-20 16:02:49.452 | INFO     | server:train_subset_of_clients:46 - Updating parameters on client #37
2020-10-20 16:02:49.453 | INFO     | server:train_subset_of_clients:46 - Updating parameters on client #38
2020-10-20 16:02:49.455 | INFO     | server:train_subset_of_clients:46 - Updating parameters on client #39
2020-10-20 16:02:49.456 | INFO     | server:train_subset_of_clients:46 - Updating parameters on client #40
2020-10-20 16:02:49.458 | INFO     | server:train_subset_of_clients:46 - Updating parameters on client #41
2020-10-20 16:02:49.460 | INFO     | server:train_subset_of_clients:46 - Updating parameters on client #42
2020-10-20 16:02:49.461 | INFO     | server:train_subset_of_clients:46 - Updating parameters on client #43
2020-10-20 16:02:49.463 | INFO     | server:train_subset_of_clients:46 - Updating parameters on client #44
2020-10-20 16:02:49.464 | INFO     | server:train_subset_of_clients:46 - Updating parameters on client #45
2020-10-20 16:02:49.466 | INFO     | server:train_subset_of_clients:46 - Updating parameters on client #46
2020-10-20 16:02:49.468 | INFO     | server:train_subset_of_clients:46 - Updating parameters on client #47
2020-10-20 16:02:49.470 | INFO     | server:train_subset_of_clients:46 - Updating parameters on client #48
2020-10-20 16:02:49.471 | INFO     | server:train_subset_of_clients:46 - Updating parameters on client #49
2020-10-20 16:02:53.221 | DEBUG    | client:test:203 - Test set: Accuracy: 7984/10000 (80%)
2020-10-20 16:02:53.221 | DEBUG    | client:test:204 - Test set: Loss: 5.413798034191132
2020-10-20 16:02:53.250 | DEBUG    | client:test:205 - Classification Report:
              precision    recall  f1-score   support

           0       0.77      0.75      0.76      1000
           1       0.98      0.94      0.96      1000
           2       0.72      0.62      0.67      1000
           3       0.78      0.84      0.81      1000
           4       0.70      0.65      0.67      1000
           5       0.90      0.90      0.90      1000
           6       0.47      0.55      0.51      1000
           7       0.88      0.87      0.87      1000
           8       0.93      0.93      0.93      1000
           9       0.90      0.94      0.92      1000

    accuracy                           0.80     10000
   macro avg       0.80      0.80      0.80     10000
weighted avg       0.80      0.80      0.80     10000

2020-10-20 16:02:53.251 | DEBUG    | client:test:206 - Confusion Matrix:
[[751   1  13  91   6  10 113   0  15   0]
 [  1 935  12  35  11   1   3   0   2   0]
 [  9   0 625   7 149   6 194   0  10   0]
 [ 22  16   2 842  31   6  78   0   3   0]
 [  1   2 100  38 646   3 203   0   7   0]
 [  0   0   0   3   0 896   0  72   7  22]
 [187   0  99  55  81  10 546   0  22   0]
 [  0   0   0   0   0  46   0 872   1  81]
 [  2   3  13  10   3  10  24   4 928   3]
 [  0   0   0   1   0   7   1  47   1 943]]
2020-10-20 16:02:53.252 | DEBUG    | client:test:207 - Class precision: [0.77183967 0.97701149 0.72337963 0.77818854 0.69687163 0.90050251
 0.46987952 0.87638191 0.93172691 0.89895138]
2020-10-20 16:02:53.252 | DEBUG    | client:test:208 - Class recall: [0.751 0.935 0.625 0.842 0.646 0.896 0.546 0.872 0.928 0.943]
2020-10-20 16:02:53.254 | INFO     | server:train_subset_of_clients:38 - Training epoch #2 on client #13
2020-10-20 16:02:53.284 | INFO     | client:train:139 - [2,     0] loss: 0.006
2020-10-20 16:02:55.197 | INFO     | client:train:139 - [2,   100] loss: 0.765
2020-10-20 16:02:55.564 | INFO     | server:train_subset_of_clients:38 - Training epoch #2 on client #26
2020-10-20 16:02:55.585 | INFO     | client:train:139 - [2,     0] loss: 0.004
2020-10-20 16:02:57.527 | INFO     | client:train:139 - [2,   100] loss: 0.724
2020-10-20 16:02:57.892 | INFO     | server:train_subset_of_clients:38 - Training epoch #2 on client #34
2020-10-20 16:02:57.912 | INFO     | client:train:139 - [2,     0] loss: 0.004
2020-10-20 16:02:59.820 | INFO     | client:train:139 - [2,   100] loss: 0.782
2020-10-20 16:03:00.188 | INFO     | server:train_subset_of_clients:38 - Training epoch #2 on client #9
2020-10-20 16:03:00.207 | INFO     | client:train:139 - [2,     0] loss: 0.004
2020-10-20 16:03:02.125 | INFO     | client:train:139 - [2,   100] loss: 0.757
2020-10-20 16:03:02.487 | INFO     | server:train_subset_of_clients:38 - Training epoch #2 on client #7
2020-10-20 16:03:02.508 | INFO     | client:train:139 - [2,     0] loss: 0.008
2020-10-20 16:03:04.489 | INFO     | client:train:139 - [2,   100] loss: 0.675
2020-10-20 16:03:04.855 | INFO     | server:train_subset_of_clients:41 - Averaging client parameters
2020-10-20 16:03:04.858 | INFO     | server:train_subset_of_clients:46 - Updating parameters on client #0
2020-10-20 16:03:04.860 | INFO     | server:train_subset_of_clients:46 - Updating parameters on client #1
2020-10-20 16:03:04.862 | INFO     | server:train_subset_of_clients:46 - Updating parameters on client #2
2020-10-20 16:03:04.864 | INFO     | server:train_subset_of_clients:46 - Updating parameters on client #3
2020-10-20 16:03:04.866 | INFO     | server:train_subset_of_clients:46 - Updating parameters on client #4
2020-10-20 16:03:04.868 | INFO     | server:train_subset_of_clients:46 - Updating parameters on client #5
2020-10-20 16:03:04.870 | INFO     | server:train_subset_of_clients:46 - Updating parameters on client #6
2020-10-20 16:03:04.871 | INFO     | server:train_subset_of_clients:46 - Updating parameters on client #7
2020-10-20 16:03:04.873 | INFO     | server:train_subset_of_clients:46 - Updating parameters on client #8
2020-10-20 16:03:04.874 | INFO     | server:train_subset_of_clients:46 - Updating parameters on client #9
2020-10-20 16:03:04.876 | INFO     | server:train_subset_of_clients:46 - Updating parameters on client #10
2020-10-20 16:03:04.878 | INFO     | server:train_subset_of_clients:46 - Updating parameters on client #11
2020-10-20 16:03:04.879 | INFO     | server:train_subset_of_clients:46 - Updating parameters on client #12
2020-10-20 16:03:04.881 | INFO     | server:train_subset_of_clients:46 - Updating parameters on client #13
2020-10-20 16:03:04.883 | INFO     | server:train_subset_of_clients:46 - Updating parameters on client #14
2020-10-20 16:03:04.884 | INFO     | server:train_subset_of_clients:46 - Updating parameters on client #15
2020-10-20 16:03:04.886 | INFO     | server:train_subset_of_clients:46 - Updating parameters on client #16
2020-10-20 16:03:04.887 | INFO     | server:train_subset_of_clients:46 - Updating parameters on client #17
2020-10-20 16:03:04.889 | INFO     | server:train_subset_of_clients:46 - Updating parameters on client #18
2020-10-20 16:03:04.890 | INFO     | server:train_subset_of_clients:46 - Updating parameters on client #19
2020-10-20 16:03:04.892 | INFO     | server:train_subset_of_clients:46 - Updating parameters on client #20
2020-10-20 16:03:04.894 | INFO     | server:train_subset_of_clients:46 - Updating parameters on client #21
2020-10-20 16:03:04.895 | INFO     | server:train_subset_of_clients:46 - Updating parameters on client #22
2020-10-20 16:03:04.897 | INFO     | server:train_subset_of_clients:46 - Updating parameters on client #23
2020-10-20 16:03:04.899 | INFO     | server:train_subset_of_clients:46 - Updating parameters on client #24
2020-10-20 16:03:04.900 | INFO     | server:train_subset_of_clients:46 - Updating parameters on client #25
2020-10-20 16:03:04.902 | INFO     | server:train_subset_of_clients:46 - Updating parameters on client #26
2020-10-20 16:03:04.903 | INFO     | server:train_subset_of_clients:46 - Updating parameters on client #27
2020-10-20 16:03:04.905 | INFO     | server:train_subset_of_clients:46 - Updating parameters on client #28
2020-10-20 16:03:04.907 | INFO     | server:train_subset_of_clients:46 - Updating parameters on client #29
2020-10-20 16:03:04.908 | INFO     | server:train_subset_of_clients:46 - Updating parameters on client #30
2020-10-20 16:03:04.910 | INFO     | server:train_subset_of_clients:46 - Updating parameters on client #31
2020-10-20 16:03:04.911 | INFO     | server:train_subset_of_clients:46 - Updating parameters on client #32
2020-10-20 16:03:04.913 | INFO     | server:train_subset_of_clients:46 - Updating parameters on client #33
2020-10-20 16:03:04.915 | INFO     | server:train_subset_of_clients:46 - Updating parameters on client #34
2020-10-20 16:03:04.916 | INFO     | server:train_subset_of_clients:46 - Updating parameters on client #35
2020-10-20 16:03:04.918 | INFO     | server:train_subset_of_clients:46 - Updating parameters on client #36
2020-10-20 16:03:04.919 | INFO     | server:train_subset_of_clients:46 - Updating parameters on client #37
2020-10-20 16:03:04.921 | INFO     | server:train_subset_of_clients:46 - Updating parameters on client #38
2020-10-20 16:03:04.923 | INFO     | server:train_subset_of_clients:46 - Updating parameters on client #39
2020-10-20 16:03:04.924 | INFO     | server:train_subset_of_clients:46 - Updating parameters on client #40
2020-10-20 16:03:04.926 | INFO     | server:train_subset_of_clients:46 - Updating parameters on client #41
2020-10-20 16:03:04.927 | INFO     | server:train_subset_of_clients:46 - Updating parameters on client #42
2020-10-20 16:03:04.929 | INFO     | server:train_subset_of_clients:46 - Updating parameters on client #43
2020-10-20 16:03:04.931 | INFO     | server:train_subset_of_clients:46 - Updating parameters on client #44
2020-10-20 16:03:04.932 | INFO     | server:train_subset_of_clients:46 - Updating parameters on client #45
2020-10-20 16:03:04.934 | INFO     | server:train_subset_of_clients:46 - Updating parameters on client #46
2020-10-20 16:03:04.936 | INFO     | server:train_subset_of_clients:46 - Updating parameters on client #47
2020-10-20 16:03:04.937 | INFO     | server:train_subset_of_clients:46 - Updating parameters on client #48
2020-10-20 16:03:04.939 | INFO     | server:train_subset_of_clients:46 - Updating parameters on client #49
2020-10-20 16:03:08.739 | DEBUG    | client:test:203 - Test set: Accuracy: 8228/10000 (82%)
2020-10-20 16:03:08.740 | DEBUG    | client:test:204 - Test set: Loss: 5.082513511180878
2020-10-20 16:03:08.768 | DEBUG    | client:test:205 - Classification Report:
              precision    recall  f1-score   support

           0       0.66      0.92      0.77      1000
           1       0.98      0.94      0.96      1000
           2       0.77      0.70      0.73      1000
           3       0.86      0.81      0.84      1000
           4       0.69      0.79      0.74      1000
           5       0.86      0.96      0.90      1000
           6       0.64      0.36      0.46      1000
           7       0.92      0.88      0.90      1000
           8       0.92      0.95      0.94      1000
           9       0.94      0.93      0.93      1000

    accuracy                           0.82     10000
   macro avg       0.82      0.82      0.82     10000
weighted avg       0.82      0.82      0.82     10000

2020-10-20 16:03:08.769 | DEBUG    | client:test:206 - Confusion Matrix:
[[916   1   6  24   5  11  21   0  16   0]
 [  7 940   6  33   7   3   1   0   3   0]
 [ 38   0 700   9 157   7  75   0  14   0]
 [ 79  13   7 814  40   7  36   0   4   0]
 [  5   1  88  34 787   8  68   0   9   0]
 [  0   0   0   3   0 956   0  28   3  10]
 [334   1 102  22 142  13 359   0  27   0]
 [  0   0   0   0   0  75   0 875   1  49]
 [  9   2   5   7   3  11   4   4 954   1]
 [  1   0   0   0   0  23   0  48   1 927]]
2020-10-20 16:03:08.770 | DEBUG    | client:test:207 - Class precision: [0.65946724 0.98121086 0.76586433 0.86046512 0.68974584 0.85816876
 0.63652482 0.91623037 0.9244186  0.93920973]
2020-10-20 16:03:08.771 | DEBUG    | client:test:208 - Class recall: [0.916 0.94  0.7   0.814 0.787 0.956 0.359 0.875 0.954 0.927]
2020-10-20 16:03:08.773 | INFO     | server:train_subset_of_clients:38 - Training epoch #3 on client #6
2020-10-20 16:03:08.802 | INFO     | client:train:139 - [3,     0] loss: 0.002
2020-10-20 16:03:10.734 | INFO     | client:train:139 - [3,   100] loss: 0.643
2020-10-20 16:03:11.093 | INFO     | server:train_subset_of_clients:38 - Training epoch #3 on client #38
2020-10-20 16:03:11.113 | INFO     | client:train:139 - [3,     0] loss: 0.006
2020-10-20 16:03:13.016 | INFO     | client:train:139 - [3,   100] loss: 0.612
2020-10-20 16:03:13.383 | INFO     | server:train_subset_of_clients:38 - Training epoch #3 on client #29
2020-10-20 16:03:13.403 | INFO     | client:train:139 - [3,     0] loss: 0.003
2020-10-20 16:03:15.327 | INFO     | client:train:139 - [3,   100] loss: 0.572
2020-10-20 16:03:15.690 | INFO     | server:train_subset_of_clients:38 - Training epoch #3 on client #33
2020-10-20 16:03:15.710 | INFO     | client:train:139 - [3,     0] loss: 0.002
2020-10-20 16:03:17.657 | INFO     | client:train:139 - [3,   100] loss: 0.578
2020-10-20 16:03:18.031 | INFO     | server:train_subset_of_clients:38 - Training epoch #3 on client #10
2020-10-20 16:03:18.050 | INFO     | client:train:139 - [3,     0] loss: 0.006
2020-10-20 16:03:19.956 | INFO     | client:train:139 - [3,   100] loss: 0.606
2020-10-20 16:03:20.317 | INFO     | server:train_subset_of_clients:41 - Averaging client parameters
2020-10-20 16:03:20.319 | INFO     | server:train_subset_of_clients:46 - Updating parameters on client #0
2020-10-20 16:03:20.321 | INFO     | server:train_subset_of_clients:46 - Updating parameters on client #1
2020-10-20 16:03:20.323 | INFO     | server:train_subset_of_clients:46 - Updating parameters on client #2
2020-10-20 16:03:20.324 | INFO     | server:train_subset_of_clients:46 - Updating parameters on client #3
2020-10-20 16:03:20.326 | INFO     | server:train_subset_of_clients:46 - Updating parameters on client #4
2020-10-20 16:03:20.327 | INFO     | server:train_subset_of_clients:46 - Updating parameters on client #5
2020-10-20 16:03:20.329 | INFO     | server:train_subset_of_clients:46 - Updating parameters on client #6
2020-10-20 16:03:20.331 | INFO     | server:train_subset_of_clients:46 - Updating parameters on client #7
2020-10-20 16:03:20.332 | INFO     | server:train_subset_of_clients:46 - Updating parameters on client #8
2020-10-20 16:03:20.334 | INFO     | server:train_subset_of_clients:46 - Updating parameters on client #9
2020-10-20 16:03:20.336 | INFO     | server:train_subset_of_clients:46 - Updating parameters on client #10
2020-10-20 16:03:20.337 | INFO     | server:train_subset_of_clients:46 - Updating parameters on client #11
2020-10-20 16:03:20.339 | INFO     | server:train_subset_of_clients:46 - Updating parameters on client #12
2020-10-20 16:03:20.341 | INFO     | server:train_subset_of_clients:46 - Updating parameters on client #13
2020-10-20 16:03:20.342 | INFO     | server:train_subset_of_clients:46 - Updating parameters on client #14
2020-10-20 16:03:20.344 | INFO     | server:train_subset_of_clients:46 - Updating parameters on client #15
2020-10-20 16:03:20.345 | INFO     | server:train_subset_of_clients:46 - Updating parameters on client #16
2020-10-20 16:03:20.347 | INFO     | server:train_subset_of_clients:46 - Updating parameters on client #17
2020-10-20 16:03:20.349 | INFO     | server:train_subset_of_clients:46 - Updating parameters on client #18
2020-10-20 16:03:20.350 | INFO     | server:train_subset_of_clients:46 - Updating parameters on client #19
2020-10-20 16:03:20.352 | INFO     | server:train_subset_of_clients:46 - Updating parameters on client #20
2020-10-20 16:03:20.354 | INFO     | server:train_subset_of_clients:46 - Updating parameters on client #21
2020-10-20 16:03:20.355 | INFO     | server:train_subset_of_clients:46 - Updating parameters on client #22
2020-10-20 16:03:20.357 | INFO     | server:train_subset_of_clients:46 - Updating parameters on client #23
2020-10-20 16:03:20.358 | INFO     | server:train_subset_of_clients:46 - Updating parameters on client #24
2020-10-20 16:03:20.360 | INFO     | server:train_subset_of_clients:46 - Updating parameters on client #25
2020-10-20 16:03:20.362 | INFO     | server:train_subset_of_clients:46 - Updating parameters on client #26
2020-10-20 16:03:20.363 | INFO     | server:train_subset_of_clients:46 - Updating parameters on client #27
2020-10-20 16:03:20.365 | INFO     | server:train_subset_of_clients:46 - Updating parameters on client #28
2020-10-20 16:03:20.366 | INFO     | server:train_subset_of_clients:46 - Updating parameters on client #29
2020-10-20 16:03:20.368 | INFO     | server:train_subset_of_clients:46 - Updating parameters on client #30
2020-10-20 16:03:20.370 | INFO     | server:train_subset_of_clients:46 - Updating parameters on client #31
2020-10-20 16:03:20.371 | INFO     | server:train_subset_of_clients:46 - Updating parameters on client #32
2020-10-20 16:03:20.373 | INFO     | server:train_subset_of_clients:46 - Updating parameters on client #33
2020-10-20 16:03:20.375 | INFO     | server:train_subset_of_clients:46 - Updating parameters on client #34
2020-10-20 16:03:20.376 | INFO     | server:train_subset_of_clients:46 - Updating parameters on client #35
2020-10-20 16:03:20.378 | INFO     | server:train_subset_of_clients:46 - Updating parameters on client #36
2020-10-20 16:03:20.380 | INFO     | server:train_subset_of_clients:46 - Updating parameters on client #37
2020-10-20 16:03:20.381 | INFO     | server:train_subset_of_clients:46 - Updating parameters on client #38
2020-10-20 16:03:20.383 | INFO     | server:train_subset_of_clients:46 - Updating parameters on client #39
2020-10-20 16:03:20.385 | INFO     | server:train_subset_of_clients:46 - Updating parameters on client #40
2020-10-20 16:03:20.387 | INFO     | server:train_subset_of_clients:46 - Updating parameters on client #41
2020-10-20 16:03:20.388 | INFO     | server:train_subset_of_clients:46 - Updating parameters on client #42
2020-10-20 16:03:20.390 | INFO     | server:train_subset_of_clients:46 - Updating parameters on client #43
2020-10-20 16:03:20.392 | INFO     | server:train_subset_of_clients:46 - Updating parameters on client #44
2020-10-20 16:03:20.393 | INFO     | server:train_subset_of_clients:46 - Updating parameters on client #45
2020-10-20 16:03:20.395 | INFO     | server:train_subset_of_clients:46 - Updating parameters on client #46
2020-10-20 16:03:20.396 | INFO     | server:train_subset_of_clients:46 - Updating parameters on client #47
2020-10-20 16:03:20.398 | INFO     | server:train_subset_of_clients:46 - Updating parameters on client #48
2020-10-20 16:03:20.399 | INFO     | server:train_subset_of_clients:46 - Updating parameters on client #49
2020-10-20 16:03:24.116 | DEBUG    | client:test:203 - Test set: Accuracy: 8384/10000 (84%)
2020-10-20 16:03:24.117 | DEBUG    | client:test:204 - Test set: Loss: 4.515229195356369
2020-10-20 16:03:24.148 | DEBUG    | client:test:205 - Classification Report:
              precision    recall  f1-score   support

           0       0.82      0.78      0.80      1000
           1       0.97      0.96      0.96      1000
           2       0.74      0.77      0.75      1000
           3       0.81      0.86      0.84      1000
           4       0.79      0.67      0.73      1000
           5       0.92      0.94      0.93      1000
           6       0.57      0.59      0.58      1000
           7       0.90      0.92      0.91      1000
           8       0.92      0.96      0.94      1000
           9       0.94      0.93      0.94      1000

    accuracy                           0.84     10000
   macro avg       0.84      0.84      0.84     10000
weighted avg       0.84      0.84      0.84     10000

2020-10-20 16:03:24.149 | DEBUG    | client:test:206 - Confusion Matrix:
[[776   1  14  76   4  10  97   0  22   0]
 [  0 958   6  24   4   1   5   0   2   0]
 [  7   0 773   8  78   3 120   0  11   0]
 [  9  24   9 863  28   5  55   0   7   0]
 [  1   1 134  38 670   1 148   0   7   0]
 [  0   0   0   3   0 941   0  39   2  15]
 [153   1 108  45  62   8 593   0  30   0]
 [  0   0   0   0   0  36   0 918   1  45]
 [  0   4   5   5   2   6  14   4 959   1]
 [  0   0   0   0   0   7   1  58   1 933]]
2020-10-20 16:03:24.149 | DEBUG    | client:test:207 - Class precision: [0.82029598 0.96865521 0.73689228 0.8126177  0.79009434 0.92436149
 0.57405615 0.90088322 0.92034549 0.93863179]
2020-10-20 16:03:24.150 | DEBUG    | client:test:208 - Class recall: [0.776 0.958 0.773 0.863 0.67  0.941 0.593 0.918 0.959 0.933]
2020-10-20 16:03:24.152 | INFO     | server:train_subset_of_clients:38 - Training epoch #4 on client #49
2020-10-20 16:03:24.180 | INFO     | client:train:139 - [4,     0] loss: 0.006
2020-10-20 16:03:26.095 | INFO     | client:train:139 - [4,   100] loss: 0.555
2020-10-20 16:03:26.470 | INFO     | server:train_subset_of_clients:38 - Training epoch #4 on client #37
2020-10-20 16:03:26.492 | INFO     | client:train:139 - [4,     0] loss: 0.006
2020-10-20 16:03:28.499 | INFO     | client:train:139 - [4,   100] loss: 0.557
2020-10-20 16:03:28.868 | INFO     | server:train_subset_of_clients:38 - Training epoch #4 on client #29
2020-10-20 16:03:28.888 | INFO     | client:train:139 - [4,     0] loss: 0.003
2020-10-20 16:03:30.837 | INFO     | client:train:139 - [4,   100] loss: 0.529
2020-10-20 16:03:31.201 | INFO     | server:train_subset_of_clients:38 - Training epoch #4 on client #9
2020-10-20 16:03:31.222 | INFO     | client:train:139 - [4,     0] loss: 0.008
2020-10-20 16:03:33.136 | INFO     | client:train:139 - [4,   100] loss: 0.573
2020-10-20 16:03:33.507 | INFO     | server:train_subset_of_clients:38 - Training epoch #4 on client #28
2020-10-20 16:03:33.527 | INFO     | client:train:139 - [4,     0] loss: 0.004
2020-10-20 16:03:35.530 | INFO     | client:train:139 - [4,   100] loss: 0.570
2020-10-20 16:03:35.935 | INFO     | server:train_subset_of_clients:41 - Averaging client parameters
2020-10-20 16:03:35.938 | INFO     | server:train_subset_of_clients:46 - Updating parameters on client #0
2020-10-20 16:03:35.940 | INFO     | server:train_subset_of_clients:46 - Updating parameters on client #1
2020-10-20 16:03:35.942 | INFO     | server:train_subset_of_clients:46 - Updating parameters on client #2
2020-10-20 16:03:35.943 | INFO     | server:train_subset_of_clients:46 - Updating parameters on client #3
2020-10-20 16:03:35.945 | INFO     | server:train_subset_of_clients:46 - Updating parameters on client #4
2020-10-20 16:03:35.947 | INFO     | server:train_subset_of_clients:46 - Updating parameters on client #5
2020-10-20 16:03:35.950 | INFO     | server:train_subset_of_clients:46 - Updating parameters on client #6
2020-10-20 16:03:35.953 | INFO     | server:train_subset_of_clients:46 - Updating parameters on client #7
2020-10-20 16:03:35.956 | INFO     | server:train_subset_of_clients:46 - Updating parameters on client #8
2020-10-20 16:03:35.960 | INFO     | server:train_subset_of_clients:46 - Updating parameters on client #9
2020-10-20 16:03:35.962 | INFO     | server:train_subset_of_clients:46 - Updating parameters on client #10
2020-10-20 16:03:35.964 | INFO     | server:train_subset_of_clients:46 - Updating parameters on client #11
2020-10-20 16:03:35.966 | INFO     | server:train_subset_of_clients:46 - Updating parameters on client #12
2020-10-20 16:03:35.969 | INFO     | server:train_subset_of_clients:46 - Updating parameters on client #13
2020-10-20 16:03:35.972 | INFO     | server:train_subset_of_clients:46 - Updating parameters on client #14
2020-10-20 16:03:35.975 | INFO     | server:train_subset_of_clients:46 - Updating parameters on client #15
2020-10-20 16:03:35.978 | INFO     | server:train_subset_of_clients:46 - Updating parameters on client #16
2020-10-20 16:03:35.981 | INFO     | server:train_subset_of_clients:46 - Updating parameters on client #17
2020-10-20 16:03:35.983 | INFO     | server:train_subset_of_clients:46 - Updating parameters on client #18
2020-10-20 16:03:35.985 | INFO     | server:train_subset_of_clients:46 - Updating parameters on client #19
2020-10-20 16:03:35.987 | INFO     | server:train_subset_of_clients:46 - Updating parameters on client #20
2020-10-20 16:03:35.990 | INFO     | server:train_subset_of_clients:46 - Updating parameters on client #21
2020-10-20 16:03:35.993 | INFO     | server:train_subset_of_clients:46 - Updating parameters on client #22
2020-10-20 16:03:35.995 | INFO     | server:train_subset_of_clients:46 - Updating parameters on client #23
2020-10-20 16:03:35.997 | INFO     | server:train_subset_of_clients:46 - Updating parameters on client #24
2020-10-20 16:03:35.999 | INFO     | server:train_subset_of_clients:46 - Updating parameters on client #25
2020-10-20 16:03:36.001 | INFO     | server:train_subset_of_clients:46 - Updating parameters on client #26
2020-10-20 16:03:36.003 | INFO     | server:train_subset_of_clients:46 - Updating parameters on client #27
2020-10-20 16:03:36.005 | INFO     | server:train_subset_of_clients:46 - Updating parameters on client #28
2020-10-20 16:03:36.007 | INFO     | server:train_subset_of_clients:46 - Updating parameters on client #29
2020-10-20 16:03:36.008 | INFO     | server:train_subset_of_clients:46 - Updating parameters on client #30
2020-10-20 16:03:36.010 | INFO     | server:train_subset_of_clients:46 - Updating parameters on client #31
2020-10-20 16:03:36.012 | INFO     | server:train_subset_of_clients:46 - Updating parameters on client #32
2020-10-20 16:03:36.013 | INFO     | server:train_subset_of_clients:46 - Updating parameters on client #33
2020-10-20 16:03:36.015 | INFO     | server:train_subset_of_clients:46 - Updating parameters on client #34
2020-10-20 16:03:36.016 | INFO     | server:train_subset_of_clients:46 - Updating parameters on client #35
2020-10-20 16:03:36.018 | INFO     | server:train_subset_of_clients:46 - Updating parameters on client #36
2020-10-20 16:03:36.021 | INFO     | server:train_subset_of_clients:46 - Updating parameters on client #37
2020-10-20 16:03:36.023 | INFO     | server:train_subset_of_clients:46 - Updating parameters on client #38
2020-10-20 16:03:36.025 | INFO     | server:train_subset_of_clients:46 - Updating parameters on client #39
2020-10-20 16:03:36.027 | INFO     | server:train_subset_of_clients:46 - Updating parameters on client #40
2020-10-20 16:03:36.029 | INFO     | server:train_subset_of_clients:46 - Updating parameters on client #41
2020-10-20 16:03:36.031 | INFO     | server:train_subset_of_clients:46 - Updating parameters on client #42
2020-10-20 16:03:36.033 | INFO     | server:train_subset_of_clients:46 - Updating parameters on client #43
2020-10-20 16:03:36.034 | INFO     | server:train_subset_of_clients:46 - Updating parameters on client #44
2020-10-20 16:03:36.036 | INFO     | server:train_subset_of_clients:46 - Updating parameters on client #45
2020-10-20 16:03:36.037 | INFO     | server:train_subset_of_clients:46 - Updating parameters on client #46
2020-10-20 16:03:36.039 | INFO     | server:train_subset_of_clients:46 - Updating parameters on client #47
2020-10-20 16:03:36.041 | INFO     | server:train_subset_of_clients:46 - Updating parameters on client #48
2020-10-20 16:03:36.042 | INFO     | server:train_subset_of_clients:46 - Updating parameters on client #49
2020-10-20 16:03:39.932 | DEBUG    | client:test:203 - Test set: Accuracy: 8396/10000 (84%)
2020-10-20 16:03:39.933 | DEBUG    | client:test:204 - Test set: Loss: 4.417457222938538
2020-10-20 16:03:39.961 | DEBUG    | client:test:205 - Classification Report:
              precision    recall  f1-score   support

           0       0.84      0.77      0.80      1000
           1       0.98      0.95      0.97      1000
           2       0.62      0.88      0.73      1000
           3       0.82      0.88      0.85      1000
           4       0.80      0.61      0.69      1000
           5       0.94      0.94      0.94      1000
           6       0.67      0.54      0.60      1000
           7       0.91      0.93      0.92      1000
           8       0.94      0.95      0.95      1000
           9       0.94      0.94      0.94      1000

    accuracy                           0.84     10000
   macro avg       0.84      0.84      0.84     10000
weighted avg       0.84      0.84      0.84     10000

2020-10-20 16:03:39.962 | DEBUG    | client:test:206 - Confusion Matrix:
[[768   0  36  71   3   8  97   0  17   0]
 [  1 952  12  26   3   1   3   0   2   0]
 [  8   0 881   6  51   3  44   0   7   0]
 [ 10  15  28 878  26   1  38   0   4   0]
 [  1   1 267  37 613   0  76   0   5   0]
 [  0   0   0   3   0 937   0  42   3  15]
 [128   1 189  47  72   4 537   0  22   0]
 [  0   0   0   0   0  27   0 931   1  41]
 [  0   4  11   7   2   7  10   4 954   1]
 [  0   0   0   0   0   6   0  48   1 945]]
2020-10-20 16:03:39.963 | DEBUG    | client:test:207 - Class precision: [0.83842795 0.97841727 0.61867978 0.81674419 0.7961039  0.94265594
 0.66708075 0.90829268 0.93897638 0.94311377]
2020-10-20 16:03:39.964 | DEBUG    | client:test:208 - Class recall: [0.768 0.952 0.881 0.878 0.613 0.937 0.537 0.931 0.954 0.945]
2020-10-20 16:03:39.966 | INFO     | server:train_subset_of_clients:38 - Training epoch #5 on client #31
2020-10-20 16:03:39.994 | INFO     | client:train:139 - [5,     0] loss: 0.002
2020-10-20 16:03:42.044 | INFO     | client:train:139 - [5,   100] loss: 0.508
2020-10-20 16:03:42.408 | INFO     | server:train_subset_of_clients:38 - Training epoch #5 on client #13
2020-10-20 16:03:42.427 | INFO     | client:train:139 - [5,     0] loss: 0.007
2020-10-20 16:03:44.340 | INFO     | client:train:139 - [5,   100] loss: 0.539
2020-10-20 16:03:44.704 | INFO     | server:train_subset_of_clients:38 - Training epoch #5 on client #12
2020-10-20 16:03:44.723 | INFO     | client:train:139 - [5,     0] loss: 0.006
2020-10-20 16:03:46.639 | INFO     | client:train:139 - [5,   100] loss: 0.490
2020-10-20 16:03:47.002 | INFO     | server:train_subset_of_clients:38 - Training epoch #5 on client #49
2020-10-20 16:03:47.022 | INFO     | client:train:139 - [5,     0] loss: 0.004
2020-10-20 16:03:48.937 | INFO     | client:train:139 - [5,   100] loss: 0.514
2020-10-20 16:03:49.297 | INFO     | server:train_subset_of_clients:38 - Training epoch #5 on client #14
2020-10-20 16:03:49.316 | INFO     | client:train:139 - [5,     0] loss: 0.009
2020-10-20 16:03:51.232 | INFO     | client:train:139 - [5,   100] loss: 0.521
2020-10-20 16:03:51.600 | INFO     | server:train_subset_of_clients:41 - Averaging client parameters
2020-10-20 16:03:51.603 | INFO     | server:train_subset_of_clients:46 - Updating parameters on client #0
2020-10-20 16:03:51.605 | INFO     | server:train_subset_of_clients:46 - Updating parameters on client #1
2020-10-20 16:03:51.606 | INFO     | server:train_subset_of_clients:46 - Updating parameters on client #2
2020-10-20 16:03:51.608 | INFO     | server:train_subset_of_clients:46 - Updating parameters on client #3
2020-10-20 16:03:51.609 | INFO     | server:train_subset_of_clients:46 - Updating parameters on client #4
2020-10-20 16:03:51.611 | INFO     | server:train_subset_of_clients:46 - Updating parameters on client #5
2020-10-20 16:03:51.613 | INFO     | server:train_subset_of_clients:46 - Updating parameters on client #6
2020-10-20 16:03:51.614 | INFO     | server:train_subset_of_clients:46 - Updating parameters on client #7
2020-10-20 16:03:51.616 | INFO     | server:train_subset_of_clients:46 - Updating parameters on client #8
2020-10-20 16:03:51.617 | INFO     | server:train_subset_of_clients:46 - Updating parameters on client #9
2020-10-20 16:03:51.619 | INFO     | server:train_subset_of_clients:46 - Updating parameters on client #10
2020-10-20 16:03:51.621 | INFO     | server:train_subset_of_clients:46 - Updating parameters on client #11
2020-10-20 16:03:51.622 | INFO     | server:train_subset_of_clients:46 - Updating parameters on client #12
2020-10-20 16:03:51.624 | INFO     | server:train_subset_of_clients:46 - Updating parameters on client #13
2020-10-20 16:03:51.625 | INFO     | server:train_subset_of_clients:46 - Updating parameters on client #14
2020-10-20 16:03:51.627 | INFO     | server:train_subset_of_clients:46 - Updating parameters on client #15
2020-10-20 16:03:51.628 | INFO     | server:train_subset_of_clients:46 - Updating parameters on client #16
2020-10-20 16:03:51.630 | INFO     | server:train_subset_of_clients:46 - Updating parameters on client #17
2020-10-20 16:03:51.632 | INFO     | server:train_subset_of_clients:46 - Updating parameters on client #18
2020-10-20 16:03:51.633 | INFO     | server:train_subset_of_clients:46 - Updating parameters on client #19
2020-10-20 16:03:51.635 | INFO     | server:train_subset_of_clients:46 - Updating parameters on client #20
2020-10-20 16:03:51.636 | INFO     | server:train_subset_of_clients:46 - Updating parameters on client #21
2020-10-20 16:03:51.638 | INFO     | server:train_subset_of_clients:46 - Updating parameters on client #22
2020-10-20 16:03:51.640 | INFO     | server:train_subset_of_clients:46 - Updating parameters on client #23
2020-10-20 16:03:51.641 | INFO     | server:train_subset_of_clients:46 - Updating parameters on client #24
2020-10-20 16:03:51.643 | INFO     | server:train_subset_of_clients:46 - Updating parameters on client #25
2020-10-20 16:03:51.644 | INFO     | server:train_subset_of_clients:46 - Updating parameters on client #26
2020-10-20 16:03:51.646 | INFO     | server:train_subset_of_clients:46 - Updating parameters on client #27
2020-10-20 16:03:51.648 | INFO     | server:train_subset_of_clients:46 - Updating parameters on client #28
2020-10-20 16:03:51.649 | INFO     | server:train_subset_of_clients:46 - Updating parameters on client #29
2020-10-20 16:03:51.651 | INFO     | server:train_subset_of_clients:46 - Updating parameters on client #30
2020-10-20 16:03:51.652 | INFO     | server:train_subset_of_clients:46 - Updating parameters on client #31
2020-10-20 16:03:51.654 | INFO     | server:train_subset_of_clients:46 - Updating parameters on client #32
2020-10-20 16:03:51.656 | INFO     | server:train_subset_of_clients:46 - Updating parameters on client #33
2020-10-20 16:03:51.657 | INFO     | server:train_subset_of_clients:46 - Updating parameters on client #34
2020-10-20 16:03:51.659 | INFO     | server:train_subset_of_clients:46 - Updating parameters on client #35
2020-10-20 16:03:51.661 | INFO     | server:train_subset_of_clients:46 - Updating parameters on client #36
2020-10-20 16:03:51.662 | INFO     | server:train_subset_of_clients:46 - Updating parameters on client #37
2020-10-20 16:03:51.664 | INFO     | server:train_subset_of_clients:46 - Updating parameters on client #38
2020-10-20 16:03:51.665 | INFO     | server:train_subset_of_clients:46 - Updating parameters on client #39
2020-10-20 16:03:51.667 | INFO     | server:train_subset_of_clients:46 - Updating parameters on client #40
2020-10-20 16:03:51.669 | INFO     | server:train_subset_of_clients:46 - Updating parameters on client #41
2020-10-20 16:03:51.670 | INFO     | server:train_subset_of_clients:46 - Updating parameters on client #42
2020-10-20 16:03:51.672 | INFO     | server:train_subset_of_clients:46 - Updating parameters on client #43
2020-10-20 16:03:51.674 | INFO     | server:train_subset_of_clients:46 - Updating parameters on client #44
2020-10-20 16:03:51.675 | INFO     | server:train_subset_of_clients:46 - Updating parameters on client #45
2020-10-20 16:03:51.677 | INFO     | server:train_subset_of_clients:46 - Updating parameters on client #46
2020-10-20 16:03:51.679 | INFO     | server:train_subset_of_clients:46 - Updating parameters on client #47
2020-10-20 16:03:51.680 | INFO     | server:train_subset_of_clients:46 - Updating parameters on client #48
2020-10-20 16:03:51.682 | INFO     | server:train_subset_of_clients:46 - Updating parameters on client #49
2020-10-20 16:03:55.487 | DEBUG    | client:test:203 - Test set: Accuracy: 8443/10000 (84%)
2020-10-20 16:03:55.488 | DEBUG    | client:test:204 - Test set: Loss: 4.247460156679153
2020-10-20 16:03:55.518 | DEBUG    | client:test:205 - Classification Report:
              precision    recall  f1-score   support

           0       0.85      0.74      0.79      1000
           1       0.97      0.96      0.97      1000
           2       0.71      0.84      0.77      1000
           3       0.79      0.89      0.84      1000
           4       0.84      0.60      0.70      1000
           5       0.92      0.96      0.94      1000
           6       0.59      0.65      0.62      1000
           7       0.95      0.89      0.92      1000
           8       0.96      0.94      0.95      1000
           9       0.92      0.97      0.94      1000

    accuracy                           0.84     10000
   macro avg       0.85      0.84      0.84     10000
weighted avg       0.85      0.84      0.84     10000

2020-10-20 16:03:55.519 | DEBUG    | client:test:206 - Confusion Matrix:
[[741   1  19  79   2   7 141   0  10   0]
 [  0 960   5  25   3   1   4   0   2   0]
 [  8   0 836  13  42   3  92   0   6   0]
 [ 11  19   6 894  14   1  54   0   1   0]
 [  1   2 198  56 599   1 141   0   2   0]
 [  0   0   0   2   0 964   0  19   0  15]
 [106   2 117  45  55   5 653   0  17   0]
 [  0   0   0   0   0  50   0 886   0  64]
 [  0   3   4  12   1   8  23   4 944   1]
 [  0   0   0   0   0   7   0  26   1 966]]
2020-10-20 16:03:55.520 | DEBUG    | client:test:207 - Class precision: [0.85467128 0.97264438 0.70548523 0.79396092 0.83659218 0.92072588
 0.58935018 0.94759358 0.96032553 0.92351816]
2020-10-20 16:03:55.521 | DEBUG    | client:test:208 - Class recall: [0.741 0.96  0.836 0.894 0.599 0.964 0.653 0.886 0.944 0.966]
2020-10-20 16:03:55.523 | INFO     | server:train_subset_of_clients:38 - Training epoch #6 on client #19
2020-10-20 16:03:55.552 | INFO     | client:train:139 - [6,     0] loss: 0.003
2020-10-20 16:03:57.474 | INFO     | client:train:139 - [6,   100] loss: 0.540
2020-10-20 16:03:57.857 | INFO     | server:train_subset_of_clients:38 - Training epoch #6 on client #5
2020-10-20 16:03:57.877 | INFO     | client:train:139 - [6,     0] loss: 0.005
2020-10-20 16:03:59.790 | INFO     | client:train:139 - [6,   100] loss: 0.465
2020-10-20 16:04:00.154 | INFO     | server:train_subset_of_clients:38 - Training epoch #6 on client #3
2020-10-20 16:04:00.174 | INFO     | client:train:139 - [6,     0] loss: 0.004
2020-10-20 16:04:02.095 | INFO     | client:train:139 - [6,   100] loss: 0.449
2020-10-20 16:04:02.458 | INFO     | server:train_subset_of_clients:38 - Training epoch #6 on client #0
2020-10-20 16:04:02.481 | INFO     | client:train:139 - [6,     0] loss: 0.002
2020-10-20 16:04:04.387 | INFO     | client:train:139 - [6,   100] loss: 0.479
2020-10-20 16:04:04.752 | INFO     | server:train_subset_of_clients:38 - Training epoch #6 on client #22
2020-10-20 16:04:04.772 | INFO     | client:train:139 - [6,     0] loss: 0.006
2020-10-20 16:04:06.680 | INFO     | client:train:139 - [6,   100] loss: 0.487
2020-10-20 16:04:07.041 | INFO     | server:train_subset_of_clients:41 - Averaging client parameters
2020-10-20 16:04:07.044 | INFO     | server:train_subset_of_clients:46 - Updating parameters on client #0
2020-10-20 16:04:07.045 | INFO     | server:train_subset_of_clients:46 - Updating parameters on client #1
2020-10-20 16:04:07.047 | INFO     | server:train_subset_of_clients:46 - Updating parameters on client #2
2020-10-20 16:04:07.049 | INFO     | server:train_subset_of_clients:46 - Updating parameters on client #3
2020-10-20 16:04:07.050 | INFO     | server:train_subset_of_clients:46 - Updating parameters on client #4
2020-10-20 16:04:07.052 | INFO     | server:train_subset_of_clients:46 - Updating parameters on client #5
2020-10-20 16:04:07.054 | INFO     | server:train_subset_of_clients:46 - Updating parameters on client #6
2020-10-20 16:04:07.055 | INFO     | server:train_subset_of_clients:46 - Updating parameters on client #7
2020-10-20 16:04:07.057 | INFO     | server:train_subset_of_clients:46 - Updating parameters on client #8
2020-10-20 16:04:07.058 | INFO     | server:train_subset_of_clients:46 - Updating parameters on client #9
2020-10-20 16:04:07.060 | INFO     | server:train_subset_of_clients:46 - Updating parameters on client #10
2020-10-20 16:04:07.062 | INFO     | server:train_subset_of_clients:46 - Updating parameters on client #11
2020-10-20 16:04:07.063 | INFO     | server:train_subset_of_clients:46 - Updating parameters on client #12
2020-10-20 16:04:07.065 | INFO     | server:train_subset_of_clients:46 - Updating parameters on client #13
2020-10-20 16:04:07.066 | INFO     | server:train_subset_of_clients:46 - Updating parameters on client #14
2020-10-20 16:04:07.068 | INFO     | server:train_subset_of_clients:46 - Updating parameters on client #15
2020-10-20 16:04:07.069 | INFO     | server:train_subset_of_clients:46 - Updating parameters on client #16
2020-10-20 16:04:07.071 | INFO     | server:train_subset_of_clients:46 - Updating parameters on client #17
2020-10-20 16:04:07.073 | INFO     | server:train_subset_of_clients:46 - Updating parameters on client #18
2020-10-20 16:04:07.074 | INFO     | server:train_subset_of_clients:46 - Updating parameters on client #19
2020-10-20 16:04:07.076 | INFO     | server:train_subset_of_clients:46 - Updating parameters on client #20
2020-10-20 16:04:07.077 | INFO     | server:train_subset_of_clients:46 - Updating parameters on client #21
2020-10-20 16:04:07.079 | INFO     | server:train_subset_of_clients:46 - Updating parameters on client #22
2020-10-20 16:04:07.080 | INFO     | server:train_subset_of_clients:46 - Updating parameters on client #23
2020-10-20 16:04:07.082 | INFO     | server:train_subset_of_clients:46 - Updating parameters on client #24
2020-10-20 16:04:07.084 | INFO     | server:train_subset_of_clients:46 - Updating parameters on client #25
2020-10-20 16:04:07.085 | INFO     | server:train_subset_of_clients:46 - Updating parameters on client #26
2020-10-20 16:04:07.087 | INFO     | server:train_subset_of_clients:46 - Updating parameters on client #27
2020-10-20 16:04:07.088 | INFO     | server:train_subset_of_clients:46 - Updating parameters on client #28
2020-10-20 16:04:07.090 | INFO     | server:train_subset_of_clients:46 - Updating parameters on client #29
2020-10-20 16:04:07.092 | INFO     | server:train_subset_of_clients:46 - Updating parameters on client #30
2020-10-20 16:04:07.093 | INFO     | server:train_subset_of_clients:46 - Updating parameters on client #31
2020-10-20 16:04:07.095 | INFO     | server:train_subset_of_clients:46 - Updating parameters on client #32
2020-10-20 16:04:07.096 | INFO     | server:train_subset_of_clients:46 - Updating parameters on client #33
2020-10-20 16:04:07.098 | INFO     | server:train_subset_of_clients:46 - Updating parameters on client #34
2020-10-20 16:04:07.100 | INFO     | server:train_subset_of_clients:46 - Updating parameters on client #35
2020-10-20 16:04:07.101 | INFO     | server:train_subset_of_clients:46 - Updating parameters on client #36
2020-10-20 16:04:07.103 | INFO     | server:train_subset_of_clients:46 - Updating parameters on client #37
2020-10-20 16:04:07.104 | INFO     | server:train_subset_of_clients:46 - Updating parameters on client #38
2020-10-20 16:04:07.106 | INFO     | server:train_subset_of_clients:46 - Updating parameters on client #39
2020-10-20 16:04:07.108 | INFO     | server:train_subset_of_clients:46 - Updating parameters on client #40
2020-10-20 16:04:07.109 | INFO     | server:train_subset_of_clients:46 - Updating parameters on client #41
2020-10-20 16:04:07.111 | INFO     | server:train_subset_of_clients:46 - Updating parameters on client #42
2020-10-20 16:04:07.112 | INFO     | server:train_subset_of_clients:46 - Updating parameters on client #43
2020-10-20 16:04:07.114 | INFO     | server:train_subset_of_clients:46 - Updating parameters on client #44
2020-10-20 16:04:07.115 | INFO     | server:train_subset_of_clients:46 - Updating parameters on client #45
2020-10-20 16:04:07.117 | INFO     | server:train_subset_of_clients:46 - Updating parameters on client #46
2020-10-20 16:04:07.119 | INFO     | server:train_subset_of_clients:46 - Updating parameters on client #47
2020-10-20 16:04:07.120 | INFO     | server:train_subset_of_clients:46 - Updating parameters on client #48
2020-10-20 16:04:07.122 | INFO     | server:train_subset_of_clients:46 - Updating parameters on client #49
2020-10-20 16:04:10.892 | DEBUG    | client:test:203 - Test set: Accuracy: 8532/10000 (85%)
2020-10-20 16:04:10.892 | DEBUG    | client:test:204 - Test set: Loss: 4.1670471131801605
2020-10-20 16:04:10.921 | DEBUG    | client:test:205 - Classification Report:
              precision    recall  f1-score   support

           0       0.78      0.85      0.81      1000
           1       0.99      0.96      0.97      1000
           2       0.67      0.87      0.76      1000
           3       0.87      0.85      0.86      1000
           4       0.73      0.80      0.76      1000
           5       0.96      0.93      0.94      1000
           6       0.74      0.46      0.56      1000
           7       0.91      0.95      0.93      1000
           8       0.98      0.93      0.96      1000
           9       0.94      0.95      0.94      1000

    accuracy                           0.85     10000
   macro avg       0.86      0.85      0.85     10000
weighted avg       0.86      0.85      0.85     10000

2020-10-20 16:04:10.922 | DEBUG    | client:test:206 - Confusion Matrix:
[[852   0  34  37   7   5  60   0   5   0]
 [  2 957   9  22   4   1   4   0   1   0]
 [ 15   0 872   5  79   1  27   0   1   0]
 [ 28  11  22 846  64   1  28   0   0   0]
 [  1   0 156  18 795   0  28   0   2   0]
 [  1   0   0   2   0 930   1  45   0  21]
 [191   1 176  27 138   1 456   0   9   1]
 [  0   0   0   0   0  19   0 947   0  34]
 [  2   1  24  12   5   9  11   4 931   1]
 [  0   0   0   0   0   3   2  49   0 946]]
2020-10-20 16:04:10.923 | DEBUG    | client:test:207 - Class precision: [0.78021978 0.98659794 0.67440062 0.87306502 0.72802198 0.95876289
 0.73905997 0.9062201  0.98103267 0.94317049]
2020-10-20 16:04:10.924 | DEBUG    | client:test:208 - Class recall: [0.852 0.957 0.872 0.846 0.795 0.93  0.456 0.947 0.931 0.946]
2020-10-20 16:04:10.926 | INFO     | server:train_subset_of_clients:38 - Training epoch #7 on client #18
2020-10-20 16:04:10.954 | INFO     | client:train:139 - [7,     0] loss: 0.005
2020-10-20 16:04:12.885 | INFO     | client:train:139 - [7,   100] loss: 0.449
2020-10-20 16:04:13.255 | INFO     | server:train_subset_of_clients:38 - Training epoch #7 on client #46
2020-10-20 16:04:13.275 | INFO     | client:train:139 - [7,     0] loss: 0.002
2020-10-20 16:04:15.181 | INFO     | client:train:139 - [7,   100] loss: 0.515
2020-10-20 16:04:15.543 | INFO     | server:train_subset_of_clients:38 - Training epoch #7 on client #28
2020-10-20 16:04:15.563 | INFO     | client:train:139 - [7,     0] loss: 0.006
2020-10-20 16:04:17.501 | INFO     | client:train:139 - [7,   100] loss: 0.454
2020-10-20 16:04:17.865 | INFO     | server:train_subset_of_clients:38 - Training epoch #7 on client #13
2020-10-20 16:04:17.885 | INFO     | client:train:139 - [7,     0] loss: 0.003
2020-10-20 16:04:19.785 | INFO     | client:train:139 - [7,   100] loss: 0.510
2020-10-20 16:04:20.151 | INFO     | server:train_subset_of_clients:38 - Training epoch #7 on client #0
2020-10-20 16:04:20.171 | INFO     | client:train:139 - [7,     0] loss: 0.001
2020-10-20 16:04:22.079 | INFO     | client:train:139 - [7,   100] loss: 0.474
2020-10-20 16:04:22.441 | INFO     | server:train_subset_of_clients:41 - Averaging client parameters
2020-10-20 16:04:22.443 | INFO     | server:train_subset_of_clients:46 - Updating parameters on client #0
2020-10-20 16:04:22.445 | INFO     | server:train_subset_of_clients:46 - Updating parameters on client #1
2020-10-20 16:04:22.446 | INFO     | server:train_subset_of_clients:46 - Updating parameters on client #2
2020-10-20 16:04:22.448 | INFO     | server:train_subset_of_clients:46 - Updating parameters on client #3
2020-10-20 16:04:22.450 | INFO     | server:train_subset_of_clients:46 - Updating parameters on client #4
2020-10-20 16:04:22.451 | INFO     | server:train_subset_of_clients:46 - Updating parameters on client #5
2020-10-20 16:04:22.453 | INFO     | server:train_subset_of_clients:46 - Updating parameters on client #6
2020-10-20 16:04:22.454 | INFO     | server:train_subset_of_clients:46 - Updating parameters on client #7
2020-10-20 16:04:22.456 | INFO     | server:train_subset_of_clients:46 - Updating parameters on client #8
2020-10-20 16:04:22.457 | INFO     | server:train_subset_of_clients:46 - Updating parameters on client #9
2020-10-20 16:04:22.459 | INFO     | server:train_subset_of_clients:46 - Updating parameters on client #10
2020-10-20 16:04:22.461 | INFO     | server:train_subset_of_clients:46 - Updating parameters on client #11
2020-10-20 16:04:22.464 | INFO     | server:train_subset_of_clients:46 - Updating parameters on client #12
2020-10-20 16:04:22.466 | INFO     | server:train_subset_of_clients:46 - Updating parameters on client #13
2020-10-20 16:04:22.469 | INFO     | server:train_subset_of_clients:46 - Updating parameters on client #14
2020-10-20 16:04:22.471 | INFO     | server:train_subset_of_clients:46 - Updating parameters on client #15
2020-10-20 16:04:22.472 | INFO     | server:train_subset_of_clients:46 - Updating parameters on client #16
2020-10-20 16:04:22.474 | INFO     | server:train_subset_of_clients:46 - Updating parameters on client #17
2020-10-20 16:04:22.476 | INFO     | server:train_subset_of_clients:46 - Updating parameters on client #18
2020-10-20 16:04:22.477 | INFO     | server:train_subset_of_clients:46 - Updating parameters on client #19
2020-10-20 16:04:22.479 | INFO     | server:train_subset_of_clients:46 - Updating parameters on client #20
2020-10-20 16:04:22.481 | INFO     | server:train_subset_of_clients:46 - Updating parameters on client #21
2020-10-20 16:04:22.482 | INFO     | server:train_subset_of_clients:46 - Updating parameters on client #22
2020-10-20 16:04:22.484 | INFO     | server:train_subset_of_clients:46 - Updating parameters on client #23
2020-10-20 16:04:22.486 | INFO     | server:train_subset_of_clients:46 - Updating parameters on client #24
2020-10-20 16:04:22.487 | INFO     | server:train_subset_of_clients:46 - Updating parameters on client #25
2020-10-20 16:04:22.489 | INFO     | server:train_subset_of_clients:46 - Updating parameters on client #26
2020-10-20 16:04:22.490 | INFO     | server:train_subset_of_clients:46 - Updating parameters on client #27
2020-10-20 16:04:22.492 | INFO     | server:train_subset_of_clients:46 - Updating parameters on client #28
2020-10-20 16:04:22.494 | INFO     | server:train_subset_of_clients:46 - Updating parameters on client #29
2020-10-20 16:04:22.496 | INFO     | server:train_subset_of_clients:46 - Updating parameters on client #30
2020-10-20 16:04:22.498 | INFO     | server:train_subset_of_clients:46 - Updating parameters on client #31
2020-10-20 16:04:22.500 | INFO     | server:train_subset_of_clients:46 - Updating parameters on client #32
2020-10-20 16:04:22.501 | INFO     | server:train_subset_of_clients:46 - Updating parameters on client #33
2020-10-20 16:04:22.503 | INFO     | server:train_subset_of_clients:46 - Updating parameters on client #34
2020-10-20 16:04:22.505 | INFO     | server:train_subset_of_clients:46 - Updating parameters on client #35
2020-10-20 16:04:22.507 | INFO     | server:train_subset_of_clients:46 - Updating parameters on client #36
2020-10-20 16:04:22.509 | INFO     | server:train_subset_of_clients:46 - Updating parameters on client #37
2020-10-20 16:04:22.511 | INFO     | server:train_subset_of_clients:46 - Updating parameters on client #38
2020-10-20 16:04:22.513 | INFO     | server:train_subset_of_clients:46 - Updating parameters on client #39
2020-10-20 16:04:22.515 | INFO     | server:train_subset_of_clients:46 - Updating parameters on client #40
2020-10-20 16:04:22.517 | INFO     | server:train_subset_of_clients:46 - Updating parameters on client #41
2020-10-20 16:04:22.518 | INFO     | server:train_subset_of_clients:46 - Updating parameters on client #42
2020-10-20 16:04:22.520 | INFO     | server:train_subset_of_clients:46 - Updating parameters on client #43
2020-10-20 16:04:22.522 | INFO     | server:train_subset_of_clients:46 - Updating parameters on client #44
2020-10-20 16:04:22.524 | INFO     | server:train_subset_of_clients:46 - Updating parameters on client #45
2020-10-20 16:04:22.526 | INFO     | server:train_subset_of_clients:46 - Updating parameters on client #46
2020-10-20 16:04:22.528 | INFO     | server:train_subset_of_clients:46 - Updating parameters on client #47
2020-10-20 16:04:22.530 | INFO     | server:train_subset_of_clients:46 - Updating parameters on client #48
2020-10-20 16:04:22.532 | INFO     | server:train_subset_of_clients:46 - Updating parameters on client #49
2020-10-20 16:04:26.363 | DEBUG    | client:test:203 - Test set: Accuracy: 8615/10000 (86%)
2020-10-20 16:04:26.364 | DEBUG    | client:test:204 - Test set: Loss: 3.939372271299362
2020-10-20 16:04:26.395 | DEBUG    | client:test:205 - Classification Report:
              precision    recall  f1-score   support

           0       0.83      0.82      0.82      1000
           1       0.99      0.93      0.96      1000
           2       0.75      0.82      0.78      1000
           3       0.83      0.87      0.85      1000
           4       0.72      0.83      0.77      1000
           5       0.97      0.93      0.95      1000
           6       0.73      0.55      0.63      1000
           7       0.91      0.93      0.92      1000
           8       0.96      0.96      0.96      1000
           9       0.93      0.96      0.95      1000

    accuracy                           0.86     10000
   macro avg       0.86      0.86      0.86     10000
weighted avg       0.86      0.86      0.86     10000

2020-10-20 16:04:26.396 | DEBUG    | client:test:206 - Confusion Matrix:
[[818   0  27  49   9   5  80   0  12   0]
 [  2 932   7  45   8   0   4   0   2   0]
 [  9   0 818   7 114   1  45   0   6   0]
 [ 20   3  15 872  49   1  38   0   2   0]
 [  1   1  97  31 834   0  34   0   2   0]
 [  0   0   0   2   0 931   0  50   1  16]
 [137   0 118  36 135   2 554   0  17   1]
 [  0   0   0   0   0  15   0 934   1  50]
 [  0   1   7  10   5   5   7   4 960   1]
 [  0   0   0   0   0   3   0  34   1 962]]
2020-10-20 16:04:26.397 | DEBUG    | client:test:207 - Class precision: [0.82877406 0.99466382 0.75114784 0.82889734 0.72270364 0.96677051
 0.72703412 0.91389432 0.9561753  0.93398058]
2020-10-20 16:04:26.397 | DEBUG    | client:test:208 - Class recall: [0.818 0.932 0.818 0.872 0.834 0.931 0.554 0.934 0.96  0.962]
2020-10-20 16:04:26.399 | INFO     | server:train_subset_of_clients:38 - Training epoch #8 on client #37
2020-10-20 16:04:26.428 | INFO     | client:train:139 - [8,     0] loss: 0.003
2020-10-20 16:04:28.352 | INFO     | client:train:139 - [8,   100] loss: 0.492
2020-10-20 16:04:28.719 | INFO     | server:train_subset_of_clients:38 - Training epoch #8 on client #1
2020-10-20 16:04:28.739 | INFO     | client:train:139 - [8,     0] loss: 0.004
2020-10-20 16:04:30.655 | INFO     | client:train:139 - [8,   100] loss: 0.512
2020-10-20 16:04:31.018 | INFO     | server:train_subset_of_clients:38 - Training epoch #8 on client #28
2020-10-20 16:04:31.038 | INFO     | client:train:139 - [8,     0] loss: 0.001
2020-10-20 16:04:32.953 | INFO     | client:train:139 - [8,   100] loss: 0.421
2020-10-20 16:04:33.314 | INFO     | server:train_subset_of_clients:38 - Training epoch #8 on client #10
2020-10-20 16:04:33.336 | INFO     | client:train:139 - [8,     0] loss: 0.003
2020-10-20 16:04:35.244 | INFO     | client:train:139 - [8,   100] loss: 0.437
2020-10-20 16:04:35.606 | INFO     | server:train_subset_of_clients:38 - Training epoch #8 on client #38
2020-10-20 16:04:35.626 | INFO     | client:train:139 - [8,     0] loss: 0.005
2020-10-20 16:04:37.537 | INFO     | client:train:139 - [8,   100] loss: 0.481
2020-10-20 16:04:37.905 | INFO     | server:train_subset_of_clients:41 - Averaging client parameters
2020-10-20 16:04:37.907 | INFO     | server:train_subset_of_clients:46 - Updating parameters on client #0
2020-10-20 16:04:37.909 | INFO     | server:train_subset_of_clients:46 - Updating parameters on client #1
2020-10-20 16:04:37.911 | INFO     | server:train_subset_of_clients:46 - Updating parameters on client #2
2020-10-20 16:04:37.912 | INFO     | server:train_subset_of_clients:46 - Updating parameters on client #3
2020-10-20 16:04:37.914 | INFO     | server:train_subset_of_clients:46 - Updating parameters on client #4
2020-10-20 16:04:37.916 | INFO     | server:train_subset_of_clients:46 - Updating parameters on client #5
2020-10-20 16:04:37.917 | INFO     | server:train_subset_of_clients:46 - Updating parameters on client #6
2020-10-20 16:04:37.919 | INFO     | server:train_subset_of_clients:46 - Updating parameters on client #7
2020-10-20 16:04:37.921 | INFO     | server:train_subset_of_clients:46 - Updating parameters on client #8
2020-10-20 16:04:37.922 | INFO     | server:train_subset_of_clients:46 - Updating parameters on client #9
2020-10-20 16:04:37.924 | INFO     | server:train_subset_of_clients:46 - Updating parameters on client #10
2020-10-20 16:04:37.926 | INFO     | server:train_subset_of_clients:46 - Updating parameters on client #11
2020-10-20 16:04:37.927 | INFO     | server:train_subset_of_clients:46 - Updating parameters on client #12
2020-10-20 16:04:37.929 | INFO     | server:train_subset_of_clients:46 - Updating parameters on client #13
2020-10-20 16:04:37.930 | INFO     | server:train_subset_of_clients:46 - Updating parameters on client #14
2020-10-20 16:04:37.932 | INFO     | server:train_subset_of_clients:46 - Updating parameters on client #15
2020-10-20 16:04:37.934 | INFO     | server:train_subset_of_clients:46 - Updating parameters on client #16
2020-10-20 16:04:37.935 | INFO     | server:train_subset_of_clients:46 - Updating parameters on client #17
2020-10-20 16:04:37.937 | INFO     | server:train_subset_of_clients:46 - Updating parameters on client #18
2020-10-20 16:04:37.938 | INFO     | server:train_subset_of_clients:46 - Updating parameters on client #19
2020-10-20 16:04:37.940 | INFO     | server:train_subset_of_clients:46 - Updating parameters on client #20
2020-10-20 16:04:37.942 | INFO     | server:train_subset_of_clients:46 - Updating parameters on client #21
2020-10-20 16:04:37.943 | INFO     | server:train_subset_of_clients:46 - Updating parameters on client #22
2020-10-20 16:04:37.945 | INFO     | server:train_subset_of_clients:46 - Updating parameters on client #23
2020-10-20 16:04:37.947 | INFO     | server:train_subset_of_clients:46 - Updating parameters on client #24
2020-10-20 16:04:37.948 | INFO     | server:train_subset_of_clients:46 - Updating parameters on client #25
2020-10-20 16:04:37.950 | INFO     | server:train_subset_of_clients:46 - Updating parameters on client #26
2020-10-20 16:04:37.952 | INFO     | server:train_subset_of_clients:46 - Updating parameters on client #27
2020-10-20 16:04:37.953 | INFO     | server:train_subset_of_clients:46 - Updating parameters on client #28
2020-10-20 16:04:37.955 | INFO     | server:train_subset_of_clients:46 - Updating parameters on client #29
2020-10-20 16:04:37.957 | INFO     | server:train_subset_of_clients:46 - Updating parameters on client #30
2020-10-20 16:04:37.958 | INFO     | server:train_subset_of_clients:46 - Updating parameters on client #31
2020-10-20 16:04:37.960 | INFO     | server:train_subset_of_clients:46 - Updating parameters on client #32
2020-10-20 16:04:37.961 | INFO     | server:train_subset_of_clients:46 - Updating parameters on client #33
2020-10-20 16:04:37.963 | INFO     | server:train_subset_of_clients:46 - Updating parameters on client #34
2020-10-20 16:04:37.965 | INFO     | server:train_subset_of_clients:46 - Updating parameters on client #35
2020-10-20 16:04:37.966 | INFO     | server:train_subset_of_clients:46 - Updating parameters on client #36
2020-10-20 16:04:37.968 | INFO     | server:train_subset_of_clients:46 - Updating parameters on client #37
2020-10-20 16:04:37.969 | INFO     | server:train_subset_of_clients:46 - Updating parameters on client #38
2020-10-20 16:04:37.971 | INFO     | server:train_subset_of_clients:46 - Updating parameters on client #39
2020-10-20 16:04:37.973 | INFO     | server:train_subset_of_clients:46 - Updating parameters on client #40
2020-10-20 16:04:37.974 | INFO     | server:train_subset_of_clients:46 - Updating parameters on client #41
2020-10-20 16:04:37.976 | INFO     | server:train_subset_of_clients:46 - Updating parameters on client #42
2020-10-20 16:04:37.977 | INFO     | server:train_subset_of_clients:46 - Updating parameters on client #43
2020-10-20 16:04:37.979 | INFO     | server:train_subset_of_clients:46 - Updating parameters on client #44
2020-10-20 16:04:37.981 | INFO     | server:train_subset_of_clients:46 - Updating parameters on client #45
2020-10-20 16:04:37.982 | INFO     | server:train_subset_of_clients:46 - Updating parameters on client #46
2020-10-20 16:04:37.984 | INFO     | server:train_subset_of_clients:46 - Updating parameters on client #47
2020-10-20 16:04:37.986 | INFO     | server:train_subset_of_clients:46 - Updating parameters on client #48
2020-10-20 16:04:37.987 | INFO     | server:train_subset_of_clients:46 - Updating parameters on client #49
2020-10-20 16:04:41.715 | DEBUG    | client:test:203 - Test set: Accuracy: 8645/10000 (86%)
2020-10-20 16:04:41.716 | DEBUG    | client:test:204 - Test set: Loss: 3.7846857011318207
2020-10-20 16:04:41.745 | DEBUG    | client:test:205 - Classification Report:
              precision    recall  f1-score   support

           0       0.86      0.79      0.82      1000
           1       0.98      0.96      0.97      1000
           2       0.83      0.76      0.79      1000
           3       0.83      0.89      0.86      1000
           4       0.76      0.79      0.78      1000
           5       0.97      0.94      0.95      1000
           6       0.62      0.67      0.64      1000
           7       0.92      0.94      0.93      1000
           8       0.96      0.96      0.96      1000
           9       0.94      0.95      0.95      1000

    accuracy                           0.86     10000
   macro avg       0.87      0.86      0.87     10000
weighted avg       0.87      0.86      0.87     10000

2020-10-20 16:04:41.746 | DEBUG    | client:test:206 - Confusion Matrix:
[[787   1   8  52   5   4 133   0  10   0]
 [  1 959   4  25   3   0   6   0   2   0]
 [  9   0 759  10 112   2 100   0   8   0]
 [ 13  10   1 885  30   0  60   0   1   0]
 [  0   1  65  40 794   0  98   0   2   0]
 [  0   0   0   2   0 940   1  42   1  14]
 [106   1  72  35 101   1 665   0  19   0]
 [  0   0   0   0   0  16   0 940   1  43]
 [  1   2   3  12   4   5   7   5 961   0]
 [  0   0   0   0   0   5   1  38   1 955]]
2020-10-20 16:04:41.747 | DEBUG    | client:test:207 - Class precision: [0.85823337 0.98459959 0.83223684 0.83411876 0.75691134 0.96608428
 0.62091503 0.91707317 0.95526839 0.94367589]
2020-10-20 16:04:41.748 | DEBUG    | client:test:208 - Class recall: [0.787 0.959 0.759 0.885 0.794 0.94  0.665 0.94  0.961 0.955]
2020-10-20 16:04:41.751 | INFO     | server:train_subset_of_clients:38 - Training epoch #9 on client #1
2020-10-20 16:04:41.779 | INFO     | client:train:139 - [9,     0] loss: 0.000
2020-10-20 16:04:43.697 | INFO     | client:train:139 - [9,   100] loss: 0.457
2020-10-20 16:04:44.063 | INFO     | server:train_subset_of_clients:38 - Training epoch #9 on client #22
2020-10-20 16:04:44.083 | INFO     | client:train:139 - [9,     0] loss: 0.003
2020-10-20 16:04:46.017 | INFO     | client:train:139 - [9,   100] loss: 0.424
2020-10-20 16:04:46.382 | INFO     | server:train_subset_of_clients:38 - Training epoch #9 on client #8
2020-10-20 16:04:46.401 | INFO     | client:train:139 - [9,     0] loss: 0.026
2020-10-20 16:04:48.309 | INFO     | client:train:139 - [9,   100] loss: 0.531
2020-10-20 16:04:48.673 | INFO     | server:train_subset_of_clients:38 - Training epoch #9 on client #34
2020-10-20 16:04:48.693 | INFO     | client:train:139 - [9,     0] loss: 0.002
2020-10-20 16:04:50.608 | INFO     | client:train:139 - [9,   100] loss: 0.484
2020-10-20 16:04:50.969 | INFO     | server:train_subset_of_clients:38 - Training epoch #9 on client #32
2020-10-20 16:04:50.989 | INFO     | client:train:139 - [9,     0] loss: 0.005
2020-10-20 16:04:52.898 | INFO     | client:train:139 - [9,   100] loss: 0.466
2020-10-20 16:04:53.260 | INFO     | server:train_subset_of_clients:41 - Averaging client parameters
2020-10-20 16:04:53.263 | INFO     | server:train_subset_of_clients:46 - Updating parameters on client #0
2020-10-20 16:04:53.265 | INFO     | server:train_subset_of_clients:46 - Updating parameters on client #1
2020-10-20 16:04:53.268 | INFO     | server:train_subset_of_clients:46 - Updating parameters on client #2
2020-10-20 16:04:53.270 | INFO     | server:train_subset_of_clients:46 - Updating parameters on client #3
2020-10-20 16:04:53.272 | INFO     | server:train_subset_of_clients:46 - Updating parameters on client #4
2020-10-20 16:04:53.274 | INFO     | server:train_subset_of_clients:46 - Updating parameters on client #5
2020-10-20 16:04:53.276 | INFO     | server:train_subset_of_clients:46 - Updating parameters on client #6
2020-10-20 16:04:53.277 | INFO     | server:train_subset_of_clients:46 - Updating parameters on client #7
2020-10-20 16:04:53.279 | INFO     | server:train_subset_of_clients:46 - Updating parameters on client #8
2020-10-20 16:04:53.281 | INFO     | server:train_subset_of_clients:46 - Updating parameters on client #9
2020-10-20 16:04:53.282 | INFO     | server:train_subset_of_clients:46 - Updating parameters on client #10
2020-10-20 16:04:53.284 | INFO     | server:train_subset_of_clients:46 - Updating parameters on client #11
2020-10-20 16:04:53.286 | INFO     | server:train_subset_of_clients:46 - Updating parameters on client #12
2020-10-20 16:04:53.287 | INFO     | server:train_subset_of_clients:46 - Updating parameters on client #13
2020-10-20 16:04:53.289 | INFO     | server:train_subset_of_clients:46 - Updating parameters on client #14
2020-10-20 16:04:53.290 | INFO     | server:train_subset_of_clients:46 - Updating parameters on client #15
2020-10-20 16:04:53.292 | INFO     | server:train_subset_of_clients:46 - Updating parameters on client #16
2020-10-20 16:04:53.294 | INFO     | server:train_subset_of_clients:46 - Updating parameters on client #17
2020-10-20 16:04:53.295 | INFO     | server:train_subset_of_clients:46 - Updating parameters on client #18
2020-10-20 16:04:53.297 | INFO     | server:train_subset_of_clients:46 - Updating parameters on client #19
2020-10-20 16:04:53.299 | INFO     | server:train_subset_of_clients:46 - Updating parameters on client #20
2020-10-20 16:04:53.300 | INFO     | server:train_subset_of_clients:46 - Updating parameters on client #21
2020-10-20 16:04:53.302 | INFO     | server:train_subset_of_clients:46 - Updating parameters on client #22
2020-10-20 16:04:53.304 | INFO     | server:train_subset_of_clients:46 - Updating parameters on client #23
2020-10-20 16:04:53.305 | INFO     | server:train_subset_of_clients:46 - Updating parameters on client #24
2020-10-20 16:04:53.307 | INFO     | server:train_subset_of_clients:46 - Updating parameters on client #25
2020-10-20 16:04:53.308 | INFO     | server:train_subset_of_clients:46 - Updating parameters on client #26
2020-10-20 16:04:53.310 | INFO     | server:train_subset_of_clients:46 - Updating parameters on client #27
2020-10-20 16:04:53.312 | INFO     | server:train_subset_of_clients:46 - Updating parameters on client #28
2020-10-20 16:04:53.313 | INFO     | server:train_subset_of_clients:46 - Updating parameters on client #29
2020-10-20 16:04:53.315 | INFO     | server:train_subset_of_clients:46 - Updating parameters on client #30
2020-10-20 16:04:53.317 | INFO     | server:train_subset_of_clients:46 - Updating parameters on client #31
2020-10-20 16:04:53.318 | INFO     | server:train_subset_of_clients:46 - Updating parameters on client #32
2020-10-20 16:04:53.320 | INFO     | server:train_subset_of_clients:46 - Updating parameters on client #33
2020-10-20 16:04:53.321 | INFO     | server:train_subset_of_clients:46 - Updating parameters on client #34
2020-10-20 16:04:53.323 | INFO     | server:train_subset_of_clients:46 - Updating parameters on client #35
2020-10-20 16:04:53.325 | INFO     | server:train_subset_of_clients:46 - Updating parameters on client #36
2020-10-20 16:04:53.326 | INFO     | server:train_subset_of_clients:46 - Updating parameters on client #37
2020-10-20 16:04:53.328 | INFO     | server:train_subset_of_clients:46 - Updating parameters on client #38
2020-10-20 16:04:53.329 | INFO     | server:train_subset_of_clients:46 - Updating parameters on client #39
2020-10-20 16:04:53.331 | INFO     | server:train_subset_of_clients:46 - Updating parameters on client #40
2020-10-20 16:04:53.333 | INFO     | server:train_subset_of_clients:46 - Updating parameters on client #41
2020-10-20 16:04:53.335 | INFO     | server:train_subset_of_clients:46 - Updating parameters on client #42
2020-10-20 16:04:53.337 | INFO     | server:train_subset_of_clients:46 - Updating parameters on client #43
2020-10-20 16:04:53.339 | INFO     | server:train_subset_of_clients:46 - Updating parameters on client #44
2020-10-20 16:04:53.341 | INFO     | server:train_subset_of_clients:46 - Updating parameters on client #45
2020-10-20 16:04:53.343 | INFO     | server:train_subset_of_clients:46 - Updating parameters on client #46
2020-10-20 16:04:53.345 | INFO     | server:train_subset_of_clients:46 - Updating parameters on client #47
2020-10-20 16:04:53.347 | INFO     | server:train_subset_of_clients:46 - Updating parameters on client #48
2020-10-20 16:04:53.349 | INFO     | server:train_subset_of_clients:46 - Updating parameters on client #49
2020-10-20 16:04:58.036 | DEBUG    | client:test:203 - Test set: Accuracy: 8600/10000 (86%)
2020-10-20 16:04:58.036 | DEBUG    | client:test:204 - Test set: Loss: 3.899482309818268
2020-10-20 16:04:58.068 | DEBUG    | client:test:205 - Classification Report:
              precision    recall  f1-score   support

           0       0.81      0.84      0.83      1000
           1       1.00      0.93      0.96      1000
           2       0.86      0.71      0.78      1000
           3       0.83      0.89      0.86      1000
           4       0.78      0.75      0.77      1000
           5       0.98      0.92      0.95      1000
           6       0.59      0.69      0.64      1000
           7       0.89      0.96      0.92      1000
           8       0.96      0.96      0.96      1000
           9       0.95      0.95      0.95      1000

    accuracy                           0.86     10000
   macro avg       0.87      0.86      0.86     10000
weighted avg       0.87      0.86      0.86     10000

2020-10-20 16:04:58.069 | DEBUG    | client:test:206 - Confusion Matrix:
[[841   0   8  38   3   3  98   0   9   0]
 [  2 933   4  43   4   0  12   0   2   0]
 [ 17   0 708   9 110   0 150   0   6   0]
 [ 25   2   1 889  22   0  60   0   1   0]
 [  0   1  50  46 752   0 149   0   2   0]
 [  1   0   0   2   0 916   1  64   1  15]
 [148   0  49  29  65   0 695   0  14   0]
 [  0   0   0   0   0   8   0 956   1  35]
 [  2   1   1  11   2   3  16   5 959   0]
 [  0   0   0   0   0   3   1  44   1 951]]
2020-10-20 16:04:58.069 | DEBUG    | client:test:207 - Class precision: [0.81177606 0.99573106 0.86236297 0.83317713 0.78496868 0.98177921
 0.58798646 0.89429373 0.96285141 0.95004995]
2020-10-20 16:04:58.070 | DEBUG    | client:test:208 - Class recall: [0.841 0.933 0.708 0.889 0.752 0.916 0.695 0.956 0.959 0.951]
2020-10-20 16:04:58.072 | INFO     | server:train_subset_of_clients:38 - Training epoch #10 on client #22
2020-10-20 16:04:58.101 | INFO     | client:train:139 - [10,     0] loss: 0.003
2020-10-20 16:05:00.026 | INFO     | client:train:139 - [10,   100] loss: 0.380
2020-10-20 16:05:00.390 | INFO     | server:train_subset_of_clients:38 - Training epoch #10 on client #19
2020-10-20 16:05:00.412 | INFO     | client:train:139 - [10,     0] loss: 0.002
2020-10-20 16:05:02.328 | INFO     | client:train:139 - [10,   100] loss: 0.458
2020-10-20 16:05:02.693 | INFO     | server:train_subset_of_clients:38 - Training epoch #10 on client #42
2020-10-20 16:05:02.713 | INFO     | client:train:139 - [10,     0] loss: 0.001
2020-10-20 16:05:04.632 | INFO     | client:train:139 - [10,   100] loss: 0.412
2020-10-20 16:05:04.996 | INFO     | server:train_subset_of_clients:38 - Training epoch #10 on client #2
2020-10-20 16:05:05.016 | INFO     | client:train:139 - [10,     0] loss: 0.001
2020-10-20 16:05:06.926 | INFO     | client:train:139 - [10,   100] loss: 0.457
2020-10-20 16:05:07.290 | INFO     | server:train_subset_of_clients:38 - Training epoch #10 on client #12
2020-10-20 16:05:07.311 | INFO     | client:train:139 - [10,     0] loss: 0.003
2020-10-20 16:05:09.234 | INFO     | client:train:139 - [10,   100] loss: 0.415
2020-10-20 16:05:09.599 | INFO     | server:train_subset_of_clients:41 - Averaging client parameters
2020-10-20 16:05:09.601 | INFO     | server:train_subset_of_clients:46 - Updating parameters on client #0
2020-10-20 16:05:09.603 | INFO     | server:train_subset_of_clients:46 - Updating parameters on client #1
2020-10-20 16:05:09.605 | INFO     | server:train_subset_of_clients:46 - Updating parameters on client #2
2020-10-20 16:05:09.606 | INFO     | server:train_subset_of_clients:46 - Updating parameters on client #3
2020-10-20 16:05:09.608 | INFO     | server:train_subset_of_clients:46 - Updating parameters on client #4
2020-10-20 16:05:09.610 | INFO     | server:train_subset_of_clients:46 - Updating parameters on client #5
2020-10-20 16:05:09.611 | INFO     | server:train_subset_of_clients:46 - Updating parameters on client #6
2020-10-20 16:05:09.613 | INFO     | server:train_subset_of_clients:46 - Updating parameters on client #7
2020-10-20 16:05:09.615 | INFO     | server:train_subset_of_clients:46 - Updating parameters on client #8
2020-10-20 16:05:09.616 | INFO     | server:train_subset_of_clients:46 - Updating parameters on client #9
2020-10-20 16:05:09.618 | INFO     | server:train_subset_of_clients:46 - Updating parameters on client #10
2020-10-20 16:05:09.619 | INFO     | server:train_subset_of_clients:46 - Updating parameters on client #11
2020-10-20 16:05:09.621 | INFO     | server:train_subset_of_clients:46 - Updating parameters on client #12
2020-10-20 16:05:09.623 | INFO     | server:train_subset_of_clients:46 - Updating parameters on client #13
2020-10-20 16:05:09.624 | INFO     | server:train_subset_of_clients:46 - Updating parameters on client #14
2020-10-20 16:05:09.626 | INFO     | server:train_subset_of_clients:46 - Updating parameters on client #15
2020-10-20 16:05:09.627 | INFO     | server:train_subset_of_clients:46 - Updating parameters on client #16
2020-10-20 16:05:09.629 | INFO     | server:train_subset_of_clients:46 - Updating parameters on client #17
2020-10-20 16:05:09.631 | INFO     | server:train_subset_of_clients:46 - Updating parameters on client #18
2020-10-20 16:05:09.632 | INFO     | server:train_subset_of_clients:46 - Updating parameters on client #19
2020-10-20 16:05:09.634 | INFO     | server:train_subset_of_clients:46 - Updating parameters on client #20
2020-10-20 16:05:09.636 | INFO     | server:train_subset_of_clients:46 - Updating parameters on client #21
2020-10-20 16:05:09.637 | INFO     | server:train_subset_of_clients:46 - Updating parameters on client #22
2020-10-20 16:05:09.639 | INFO     | server:train_subset_of_clients:46 - Updating parameters on client #23
2020-10-20 16:05:09.640 | INFO     | server:train_subset_of_clients:46 - Updating parameters on client #24
2020-10-20 16:05:09.642 | INFO     | server:train_subset_of_clients:46 - Updating parameters on client #25
2020-10-20 16:05:09.644 | INFO     | server:train_subset_of_clients:46 - Updating parameters on client #26
2020-10-20 16:05:09.645 | INFO     | server:train_subset_of_clients:46 - Updating parameters on client #27
2020-10-20 16:05:09.647 | INFO     | server:train_subset_of_clients:46 - Updating parameters on client #28
2020-10-20 16:05:09.649 | INFO     | server:train_subset_of_clients:46 - Updating parameters on client #29
2020-10-20 16:05:09.650 | INFO     | server:train_subset_of_clients:46 - Updating parameters on client #30
2020-10-20 16:05:09.652 | INFO     | server:train_subset_of_clients:46 - Updating parameters on client #31
2020-10-20 16:05:09.653 | INFO     | server:train_subset_of_clients:46 - Updating parameters on client #32
2020-10-20 16:05:09.655 | INFO     | server:train_subset_of_clients:46 - Updating parameters on client #33
2020-10-20 16:05:09.657 | INFO     | server:train_subset_of_clients:46 - Updating parameters on client #34
2020-10-20 16:05:09.658 | INFO     | server:train_subset_of_clients:46 - Updating parameters on client #35
2020-10-20 16:05:09.660 | INFO     | server:train_subset_of_clients:46 - Updating parameters on client #36
2020-10-20 16:05:09.662 | INFO     | server:train_subset_of_clients:46 - Updating parameters on client #37
2020-10-20 16:05:09.663 | INFO     | server:train_subset_of_clients:46 - Updating parameters on client #38
2020-10-20 16:05:09.665 | INFO     | server:train_subset_of_clients:46 - Updating parameters on client #39
2020-10-20 16:05:09.666 | INFO     | server:train_subset_of_clients:46 - Updating parameters on client #40
2020-10-20 16:05:09.668 | INFO     | server:train_subset_of_clients:46 - Updating parameters on client #41
2020-10-20 16:05:09.670 | INFO     | server:train_subset_of_clients:46 - Updating parameters on client #42
2020-10-20 16:05:09.671 | INFO     | server:train_subset_of_clients:46 - Updating parameters on client #43
2020-10-20 16:05:09.673 | INFO     | server:train_subset_of_clients:46 - Updating parameters on client #44
2020-10-20 16:05:09.675 | INFO     | server:train_subset_of_clients:46 - Updating parameters on client #45
2020-10-20 16:05:09.676 | INFO     | server:train_subset_of_clients:46 - Updating parameters on client #46
2020-10-20 16:05:09.678 | INFO     | server:train_subset_of_clients:46 - Updating parameters on client #47
2020-10-20 16:05:09.679 | INFO     | server:train_subset_of_clients:46 - Updating parameters on client #48
2020-10-20 16:05:09.681 | INFO     | server:train_subset_of_clients:46 - Updating parameters on client #49
2020-10-20 16:05:13.481 | DEBUG    | client:test:203 - Test set: Accuracy: 8635/10000 (86%)
2020-10-20 16:05:13.481 | DEBUG    | client:test:204 - Test set: Loss: 3.7996094822883606
2020-10-20 16:05:13.510 | DEBUG    | client:test:205 - Classification Report:
              precision    recall  f1-score   support

           0       0.77      0.86      0.81      1000
           1       1.00      0.93      0.96      1000
           2       0.80      0.79      0.80      1000
           3       0.85      0.88      0.86      1000
           4       0.80      0.74      0.77      1000
           5       0.97      0.94      0.96      1000
           6       0.64      0.64      0.64      1000
           7       0.90      0.96      0.93      1000
           8       0.97      0.95      0.96      1000
           9       0.96      0.94      0.95      1000

    accuracy                           0.86     10000
   macro avg       0.87      0.86      0.86     10000
weighted avg       0.87      0.86      0.86     10000

2020-10-20 16:05:13.511 | DEBUG    | client:test:206 - Confusion Matrix:
[[865   0   9  28   3   3  85   0   7   0]
 [  5 929   5  45   4   1   9   0   2   0]
 [ 27   0 789   9  84   1  85   0   5   0]
 [ 40   1   7 880  26   1  44   0   1   0]
 [  1   1  89  43 740   0 123   0   3   0]
 [  1   0   0   2   0 941   0  41   1  14]
 [179   0  83  25  64   1 637   0  11   0]
 [  0   0   0   0   0  14   0 960   0  26]
 [  8   1   1   9   2   3  16   5 955   0]
 [  0   0   0   0   0   3   1  56   1 939]]
2020-10-20 16:05:13.512 | DEBUG    | client:test:207 - Class precision: [0.76820604 0.99678112 0.80264496 0.84534102 0.80173348 0.97210744
 0.637      0.9039548  0.96855984 0.95914198]
2020-10-20 16:05:13.512 | DEBUG    | client:test:208 - Class recall: [0.865 0.929 0.789 0.88  0.74  0.941 0.637 0.96  0.955 0.939]
