2020-10-20 16:25:10.827 | DEBUG    | federated_learning.arguments:log:182 - Arguments: 
Batch Size: 10
Test Batch Size: 1000
Epochs: 10
Learning Rate: 0.01
Momentum: 0.5
CUDA Enabled: True
Shuffle Enabled: False
Log Interval: 100
Scheduler Step Size: 50
Scheduler Gamma: 0.5
Scheduler Minimum Learning Rate: 1e-10
Client Selection Strategy: <federated_learning.worker_selection.random.RandomSelectionStrategy object at 0x1034f7f28>
Client Selection Strategy Arguments: {
    "NUM_WORKERS_PER_ROUND": 5
}
Model Saving Enabled: False
Model Saving Interval: 1
Model Saving Path (Relative): 2500_models
Epoch Save Start Prefix: start
Epoch Save End Suffix: end
Number of Clients: 50
Number of Poisoned Clients: 10
NN: <class 'federated_learning.nets.fashion_mnist_cnn.FashionMNISTCNN'>
Train Data Loader Path: data_loaders/fashion-mnist/train_data_loader.pickle
Test Data Loader Path: data_loaders/fashion-mnist/test_data_loader.pickle
Loss Function: <class 'torch.nn.modules.loss.CrossEntropyLoss'>
Default Model Folder Path: default_models
Data Path: data

2020-10-20 16:25:10.828 | INFO     | federated_learning.utils.data_loader_utils:load_data_loader_from_file:64 - Loading data loader from file: data_loaders/fashion-mnist/train_data_loader.pickle
2020-10-20 16:25:11.677 | INFO     | federated_learning.utils.data_loader_utils:load_data_loader_from_file:64 - Loading data loader from file: data_loaders/fashion-mnist/test_data_loader.pickle
2020-10-20 16:25:14.868 | INFO     | federated_learning.utils.poison_data:poison_data:24 - Poisoning data for workers: [44, 17, 0, 27, 1, 47, 9, 11, 33, 43]
2020-10-20 16:25:14.878 | INFO     | federated_learning.utils.client_utils:log_client_data_statistics:17 - Client #0 has data distribution: [142, 0, 134, 113, 115, 96, 127, 116, 116, 241]
2020-10-20 16:25:14.879 | INFO     | federated_learning.utils.client_utils:log_client_data_statistics:17 - Client #1 has data distribution: [115, 0, 125, 125, 118, 118, 116, 133, 127, 223]
2020-10-20 16:25:14.881 | INFO     | federated_learning.utils.client_utils:log_client_data_statistics:17 - Client #2 has data distribution: [116, 118, 110, 123, 123, 133, 127, 112, 125, 113]
2020-10-20 16:25:14.882 | INFO     | federated_learning.utils.client_utils:log_client_data_statistics:17 - Client #3 has data distribution: [116, 125, 122, 118, 124, 114, 118, 110, 127, 126]
2020-10-20 16:25:14.883 | INFO     | federated_learning.utils.client_utils:log_client_data_statistics:17 - Client #4 has data distribution: [114, 120, 147, 129, 111, 114, 121, 103, 128, 113]
2020-10-20 16:25:14.884 | INFO     | federated_learning.utils.client_utils:log_client_data_statistics:17 - Client #5 has data distribution: [139, 123, 132, 128, 111, 113, 112, 105, 102, 135]
2020-10-20 16:25:14.885 | INFO     | federated_learning.utils.client_utils:log_client_data_statistics:17 - Client #6 has data distribution: [115, 121, 113, 126, 116, 133, 112, 133, 119, 112]
2020-10-20 16:25:14.886 | INFO     | federated_learning.utils.client_utils:log_client_data_statistics:17 - Client #7 has data distribution: [128, 119, 118, 120, 120, 110, 114, 129, 121, 121]
2020-10-20 16:25:14.887 | INFO     | federated_learning.utils.client_utils:log_client_data_statistics:17 - Client #8 has data distribution: [109, 112, 135, 124, 123, 131, 123, 113, 118, 112]
2020-10-20 16:25:14.888 | INFO     | federated_learning.utils.client_utils:log_client_data_statistics:17 - Client #9 has data distribution: [103, 0, 126, 120, 127, 114, 128, 124, 139, 219]
2020-10-20 16:25:14.889 | INFO     | federated_learning.utils.client_utils:log_client_data_statistics:17 - Client #10 has data distribution: [113, 114, 121, 125, 110, 133, 127, 128, 109, 120]
2020-10-20 16:25:14.890 | INFO     | federated_learning.utils.client_utils:log_client_data_statistics:17 - Client #11 has data distribution: [140, 0, 120, 129, 135, 104, 112, 124, 104, 232]
2020-10-20 16:25:14.891 | INFO     | federated_learning.utils.client_utils:log_client_data_statistics:17 - Client #12 has data distribution: [131, 123, 114, 108, 141, 102, 102, 120, 122, 137]
2020-10-20 16:25:14.893 | INFO     | federated_learning.utils.client_utils:log_client_data_statistics:17 - Client #13 has data distribution: [111, 126, 114, 123, 136, 120, 123, 128, 113, 106]
2020-10-20 16:25:14.894 | INFO     | federated_learning.utils.client_utils:log_client_data_statistics:17 - Client #14 has data distribution: [118, 105, 118, 133, 117, 103, 127, 116, 124, 139]
2020-10-20 16:25:14.895 | INFO     | federated_learning.utils.client_utils:log_client_data_statistics:17 - Client #15 has data distribution: [125, 115, 127, 126, 128, 103, 105, 112, 130, 129]
2020-10-20 16:25:14.896 | INFO     | federated_learning.utils.client_utils:log_client_data_statistics:17 - Client #16 has data distribution: [138, 112, 121, 127, 118, 120, 113, 122, 136, 93]
2020-10-20 16:25:14.897 | INFO     | federated_learning.utils.client_utils:log_client_data_statistics:17 - Client #17 has data distribution: [112, 0, 146, 99, 114, 134, 128, 117, 121, 229]
2020-10-20 16:25:14.898 | INFO     | federated_learning.utils.client_utils:log_client_data_statistics:17 - Client #18 has data distribution: [110, 120, 128, 111, 112, 128, 125, 113, 124, 129]
2020-10-20 16:25:14.899 | INFO     | federated_learning.utils.client_utils:log_client_data_statistics:17 - Client #19 has data distribution: [151, 105, 109, 124, 139, 128, 115, 111, 102, 116]
2020-10-20 16:25:14.900 | INFO     | federated_learning.utils.client_utils:log_client_data_statistics:17 - Client #20 has data distribution: [124, 120, 126, 117, 129, 111, 113, 124, 111, 125]
2020-10-20 16:25:14.901 | INFO     | federated_learning.utils.client_utils:log_client_data_statistics:17 - Client #21 has data distribution: [127, 113, 110, 122, 113, 132, 120, 128, 113, 122]
2020-10-20 16:25:14.902 | INFO     | federated_learning.utils.client_utils:log_client_data_statistics:17 - Client #22 has data distribution: [126, 106, 121, 113, 125, 108, 141, 114, 124, 122]
2020-10-20 16:25:14.903 | INFO     | federated_learning.utils.client_utils:log_client_data_statistics:17 - Client #23 has data distribution: [111, 133, 134, 119, 120, 111, 117, 116, 111, 128]
2020-10-20 16:25:14.904 | INFO     | federated_learning.utils.client_utils:log_client_data_statistics:17 - Client #24 has data distribution: [119, 115, 113, 115, 113, 105, 124, 128, 149, 119]
2020-10-20 16:25:14.905 | INFO     | federated_learning.utils.client_utils:log_client_data_statistics:17 - Client #25 has data distribution: [108, 119, 106, 125, 116, 122, 134, 132, 118, 120]
2020-10-20 16:25:14.907 | INFO     | federated_learning.utils.client_utils:log_client_data_statistics:17 - Client #26 has data distribution: [123, 124, 106, 121, 127, 109, 127, 136, 95, 132]
2020-10-20 16:25:14.908 | INFO     | federated_learning.utils.client_utils:log_client_data_statistics:17 - Client #27 has data distribution: [105, 0, 110, 112, 130, 144, 116, 103, 121, 259]
2020-10-20 16:25:14.909 | INFO     | federated_learning.utils.client_utils:log_client_data_statistics:17 - Client #28 has data distribution: [120, 125, 132, 104, 108, 121, 119, 113, 126, 132]
2020-10-20 16:25:14.910 | INFO     | federated_learning.utils.client_utils:log_client_data_statistics:17 - Client #29 has data distribution: [118, 119, 127, 131, 110, 121, 113, 115, 130, 116]
2020-10-20 16:25:14.911 | INFO     | federated_learning.utils.client_utils:log_client_data_statistics:17 - Client #30 has data distribution: [123, 130, 109, 104, 113, 144, 129, 121, 114, 113]
2020-10-20 16:25:14.912 | INFO     | federated_learning.utils.client_utils:log_client_data_statistics:17 - Client #31 has data distribution: [121, 112, 128, 102, 127, 144, 108, 122, 117, 119]
2020-10-20 16:25:14.913 | INFO     | federated_learning.utils.client_utils:log_client_data_statistics:17 - Client #32 has data distribution: [135, 130, 122, 137, 92, 119, 137, 109, 106, 113]
2020-10-20 16:25:14.915 | INFO     | federated_learning.utils.client_utils:log_client_data_statistics:17 - Client #33 has data distribution: [141, 0, 121, 130, 93, 117, 109, 111, 120, 258]
2020-10-20 16:25:14.916 | INFO     | federated_learning.utils.client_utils:log_client_data_statistics:17 - Client #34 has data distribution: [109, 117, 117, 130, 113, 127, 118, 116, 142, 111]
2020-10-20 16:25:14.917 | INFO     | federated_learning.utils.client_utils:log_client_data_statistics:17 - Client #35 has data distribution: [129, 125, 124, 105, 143, 113, 112, 111, 118, 120]
2020-10-20 16:25:14.918 | INFO     | federated_learning.utils.client_utils:log_client_data_statistics:17 - Client #36 has data distribution: [128, 133, 133, 110, 135, 121, 114, 112, 102, 112]
2020-10-20 16:25:14.919 | INFO     | federated_learning.utils.client_utils:log_client_data_statistics:17 - Client #37 has data distribution: [119, 129, 118, 119, 131, 110, 110, 122, 120, 122]
2020-10-20 16:25:14.920 | INFO     | federated_learning.utils.client_utils:log_client_data_statistics:17 - Client #38 has data distribution: [117, 128, 111, 119, 114, 96, 130, 127, 133, 125]
2020-10-20 16:25:14.921 | INFO     | federated_learning.utils.client_utils:log_client_data_statistics:17 - Client #39 has data distribution: [116, 122, 94, 132, 120, 120, 121, 121, 117, 137]
2020-10-20 16:25:14.922 | INFO     | federated_learning.utils.client_utils:log_client_data_statistics:17 - Client #40 has data distribution: [110, 117, 110, 120, 126, 123, 126, 122, 128, 118]
2020-10-20 16:25:14.923 | INFO     | federated_learning.utils.client_utils:log_client_data_statistics:17 - Client #41 has data distribution: [114, 127, 102, 124, 110, 108, 127, 130, 119, 139]
2020-10-20 16:25:14.924 | INFO     | federated_learning.utils.client_utils:log_client_data_statistics:17 - Client #42 has data distribution: [108, 114, 109, 130, 145, 146, 100, 118, 110, 120]
2020-10-20 16:25:14.925 | INFO     | federated_learning.utils.client_utils:log_client_data_statistics:17 - Client #43 has data distribution: [124, 0, 121, 104, 113, 148, 117, 131, 133, 209]
2020-10-20 16:25:14.926 | INFO     | federated_learning.utils.client_utils:log_client_data_statistics:17 - Client #44 has data distribution: [106, 0, 132, 129, 140, 111, 106, 109, 120, 247]
2020-10-20 16:25:14.927 | INFO     | federated_learning.utils.client_utils:log_client_data_statistics:17 - Client #45 has data distribution: [129, 113, 118, 125, 114, 111, 120, 139, 110, 121]
2020-10-20 16:25:14.928 | INFO     | federated_learning.utils.client_utils:log_client_data_statistics:17 - Client #46 has data distribution: [129, 115, 119, 128, 111, 114, 105, 112, 135, 132]
2020-10-20 16:25:14.929 | INFO     | federated_learning.utils.client_utils:log_client_data_statistics:17 - Client #47 has data distribution: [100, 0, 118, 120, 104, 150, 133, 117, 125, 233]
2020-10-20 16:25:14.930 | INFO     | federated_learning.utils.client_utils:log_client_data_statistics:17 - Client #48 has data distribution: [105, 125, 118, 116, 105, 116, 160, 136, 111, 108]
2020-10-20 16:25:14.931 | INFO     | federated_learning.utils.client_utils:log_client_data_statistics:17 - Client #49 has data distribution: [110, 122, 111, 106, 122, 127, 119, 136, 115, 132]
2020-10-20 16:25:15.142 | INFO     | server:train_subset_of_clients:38 - Training epoch #1 on client #36
2020-10-20 16:25:15.170 | INFO     | client:train:139 - [1,     0] loss: 0.026
2020-10-20 16:25:17.196 | INFO     | client:train:139 - [1,   100] loss: 1.176
2020-10-20 16:25:17.569 | INFO     | server:train_subset_of_clients:38 - Training epoch #1 on client #7
2020-10-20 16:25:17.589 | INFO     | client:train:139 - [1,     0] loss: 0.024
2020-10-20 16:25:19.622 | INFO     | client:train:139 - [1,   100] loss: 1.166
2020-10-20 16:25:19.993 | INFO     | server:train_subset_of_clients:38 - Training epoch #1 on client #25
2020-10-20 16:25:20.014 | INFO     | client:train:139 - [1,     0] loss: 0.023
2020-10-20 16:25:22.062 | INFO     | client:train:139 - [1,   100] loss: 1.138
2020-10-20 16:25:22.433 | INFO     | server:train_subset_of_clients:38 - Training epoch #1 on client #21
2020-10-20 16:25:22.453 | INFO     | client:train:139 - [1,     0] loss: 0.023
2020-10-20 16:25:24.392 | INFO     | client:train:139 - [1,   100] loss: 1.073
2020-10-20 16:25:24.769 | INFO     | server:train_subset_of_clients:38 - Training epoch #1 on client #12
2020-10-20 16:25:24.789 | INFO     | client:train:139 - [1,     0] loss: 0.025
2020-10-20 16:25:26.861 | INFO     | client:train:139 - [1,   100] loss: 1.024
2020-10-20 16:25:27.232 | INFO     | server:train_subset_of_clients:41 - Averaging client parameters
2020-10-20 16:25:27.234 | INFO     | server:train_subset_of_clients:46 - Updating parameters on client #0
2020-10-20 16:25:27.236 | INFO     | server:train_subset_of_clients:46 - Updating parameters on client #1
2020-10-20 16:25:27.238 | INFO     | server:train_subset_of_clients:46 - Updating parameters on client #2
2020-10-20 16:25:27.240 | INFO     | server:train_subset_of_clients:46 - Updating parameters on client #3
2020-10-20 16:25:27.242 | INFO     | server:train_subset_of_clients:46 - Updating parameters on client #4
2020-10-20 16:25:27.243 | INFO     | server:train_subset_of_clients:46 - Updating parameters on client #5
2020-10-20 16:25:27.245 | INFO     | server:train_subset_of_clients:46 - Updating parameters on client #6
2020-10-20 16:25:27.247 | INFO     | server:train_subset_of_clients:46 - Updating parameters on client #7
2020-10-20 16:25:27.249 | INFO     | server:train_subset_of_clients:46 - Updating parameters on client #8
2020-10-20 16:25:27.250 | INFO     | server:train_subset_of_clients:46 - Updating parameters on client #9
2020-10-20 16:25:27.252 | INFO     | server:train_subset_of_clients:46 - Updating parameters on client #10
2020-10-20 16:25:27.254 | INFO     | server:train_subset_of_clients:46 - Updating parameters on client #11
2020-10-20 16:25:27.256 | INFO     | server:train_subset_of_clients:46 - Updating parameters on client #12
2020-10-20 16:25:27.258 | INFO     | server:train_subset_of_clients:46 - Updating parameters on client #13
2020-10-20 16:25:27.259 | INFO     | server:train_subset_of_clients:46 - Updating parameters on client #14
2020-10-20 16:25:27.261 | INFO     | server:train_subset_of_clients:46 - Updating parameters on client #15
2020-10-20 16:25:27.263 | INFO     | server:train_subset_of_clients:46 - Updating parameters on client #16
2020-10-20 16:25:27.265 | INFO     | server:train_subset_of_clients:46 - Updating parameters on client #17
2020-10-20 16:25:27.266 | INFO     | server:train_subset_of_clients:46 - Updating parameters on client #18
2020-10-20 16:25:27.268 | INFO     | server:train_subset_of_clients:46 - Updating parameters on client #19
2020-10-20 16:25:27.270 | INFO     | server:train_subset_of_clients:46 - Updating parameters on client #20
2020-10-20 16:25:27.271 | INFO     | server:train_subset_of_clients:46 - Updating parameters on client #21
2020-10-20 16:25:27.273 | INFO     | server:train_subset_of_clients:46 - Updating parameters on client #22
2020-10-20 16:25:27.275 | INFO     | server:train_subset_of_clients:46 - Updating parameters on client #23
2020-10-20 16:25:27.276 | INFO     | server:train_subset_of_clients:46 - Updating parameters on client #24
2020-10-20 16:25:27.278 | INFO     | server:train_subset_of_clients:46 - Updating parameters on client #25
2020-10-20 16:25:27.280 | INFO     | server:train_subset_of_clients:46 - Updating parameters on client #26
2020-10-20 16:25:27.282 | INFO     | server:train_subset_of_clients:46 - Updating parameters on client #27
2020-10-20 16:25:27.283 | INFO     | server:train_subset_of_clients:46 - Updating parameters on client #28
2020-10-20 16:25:27.285 | INFO     | server:train_subset_of_clients:46 - Updating parameters on client #29
2020-10-20 16:25:27.286 | INFO     | server:train_subset_of_clients:46 - Updating parameters on client #30
2020-10-20 16:25:27.288 | INFO     | server:train_subset_of_clients:46 - Updating parameters on client #31
2020-10-20 16:25:27.290 | INFO     | server:train_subset_of_clients:46 - Updating parameters on client #32
2020-10-20 16:25:27.292 | INFO     | server:train_subset_of_clients:46 - Updating parameters on client #33
2020-10-20 16:25:27.293 | INFO     | server:train_subset_of_clients:46 - Updating parameters on client #34
2020-10-20 16:25:27.295 | INFO     | server:train_subset_of_clients:46 - Updating parameters on client #35
2020-10-20 16:25:27.296 | INFO     | server:train_subset_of_clients:46 - Updating parameters on client #36
2020-10-20 16:25:27.298 | INFO     | server:train_subset_of_clients:46 - Updating parameters on client #37
2020-10-20 16:25:27.300 | INFO     | server:train_subset_of_clients:46 - Updating parameters on client #38
2020-10-20 16:25:27.301 | INFO     | server:train_subset_of_clients:46 - Updating parameters on client #39
2020-10-20 16:25:27.303 | INFO     | server:train_subset_of_clients:46 - Updating parameters on client #40
2020-10-20 16:25:27.305 | INFO     | server:train_subset_of_clients:46 - Updating parameters on client #41
2020-10-20 16:25:27.307 | INFO     | server:train_subset_of_clients:46 - Updating parameters on client #42
2020-10-20 16:25:27.308 | INFO     | server:train_subset_of_clients:46 - Updating parameters on client #43
2020-10-20 16:25:27.310 | INFO     | server:train_subset_of_clients:46 - Updating parameters on client #44
2020-10-20 16:25:27.312 | INFO     | server:train_subset_of_clients:46 - Updating parameters on client #45
2020-10-20 16:25:27.313 | INFO     | server:train_subset_of_clients:46 - Updating parameters on client #46
2020-10-20 16:25:27.315 | INFO     | server:train_subset_of_clients:46 - Updating parameters on client #47
2020-10-20 16:25:27.317 | INFO     | server:train_subset_of_clients:46 - Updating parameters on client #48
2020-10-20 16:25:27.318 | INFO     | server:train_subset_of_clients:46 - Updating parameters on client #49
2020-10-20 16:25:31.409 | DEBUG    | client:test:203 - Test set: Accuracy: 7821/10000 (78%)
2020-10-20 16:25:31.409 | DEBUG    | client:test:204 - Test set: Loss: 5.920149326324463
2020-10-20 16:25:31.442 | DEBUG    | client:test:205 - Classification Report:
              precision    recall  f1-score   support

           0       0.75      0.81      0.78      1000
           1       0.96      0.95      0.95      1000
           2       0.54      0.79      0.64      1000
           3       0.74      0.87      0.80      1000
           4       0.65      0.68      0.66      1000
           5       0.84      0.91      0.88      1000
           6       0.54      0.13      0.21      1000
           7       0.87      0.89      0.88      1000
           8       0.96      0.89      0.92      1000
           9       0.93      0.92      0.92      1000

    accuracy                           0.78     10000
   macro avg       0.78      0.78      0.76     10000
weighted avg       0.78      0.78      0.76     10000

2020-10-20 16:25:31.443 | DEBUG    | client:test:206 - Confusion Matrix:
[[812   2  41  85   6  11  30   1  12   0]
 [  0 947  14  34   2   2   0   0   1   0]
 [  9   0 785  16 154  10  22   0   4   0]
 [ 30  23  23 866  15   8  33   0   2   0]
 [  1   6 214  71 678   8  20   0   2   0]
 [  0   0   0   4   0 914   0  64   1  17]
 [235   5 338  70 188  15 131   0  18   0]
 [  0   0   0   0   0  61   0 886   0  53]
 [  1   3  35  20   4  35   4  11 885   2]
 [  0   0   1   2   0  20   1  59   0 917]]
2020-10-20 16:25:31.444 | DEBUG    | client:test:207 - Class precision: [0.74632353 0.96044625 0.5410062  0.74143836 0.64756447 0.84317343
 0.54356846 0.86777669 0.95675676 0.92719919]
2020-10-20 16:25:31.445 | DEBUG    | client:test:208 - Class recall: [0.812 0.947 0.785 0.866 0.678 0.914 0.131 0.886 0.885 0.917]
2020-10-20 16:25:31.447 | INFO     | server:train_subset_of_clients:38 - Training epoch #2 on client #44
2020-10-20 16:25:31.476 | INFO     | client:train:139 - [2,     0] loss: 0.021
2020-10-20 16:25:33.428 | INFO     | client:train:139 - [2,   100] loss: 0.681
2020-10-20 16:25:33.796 | INFO     | server:train_subset_of_clients:38 - Training epoch #2 on client #22
2020-10-20 16:25:33.817 | INFO     | client:train:139 - [2,     0] loss: 0.004
2020-10-20 16:25:35.753 | INFO     | client:train:139 - [2,   100] loss: 0.684
2020-10-20 16:25:36.120 | INFO     | server:train_subset_of_clients:38 - Training epoch #2 on client #1
2020-10-20 16:25:36.141 | INFO     | client:train:139 - [2,     0] loss: 0.004
2020-10-20 16:25:38.202 | INFO     | client:train:139 - [2,   100] loss: 0.834
2020-10-20 16:25:38.571 | INFO     | server:train_subset_of_clients:38 - Training epoch #2 on client #39
2020-10-20 16:25:38.591 | INFO     | client:train:139 - [2,     0] loss: 0.004
2020-10-20 16:25:40.558 | INFO     | client:train:139 - [2,   100] loss: 0.719
2020-10-20 16:25:40.936 | INFO     | server:train_subset_of_clients:38 - Training epoch #2 on client #2
2020-10-20 16:25:40.958 | INFO     | client:train:139 - [2,     0] loss: 0.010
2020-10-20 16:25:43.031 | INFO     | client:train:139 - [2,   100] loss: 0.740
2020-10-20 16:25:43.433 | INFO     | server:train_subset_of_clients:41 - Averaging client parameters
2020-10-20 16:25:43.435 | INFO     | server:train_subset_of_clients:46 - Updating parameters on client #0
2020-10-20 16:25:43.437 | INFO     | server:train_subset_of_clients:46 - Updating parameters on client #1
2020-10-20 16:25:43.439 | INFO     | server:train_subset_of_clients:46 - Updating parameters on client #2
2020-10-20 16:25:43.440 | INFO     | server:train_subset_of_clients:46 - Updating parameters on client #3
2020-10-20 16:25:43.442 | INFO     | server:train_subset_of_clients:46 - Updating parameters on client #4
2020-10-20 16:25:43.444 | INFO     | server:train_subset_of_clients:46 - Updating parameters on client #5
2020-10-20 16:25:43.445 | INFO     | server:train_subset_of_clients:46 - Updating parameters on client #6
2020-10-20 16:25:43.447 | INFO     | server:train_subset_of_clients:46 - Updating parameters on client #7
2020-10-20 16:25:43.449 | INFO     | server:train_subset_of_clients:46 - Updating parameters on client #8
2020-10-20 16:25:43.450 | INFO     | server:train_subset_of_clients:46 - Updating parameters on client #9
2020-10-20 16:25:43.452 | INFO     | server:train_subset_of_clients:46 - Updating parameters on client #10
2020-10-20 16:25:43.454 | INFO     | server:train_subset_of_clients:46 - Updating parameters on client #11
2020-10-20 16:25:43.455 | INFO     | server:train_subset_of_clients:46 - Updating parameters on client #12
2020-10-20 16:25:43.457 | INFO     | server:train_subset_of_clients:46 - Updating parameters on client #13
2020-10-20 16:25:43.459 | INFO     | server:train_subset_of_clients:46 - Updating parameters on client #14
2020-10-20 16:25:43.460 | INFO     | server:train_subset_of_clients:46 - Updating parameters on client #15
2020-10-20 16:25:43.462 | INFO     | server:train_subset_of_clients:46 - Updating parameters on client #16
2020-10-20 16:25:43.463 | INFO     | server:train_subset_of_clients:46 - Updating parameters on client #17
2020-10-20 16:25:43.465 | INFO     | server:train_subset_of_clients:46 - Updating parameters on client #18
2020-10-20 16:25:43.467 | INFO     | server:train_subset_of_clients:46 - Updating parameters on client #19
2020-10-20 16:25:43.468 | INFO     | server:train_subset_of_clients:46 - Updating parameters on client #20
2020-10-20 16:25:43.470 | INFO     | server:train_subset_of_clients:46 - Updating parameters on client #21
2020-10-20 16:25:43.472 | INFO     | server:train_subset_of_clients:46 - Updating parameters on client #22
2020-10-20 16:25:43.474 | INFO     | server:train_subset_of_clients:46 - Updating parameters on client #23
2020-10-20 16:25:43.476 | INFO     | server:train_subset_of_clients:46 - Updating parameters on client #24
2020-10-20 16:25:43.478 | INFO     | server:train_subset_of_clients:46 - Updating parameters on client #25
2020-10-20 16:25:43.480 | INFO     | server:train_subset_of_clients:46 - Updating parameters on client #26
2020-10-20 16:25:43.481 | INFO     | server:train_subset_of_clients:46 - Updating parameters on client #27
2020-10-20 16:25:43.483 | INFO     | server:train_subset_of_clients:46 - Updating parameters on client #28
2020-10-20 16:25:43.485 | INFO     | server:train_subset_of_clients:46 - Updating parameters on client #29
2020-10-20 16:25:43.487 | INFO     | server:train_subset_of_clients:46 - Updating parameters on client #30
2020-10-20 16:25:43.488 | INFO     | server:train_subset_of_clients:46 - Updating parameters on client #31
2020-10-20 16:25:43.491 | INFO     | server:train_subset_of_clients:46 - Updating parameters on client #32
2020-10-20 16:25:43.492 | INFO     | server:train_subset_of_clients:46 - Updating parameters on client #33
2020-10-20 16:25:43.494 | INFO     | server:train_subset_of_clients:46 - Updating parameters on client #34
2020-10-20 16:25:43.496 | INFO     | server:train_subset_of_clients:46 - Updating parameters on client #35
2020-10-20 16:25:43.498 | INFO     | server:train_subset_of_clients:46 - Updating parameters on client #36
2020-10-20 16:25:43.500 | INFO     | server:train_subset_of_clients:46 - Updating parameters on client #37
2020-10-20 16:25:43.501 | INFO     | server:train_subset_of_clients:46 - Updating parameters on client #38
2020-10-20 16:25:43.503 | INFO     | server:train_subset_of_clients:46 - Updating parameters on client #39
2020-10-20 16:25:43.505 | INFO     | server:train_subset_of_clients:46 - Updating parameters on client #40
2020-10-20 16:25:43.507 | INFO     | server:train_subset_of_clients:46 - Updating parameters on client #41
2020-10-20 16:25:43.508 | INFO     | server:train_subset_of_clients:46 - Updating parameters on client #42
2020-10-20 16:25:43.510 | INFO     | server:train_subset_of_clients:46 - Updating parameters on client #43
2020-10-20 16:25:43.512 | INFO     | server:train_subset_of_clients:46 - Updating parameters on client #44
2020-10-20 16:25:43.513 | INFO     | server:train_subset_of_clients:46 - Updating parameters on client #45
2020-10-20 16:25:43.515 | INFO     | server:train_subset_of_clients:46 - Updating parameters on client #46
2020-10-20 16:25:43.517 | INFO     | server:train_subset_of_clients:46 - Updating parameters on client #47
2020-10-20 16:25:43.519 | INFO     | server:train_subset_of_clients:46 - Updating parameters on client #48
2020-10-20 16:25:43.520 | INFO     | server:train_subset_of_clients:46 - Updating parameters on client #49
2020-10-20 16:25:47.702 | DEBUG    | client:test:203 - Test set: Accuracy: 7811/10000 (78%)
2020-10-20 16:25:47.702 | DEBUG    | client:test:204 - Test set: Loss: 6.220194756984711
2020-10-20 16:25:47.734 | DEBUG    | client:test:205 - Classification Report:
              precision    recall  f1-score   support

           0       0.77      0.79      0.78      1000
           1       1.00      0.80      0.89      1000
           2       0.50      0.91      0.64      1000
           3       0.65      0.93      0.77      1000
           4       0.79      0.51      0.62      1000
           5       0.94      0.91      0.93      1000
           6       0.82      0.14      0.25      1000
           7       0.89      0.91      0.90      1000
           8       0.90      0.96      0.93      1000
           9       0.93      0.94      0.93      1000

    accuracy                           0.78     10000
   macro avg       0.82      0.78      0.76     10000
weighted avg       0.82      0.78      0.76     10000

2020-10-20 16:25:47.735 | DEBUG    | client:test:206 - Confusion Matrix:
[[790   0  51 109   2   8  13   0  27   0]
 [  2 799  24 170   2   0   0   0   3   0]
 [  9   0 909  20  43   1   4   0  14   0]
 [ 14   0  37 933   2   2   6   0   6   0]
 [  1   0 376  90 513   2   8   0  10   0]
 [  0   0   0   4   0 914   0  56   7  19]
 [214   0 417  95  86   4 144   0  39   1]
 [  0   0   0   0   0  36   0 910   1  53]
 [  2   0  14  13   2   3   0   4 960   2]
 [  0   0   0   1   0   4   0  55   1 939]]
2020-10-20 16:25:47.736 | DEBUG    | client:test:207 - Class precision: [0.76550388 1.         0.49726477 0.65017422 0.78923077 0.93839836
 0.82285714 0.88780488 0.8988764  0.9260355 ]
2020-10-20 16:25:47.737 | DEBUG    | client:test:208 - Class recall: [0.79  0.799 0.909 0.933 0.513 0.914 0.144 0.91  0.96  0.939]
2020-10-20 16:25:47.739 | INFO     | server:train_subset_of_clients:38 - Training epoch #3 on client #42
2020-10-20 16:25:47.763 | INFO     | client:train:139 - [3,     0] loss: 0.002
2020-10-20 16:25:49.761 | INFO     | client:train:139 - [3,   100] loss: 0.586
2020-10-20 16:25:50.144 | INFO     | server:train_subset_of_clients:38 - Training epoch #3 on client #8
2020-10-20 16:25:50.164 | INFO     | client:train:139 - [3,     0] loss: 0.004
2020-10-20 16:25:52.400 | INFO     | client:train:139 - [3,   100] loss: 0.666
2020-10-20 16:25:52.915 | INFO     | server:train_subset_of_clients:38 - Training epoch #3 on client #21
2020-10-20 16:25:52.936 | INFO     | client:train:139 - [3,     0] loss: 0.004
2020-10-20 16:25:54.937 | INFO     | client:train:139 - [3,   100] loss: 0.594
2020-10-20 16:25:55.322 | INFO     | server:train_subset_of_clients:38 - Training epoch #3 on client #48
2020-10-20 16:25:55.343 | INFO     | client:train:139 - [3,     0] loss: 0.006
2020-10-20 16:25:57.470 | INFO     | client:train:139 - [3,   100] loss: 0.650
2020-10-20 16:25:57.849 | INFO     | server:train_subset_of_clients:38 - Training epoch #3 on client #6
2020-10-20 16:25:57.873 | INFO     | client:train:139 - [3,     0] loss: 0.011
2020-10-20 16:26:00.408 | INFO     | client:train:139 - [3,   100] loss: 0.603
2020-10-20 16:26:00.773 | INFO     | server:train_subset_of_clients:41 - Averaging client parameters
2020-10-20 16:26:00.776 | INFO     | server:train_subset_of_clients:46 - Updating parameters on client #0
2020-10-20 16:26:00.778 | INFO     | server:train_subset_of_clients:46 - Updating parameters on client #1
2020-10-20 16:26:00.779 | INFO     | server:train_subset_of_clients:46 - Updating parameters on client #2
2020-10-20 16:26:00.781 | INFO     | server:train_subset_of_clients:46 - Updating parameters on client #3
2020-10-20 16:26:00.783 | INFO     | server:train_subset_of_clients:46 - Updating parameters on client #4
2020-10-20 16:26:00.784 | INFO     | server:train_subset_of_clients:46 - Updating parameters on client #5
2020-10-20 16:26:00.786 | INFO     | server:train_subset_of_clients:46 - Updating parameters on client #6
2020-10-20 16:26:00.787 | INFO     | server:train_subset_of_clients:46 - Updating parameters on client #7
2020-10-20 16:26:00.789 | INFO     | server:train_subset_of_clients:46 - Updating parameters on client #8
2020-10-20 16:26:00.791 | INFO     | server:train_subset_of_clients:46 - Updating parameters on client #9
2020-10-20 16:26:00.792 | INFO     | server:train_subset_of_clients:46 - Updating parameters on client #10
2020-10-20 16:26:00.794 | INFO     | server:train_subset_of_clients:46 - Updating parameters on client #11
2020-10-20 16:26:00.796 | INFO     | server:train_subset_of_clients:46 - Updating parameters on client #12
2020-10-20 16:26:00.797 | INFO     | server:train_subset_of_clients:46 - Updating parameters on client #13
2020-10-20 16:26:00.799 | INFO     | server:train_subset_of_clients:46 - Updating parameters on client #14
2020-10-20 16:26:00.801 | INFO     | server:train_subset_of_clients:46 - Updating parameters on client #15
2020-10-20 16:26:00.802 | INFO     | server:train_subset_of_clients:46 - Updating parameters on client #16
2020-10-20 16:26:00.804 | INFO     | server:train_subset_of_clients:46 - Updating parameters on client #17
2020-10-20 16:26:00.805 | INFO     | server:train_subset_of_clients:46 - Updating parameters on client #18
2020-10-20 16:26:00.807 | INFO     | server:train_subset_of_clients:46 - Updating parameters on client #19
2020-10-20 16:26:00.809 | INFO     | server:train_subset_of_clients:46 - Updating parameters on client #20
2020-10-20 16:26:00.810 | INFO     | server:train_subset_of_clients:46 - Updating parameters on client #21
2020-10-20 16:26:00.812 | INFO     | server:train_subset_of_clients:46 - Updating parameters on client #22
2020-10-20 16:26:00.813 | INFO     | server:train_subset_of_clients:46 - Updating parameters on client #23
2020-10-20 16:26:00.815 | INFO     | server:train_subset_of_clients:46 - Updating parameters on client #24
2020-10-20 16:26:00.817 | INFO     | server:train_subset_of_clients:46 - Updating parameters on client #25
2020-10-20 16:26:00.818 | INFO     | server:train_subset_of_clients:46 - Updating parameters on client #26
2020-10-20 16:26:00.820 | INFO     | server:train_subset_of_clients:46 - Updating parameters on client #27
2020-10-20 16:26:00.821 | INFO     | server:train_subset_of_clients:46 - Updating parameters on client #28
2020-10-20 16:26:00.823 | INFO     | server:train_subset_of_clients:46 - Updating parameters on client #29
2020-10-20 16:26:00.825 | INFO     | server:train_subset_of_clients:46 - Updating parameters on client #30
2020-10-20 16:26:00.826 | INFO     | server:train_subset_of_clients:46 - Updating parameters on client #31
2020-10-20 16:26:00.828 | INFO     | server:train_subset_of_clients:46 - Updating parameters on client #32
2020-10-20 16:26:00.830 | INFO     | server:train_subset_of_clients:46 - Updating parameters on client #33
2020-10-20 16:26:00.831 | INFO     | server:train_subset_of_clients:46 - Updating parameters on client #34
2020-10-20 16:26:00.833 | INFO     | server:train_subset_of_clients:46 - Updating parameters on client #35
2020-10-20 16:26:00.835 | INFO     | server:train_subset_of_clients:46 - Updating parameters on client #36
2020-10-20 16:26:00.836 | INFO     | server:train_subset_of_clients:46 - Updating parameters on client #37
2020-10-20 16:26:00.838 | INFO     | server:train_subset_of_clients:46 - Updating parameters on client #38
2020-10-20 16:26:00.840 | INFO     | server:train_subset_of_clients:46 - Updating parameters on client #39
2020-10-20 16:26:00.841 | INFO     | server:train_subset_of_clients:46 - Updating parameters on client #40
2020-10-20 16:26:00.843 | INFO     | server:train_subset_of_clients:46 - Updating parameters on client #41
2020-10-20 16:26:00.844 | INFO     | server:train_subset_of_clients:46 - Updating parameters on client #42
2020-10-20 16:26:00.846 | INFO     | server:train_subset_of_clients:46 - Updating parameters on client #43
2020-10-20 16:26:00.848 | INFO     | server:train_subset_of_clients:46 - Updating parameters on client #44
2020-10-20 16:26:00.849 | INFO     | server:train_subset_of_clients:46 - Updating parameters on client #45
2020-10-20 16:26:00.851 | INFO     | server:train_subset_of_clients:46 - Updating parameters on client #46
2020-10-20 16:26:00.853 | INFO     | server:train_subset_of_clients:46 - Updating parameters on client #47
2020-10-20 16:26:00.854 | INFO     | server:train_subset_of_clients:46 - Updating parameters on client #48
2020-10-20 16:26:00.856 | INFO     | server:train_subset_of_clients:46 - Updating parameters on client #49
2020-10-20 16:26:04.903 | DEBUG    | client:test:203 - Test set: Accuracy: 8281/10000 (83%)
2020-10-20 16:26:04.903 | DEBUG    | client:test:204 - Test set: Loss: 4.940421491861343
2020-10-20 16:26:04.934 | DEBUG    | client:test:205 - Classification Report:
              precision    recall  f1-score   support

           0       0.77      0.81      0.79      1000
           1       0.99      0.93      0.96      1000
           2       0.69      0.79      0.74      1000
           3       0.73      0.93      0.82      1000
           4       0.68      0.83      0.75      1000
           5       0.93      0.93      0.93      1000
           6       0.82      0.25      0.39      1000
           7       0.91      0.90      0.91      1000
           8       0.93      0.95      0.94      1000
           9       0.92      0.94      0.93      1000

    accuracy                           0.83     10000
   macro avg       0.84      0.83      0.81     10000
weighted avg       0.84      0.83      0.81     10000

2020-10-20 16:26:04.935 | DEBUG    | client:test:206 - Confusion Matrix:
[[809   0  37 103   8   8  14   0  21   0]
 [  0 932   5  55   6   0   0   0   2   0]
 [  9   0 792  19 151   3  15   0  11   0]
 [ 14   5  17 930  22   0  10   0   2   0]
 [  1   0  90  61 831   1  13   0   3   0]
 [  0   0   0   4   0 933   0  42   2  19]
 [224   1 192  87 207   6 253   0  29   1]
 [  0   0   0   0   0  35   0 904   1  60]
 [  0   2  12  16   5   5   2   4 952   2]
 [  0   0   0   2   0   9   1  42   1 945]]
2020-10-20 16:26:04.936 | DEBUG    | client:test:207 - Class precision: [0.7653737  0.99148936 0.69170306 0.72826938 0.67560976 0.933
 0.82142857 0.91129032 0.9296875  0.92015579]
2020-10-20 16:26:04.937 | DEBUG    | client:test:208 - Class recall: [0.809 0.932 0.792 0.93  0.831 0.933 0.253 0.904 0.952 0.945]
2020-10-20 16:26:04.939 | INFO     | server:train_subset_of_clients:38 - Training epoch #4 on client #30
2020-10-20 16:26:04.964 | INFO     | client:train:139 - [4,     0] loss: 0.004
2020-10-20 16:26:06.886 | INFO     | client:train:139 - [4,   100] loss: 0.509
2020-10-20 16:26:07.246 | INFO     | server:train_subset_of_clients:38 - Training epoch #4 on client #10
2020-10-20 16:26:07.266 | INFO     | client:train:139 - [4,     0] loss: 0.004
2020-10-20 16:26:09.203 | INFO     | client:train:139 - [4,   100] loss: 0.545
2020-10-20 16:26:09.573 | INFO     | server:train_subset_of_clients:38 - Training epoch #4 on client #7
2020-10-20 16:26:09.592 | INFO     | client:train:139 - [4,     0] loss: 0.001
2020-10-20 16:26:11.503 | INFO     | client:train:139 - [4,   100] loss: 0.550
2020-10-20 16:26:11.864 | INFO     | server:train_subset_of_clients:38 - Training epoch #4 on client #33
2020-10-20 16:26:11.884 | INFO     | client:train:139 - [4,     0] loss: 0.028
2020-10-20 16:26:13.814 | INFO     | client:train:139 - [4,   100] loss: 0.500
2020-10-20 16:26:14.178 | INFO     | server:train_subset_of_clients:38 - Training epoch #4 on client #48
2020-10-20 16:26:14.199 | INFO     | client:train:139 - [4,     0] loss: 0.008
2020-10-20 16:26:16.148 | INFO     | client:train:139 - [4,   100] loss: 0.581
2020-10-20 16:26:16.517 | INFO     | server:train_subset_of_clients:41 - Averaging client parameters
2020-10-20 16:26:16.519 | INFO     | server:train_subset_of_clients:46 - Updating parameters on client #0
2020-10-20 16:26:16.521 | INFO     | server:train_subset_of_clients:46 - Updating parameters on client #1
2020-10-20 16:26:16.523 | INFO     | server:train_subset_of_clients:46 - Updating parameters on client #2
2020-10-20 16:26:16.526 | INFO     | server:train_subset_of_clients:46 - Updating parameters on client #3
2020-10-20 16:26:16.528 | INFO     | server:train_subset_of_clients:46 - Updating parameters on client #4
2020-10-20 16:26:16.530 | INFO     | server:train_subset_of_clients:46 - Updating parameters on client #5
2020-10-20 16:26:16.532 | INFO     | server:train_subset_of_clients:46 - Updating parameters on client #6
2020-10-20 16:26:16.534 | INFO     | server:train_subset_of_clients:46 - Updating parameters on client #7
2020-10-20 16:26:16.536 | INFO     | server:train_subset_of_clients:46 - Updating parameters on client #8
2020-10-20 16:26:16.537 | INFO     | server:train_subset_of_clients:46 - Updating parameters on client #9
2020-10-20 16:26:16.539 | INFO     | server:train_subset_of_clients:46 - Updating parameters on client #10
2020-10-20 16:26:16.541 | INFO     | server:train_subset_of_clients:46 - Updating parameters on client #11
2020-10-20 16:26:16.542 | INFO     | server:train_subset_of_clients:46 - Updating parameters on client #12
2020-10-20 16:26:16.544 | INFO     | server:train_subset_of_clients:46 - Updating parameters on client #13
2020-10-20 16:26:16.546 | INFO     | server:train_subset_of_clients:46 - Updating parameters on client #14
2020-10-20 16:26:16.547 | INFO     | server:train_subset_of_clients:46 - Updating parameters on client #15
2020-10-20 16:26:16.549 | INFO     | server:train_subset_of_clients:46 - Updating parameters on client #16
2020-10-20 16:26:16.551 | INFO     | server:train_subset_of_clients:46 - Updating parameters on client #17
2020-10-20 16:26:16.552 | INFO     | server:train_subset_of_clients:46 - Updating parameters on client #18
2020-10-20 16:26:16.554 | INFO     | server:train_subset_of_clients:46 - Updating parameters on client #19
2020-10-20 16:26:16.556 | INFO     | server:train_subset_of_clients:46 - Updating parameters on client #20
2020-10-20 16:26:16.557 | INFO     | server:train_subset_of_clients:46 - Updating parameters on client #21
2020-10-20 16:26:16.559 | INFO     | server:train_subset_of_clients:46 - Updating parameters on client #22
2020-10-20 16:26:16.560 | INFO     | server:train_subset_of_clients:46 - Updating parameters on client #23
2020-10-20 16:26:16.562 | INFO     | server:train_subset_of_clients:46 - Updating parameters on client #24
2020-10-20 16:26:16.564 | INFO     | server:train_subset_of_clients:46 - Updating parameters on client #25
2020-10-20 16:26:16.566 | INFO     | server:train_subset_of_clients:46 - Updating parameters on client #26
2020-10-20 16:26:16.567 | INFO     | server:train_subset_of_clients:46 - Updating parameters on client #27
2020-10-20 16:26:16.569 | INFO     | server:train_subset_of_clients:46 - Updating parameters on client #28
2020-10-20 16:26:16.570 | INFO     | server:train_subset_of_clients:46 - Updating parameters on client #29
2020-10-20 16:26:16.572 | INFO     | server:train_subset_of_clients:46 - Updating parameters on client #30
2020-10-20 16:26:16.574 | INFO     | server:train_subset_of_clients:46 - Updating parameters on client #31
2020-10-20 16:26:16.575 | INFO     | server:train_subset_of_clients:46 - Updating parameters on client #32
2020-10-20 16:26:16.577 | INFO     | server:train_subset_of_clients:46 - Updating parameters on client #33
2020-10-20 16:26:16.579 | INFO     | server:train_subset_of_clients:46 - Updating parameters on client #34
2020-10-20 16:26:16.580 | INFO     | server:train_subset_of_clients:46 - Updating parameters on client #35
2020-10-20 16:26:16.582 | INFO     | server:train_subset_of_clients:46 - Updating parameters on client #36
2020-10-20 16:26:16.583 | INFO     | server:train_subset_of_clients:46 - Updating parameters on client #37
2020-10-20 16:26:16.585 | INFO     | server:train_subset_of_clients:46 - Updating parameters on client #38
2020-10-20 16:26:16.587 | INFO     | server:train_subset_of_clients:46 - Updating parameters on client #39
2020-10-20 16:26:16.588 | INFO     | server:train_subset_of_clients:46 - Updating parameters on client #40
2020-10-20 16:26:16.590 | INFO     | server:train_subset_of_clients:46 - Updating parameters on client #41
2020-10-20 16:26:16.591 | INFO     | server:train_subset_of_clients:46 - Updating parameters on client #42
2020-10-20 16:26:16.593 | INFO     | server:train_subset_of_clients:46 - Updating parameters on client #43
2020-10-20 16:26:16.595 | INFO     | server:train_subset_of_clients:46 - Updating parameters on client #44
2020-10-20 16:26:16.596 | INFO     | server:train_subset_of_clients:46 - Updating parameters on client #45
2020-10-20 16:26:16.598 | INFO     | server:train_subset_of_clients:46 - Updating parameters on client #46
2020-10-20 16:26:16.600 | INFO     | server:train_subset_of_clients:46 - Updating parameters on client #47
2020-10-20 16:26:16.601 | INFO     | server:train_subset_of_clients:46 - Updating parameters on client #48
2020-10-20 16:26:16.603 | INFO     | server:train_subset_of_clients:46 - Updating parameters on client #49
2020-10-20 16:26:20.341 | DEBUG    | client:test:203 - Test set: Accuracy: 8306/10000 (83%)
2020-10-20 16:26:20.342 | DEBUG    | client:test:204 - Test set: Loss: 4.693759500980377
2020-10-20 16:26:20.377 | DEBUG    | client:test:205 - Classification Report:
              precision    recall  f1-score   support

           0       0.90      0.63      0.74      1000
           1       1.00      0.91      0.95      1000
           2       0.80      0.69      0.74      1000
           3       0.73      0.92      0.81      1000
           4       0.66      0.86      0.74      1000
           5       0.93      0.95      0.94      1000
           6       0.59      0.55      0.57      1000
           7       0.94      0.89      0.91      1000
           8       0.94      0.95      0.95      1000
           9       0.91      0.96      0.94      1000

    accuracy                           0.83     10000
   macro avg       0.84      0.83      0.83     10000
weighted avg       0.84      0.83      0.83     10000

2020-10-20 16:26:20.379 | DEBUG    | client:test:206 - Confusion Matrix:
[[630   0  17 108  12   9 206   0  18   0]
 [  0 906   7  69   8   1   7   0   2   0]
 [  3   0 690  17 209   3  69   0   9   0]
 [  4   1   5 915  38   1  35   0   1   0]
 [  0   0  45  42 859   1  49   0   4   0]
 [  0   0   0   3   0 949   0  30   2  16]
 [ 63   0  96  80 178   7 552   0  23   1]
 [  0   0   0   0   0  34   0 892   1  73]
 [  0   1   5  12   5   6  14   4 951   2]
 [  0   0   0   1   0   8   0  28   1 962]]
2020-10-20 16:26:20.380 | DEBUG    | client:test:207 - Class precision: [0.9        0.99779736 0.79768786 0.73376103 0.65622613 0.9313052
 0.59227468 0.93501048 0.93972332 0.91271347]
2020-10-20 16:26:20.380 | DEBUG    | client:test:208 - Class recall: [0.63  0.906 0.69  0.915 0.859 0.949 0.552 0.892 0.951 0.962]
2020-10-20 16:26:20.383 | INFO     | server:train_subset_of_clients:38 - Training epoch #5 on client #35
2020-10-20 16:26:20.409 | INFO     | client:train:139 - [5,     0] loss: 0.010
2020-10-20 16:26:22.346 | INFO     | client:train:139 - [5,   100] loss: 0.516
2020-10-20 16:26:22.716 | INFO     | server:train_subset_of_clients:38 - Training epoch #5 on client #45
2020-10-20 16:26:22.737 | INFO     | client:train:139 - [5,     0] loss: 0.003
2020-10-20 16:26:24.660 | INFO     | client:train:139 - [5,   100] loss: 0.495
2020-10-20 16:26:25.025 | INFO     | server:train_subset_of_clients:38 - Training epoch #5 on client #6
2020-10-20 16:26:25.044 | INFO     | client:train:139 - [5,     0] loss: 0.002
2020-10-20 16:26:26.972 | INFO     | client:train:139 - [5,   100] loss: 0.544
2020-10-20 16:26:27.334 | INFO     | server:train_subset_of_clients:38 - Training epoch #5 on client #19
2020-10-20 16:26:27.353 | INFO     | client:train:139 - [5,     0] loss: 0.007
2020-10-20 16:26:29.263 | INFO     | client:train:139 - [5,   100] loss: 0.526
2020-10-20 16:26:29.628 | INFO     | server:train_subset_of_clients:38 - Training epoch #5 on client #4
2020-10-20 16:26:29.648 | INFO     | client:train:139 - [5,     0] loss: 0.002
2020-10-20 16:26:31.562 | INFO     | client:train:139 - [5,   100] loss: 0.492
2020-10-20 16:26:31.924 | INFO     | server:train_subset_of_clients:41 - Averaging client parameters
2020-10-20 16:26:31.927 | INFO     | server:train_subset_of_clients:46 - Updating parameters on client #0
2020-10-20 16:26:31.929 | INFO     | server:train_subset_of_clients:46 - Updating parameters on client #1
2020-10-20 16:26:31.930 | INFO     | server:train_subset_of_clients:46 - Updating parameters on client #2
2020-10-20 16:26:31.932 | INFO     | server:train_subset_of_clients:46 - Updating parameters on client #3
2020-10-20 16:26:31.934 | INFO     | server:train_subset_of_clients:46 - Updating parameters on client #4
2020-10-20 16:26:31.935 | INFO     | server:train_subset_of_clients:46 - Updating parameters on client #5
2020-10-20 16:26:31.937 | INFO     | server:train_subset_of_clients:46 - Updating parameters on client #6
2020-10-20 16:26:31.939 | INFO     | server:train_subset_of_clients:46 - Updating parameters on client #7
2020-10-20 16:26:31.940 | INFO     | server:train_subset_of_clients:46 - Updating parameters on client #8
2020-10-20 16:26:31.942 | INFO     | server:train_subset_of_clients:46 - Updating parameters on client #9
2020-10-20 16:26:31.944 | INFO     | server:train_subset_of_clients:46 - Updating parameters on client #10
2020-10-20 16:26:31.945 | INFO     | server:train_subset_of_clients:46 - Updating parameters on client #11
2020-10-20 16:26:31.947 | INFO     | server:train_subset_of_clients:46 - Updating parameters on client #12
2020-10-20 16:26:31.948 | INFO     | server:train_subset_of_clients:46 - Updating parameters on client #13
2020-10-20 16:26:31.950 | INFO     | server:train_subset_of_clients:46 - Updating parameters on client #14
2020-10-20 16:26:31.952 | INFO     | server:train_subset_of_clients:46 - Updating parameters on client #15
2020-10-20 16:26:31.953 | INFO     | server:train_subset_of_clients:46 - Updating parameters on client #16
2020-10-20 16:26:31.955 | INFO     | server:train_subset_of_clients:46 - Updating parameters on client #17
2020-10-20 16:26:31.957 | INFO     | server:train_subset_of_clients:46 - Updating parameters on client #18
2020-10-20 16:26:31.958 | INFO     | server:train_subset_of_clients:46 - Updating parameters on client #19
2020-10-20 16:26:31.960 | INFO     | server:train_subset_of_clients:46 - Updating parameters on client #20
2020-10-20 16:26:31.961 | INFO     | server:train_subset_of_clients:46 - Updating parameters on client #21
2020-10-20 16:26:31.963 | INFO     | server:train_subset_of_clients:46 - Updating parameters on client #22
2020-10-20 16:26:31.965 | INFO     | server:train_subset_of_clients:46 - Updating parameters on client #23
2020-10-20 16:26:31.966 | INFO     | server:train_subset_of_clients:46 - Updating parameters on client #24
2020-10-20 16:26:31.968 | INFO     | server:train_subset_of_clients:46 - Updating parameters on client #25
2020-10-20 16:26:31.969 | INFO     | server:train_subset_of_clients:46 - Updating parameters on client #26
2020-10-20 16:26:31.971 | INFO     | server:train_subset_of_clients:46 - Updating parameters on client #27
2020-10-20 16:26:31.973 | INFO     | server:train_subset_of_clients:46 - Updating parameters on client #28
2020-10-20 16:26:31.974 | INFO     | server:train_subset_of_clients:46 - Updating parameters on client #29
2020-10-20 16:26:31.976 | INFO     | server:train_subset_of_clients:46 - Updating parameters on client #30
2020-10-20 16:26:31.978 | INFO     | server:train_subset_of_clients:46 - Updating parameters on client #31
2020-10-20 16:26:31.979 | INFO     | server:train_subset_of_clients:46 - Updating parameters on client #32
2020-10-20 16:26:31.981 | INFO     | server:train_subset_of_clients:46 - Updating parameters on client #33
2020-10-20 16:26:31.983 | INFO     | server:train_subset_of_clients:46 - Updating parameters on client #34
2020-10-20 16:26:31.984 | INFO     | server:train_subset_of_clients:46 - Updating parameters on client #35
2020-10-20 16:26:31.986 | INFO     | server:train_subset_of_clients:46 - Updating parameters on client #36
2020-10-20 16:26:31.988 | INFO     | server:train_subset_of_clients:46 - Updating parameters on client #37
2020-10-20 16:26:31.990 | INFO     | server:train_subset_of_clients:46 - Updating parameters on client #38
2020-10-20 16:26:31.991 | INFO     | server:train_subset_of_clients:46 - Updating parameters on client #39
2020-10-20 16:26:31.993 | INFO     | server:train_subset_of_clients:46 - Updating parameters on client #40
2020-10-20 16:26:31.994 | INFO     | server:train_subset_of_clients:46 - Updating parameters on client #41
2020-10-20 16:26:31.996 | INFO     | server:train_subset_of_clients:46 - Updating parameters on client #42
2020-10-20 16:26:31.998 | INFO     | server:train_subset_of_clients:46 - Updating parameters on client #43
2020-10-20 16:26:31.999 | INFO     | server:train_subset_of_clients:46 - Updating parameters on client #44
2020-10-20 16:26:32.001 | INFO     | server:train_subset_of_clients:46 - Updating parameters on client #45
2020-10-20 16:26:32.003 | INFO     | server:train_subset_of_clients:46 - Updating parameters on client #46
2020-10-20 16:26:32.004 | INFO     | server:train_subset_of_clients:46 - Updating parameters on client #47
2020-10-20 16:26:32.006 | INFO     | server:train_subset_of_clients:46 - Updating parameters on client #48
2020-10-20 16:26:32.007 | INFO     | server:train_subset_of_clients:46 - Updating parameters on client #49
2020-10-20 16:26:35.689 | DEBUG    | client:test:203 - Test set: Accuracy: 8482/10000 (85%)
2020-10-20 16:26:35.690 | DEBUG    | client:test:204 - Test set: Loss: 4.265035271644592
2020-10-20 16:26:35.721 | DEBUG    | client:test:205 - Classification Report:
              precision    recall  f1-score   support

           0       0.80      0.83      0.81      1000
           1       0.99      0.95      0.97      1000
           2       0.72      0.85      0.78      1000
           3       0.79      0.91      0.85      1000
           4       0.79      0.72      0.75      1000
           5       0.96      0.94      0.95      1000
           6       0.70      0.52      0.59      1000
           7       0.94      0.84      0.89      1000
           8       0.95      0.95      0.95      1000
           9       0.85      0.98      0.91      1000

    accuracy                           0.85     10000
   macro avg       0.85      0.85      0.85     10000
weighted avg       0.85      0.85      0.85     10000

2020-10-20 16:26:35.723 | DEBUG    | client:test:206 - Confusion Matrix:
[[829   0  25  63   4   5  62   0  12   0]
 [  1 948   5  36   4   1   3   0   2   0]
 [ 15   0 847  18  72   1  40   0   7   0]
 [ 21   7   8 913  19   0  30   0   2   0]
 [  0   2 144  57 717   0  78   0   2   0]
 [  0   0   0   3   0 935   0  33   2  27]
 [176   1 141  50  87   3 520   0  20   2]
 [  0   0   0   0   0  22   0 840   1 137]
 [  0   2   7  11   2   2  15   4 953   4]
 [  0   0   0   0   0   3   0  16   1 980]]
2020-10-20 16:26:35.723 | DEBUG    | client:test:207 - Class precision: [0.79558541 0.9875     0.71962617 0.79322328 0.79226519 0.96193416
 0.69518717 0.9406495  0.9510978  0.85217391]
2020-10-20 16:26:35.724 | DEBUG    | client:test:208 - Class recall: [0.829 0.948 0.847 0.913 0.717 0.935 0.52  0.84  0.953 0.98 ]
2020-10-20 16:26:35.726 | INFO     | server:train_subset_of_clients:38 - Training epoch #6 on client #22
2020-10-20 16:26:35.751 | INFO     | client:train:139 - [6,     0] loss: 0.004
2020-10-20 16:26:37.676 | INFO     | client:train:139 - [6,   100] loss: 0.484
2020-10-20 16:26:38.042 | INFO     | server:train_subset_of_clients:38 - Training epoch #6 on client #14
2020-10-20 16:26:38.062 | INFO     | client:train:139 - [6,     0] loss: 0.005
2020-10-20 16:26:39.983 | INFO     | client:train:139 - [6,   100] loss: 0.465
2020-10-20 16:26:40.347 | INFO     | server:train_subset_of_clients:38 - Training epoch #6 on client #24
2020-10-20 16:26:40.366 | INFO     | client:train:139 - [6,     0] loss: 0.004
2020-10-20 16:26:42.273 | INFO     | client:train:139 - [6,   100] loss: 0.475
2020-10-20 16:26:42.636 | INFO     | server:train_subset_of_clients:38 - Training epoch #6 on client #19
2020-10-20 16:26:42.656 | INFO     | client:train:139 - [6,     0] loss: 0.008
2020-10-20 16:26:44.570 | INFO     | client:train:139 - [6,   100] loss: 0.509
2020-10-20 16:26:44.935 | INFO     | server:train_subset_of_clients:38 - Training epoch #6 on client #41
2020-10-20 16:26:44.957 | INFO     | client:train:139 - [6,     0] loss: 0.002
2020-10-20 16:26:46.970 | INFO     | client:train:139 - [6,   100] loss: 0.557
2020-10-20 16:26:47.337 | INFO     | server:train_subset_of_clients:41 - Averaging client parameters
2020-10-20 16:26:47.339 | INFO     | server:train_subset_of_clients:46 - Updating parameters on client #0
2020-10-20 16:26:47.341 | INFO     | server:train_subset_of_clients:46 - Updating parameters on client #1
2020-10-20 16:26:47.342 | INFO     | server:train_subset_of_clients:46 - Updating parameters on client #2
2020-10-20 16:26:47.344 | INFO     | server:train_subset_of_clients:46 - Updating parameters on client #3
2020-10-20 16:26:47.346 | INFO     | server:train_subset_of_clients:46 - Updating parameters on client #4
2020-10-20 16:26:47.347 | INFO     | server:train_subset_of_clients:46 - Updating parameters on client #5
2020-10-20 16:26:47.349 | INFO     | server:train_subset_of_clients:46 - Updating parameters on client #6
2020-10-20 16:26:47.351 | INFO     | server:train_subset_of_clients:46 - Updating parameters on client #7
2020-10-20 16:26:47.352 | INFO     | server:train_subset_of_clients:46 - Updating parameters on client #8
2020-10-20 16:26:47.354 | INFO     | server:train_subset_of_clients:46 - Updating parameters on client #9
2020-10-20 16:26:47.356 | INFO     | server:train_subset_of_clients:46 - Updating parameters on client #10
2020-10-20 16:26:47.357 | INFO     | server:train_subset_of_clients:46 - Updating parameters on client #11
2020-10-20 16:26:47.359 | INFO     | server:train_subset_of_clients:46 - Updating parameters on client #12
2020-10-20 16:26:47.361 | INFO     | server:train_subset_of_clients:46 - Updating parameters on client #13
2020-10-20 16:26:47.362 | INFO     | server:train_subset_of_clients:46 - Updating parameters on client #14
2020-10-20 16:26:47.364 | INFO     | server:train_subset_of_clients:46 - Updating parameters on client #15
2020-10-20 16:26:47.366 | INFO     | server:train_subset_of_clients:46 - Updating parameters on client #16
2020-10-20 16:26:47.367 | INFO     | server:train_subset_of_clients:46 - Updating parameters on client #17
2020-10-20 16:26:47.369 | INFO     | server:train_subset_of_clients:46 - Updating parameters on client #18
2020-10-20 16:26:47.370 | INFO     | server:train_subset_of_clients:46 - Updating parameters on client #19
2020-10-20 16:26:47.372 | INFO     | server:train_subset_of_clients:46 - Updating parameters on client #20
2020-10-20 16:26:47.374 | INFO     | server:train_subset_of_clients:46 - Updating parameters on client #21
2020-10-20 16:26:47.375 | INFO     | server:train_subset_of_clients:46 - Updating parameters on client #22
2020-10-20 16:26:47.377 | INFO     | server:train_subset_of_clients:46 - Updating parameters on client #23
2020-10-20 16:26:47.379 | INFO     | server:train_subset_of_clients:46 - Updating parameters on client #24
2020-10-20 16:26:47.380 | INFO     | server:train_subset_of_clients:46 - Updating parameters on client #25
2020-10-20 16:26:47.382 | INFO     | server:train_subset_of_clients:46 - Updating parameters on client #26
2020-10-20 16:26:47.384 | INFO     | server:train_subset_of_clients:46 - Updating parameters on client #27
2020-10-20 16:26:47.385 | INFO     | server:train_subset_of_clients:46 - Updating parameters on client #28
2020-10-20 16:26:47.387 | INFO     | server:train_subset_of_clients:46 - Updating parameters on client #29
2020-10-20 16:26:47.389 | INFO     | server:train_subset_of_clients:46 - Updating parameters on client #30
2020-10-20 16:26:47.390 | INFO     | server:train_subset_of_clients:46 - Updating parameters on client #31
2020-10-20 16:26:47.392 | INFO     | server:train_subset_of_clients:46 - Updating parameters on client #32
2020-10-20 16:26:47.393 | INFO     | server:train_subset_of_clients:46 - Updating parameters on client #33
2020-10-20 16:26:47.395 | INFO     | server:train_subset_of_clients:46 - Updating parameters on client #34
2020-10-20 16:26:47.397 | INFO     | server:train_subset_of_clients:46 - Updating parameters on client #35
2020-10-20 16:26:47.399 | INFO     | server:train_subset_of_clients:46 - Updating parameters on client #36
2020-10-20 16:26:47.400 | INFO     | server:train_subset_of_clients:46 - Updating parameters on client #37
2020-10-20 16:26:47.402 | INFO     | server:train_subset_of_clients:46 - Updating parameters on client #38
2020-10-20 16:26:47.403 | INFO     | server:train_subset_of_clients:46 - Updating parameters on client #39
2020-10-20 16:26:47.405 | INFO     | server:train_subset_of_clients:46 - Updating parameters on client #40
2020-10-20 16:26:47.407 | INFO     | server:train_subset_of_clients:46 - Updating parameters on client #41
2020-10-20 16:26:47.409 | INFO     | server:train_subset_of_clients:46 - Updating parameters on client #42
2020-10-20 16:26:47.410 | INFO     | server:train_subset_of_clients:46 - Updating parameters on client #43
2020-10-20 16:26:47.412 | INFO     | server:train_subset_of_clients:46 - Updating parameters on client #44
2020-10-20 16:26:47.413 | INFO     | server:train_subset_of_clients:46 - Updating parameters on client #45
2020-10-20 16:26:47.415 | INFO     | server:train_subset_of_clients:46 - Updating parameters on client #46
2020-10-20 16:26:47.417 | INFO     | server:train_subset_of_clients:46 - Updating parameters on client #47
2020-10-20 16:26:47.418 | INFO     | server:train_subset_of_clients:46 - Updating parameters on client #48
2020-10-20 16:26:47.420 | INFO     | server:train_subset_of_clients:46 - Updating parameters on client #49
2020-10-20 16:26:51.112 | DEBUG    | client:test:203 - Test set: Accuracy: 8553/10000 (86%)
2020-10-20 16:26:51.113 | DEBUG    | client:test:204 - Test set: Loss: 4.087199687957764
2020-10-20 16:26:51.141 | DEBUG    | client:test:205 - Classification Report:
              precision    recall  f1-score   support

           0       0.81      0.82      0.82      1000
           1       0.99      0.95      0.97      1000
           2       0.83      0.73      0.78      1000
           3       0.85      0.88      0.86      1000
           4       0.72      0.83      0.77      1000
           5       0.98      0.90      0.93      1000
           6       0.64      0.60      0.62      1000
           7       0.85      0.97      0.91      1000
           8       0.96      0.96      0.96      1000
           9       0.96      0.91      0.94      1000

    accuracy                           0.86     10000
   macro avg       0.86      0.86      0.86     10000
weighted avg       0.86      0.86      0.86     10000

2020-10-20 16:26:51.142 | DEBUG    | client:test:206 - Confusion Matrix:
[[824   2  13  37   6   6 101   0  11   0]
 [  3 955   2  32   4   0   2   0   2   0]
 [ 17   0 730  10 159   0  78   1   5   0]
 [ 25   7   3 875  38   0  50   0   2   0]
 [  0   2  43  37 826   1  88   0   3   0]
 [  0   0   0   2   0 896   1  79   2  20]
 [152   1  83  29 115   1 601   0  17   1]
 [  0   0   0   0   0   8   0 975   1  16]
 [  0   2   5   9   5   3  13   5 957   1]
 [  0   0   0   0   0   3   1  81   1 914]]
2020-10-20 16:26:51.143 | DEBUG    | client:test:207 - Class precision: [0.80705191 0.98555212 0.83048919 0.84869059 0.71639202 0.97603486
 0.64278075 0.85451358 0.95604396 0.96008403]
2020-10-20 16:26:51.144 | DEBUG    | client:test:208 - Class recall: [0.824 0.955 0.73  0.875 0.826 0.896 0.601 0.975 0.957 0.914]
2020-10-20 16:26:51.147 | INFO     | server:train_subset_of_clients:38 - Training epoch #7 on client #9
2020-10-20 16:26:51.172 | INFO     | client:train:139 - [7,     0] loss: 0.024
2020-10-20 16:26:53.083 | INFO     | client:train:139 - [7,   100] loss: 0.514
2020-10-20 16:26:53.448 | INFO     | server:train_subset_of_clients:38 - Training epoch #7 on client #17
2020-10-20 16:26:53.468 | INFO     | client:train:139 - [7,     0] loss: 0.002
2020-10-20 16:26:55.371 | INFO     | client:train:139 - [7,   100] loss: 0.536
2020-10-20 16:26:55.739 | INFO     | server:train_subset_of_clients:38 - Training epoch #7 on client #16
2020-10-20 16:26:55.758 | INFO     | client:train:139 - [7,     0] loss: 0.005
2020-10-20 16:26:57.681 | INFO     | client:train:139 - [7,   100] loss: 0.478
2020-10-20 16:26:58.051 | INFO     | server:train_subset_of_clients:38 - Training epoch #7 on client #39
2020-10-20 16:26:58.071 | INFO     | client:train:139 - [7,     0] loss: 0.015
2020-10-20 16:27:00.020 | INFO     | client:train:139 - [7,   100] loss: 0.490
2020-10-20 16:27:00.388 | INFO     | server:train_subset_of_clients:38 - Training epoch #7 on client #23
2020-10-20 16:27:00.408 | INFO     | client:train:139 - [7,     0] loss: 0.001
2020-10-20 16:27:02.317 | INFO     | client:train:139 - [7,   100] loss: 0.471
2020-10-20 16:27:02.679 | INFO     | server:train_subset_of_clients:41 - Averaging client parameters
2020-10-20 16:27:02.682 | INFO     | server:train_subset_of_clients:46 - Updating parameters on client #0
2020-10-20 16:27:02.683 | INFO     | server:train_subset_of_clients:46 - Updating parameters on client #1
2020-10-20 16:27:02.685 | INFO     | server:train_subset_of_clients:46 - Updating parameters on client #2
2020-10-20 16:27:02.687 | INFO     | server:train_subset_of_clients:46 - Updating parameters on client #3
2020-10-20 16:27:02.688 | INFO     | server:train_subset_of_clients:46 - Updating parameters on client #4
2020-10-20 16:27:02.690 | INFO     | server:train_subset_of_clients:46 - Updating parameters on client #5
2020-10-20 16:27:02.692 | INFO     | server:train_subset_of_clients:46 - Updating parameters on client #6
2020-10-20 16:27:02.693 | INFO     | server:train_subset_of_clients:46 - Updating parameters on client #7
2020-10-20 16:27:02.695 | INFO     | server:train_subset_of_clients:46 - Updating parameters on client #8
2020-10-20 16:27:02.696 | INFO     | server:train_subset_of_clients:46 - Updating parameters on client #9
2020-10-20 16:27:02.698 | INFO     | server:train_subset_of_clients:46 - Updating parameters on client #10
2020-10-20 16:27:02.700 | INFO     | server:train_subset_of_clients:46 - Updating parameters on client #11
2020-10-20 16:27:02.701 | INFO     | server:train_subset_of_clients:46 - Updating parameters on client #12
2020-10-20 16:27:02.703 | INFO     | server:train_subset_of_clients:46 - Updating parameters on client #13
2020-10-20 16:27:02.704 | INFO     | server:train_subset_of_clients:46 - Updating parameters on client #14
2020-10-20 16:27:02.706 | INFO     | server:train_subset_of_clients:46 - Updating parameters on client #15
2020-10-20 16:27:02.708 | INFO     | server:train_subset_of_clients:46 - Updating parameters on client #16
2020-10-20 16:27:02.709 | INFO     | server:train_subset_of_clients:46 - Updating parameters on client #17
2020-10-20 16:27:02.711 | INFO     | server:train_subset_of_clients:46 - Updating parameters on client #18
2020-10-20 16:27:02.712 | INFO     | server:train_subset_of_clients:46 - Updating parameters on client #19
2020-10-20 16:27:02.714 | INFO     | server:train_subset_of_clients:46 - Updating parameters on client #20
2020-10-20 16:27:02.716 | INFO     | server:train_subset_of_clients:46 - Updating parameters on client #21
2020-10-20 16:27:02.717 | INFO     | server:train_subset_of_clients:46 - Updating parameters on client #22
2020-10-20 16:27:02.719 | INFO     | server:train_subset_of_clients:46 - Updating parameters on client #23
2020-10-20 16:27:02.721 | INFO     | server:train_subset_of_clients:46 - Updating parameters on client #24
2020-10-20 16:27:02.722 | INFO     | server:train_subset_of_clients:46 - Updating parameters on client #25
2020-10-20 16:27:02.724 | INFO     | server:train_subset_of_clients:46 - Updating parameters on client #26
2020-10-20 16:27:02.725 | INFO     | server:train_subset_of_clients:46 - Updating parameters on client #27
2020-10-20 16:27:02.727 | INFO     | server:train_subset_of_clients:46 - Updating parameters on client #28
2020-10-20 16:27:02.728 | INFO     | server:train_subset_of_clients:46 - Updating parameters on client #29
2020-10-20 16:27:02.730 | INFO     | server:train_subset_of_clients:46 - Updating parameters on client #30
2020-10-20 16:27:02.732 | INFO     | server:train_subset_of_clients:46 - Updating parameters on client #31
2020-10-20 16:27:02.733 | INFO     | server:train_subset_of_clients:46 - Updating parameters on client #32
2020-10-20 16:27:02.735 | INFO     | server:train_subset_of_clients:46 - Updating parameters on client #33
2020-10-20 16:27:02.736 | INFO     | server:train_subset_of_clients:46 - Updating parameters on client #34
2020-10-20 16:27:02.738 | INFO     | server:train_subset_of_clients:46 - Updating parameters on client #35
2020-10-20 16:27:02.740 | INFO     | server:train_subset_of_clients:46 - Updating parameters on client #36
2020-10-20 16:27:02.741 | INFO     | server:train_subset_of_clients:46 - Updating parameters on client #37
2020-10-20 16:27:02.743 | INFO     | server:train_subset_of_clients:46 - Updating parameters on client #38
2020-10-20 16:27:02.744 | INFO     | server:train_subset_of_clients:46 - Updating parameters on client #39
2020-10-20 16:27:02.746 | INFO     | server:train_subset_of_clients:46 - Updating parameters on client #40
2020-10-20 16:27:02.748 | INFO     | server:train_subset_of_clients:46 - Updating parameters on client #41
2020-10-20 16:27:02.749 | INFO     | server:train_subset_of_clients:46 - Updating parameters on client #42
2020-10-20 16:27:02.751 | INFO     | server:train_subset_of_clients:46 - Updating parameters on client #43
2020-10-20 16:27:02.753 | INFO     | server:train_subset_of_clients:46 - Updating parameters on client #44
2020-10-20 16:27:02.754 | INFO     | server:train_subset_of_clients:46 - Updating parameters on client #45
2020-10-20 16:27:02.756 | INFO     | server:train_subset_of_clients:46 - Updating parameters on client #46
2020-10-20 16:27:02.758 | INFO     | server:train_subset_of_clients:46 - Updating parameters on client #47
2020-10-20 16:27:02.760 | INFO     | server:train_subset_of_clients:46 - Updating parameters on client #48
2020-10-20 16:27:02.761 | INFO     | server:train_subset_of_clients:46 - Updating parameters on client #49
2020-10-20 16:27:06.522 | DEBUG    | client:test:203 - Test set: Accuracy: 8522/10000 (85%)
2020-10-20 16:27:06.522 | DEBUG    | client:test:204 - Test set: Loss: 4.205147385597229
2020-10-20 16:27:06.552 | DEBUG    | client:test:205 - Classification Report:
              precision    recall  f1-score   support

           0       0.87      0.76      0.81      1000
           1       1.00      0.89      0.94      1000
           2       0.77      0.80      0.78      1000
           3       0.74      0.91      0.82      1000
           4       0.75      0.79      0.77      1000
           5       0.97      0.93      0.95      1000
           6       0.67      0.60      0.63      1000
           7       0.90      0.95      0.92      1000
           8       0.95      0.95      0.95      1000
           9       0.95      0.94      0.95      1000

    accuracy                           0.85     10000
   macro avg       0.86      0.85      0.85     10000
weighted avg       0.86      0.85      0.85     10000

2020-10-20 16:27:06.553 | DEBUG    | client:test:206 - Confusion Matrix:
[[757   0  16  87   7   6 113   0  14   0]
 [  0 886   5  93   8   0   6   0   2   0]
 [  8   0 800  15 108   0  63   0   6   0]
 [  7   0   2 913  31   0  46   0   1   0]
 [  1   0  94  46 794   1  62   0   2   0]
 [  0   0   0   4   0 931   0  49   2  14]
 [101   0 117  61 101   1 597   0  22   0]
 [  0   0   0   0   0  13   0 946   1  40]
 [  0   0   8  17   4   5   8   5 953   0]
 [  0   0   0   0   0   5   2  47   1 945]]
2020-10-20 16:27:06.554 | DEBUG    | client:test:207 - Class precision: [0.86613272 1.         0.76775432 0.73867314 0.75403609 0.96777547
 0.66555184 0.90353391 0.94920319 0.94594595]
2020-10-20 16:27:06.554 | DEBUG    | client:test:208 - Class recall: [0.757 0.886 0.8   0.913 0.794 0.931 0.597 0.946 0.953 0.945]
2020-10-20 16:27:06.557 | INFO     | server:train_subset_of_clients:38 - Training epoch #8 on client #30
2020-10-20 16:27:06.581 | INFO     | client:train:139 - [8,     0] loss: 0.001
2020-10-20 16:27:08.506 | INFO     | client:train:139 - [8,   100] loss: 0.397
2020-10-20 16:27:08.872 | INFO     | server:train_subset_of_clients:38 - Training epoch #8 on client #12
2020-10-20 16:27:08.892 | INFO     | client:train:139 - [8,     0] loss: 0.003
2020-10-20 16:27:10.802 | INFO     | client:train:139 - [8,   100] loss: 0.428
2020-10-20 16:27:11.164 | INFO     | server:train_subset_of_clients:38 - Training epoch #8 on client #44
2020-10-20 16:27:11.184 | INFO     | client:train:139 - [8,     0] loss: 0.003
2020-10-20 16:27:13.099 | INFO     | client:train:139 - [8,   100] loss: 0.409
2020-10-20 16:27:13.461 | INFO     | server:train_subset_of_clients:38 - Training epoch #8 on client #34
2020-10-20 16:27:13.480 | INFO     | client:train:139 - [8,     0] loss: 0.012
2020-10-20 16:27:15.440 | INFO     | client:train:139 - [8,   100] loss: 0.513
2020-10-20 16:27:15.818 | INFO     | server:train_subset_of_clients:38 - Training epoch #8 on client #18
2020-10-20 16:27:15.839 | INFO     | client:train:139 - [8,     0] loss: 0.001
2020-10-20 16:27:17.754 | INFO     | client:train:139 - [8,   100] loss: 0.444
2020-10-20 16:27:18.115 | INFO     | server:train_subset_of_clients:41 - Averaging client parameters
2020-10-20 16:27:18.118 | INFO     | server:train_subset_of_clients:46 - Updating parameters on client #0
2020-10-20 16:27:18.120 | INFO     | server:train_subset_of_clients:46 - Updating parameters on client #1
2020-10-20 16:27:18.121 | INFO     | server:train_subset_of_clients:46 - Updating parameters on client #2
2020-10-20 16:27:18.123 | INFO     | server:train_subset_of_clients:46 - Updating parameters on client #3
2020-10-20 16:27:18.124 | INFO     | server:train_subset_of_clients:46 - Updating parameters on client #4
2020-10-20 16:27:18.126 | INFO     | server:train_subset_of_clients:46 - Updating parameters on client #5
2020-10-20 16:27:18.128 | INFO     | server:train_subset_of_clients:46 - Updating parameters on client #6
2020-10-20 16:27:18.129 | INFO     | server:train_subset_of_clients:46 - Updating parameters on client #7
2020-10-20 16:27:18.131 | INFO     | server:train_subset_of_clients:46 - Updating parameters on client #8
2020-10-20 16:27:18.133 | INFO     | server:train_subset_of_clients:46 - Updating parameters on client #9
2020-10-20 16:27:18.134 | INFO     | server:train_subset_of_clients:46 - Updating parameters on client #10
2020-10-20 16:27:18.136 | INFO     | server:train_subset_of_clients:46 - Updating parameters on client #11
2020-10-20 16:27:18.138 | INFO     | server:train_subset_of_clients:46 - Updating parameters on client #12
2020-10-20 16:27:18.139 | INFO     | server:train_subset_of_clients:46 - Updating parameters on client #13
2020-10-20 16:27:18.141 | INFO     | server:train_subset_of_clients:46 - Updating parameters on client #14
2020-10-20 16:27:18.143 | INFO     | server:train_subset_of_clients:46 - Updating parameters on client #15
2020-10-20 16:27:18.144 | INFO     | server:train_subset_of_clients:46 - Updating parameters on client #16
2020-10-20 16:27:18.146 | INFO     | server:train_subset_of_clients:46 - Updating parameters on client #17
2020-10-20 16:27:18.147 | INFO     | server:train_subset_of_clients:46 - Updating parameters on client #18
2020-10-20 16:27:18.149 | INFO     | server:train_subset_of_clients:46 - Updating parameters on client #19
2020-10-20 16:27:18.151 | INFO     | server:train_subset_of_clients:46 - Updating parameters on client #20
2020-10-20 16:27:18.152 | INFO     | server:train_subset_of_clients:46 - Updating parameters on client #21
2020-10-20 16:27:18.154 | INFO     | server:train_subset_of_clients:46 - Updating parameters on client #22
2020-10-20 16:27:18.156 | INFO     | server:train_subset_of_clients:46 - Updating parameters on client #23
2020-10-20 16:27:18.157 | INFO     | server:train_subset_of_clients:46 - Updating parameters on client #24
2020-10-20 16:27:18.159 | INFO     | server:train_subset_of_clients:46 - Updating parameters on client #25
2020-10-20 16:27:18.160 | INFO     | server:train_subset_of_clients:46 - Updating parameters on client #26
2020-10-20 16:27:18.162 | INFO     | server:train_subset_of_clients:46 - Updating parameters on client #27
2020-10-20 16:27:18.164 | INFO     | server:train_subset_of_clients:46 - Updating parameters on client #28
2020-10-20 16:27:18.165 | INFO     | server:train_subset_of_clients:46 - Updating parameters on client #29
2020-10-20 16:27:18.167 | INFO     | server:train_subset_of_clients:46 - Updating parameters on client #30
2020-10-20 16:27:18.169 | INFO     | server:train_subset_of_clients:46 - Updating parameters on client #31
2020-10-20 16:27:18.170 | INFO     | server:train_subset_of_clients:46 - Updating parameters on client #32
2020-10-20 16:27:18.172 | INFO     | server:train_subset_of_clients:46 - Updating parameters on client #33
2020-10-20 16:27:18.173 | INFO     | server:train_subset_of_clients:46 - Updating parameters on client #34
2020-10-20 16:27:18.175 | INFO     | server:train_subset_of_clients:46 - Updating parameters on client #35
2020-10-20 16:27:18.177 | INFO     | server:train_subset_of_clients:46 - Updating parameters on client #36
2020-10-20 16:27:18.178 | INFO     | server:train_subset_of_clients:46 - Updating parameters on client #37
2020-10-20 16:27:18.180 | INFO     | server:train_subset_of_clients:46 - Updating parameters on client #38
2020-10-20 16:27:18.182 | INFO     | server:train_subset_of_clients:46 - Updating parameters on client #39
2020-10-20 16:27:18.183 | INFO     | server:train_subset_of_clients:46 - Updating parameters on client #40
2020-10-20 16:27:18.185 | INFO     | server:train_subset_of_clients:46 - Updating parameters on client #41
2020-10-20 16:27:18.187 | INFO     | server:train_subset_of_clients:46 - Updating parameters on client #42
2020-10-20 16:27:18.188 | INFO     | server:train_subset_of_clients:46 - Updating parameters on client #43
2020-10-20 16:27:18.190 | INFO     | server:train_subset_of_clients:46 - Updating parameters on client #44
2020-10-20 16:27:18.191 | INFO     | server:train_subset_of_clients:46 - Updating parameters on client #45
2020-10-20 16:27:18.193 | INFO     | server:train_subset_of_clients:46 - Updating parameters on client #46
2020-10-20 16:27:18.195 | INFO     | server:train_subset_of_clients:46 - Updating parameters on client #47
2020-10-20 16:27:18.196 | INFO     | server:train_subset_of_clients:46 - Updating parameters on client #48
2020-10-20 16:27:18.198 | INFO     | server:train_subset_of_clients:46 - Updating parameters on client #49
2020-10-20 16:27:21.966 | DEBUG    | client:test:203 - Test set: Accuracy: 8602/10000 (86%)
2020-10-20 16:27:21.967 | DEBUG    | client:test:204 - Test set: Loss: 3.904249280691147
2020-10-20 16:27:21.995 | DEBUG    | client:test:205 - Classification Report:
              precision    recall  f1-score   support

           0       0.78      0.86      0.82      1000
           1       0.99      0.95      0.97      1000
           2       0.72      0.85      0.78      1000
           3       0.86      0.86      0.86      1000
           4       0.81      0.69      0.75      1000
           5       0.96      0.95      0.96      1000
           6       0.67      0.57      0.62      1000
           7       0.92      0.94      0.93      1000
           8       0.94      0.97      0.95      1000
           9       0.95      0.95      0.95      1000

    accuracy                           0.86     10000
   macro avg       0.86      0.86      0.86     10000
weighted avg       0.86      0.86      0.86     10000

2020-10-20 16:27:21.996 | DEBUG    | client:test:206 - Confusion Matrix:
[[862   0  17  26   4   5  72   0  14   0]
 [  3 949   6  31   3   1   4   0   3   0]
 [ 18   0 852   8  59   1  53   0   9   0]
 [ 34   5  16 865  25   1  49   0   5   0]
 [  1   2 158  38 694   1 102   0   4   0]
 [  0   0   0   3   0 952   0  31   1  13]
 [179   1 127  26  69   0 572   0  26   0]
 [  0   0   0   0   0  22   0 938   1  39]
 [  2   1   2   8   1   3   6   5 972   0]
 [  0   0   0   0   0   7   2  44   1 946]]
2020-10-20 16:27:21.997 | DEBUG    | client:test:207 - Class precision: [0.78434941 0.99060543 0.72325976 0.86069652 0.81169591 0.95871098
 0.66511628 0.92141454 0.93822394 0.94789579]
2020-10-20 16:27:21.998 | DEBUG    | client:test:208 - Class recall: [0.862 0.949 0.852 0.865 0.694 0.952 0.572 0.938 0.972 0.946]
2020-10-20 16:27:22.000 | INFO     | server:train_subset_of_clients:38 - Training epoch #9 on client #9
2020-10-20 16:27:22.026 | INFO     | client:train:139 - [9,     0] loss: 0.005
2020-10-20 16:27:23.936 | INFO     | client:train:139 - [9,   100] loss: 0.444
2020-10-20 16:27:24.296 | INFO     | server:train_subset_of_clients:38 - Training epoch #9 on client #33
2020-10-20 16:27:24.316 | INFO     | client:train:139 - [9,     0] loss: 0.006
2020-10-20 16:27:26.221 | INFO     | client:train:139 - [9,   100] loss: 0.418
2020-10-20 16:27:26.583 | INFO     | server:train_subset_of_clients:38 - Training epoch #9 on client #24
2020-10-20 16:27:26.602 | INFO     | client:train:139 - [9,     0] loss: 0.016
2020-10-20 16:27:28.510 | INFO     | client:train:139 - [9,   100] loss: 0.366
2020-10-20 16:27:28.872 | INFO     | server:train_subset_of_clients:38 - Training epoch #9 on client #14
2020-10-20 16:27:28.892 | INFO     | client:train:139 - [9,     0] loss: 0.006
2020-10-20 16:27:31.051 | INFO     | client:train:139 - [9,   100] loss: 0.437
2020-10-20 16:27:31.427 | INFO     | server:train_subset_of_clients:38 - Training epoch #9 on client #18
2020-10-20 16:27:31.447 | INFO     | client:train:139 - [9,     0] loss: 0.004
2020-10-20 16:27:33.386 | INFO     | client:train:139 - [9,   100] loss: 0.375
2020-10-20 16:27:33.772 | INFO     | server:train_subset_of_clients:41 - Averaging client parameters
2020-10-20 16:27:33.775 | INFO     | server:train_subset_of_clients:46 - Updating parameters on client #0
2020-10-20 16:27:33.777 | INFO     | server:train_subset_of_clients:46 - Updating parameters on client #1
2020-10-20 16:27:33.779 | INFO     | server:train_subset_of_clients:46 - Updating parameters on client #2
2020-10-20 16:27:33.781 | INFO     | server:train_subset_of_clients:46 - Updating parameters on client #3
2020-10-20 16:27:33.783 | INFO     | server:train_subset_of_clients:46 - Updating parameters on client #4
2020-10-20 16:27:33.785 | INFO     | server:train_subset_of_clients:46 - Updating parameters on client #5
2020-10-20 16:27:33.786 | INFO     | server:train_subset_of_clients:46 - Updating parameters on client #6
2020-10-20 16:27:33.788 | INFO     | server:train_subset_of_clients:46 - Updating parameters on client #7
2020-10-20 16:27:33.789 | INFO     | server:train_subset_of_clients:46 - Updating parameters on client #8
2020-10-20 16:27:33.792 | INFO     | server:train_subset_of_clients:46 - Updating parameters on client #9
2020-10-20 16:27:33.793 | INFO     | server:train_subset_of_clients:46 - Updating parameters on client #10
2020-10-20 16:27:33.795 | INFO     | server:train_subset_of_clients:46 - Updating parameters on client #11
2020-10-20 16:27:33.797 | INFO     | server:train_subset_of_clients:46 - Updating parameters on client #12
2020-10-20 16:27:33.799 | INFO     | server:train_subset_of_clients:46 - Updating parameters on client #13
2020-10-20 16:27:33.801 | INFO     | server:train_subset_of_clients:46 - Updating parameters on client #14
2020-10-20 16:27:33.802 | INFO     | server:train_subset_of_clients:46 - Updating parameters on client #15
2020-10-20 16:27:33.804 | INFO     | server:train_subset_of_clients:46 - Updating parameters on client #16
2020-10-20 16:27:33.806 | INFO     | server:train_subset_of_clients:46 - Updating parameters on client #17
2020-10-20 16:27:33.808 | INFO     | server:train_subset_of_clients:46 - Updating parameters on client #18
2020-10-20 16:27:33.810 | INFO     | server:train_subset_of_clients:46 - Updating parameters on client #19
2020-10-20 16:27:33.812 | INFO     | server:train_subset_of_clients:46 - Updating parameters on client #20
2020-10-20 16:27:33.813 | INFO     | server:train_subset_of_clients:46 - Updating parameters on client #21
2020-10-20 16:27:33.815 | INFO     | server:train_subset_of_clients:46 - Updating parameters on client #22
2020-10-20 16:27:33.817 | INFO     | server:train_subset_of_clients:46 - Updating parameters on client #23
2020-10-20 16:27:33.819 | INFO     | server:train_subset_of_clients:46 - Updating parameters on client #24
2020-10-20 16:27:33.820 | INFO     | server:train_subset_of_clients:46 - Updating parameters on client #25
2020-10-20 16:27:33.822 | INFO     | server:train_subset_of_clients:46 - Updating parameters on client #26
2020-10-20 16:27:33.824 | INFO     | server:train_subset_of_clients:46 - Updating parameters on client #27
2020-10-20 16:27:33.826 | INFO     | server:train_subset_of_clients:46 - Updating parameters on client #28
2020-10-20 16:27:33.828 | INFO     | server:train_subset_of_clients:46 - Updating parameters on client #29
2020-10-20 16:27:33.829 | INFO     | server:train_subset_of_clients:46 - Updating parameters on client #30
2020-10-20 16:27:33.831 | INFO     | server:train_subset_of_clients:46 - Updating parameters on client #31
2020-10-20 16:27:33.833 | INFO     | server:train_subset_of_clients:46 - Updating parameters on client #32
2020-10-20 16:27:33.834 | INFO     | server:train_subset_of_clients:46 - Updating parameters on client #33
2020-10-20 16:27:33.836 | INFO     | server:train_subset_of_clients:46 - Updating parameters on client #34
2020-10-20 16:27:33.838 | INFO     | server:train_subset_of_clients:46 - Updating parameters on client #35
2020-10-20 16:27:33.839 | INFO     | server:train_subset_of_clients:46 - Updating parameters on client #36
2020-10-20 16:27:33.841 | INFO     | server:train_subset_of_clients:46 - Updating parameters on client #37
2020-10-20 16:27:33.843 | INFO     | server:train_subset_of_clients:46 - Updating parameters on client #38
2020-10-20 16:27:33.844 | INFO     | server:train_subset_of_clients:46 - Updating parameters on client #39
2020-10-20 16:27:33.846 | INFO     | server:train_subset_of_clients:46 - Updating parameters on client #40
2020-10-20 16:27:33.848 | INFO     | server:train_subset_of_clients:46 - Updating parameters on client #41
2020-10-20 16:27:33.849 | INFO     | server:train_subset_of_clients:46 - Updating parameters on client #42
2020-10-20 16:27:33.851 | INFO     | server:train_subset_of_clients:46 - Updating parameters on client #43
2020-10-20 16:27:33.852 | INFO     | server:train_subset_of_clients:46 - Updating parameters on client #44
2020-10-20 16:27:33.854 | INFO     | server:train_subset_of_clients:46 - Updating parameters on client #45
2020-10-20 16:27:33.856 | INFO     | server:train_subset_of_clients:46 - Updating parameters on client #46
2020-10-20 16:27:33.858 | INFO     | server:train_subset_of_clients:46 - Updating parameters on client #47
2020-10-20 16:27:33.859 | INFO     | server:train_subset_of_clients:46 - Updating parameters on client #48
2020-10-20 16:27:33.861 | INFO     | server:train_subset_of_clients:46 - Updating parameters on client #49
2020-10-20 16:27:37.942 | DEBUG    | client:test:203 - Test set: Accuracy: 8604/10000 (86%)
2020-10-20 16:27:37.943 | DEBUG    | client:test:204 - Test set: Loss: 4.0524318516254425
2020-10-20 16:27:37.974 | DEBUG    | client:test:205 - Classification Report:
              precision    recall  f1-score   support

           0       0.79      0.87      0.83      1000
           1       1.00      0.91      0.95      1000
           2       0.81      0.77      0.79      1000
           3       0.82      0.89      0.85      1000
           4       0.79      0.75      0.77      1000
           5       0.97      0.94      0.96      1000
           6       0.64      0.60      0.62      1000
           7       0.92      0.95      0.93      1000
           8       0.94      0.97      0.95      1000
           9       0.93      0.95      0.94      1000

    accuracy                           0.86     10000
   macro avg       0.86      0.86      0.86     10000
weighted avg       0.86      0.86      0.86     10000

2020-10-20 16:27:37.975 | DEBUG    | client:test:206 - Confusion Matrix:
[[868   0  12  38   3   5  61   0  13   0]
 [  3 912   6  55   5   1   7   0   3   8]
 [ 17   0 769  10  94   1  99   0  10   0]
 [ 26   0   5 892  24   1  48   0   4   0]
 [  1   0  79  47 748   1 119   0   4   1]
 [  0   0   0   3   0 945   0  35   1  16]
 [187   0  75  30  74   0 604   0  28   2]
 [  0   0   0   0   0  14   0 947   1  38]
 [  0   0   2  12   1   2   7   5 970   1]
 [  0   0   0   0   0   3   1  46   1 949]]
2020-10-20 16:27:37.976 | DEBUG    | client:test:207 - Class precision: [0.7876588  1.         0.81118143 0.82060718 0.7881981  0.97122302
 0.6384778  0.91674734 0.93719807 0.93497537]
2020-10-20 16:27:37.977 | DEBUG    | client:test:208 - Class recall: [0.868 0.912 0.769 0.892 0.748 0.945 0.604 0.947 0.97  0.949]
2020-10-20 16:27:37.979 | INFO     | server:train_subset_of_clients:38 - Training epoch #10 on client #45
2020-10-20 16:27:38.003 | INFO     | client:train:139 - [10,     0] loss: 0.002
2020-10-20 16:27:40.070 | INFO     | client:train:139 - [10,   100] loss: 0.401
2020-10-20 16:27:40.453 | INFO     | server:train_subset_of_clients:38 - Training epoch #10 on client #27
2020-10-20 16:27:40.475 | INFO     | client:train:139 - [10,     0] loss: 0.006
2020-10-20 16:27:42.505 | INFO     | client:train:139 - [10,   100] loss: 0.395
2020-10-20 16:27:42.876 | INFO     | server:train_subset_of_clients:38 - Training epoch #10 on client #39
2020-10-20 16:27:42.897 | INFO     | client:train:139 - [10,     0] loss: 0.002
2020-10-20 16:27:45.025 | INFO     | client:train:139 - [10,   100] loss: 0.439
2020-10-20 16:27:45.483 | INFO     | server:train_subset_of_clients:38 - Training epoch #10 on client #29
2020-10-20 16:27:45.508 | INFO     | client:train:139 - [10,     0] loss: 0.001
2020-10-20 16:27:47.679 | INFO     | client:train:139 - [10,   100] loss: 0.437
2020-10-20 16:27:48.078 | INFO     | server:train_subset_of_clients:38 - Training epoch #10 on client #19
2020-10-20 16:27:48.100 | INFO     | client:train:139 - [10,     0] loss: 0.003
2020-10-20 16:27:50.276 | INFO     | client:train:139 - [10,   100] loss: 0.446
2020-10-20 16:27:50.729 | INFO     | server:train_subset_of_clients:41 - Averaging client parameters
2020-10-20 16:27:50.731 | INFO     | server:train_subset_of_clients:46 - Updating parameters on client #0
2020-10-20 16:27:50.733 | INFO     | server:train_subset_of_clients:46 - Updating parameters on client #1
2020-10-20 16:27:50.735 | INFO     | server:train_subset_of_clients:46 - Updating parameters on client #2
2020-10-20 16:27:50.737 | INFO     | server:train_subset_of_clients:46 - Updating parameters on client #3
2020-10-20 16:27:50.739 | INFO     | server:train_subset_of_clients:46 - Updating parameters on client #4
2020-10-20 16:27:50.741 | INFO     | server:train_subset_of_clients:46 - Updating parameters on client #5
2020-10-20 16:27:50.742 | INFO     | server:train_subset_of_clients:46 - Updating parameters on client #6
2020-10-20 16:27:50.744 | INFO     | server:train_subset_of_clients:46 - Updating parameters on client #7
2020-10-20 16:27:50.746 | INFO     | server:train_subset_of_clients:46 - Updating parameters on client #8
2020-10-20 16:27:50.747 | INFO     | server:train_subset_of_clients:46 - Updating parameters on client #9
2020-10-20 16:27:50.749 | INFO     | server:train_subset_of_clients:46 - Updating parameters on client #10
2020-10-20 16:27:50.751 | INFO     | server:train_subset_of_clients:46 - Updating parameters on client #11
2020-10-20 16:27:50.752 | INFO     | server:train_subset_of_clients:46 - Updating parameters on client #12
2020-10-20 16:27:50.754 | INFO     | server:train_subset_of_clients:46 - Updating parameters on client #13
2020-10-20 16:27:50.756 | INFO     | server:train_subset_of_clients:46 - Updating parameters on client #14
2020-10-20 16:27:50.757 | INFO     | server:train_subset_of_clients:46 - Updating parameters on client #15
2020-10-20 16:27:50.759 | INFO     | server:train_subset_of_clients:46 - Updating parameters on client #16
2020-10-20 16:27:50.761 | INFO     | server:train_subset_of_clients:46 - Updating parameters on client #17
2020-10-20 16:27:50.763 | INFO     | server:train_subset_of_clients:46 - Updating parameters on client #18
2020-10-20 16:27:50.764 | INFO     | server:train_subset_of_clients:46 - Updating parameters on client #19
2020-10-20 16:27:50.767 | INFO     | server:train_subset_of_clients:46 - Updating parameters on client #20
2020-10-20 16:27:50.768 | INFO     | server:train_subset_of_clients:46 - Updating parameters on client #21
2020-10-20 16:27:50.770 | INFO     | server:train_subset_of_clients:46 - Updating parameters on client #22
2020-10-20 16:27:50.772 | INFO     | server:train_subset_of_clients:46 - Updating parameters on client #23
2020-10-20 16:27:50.773 | INFO     | server:train_subset_of_clients:46 - Updating parameters on client #24
2020-10-20 16:27:50.775 | INFO     | server:train_subset_of_clients:46 - Updating parameters on client #25
2020-10-20 16:27:50.777 | INFO     | server:train_subset_of_clients:46 - Updating parameters on client #26
2020-10-20 16:27:50.778 | INFO     | server:train_subset_of_clients:46 - Updating parameters on client #27
2020-10-20 16:27:50.780 | INFO     | server:train_subset_of_clients:46 - Updating parameters on client #28
2020-10-20 16:27:50.782 | INFO     | server:train_subset_of_clients:46 - Updating parameters on client #29
2020-10-20 16:27:50.784 | INFO     | server:train_subset_of_clients:46 - Updating parameters on client #30
2020-10-20 16:27:50.786 | INFO     | server:train_subset_of_clients:46 - Updating parameters on client #31
2020-10-20 16:27:50.787 | INFO     | server:train_subset_of_clients:46 - Updating parameters on client #32
2020-10-20 16:27:50.789 | INFO     | server:train_subset_of_clients:46 - Updating parameters on client #33
2020-10-20 16:27:50.790 | INFO     | server:train_subset_of_clients:46 - Updating parameters on client #34
2020-10-20 16:27:50.792 | INFO     | server:train_subset_of_clients:46 - Updating parameters on client #35
2020-10-20 16:27:50.794 | INFO     | server:train_subset_of_clients:46 - Updating parameters on client #36
2020-10-20 16:27:50.795 | INFO     | server:train_subset_of_clients:46 - Updating parameters on client #37
2020-10-20 16:27:50.797 | INFO     | server:train_subset_of_clients:46 - Updating parameters on client #38
2020-10-20 16:27:50.799 | INFO     | server:train_subset_of_clients:46 - Updating parameters on client #39
2020-10-20 16:27:50.800 | INFO     | server:train_subset_of_clients:46 - Updating parameters on client #40
2020-10-20 16:27:50.802 | INFO     | server:train_subset_of_clients:46 - Updating parameters on client #41
2020-10-20 16:27:50.804 | INFO     | server:train_subset_of_clients:46 - Updating parameters on client #42
2020-10-20 16:27:50.805 | INFO     | server:train_subset_of_clients:46 - Updating parameters on client #43
2020-10-20 16:27:50.807 | INFO     | server:train_subset_of_clients:46 - Updating parameters on client #44
2020-10-20 16:27:50.808 | INFO     | server:train_subset_of_clients:46 - Updating parameters on client #45
2020-10-20 16:27:50.810 | INFO     | server:train_subset_of_clients:46 - Updating parameters on client #46
2020-10-20 16:27:50.812 | INFO     | server:train_subset_of_clients:46 - Updating parameters on client #47
2020-10-20 16:27:50.813 | INFO     | server:train_subset_of_clients:46 - Updating parameters on client #48
2020-10-20 16:27:50.815 | INFO     | server:train_subset_of_clients:46 - Updating parameters on client #49
2020-10-20 16:27:54.852 | DEBUG    | client:test:203 - Test set: Accuracy: 8662/10000 (87%)
2020-10-20 16:27:54.852 | DEBUG    | client:test:204 - Test set: Loss: 3.853521943092346
2020-10-20 16:27:54.883 | DEBUG    | client:test:205 - Classification Report:
              precision    recall  f1-score   support

           0       0.83      0.84      0.83      1000
           1       0.99      0.94      0.97      1000
           2       0.75      0.82      0.79      1000
           3       0.86      0.87      0.87      1000
           4       0.70      0.87      0.78      1000
           5       0.97      0.94      0.96      1000
           6       0.74      0.52      0.61      1000
           7       0.93      0.94      0.93      1000
           8       0.97      0.96      0.96      1000
           9       0.94      0.96      0.95      1000

    accuracy                           0.87     10000
   macro avg       0.87      0.87      0.86     10000
weighted avg       0.87      0.87      0.86     10000

2020-10-20 16:27:54.884 | DEBUG    | client:test:206 - Confusion Matrix:
[[837   0  25  39  11   6  73   0   9   0]
 [  3 942   6  33   8   1   4   0   2   1]
 [ 12   0 821   7 122   0  34   0   4   0]
 [ 17   2  21 870  58   0  31   0   1   0]
 [  0   1  81  15 873   0  28   0   2   0]
 [  0   0   0   3   0 945   0  36   1  15]
 [140   1 130  32 168   0 515   0  14   0]
 [  0   0   0   0   0  17   0 941   0  42]
 [  2   1   7   7   6   3   9   5 959   1]
 [  0   0   0   0   0   4   1  35   1 959]]
2020-10-20 16:27:54.885 | DEBUG    | client:test:207 - Class precision: [0.82789318 0.99472017 0.75252062 0.86481113 0.70064205 0.9682377
 0.74100719 0.9252704  0.96576032 0.94204322]
2020-10-20 16:27:54.885 | DEBUG    | client:test:208 - Class recall: [0.837 0.942 0.821 0.87  0.873 0.945 0.515 0.941 0.959 0.959]
