2020-10-20 16:27:54.952 | DEBUG    | federated_learning.arguments:log:182 - Arguments: 
Batch Size: 10
Test Batch Size: 1000
Epochs: 10
Learning Rate: 0.01
Momentum: 0.5
CUDA Enabled: True
Shuffle Enabled: False
Log Interval: 100
Scheduler Step Size: 50
Scheduler Gamma: 0.5
Scheduler Minimum Learning Rate: 1e-10
Client Selection Strategy: <federated_learning.worker_selection.random.RandomSelectionStrategy object at 0x1034f7f28>
Client Selection Strategy Arguments: {
    "NUM_WORKERS_PER_ROUND": 5,
    "current_epoch_number": 10
}
Model Saving Enabled: False
Model Saving Interval: 1
Model Saving Path (Relative): 2501_models
Epoch Save Start Prefix: start
Epoch Save End Suffix: end
Number of Clients: 50
Number of Poisoned Clients: 10
NN: <class 'federated_learning.nets.fashion_mnist_cnn.FashionMNISTCNN'>
Train Data Loader Path: data_loaders/fashion-mnist/train_data_loader.pickle
Test Data Loader Path: data_loaders/fashion-mnist/test_data_loader.pickle
Loss Function: <class 'torch.nn.modules.loss.CrossEntropyLoss'>
Default Model Folder Path: default_models
Data Path: data

2020-10-20 16:27:54.952 | INFO     | federated_learning.utils.data_loader_utils:load_data_loader_from_file:64 - Loading data loader from file: data_loaders/fashion-mnist/train_data_loader.pickle
2020-10-20 16:27:55.747 | INFO     | federated_learning.utils.data_loader_utils:load_data_loader_from_file:64 - Loading data loader from file: data_loaders/fashion-mnist/test_data_loader.pickle
2020-10-20 16:27:58.801 | INFO     | federated_learning.utils.poison_data:poison_data:24 - Poisoning data for workers: [42, 39, 16, 6, 43, 35, 19, 40, 20, 17]
2020-10-20 16:27:58.813 | INFO     | federated_learning.utils.client_utils:log_client_data_statistics:17 - Client #0 has data distribution: [142, 129, 134, 113, 115, 96, 127, 116, 116, 112]
2020-10-20 16:27:58.814 | INFO     | federated_learning.utils.client_utils:log_client_data_statistics:17 - Client #1 has data distribution: [115, 101, 125, 125, 118, 118, 116, 133, 127, 122]
2020-10-20 16:27:58.816 | INFO     | federated_learning.utils.client_utils:log_client_data_statistics:17 - Client #2 has data distribution: [116, 118, 110, 123, 123, 133, 127, 112, 125, 113]
2020-10-20 16:27:58.817 | INFO     | federated_learning.utils.client_utils:log_client_data_statistics:17 - Client #3 has data distribution: [116, 125, 122, 118, 124, 114, 118, 110, 127, 126]
2020-10-20 16:27:58.818 | INFO     | federated_learning.utils.client_utils:log_client_data_statistics:17 - Client #4 has data distribution: [114, 120, 147, 129, 111, 114, 121, 103, 128, 113]
2020-10-20 16:27:58.819 | INFO     | federated_learning.utils.client_utils:log_client_data_statistics:17 - Client #5 has data distribution: [139, 123, 132, 128, 111, 113, 112, 105, 102, 135]
2020-10-20 16:27:58.820 | INFO     | federated_learning.utils.client_utils:log_client_data_statistics:17 - Client #6 has data distribution: [115, 0, 113, 126, 116, 133, 112, 133, 119, 233]
2020-10-20 16:27:58.821 | INFO     | federated_learning.utils.client_utils:log_client_data_statistics:17 - Client #7 has data distribution: [128, 119, 118, 120, 120, 110, 114, 129, 121, 121]
2020-10-20 16:27:58.822 | INFO     | federated_learning.utils.client_utils:log_client_data_statistics:17 - Client #8 has data distribution: [109, 112, 135, 124, 123, 131, 123, 113, 118, 112]
2020-10-20 16:27:58.824 | INFO     | federated_learning.utils.client_utils:log_client_data_statistics:17 - Client #9 has data distribution: [103, 120, 126, 120, 127, 114, 128, 124, 139, 99]
2020-10-20 16:27:58.825 | INFO     | federated_learning.utils.client_utils:log_client_data_statistics:17 - Client #10 has data distribution: [113, 114, 121, 125, 110, 133, 127, 128, 109, 120]
2020-10-20 16:27:58.826 | INFO     | federated_learning.utils.client_utils:log_client_data_statistics:17 - Client #11 has data distribution: [140, 114, 120, 129, 135, 104, 112, 124, 104, 118]
2020-10-20 16:27:58.827 | INFO     | federated_learning.utils.client_utils:log_client_data_statistics:17 - Client #12 has data distribution: [131, 123, 114, 108, 141, 102, 102, 120, 122, 137]
2020-10-20 16:27:58.829 | INFO     | federated_learning.utils.client_utils:log_client_data_statistics:17 - Client #13 has data distribution: [111, 126, 114, 123, 136, 120, 123, 128, 113, 106]
2020-10-20 16:27:58.830 | INFO     | federated_learning.utils.client_utils:log_client_data_statistics:17 - Client #14 has data distribution: [118, 105, 118, 133, 117, 103, 127, 116, 124, 139]
2020-10-20 16:27:58.831 | INFO     | federated_learning.utils.client_utils:log_client_data_statistics:17 - Client #15 has data distribution: [125, 115, 127, 126, 128, 103, 105, 112, 130, 129]
2020-10-20 16:27:58.833 | INFO     | federated_learning.utils.client_utils:log_client_data_statistics:17 - Client #16 has data distribution: [138, 0, 121, 127, 118, 120, 113, 122, 136, 205]
2020-10-20 16:27:58.835 | INFO     | federated_learning.utils.client_utils:log_client_data_statistics:17 - Client #17 has data distribution: [112, 0, 146, 99, 114, 134, 128, 117, 121, 229]
2020-10-20 16:27:58.837 | INFO     | federated_learning.utils.client_utils:log_client_data_statistics:17 - Client #18 has data distribution: [110, 120, 128, 111, 112, 128, 125, 113, 124, 129]
2020-10-20 16:27:58.838 | INFO     | federated_learning.utils.client_utils:log_client_data_statistics:17 - Client #19 has data distribution: [151, 0, 109, 124, 139, 128, 115, 111, 102, 221]
2020-10-20 16:27:58.840 | INFO     | federated_learning.utils.client_utils:log_client_data_statistics:17 - Client #20 has data distribution: [124, 0, 126, 117, 129, 111, 113, 124, 111, 245]
2020-10-20 16:27:58.841 | INFO     | federated_learning.utils.client_utils:log_client_data_statistics:17 - Client #21 has data distribution: [127, 113, 110, 122, 113, 132, 120, 128, 113, 122]
2020-10-20 16:27:58.842 | INFO     | federated_learning.utils.client_utils:log_client_data_statistics:17 - Client #22 has data distribution: [126, 106, 121, 113, 125, 108, 141, 114, 124, 122]
2020-10-20 16:27:58.844 | INFO     | federated_learning.utils.client_utils:log_client_data_statistics:17 - Client #23 has data distribution: [111, 133, 134, 119, 120, 111, 117, 116, 111, 128]
2020-10-20 16:27:58.845 | INFO     | federated_learning.utils.client_utils:log_client_data_statistics:17 - Client #24 has data distribution: [119, 115, 113, 115, 113, 105, 124, 128, 149, 119]
2020-10-20 16:27:58.846 | INFO     | federated_learning.utils.client_utils:log_client_data_statistics:17 - Client #25 has data distribution: [108, 119, 106, 125, 116, 122, 134, 132, 118, 120]
2020-10-20 16:27:58.847 | INFO     | federated_learning.utils.client_utils:log_client_data_statistics:17 - Client #26 has data distribution: [123, 124, 106, 121, 127, 109, 127, 136, 95, 132]
2020-10-20 16:27:58.848 | INFO     | federated_learning.utils.client_utils:log_client_data_statistics:17 - Client #27 has data distribution: [105, 128, 110, 112, 130, 144, 116, 103, 121, 131]
2020-10-20 16:27:58.849 | INFO     | federated_learning.utils.client_utils:log_client_data_statistics:17 - Client #28 has data distribution: [120, 125, 132, 104, 108, 121, 119, 113, 126, 132]
2020-10-20 16:27:58.850 | INFO     | federated_learning.utils.client_utils:log_client_data_statistics:17 - Client #29 has data distribution: [118, 119, 127, 131, 110, 121, 113, 115, 130, 116]
2020-10-20 16:27:58.851 | INFO     | federated_learning.utils.client_utils:log_client_data_statistics:17 - Client #30 has data distribution: [123, 130, 109, 104, 113, 144, 129, 121, 114, 113]
2020-10-20 16:27:58.853 | INFO     | federated_learning.utils.client_utils:log_client_data_statistics:17 - Client #31 has data distribution: [121, 112, 128, 102, 127, 144, 108, 122, 117, 119]
2020-10-20 16:27:58.854 | INFO     | federated_learning.utils.client_utils:log_client_data_statistics:17 - Client #32 has data distribution: [135, 130, 122, 137, 92, 119, 137, 109, 106, 113]
2020-10-20 16:27:58.855 | INFO     | federated_learning.utils.client_utils:log_client_data_statistics:17 - Client #33 has data distribution: [141, 134, 121, 130, 93, 117, 109, 111, 120, 124]
2020-10-20 16:27:58.856 | INFO     | federated_learning.utils.client_utils:log_client_data_statistics:17 - Client #34 has data distribution: [109, 117, 117, 130, 113, 127, 118, 116, 142, 111]
2020-10-20 16:27:58.857 | INFO     | federated_learning.utils.client_utils:log_client_data_statistics:17 - Client #35 has data distribution: [129, 0, 124, 105, 143, 113, 112, 111, 118, 245]
2020-10-20 16:27:58.858 | INFO     | federated_learning.utils.client_utils:log_client_data_statistics:17 - Client #36 has data distribution: [128, 133, 133, 110, 135, 121, 114, 112, 102, 112]
2020-10-20 16:27:58.860 | INFO     | federated_learning.utils.client_utils:log_client_data_statistics:17 - Client #37 has data distribution: [119, 129, 118, 119, 131, 110, 110, 122, 120, 122]
2020-10-20 16:27:58.861 | INFO     | federated_learning.utils.client_utils:log_client_data_statistics:17 - Client #38 has data distribution: [117, 128, 111, 119, 114, 96, 130, 127, 133, 125]
2020-10-20 16:27:58.862 | INFO     | federated_learning.utils.client_utils:log_client_data_statistics:17 - Client #39 has data distribution: [116, 0, 94, 132, 120, 120, 121, 121, 117, 259]
2020-10-20 16:27:58.863 | INFO     | federated_learning.utils.client_utils:log_client_data_statistics:17 - Client #40 has data distribution: [110, 0, 110, 120, 126, 123, 126, 122, 128, 235]
2020-10-20 16:27:58.864 | INFO     | federated_learning.utils.client_utils:log_client_data_statistics:17 - Client #41 has data distribution: [114, 127, 102, 124, 110, 108, 127, 130, 119, 139]
2020-10-20 16:27:58.865 | INFO     | federated_learning.utils.client_utils:log_client_data_statistics:17 - Client #42 has data distribution: [108, 0, 109, 130, 145, 146, 100, 118, 110, 234]
2020-10-20 16:27:58.866 | INFO     | federated_learning.utils.client_utils:log_client_data_statistics:17 - Client #43 has data distribution: [124, 0, 121, 104, 113, 148, 117, 131, 133, 209]
2020-10-20 16:27:58.867 | INFO     | federated_learning.utils.client_utils:log_client_data_statistics:17 - Client #44 has data distribution: [106, 142, 132, 129, 140, 111, 106, 109, 120, 105]
2020-10-20 16:27:58.868 | INFO     | federated_learning.utils.client_utils:log_client_data_statistics:17 - Client #45 has data distribution: [129, 113, 118, 125, 114, 111, 120, 139, 110, 121]
2020-10-20 16:27:58.869 | INFO     | federated_learning.utils.client_utils:log_client_data_statistics:17 - Client #46 has data distribution: [129, 115, 119, 128, 111, 114, 105, 112, 135, 132]
2020-10-20 16:27:58.870 | INFO     | federated_learning.utils.client_utils:log_client_data_statistics:17 - Client #47 has data distribution: [100, 118, 118, 120, 104, 150, 133, 117, 125, 115]
2020-10-20 16:27:58.872 | INFO     | federated_learning.utils.client_utils:log_client_data_statistics:17 - Client #48 has data distribution: [105, 125, 118, 116, 105, 116, 160, 136, 111, 108]
2020-10-20 16:27:58.873 | INFO     | federated_learning.utils.client_utils:log_client_data_statistics:17 - Client #49 has data distribution: [110, 122, 111, 106, 122, 127, 119, 136, 115, 132]
2020-10-20 16:27:59.123 | INFO     | server:train_subset_of_clients:38 - Training epoch #1 on client #12
2020-10-20 16:27:59.151 | INFO     | client:train:139 - [1,     0] loss: 0.027
2020-10-20 16:28:01.306 | INFO     | client:train:139 - [1,   100] loss: 1.085
2020-10-20 16:28:01.705 | INFO     | server:train_subset_of_clients:38 - Training epoch #1 on client #32
2020-10-20 16:28:01.725 | INFO     | client:train:139 - [1,     0] loss: 0.024
2020-10-20 16:28:04.140 | INFO     | client:train:139 - [1,   100] loss: 1.128
2020-10-20 16:28:04.598 | INFO     | server:train_subset_of_clients:38 - Training epoch #1 on client #11
2020-10-20 16:28:04.635 | INFO     | client:train:139 - [1,     0] loss: 0.025
2020-10-20 16:28:07.190 | INFO     | client:train:139 - [1,   100] loss: 1.080
2020-10-20 16:28:07.743 | INFO     | server:train_subset_of_clients:38 - Training epoch #1 on client #0
2020-10-20 16:28:07.765 | INFO     | client:train:139 - [1,     0] loss: 0.025
2020-10-20 16:28:09.772 | INFO     | client:train:139 - [1,   100] loss: 1.094
2020-10-20 16:28:10.237 | INFO     | server:train_subset_of_clients:38 - Training epoch #1 on client #38
2020-10-20 16:28:10.265 | INFO     | client:train:139 - [1,     0] loss: 0.026
2020-10-20 16:28:12.509 | INFO     | client:train:139 - [1,   100] loss: 1.136
2020-10-20 16:28:12.934 | INFO     | server:train_subset_of_clients:41 - Averaging client parameters
2020-10-20 16:28:12.938 | INFO     | server:train_subset_of_clients:46 - Updating parameters on client #0
2020-10-20 16:28:12.941 | INFO     | server:train_subset_of_clients:46 - Updating parameters on client #1
2020-10-20 16:28:12.944 | INFO     | server:train_subset_of_clients:46 - Updating parameters on client #2
2020-10-20 16:28:12.947 | INFO     | server:train_subset_of_clients:46 - Updating parameters on client #3
2020-10-20 16:28:12.953 | INFO     | server:train_subset_of_clients:46 - Updating parameters on client #4
2020-10-20 16:28:12.956 | INFO     | server:train_subset_of_clients:46 - Updating parameters on client #5
2020-10-20 16:28:12.959 | INFO     | server:train_subset_of_clients:46 - Updating parameters on client #6
2020-10-20 16:28:12.961 | INFO     | server:train_subset_of_clients:46 - Updating parameters on client #7
2020-10-20 16:28:12.963 | INFO     | server:train_subset_of_clients:46 - Updating parameters on client #8
2020-10-20 16:28:12.966 | INFO     | server:train_subset_of_clients:46 - Updating parameters on client #9
2020-10-20 16:28:12.969 | INFO     | server:train_subset_of_clients:46 - Updating parameters on client #10
2020-10-20 16:28:12.971 | INFO     | server:train_subset_of_clients:46 - Updating parameters on client #11
2020-10-20 16:28:12.973 | INFO     | server:train_subset_of_clients:46 - Updating parameters on client #12
2020-10-20 16:28:12.976 | INFO     | server:train_subset_of_clients:46 - Updating parameters on client #13
2020-10-20 16:28:12.978 | INFO     | server:train_subset_of_clients:46 - Updating parameters on client #14
2020-10-20 16:28:12.980 | INFO     | server:train_subset_of_clients:46 - Updating parameters on client #15
2020-10-20 16:28:12.983 | INFO     | server:train_subset_of_clients:46 - Updating parameters on client #16
2020-10-20 16:28:12.987 | INFO     | server:train_subset_of_clients:46 - Updating parameters on client #17
2020-10-20 16:28:12.989 | INFO     | server:train_subset_of_clients:46 - Updating parameters on client #18
2020-10-20 16:28:12.991 | INFO     | server:train_subset_of_clients:46 - Updating parameters on client #19
2020-10-20 16:28:12.993 | INFO     | server:train_subset_of_clients:46 - Updating parameters on client #20
2020-10-20 16:28:12.995 | INFO     | server:train_subset_of_clients:46 - Updating parameters on client #21
2020-10-20 16:28:12.996 | INFO     | server:train_subset_of_clients:46 - Updating parameters on client #22
2020-10-20 16:28:12.998 | INFO     | server:train_subset_of_clients:46 - Updating parameters on client #23
2020-10-20 16:28:13.000 | INFO     | server:train_subset_of_clients:46 - Updating parameters on client #24
2020-10-20 16:28:13.002 | INFO     | server:train_subset_of_clients:46 - Updating parameters on client #25
2020-10-20 16:28:13.003 | INFO     | server:train_subset_of_clients:46 - Updating parameters on client #26
2020-10-20 16:28:13.005 | INFO     | server:train_subset_of_clients:46 - Updating parameters on client #27
2020-10-20 16:28:13.007 | INFO     | server:train_subset_of_clients:46 - Updating parameters on client #28
2020-10-20 16:28:13.009 | INFO     | server:train_subset_of_clients:46 - Updating parameters on client #29
2020-10-20 16:28:13.010 | INFO     | server:train_subset_of_clients:46 - Updating parameters on client #30
2020-10-20 16:28:13.012 | INFO     | server:train_subset_of_clients:46 - Updating parameters on client #31
2020-10-20 16:28:13.014 | INFO     | server:train_subset_of_clients:46 - Updating parameters on client #32
2020-10-20 16:28:13.015 | INFO     | server:train_subset_of_clients:46 - Updating parameters on client #33
2020-10-20 16:28:13.017 | INFO     | server:train_subset_of_clients:46 - Updating parameters on client #34
2020-10-20 16:28:13.018 | INFO     | server:train_subset_of_clients:46 - Updating parameters on client #35
2020-10-20 16:28:13.020 | INFO     | server:train_subset_of_clients:46 - Updating parameters on client #36
2020-10-20 16:28:13.022 | INFO     | server:train_subset_of_clients:46 - Updating parameters on client #37
2020-10-20 16:28:13.024 | INFO     | server:train_subset_of_clients:46 - Updating parameters on client #38
2020-10-20 16:28:13.025 | INFO     | server:train_subset_of_clients:46 - Updating parameters on client #39
2020-10-20 16:28:13.027 | INFO     | server:train_subset_of_clients:46 - Updating parameters on client #40
2020-10-20 16:28:13.029 | INFO     | server:train_subset_of_clients:46 - Updating parameters on client #41
2020-10-20 16:28:13.030 | INFO     | server:train_subset_of_clients:46 - Updating parameters on client #42
2020-10-20 16:28:13.032 | INFO     | server:train_subset_of_clients:46 - Updating parameters on client #43
2020-10-20 16:28:13.034 | INFO     | server:train_subset_of_clients:46 - Updating parameters on client #44
2020-10-20 16:28:13.035 | INFO     | server:train_subset_of_clients:46 - Updating parameters on client #45
2020-10-20 16:28:13.037 | INFO     | server:train_subset_of_clients:46 - Updating parameters on client #46
2020-10-20 16:28:13.039 | INFO     | server:train_subset_of_clients:46 - Updating parameters on client #47
2020-10-20 16:28:13.041 | INFO     | server:train_subset_of_clients:46 - Updating parameters on client #48
2020-10-20 16:28:13.043 | INFO     | server:train_subset_of_clients:46 - Updating parameters on client #49
2020-10-20 16:28:17.193 | DEBUG    | client:test:203 - Test set: Accuracy: 7875/10000 (79%)
2020-10-20 16:28:17.194 | DEBUG    | client:test:204 - Test set: Loss: 5.957109570503235
2020-10-20 16:28:17.226 | DEBUG    | client:test:205 - Classification Report:
              precision    recall  f1-score   support

           0       0.70      0.85      0.77      1000
           1       0.98      0.92      0.95      1000
           2       0.77      0.54      0.64      1000
           3       0.78      0.83      0.81      1000
           4       0.52      0.90      0.66      1000
           5       0.90      0.86      0.88      1000
           6       0.61      0.21      0.32      1000
           7       0.84      0.91      0.87      1000
           8       0.94      0.92      0.93      1000
           9       0.92      0.93      0.93      1000

    accuracy                           0.79     10000
   macro avg       0.80      0.79      0.78     10000
weighted avg       0.80      0.79      0.78     10000

2020-10-20 16:28:17.227 | DEBUG    | client:test:206 - Confusion Matrix:
[[848   1   7  73  16  10  32   1  12   0]
 [  3 924   6  48  17   0   0   0   2   0]
 [ 32   0 542   9 337   5  68   0   7   0]
 [ 34  11   1 830  99   7  16   0   2   0]
 [  1   1  50  29 900   3  11   0   5   0]
 [  0   0   0   4   0 859   0 108   6  23]
 [286   1  87  50 334   7 214   0  21   0]
 [  0   0   0   0   0  39   0 909   0  52]
 [ 12   2   8  13  13  12   8   9 921   2]
 [  0   0   0   2   0   9   0  60   1 928]]
2020-10-20 16:28:17.229 | DEBUG    | client:test:207 - Class precision: [0.69736842 0.98297872 0.77318117 0.78449905 0.52447552 0.90325973
 0.61318052 0.83624655 0.94268168 0.92338308]
2020-10-20 16:28:17.229 | DEBUG    | client:test:208 - Class recall: [0.848 0.924 0.542 0.83  0.9   0.859 0.214 0.909 0.921 0.928]
2020-10-20 16:28:17.232 | INFO     | server:train_subset_of_clients:38 - Training epoch #2 on client #10
2020-10-20 16:28:17.262 | INFO     | client:train:139 - [2,     0] loss: 0.002
2020-10-20 16:28:19.641 | INFO     | client:train:139 - [2,   100] loss: 0.742
2020-10-20 16:28:20.177 | INFO     | server:train_subset_of_clients:38 - Training epoch #2 on client #9
2020-10-20 16:28:20.200 | INFO     | client:train:139 - [2,     0] loss: 0.002
2020-10-20 16:28:22.362 | INFO     | client:train:139 - [2,   100] loss: 0.704
2020-10-20 16:28:22.842 | INFO     | server:train_subset_of_clients:38 - Training epoch #2 on client #29
2020-10-20 16:28:22.869 | INFO     | client:train:139 - [2,     0] loss: 0.007
2020-10-20 16:28:24.919 | INFO     | client:train:139 - [2,   100] loss: 0.703
2020-10-20 16:28:25.317 | INFO     | server:train_subset_of_clients:38 - Training epoch #2 on client #43
2020-10-20 16:28:25.339 | INFO     | client:train:139 - [2,     0] loss: 0.007
2020-10-20 16:28:27.448 | INFO     | client:train:139 - [2,   100] loss: 0.678
2020-10-20 16:28:27.857 | INFO     | server:train_subset_of_clients:38 - Training epoch #2 on client #33
2020-10-20 16:28:27.880 | INFO     | client:train:139 - [2,     0] loss: 0.003
2020-10-20 16:28:29.845 | INFO     | client:train:139 - [2,   100] loss: 0.669
2020-10-20 16:28:30.212 | INFO     | server:train_subset_of_clients:41 - Averaging client parameters
2020-10-20 16:28:30.215 | INFO     | server:train_subset_of_clients:46 - Updating parameters on client #0
2020-10-20 16:28:30.216 | INFO     | server:train_subset_of_clients:46 - Updating parameters on client #1
2020-10-20 16:28:30.218 | INFO     | server:train_subset_of_clients:46 - Updating parameters on client #2
2020-10-20 16:28:30.219 | INFO     | server:train_subset_of_clients:46 - Updating parameters on client #3
2020-10-20 16:28:30.221 | INFO     | server:train_subset_of_clients:46 - Updating parameters on client #4
2020-10-20 16:28:30.223 | INFO     | server:train_subset_of_clients:46 - Updating parameters on client #5
2020-10-20 16:28:30.224 | INFO     | server:train_subset_of_clients:46 - Updating parameters on client #6
2020-10-20 16:28:30.226 | INFO     | server:train_subset_of_clients:46 - Updating parameters on client #7
2020-10-20 16:28:30.228 | INFO     | server:train_subset_of_clients:46 - Updating parameters on client #8
2020-10-20 16:28:30.230 | INFO     | server:train_subset_of_clients:46 - Updating parameters on client #9
2020-10-20 16:28:30.231 | INFO     | server:train_subset_of_clients:46 - Updating parameters on client #10
2020-10-20 16:28:30.233 | INFO     | server:train_subset_of_clients:46 - Updating parameters on client #11
2020-10-20 16:28:30.235 | INFO     | server:train_subset_of_clients:46 - Updating parameters on client #12
2020-10-20 16:28:30.236 | INFO     | server:train_subset_of_clients:46 - Updating parameters on client #13
2020-10-20 16:28:30.238 | INFO     | server:train_subset_of_clients:46 - Updating parameters on client #14
2020-10-20 16:28:30.239 | INFO     | server:train_subset_of_clients:46 - Updating parameters on client #15
2020-10-20 16:28:30.241 | INFO     | server:train_subset_of_clients:46 - Updating parameters on client #16
2020-10-20 16:28:30.243 | INFO     | server:train_subset_of_clients:46 - Updating parameters on client #17
2020-10-20 16:28:30.244 | INFO     | server:train_subset_of_clients:46 - Updating parameters on client #18
2020-10-20 16:28:30.246 | INFO     | server:train_subset_of_clients:46 - Updating parameters on client #19
2020-10-20 16:28:30.248 | INFO     | server:train_subset_of_clients:46 - Updating parameters on client #20
2020-10-20 16:28:30.249 | INFO     | server:train_subset_of_clients:46 - Updating parameters on client #21
2020-10-20 16:28:30.251 | INFO     | server:train_subset_of_clients:46 - Updating parameters on client #22
2020-10-20 16:28:30.252 | INFO     | server:train_subset_of_clients:46 - Updating parameters on client #23
2020-10-20 16:28:30.254 | INFO     | server:train_subset_of_clients:46 - Updating parameters on client #24
2020-10-20 16:28:30.256 | INFO     | server:train_subset_of_clients:46 - Updating parameters on client #25
2020-10-20 16:28:30.257 | INFO     | server:train_subset_of_clients:46 - Updating parameters on client #26
2020-10-20 16:28:30.259 | INFO     | server:train_subset_of_clients:46 - Updating parameters on client #27
2020-10-20 16:28:30.261 | INFO     | server:train_subset_of_clients:46 - Updating parameters on client #28
2020-10-20 16:28:30.264 | INFO     | server:train_subset_of_clients:46 - Updating parameters on client #29
2020-10-20 16:28:30.265 | INFO     | server:train_subset_of_clients:46 - Updating parameters on client #30
2020-10-20 16:28:30.267 | INFO     | server:train_subset_of_clients:46 - Updating parameters on client #31
2020-10-20 16:28:30.269 | INFO     | server:train_subset_of_clients:46 - Updating parameters on client #32
2020-10-20 16:28:30.270 | INFO     | server:train_subset_of_clients:46 - Updating parameters on client #33
2020-10-20 16:28:30.272 | INFO     | server:train_subset_of_clients:46 - Updating parameters on client #34
2020-10-20 16:28:30.274 | INFO     | server:train_subset_of_clients:46 - Updating parameters on client #35
2020-10-20 16:28:30.275 | INFO     | server:train_subset_of_clients:46 - Updating parameters on client #36
2020-10-20 16:28:30.277 | INFO     | server:train_subset_of_clients:46 - Updating parameters on client #37
2020-10-20 16:28:30.279 | INFO     | server:train_subset_of_clients:46 - Updating parameters on client #38
2020-10-20 16:28:30.281 | INFO     | server:train_subset_of_clients:46 - Updating parameters on client #39
2020-10-20 16:28:30.283 | INFO     | server:train_subset_of_clients:46 - Updating parameters on client #40
2020-10-20 16:28:30.284 | INFO     | server:train_subset_of_clients:46 - Updating parameters on client #41
2020-10-20 16:28:30.286 | INFO     | server:train_subset_of_clients:46 - Updating parameters on client #42
2020-10-20 16:28:30.288 | INFO     | server:train_subset_of_clients:46 - Updating parameters on client #43
2020-10-20 16:28:30.289 | INFO     | server:train_subset_of_clients:46 - Updating parameters on client #44
2020-10-20 16:28:30.291 | INFO     | server:train_subset_of_clients:46 - Updating parameters on client #45
2020-10-20 16:28:30.293 | INFO     | server:train_subset_of_clients:46 - Updating parameters on client #46
2020-10-20 16:28:30.295 | INFO     | server:train_subset_of_clients:46 - Updating parameters on client #47
2020-10-20 16:28:30.296 | INFO     | server:train_subset_of_clients:46 - Updating parameters on client #48
2020-10-20 16:28:30.298 | INFO     | server:train_subset_of_clients:46 - Updating parameters on client #49
2020-10-20 16:28:34.300 | DEBUG    | client:test:203 - Test set: Accuracy: 8200/10000 (82%)
2020-10-20 16:28:34.301 | DEBUG    | client:test:204 - Test set: Loss: 5.046477496623993
2020-10-20 16:28:34.330 | DEBUG    | client:test:205 - Classification Report:
              precision    recall  f1-score   support

           0       0.80      0.78      0.79      1000
           1       0.99      0.92      0.96      1000
           2       0.72      0.72      0.72      1000
           3       0.76      0.88      0.81      1000
           4       0.63      0.85      0.73      1000
           5       0.96      0.87      0.91      1000
           6       0.66      0.37      0.47      1000
           7       0.82      0.97      0.89      1000
           8       0.94      0.95      0.94      1000
           9       0.96      0.89      0.93      1000

    accuracy                           0.82     10000
   macro avg       0.82      0.82      0.81     10000
weighted avg       0.82      0.82      0.81     10000

2020-10-20 16:28:34.332 | DEBUG    | client:test:206 - Confusion Matrix:
[[778   0  20 103  11   8  63   0  17   0]
 [  0 924  11  45  12   1   5   0   2   0]
 [  8   0 720  14 191   3  54   0  10   0]
 [ 10   4  14 882  62   1  24   0   3   0]
 [  1   0  87  30 851   0  28   0   3   0]
 [  0   0   0   4   0 866   0 110   3  17]
 [175   0 149  77 208   5 366   0  20   0]
 [  0   0   0   0   0  11   0 971   1  17]
 [  0   1   3  11   7   5  17   6 948   2]
 [  0   0   0   1   0   4   0 100   1 894]]
2020-10-20 16:28:34.333 | DEBUG    | client:test:207 - Class precision: [0.80041152 0.99461787 0.71713147 0.75578406 0.63412817 0.9579646
 0.65709156 0.81802864 0.94047619 0.96129032]
2020-10-20 16:28:34.334 | DEBUG    | client:test:208 - Class recall: [0.778 0.924 0.72  0.882 0.851 0.866 0.366 0.971 0.948 0.894]
2020-10-20 16:28:34.337 | INFO     | server:train_subset_of_clients:38 - Training epoch #3 on client #46
2020-10-20 16:28:34.368 | INFO     | client:train:139 - [3,     0] loss: 0.002
2020-10-20 16:28:36.481 | INFO     | client:train:139 - [3,   100] loss: 0.588
2020-10-20 16:28:36.873 | INFO     | server:train_subset_of_clients:38 - Training epoch #3 on client #20
2020-10-20 16:28:36.895 | INFO     | client:train:139 - [3,     0] loss: 0.035
2020-10-20 16:28:38.891 | INFO     | client:train:139 - [3,   100] loss: 0.670
2020-10-20 16:28:39.274 | INFO     | server:train_subset_of_clients:38 - Training epoch #3 on client #7
2020-10-20 16:28:39.296 | INFO     | client:train:139 - [3,     0] loss: 0.006
2020-10-20 16:28:42.656 | INFO     | client:train:139 - [3,   100] loss: 0.596
2020-10-20 16:28:43.143 | INFO     | server:train_subset_of_clients:38 - Training epoch #3 on client #21
2020-10-20 16:28:43.171 | INFO     | client:train:139 - [3,     0] loss: 0.002
2020-10-20 16:28:46.661 | INFO     | client:train:139 - [3,   100] loss: 0.606
2020-10-20 16:28:47.495 | INFO     | server:train_subset_of_clients:38 - Training epoch #3 on client #19
2020-10-20 16:28:47.534 | INFO     | client:train:139 - [3,     0] loss: 0.004
2020-10-20 16:28:50.946 | INFO     | client:train:139 - [3,   100] loss: 0.703
2020-10-20 16:28:51.806 | INFO     | server:train_subset_of_clients:41 - Averaging client parameters
2020-10-20 16:28:51.810 | INFO     | server:train_subset_of_clients:46 - Updating parameters on client #0
2020-10-20 16:28:51.813 | INFO     | server:train_subset_of_clients:46 - Updating parameters on client #1
2020-10-20 16:28:51.814 | INFO     | server:train_subset_of_clients:46 - Updating parameters on client #2
2020-10-20 16:28:51.816 | INFO     | server:train_subset_of_clients:46 - Updating parameters on client #3
2020-10-20 16:28:51.818 | INFO     | server:train_subset_of_clients:46 - Updating parameters on client #4
2020-10-20 16:28:51.820 | INFO     | server:train_subset_of_clients:46 - Updating parameters on client #5
2020-10-20 16:28:51.821 | INFO     | server:train_subset_of_clients:46 - Updating parameters on client #6
2020-10-20 16:28:51.824 | INFO     | server:train_subset_of_clients:46 - Updating parameters on client #7
2020-10-20 16:28:51.827 | INFO     | server:train_subset_of_clients:46 - Updating parameters on client #8
2020-10-20 16:28:51.831 | INFO     | server:train_subset_of_clients:46 - Updating parameters on client #9
2020-10-20 16:28:51.834 | INFO     | server:train_subset_of_clients:46 - Updating parameters on client #10
2020-10-20 16:28:51.837 | INFO     | server:train_subset_of_clients:46 - Updating parameters on client #11
2020-10-20 16:28:51.839 | INFO     | server:train_subset_of_clients:46 - Updating parameters on client #12
2020-10-20 16:28:51.841 | INFO     | server:train_subset_of_clients:46 - Updating parameters on client #13
2020-10-20 16:28:51.843 | INFO     | server:train_subset_of_clients:46 - Updating parameters on client #14
2020-10-20 16:28:51.847 | INFO     | server:train_subset_of_clients:46 - Updating parameters on client #15
2020-10-20 16:28:51.850 | INFO     | server:train_subset_of_clients:46 - Updating parameters on client #16
2020-10-20 16:28:51.853 | INFO     | server:train_subset_of_clients:46 - Updating parameters on client #17
2020-10-20 16:28:51.855 | INFO     | server:train_subset_of_clients:46 - Updating parameters on client #18
2020-10-20 16:28:51.857 | INFO     | server:train_subset_of_clients:46 - Updating parameters on client #19
2020-10-20 16:28:51.859 | INFO     | server:train_subset_of_clients:46 - Updating parameters on client #20
2020-10-20 16:28:51.860 | INFO     | server:train_subset_of_clients:46 - Updating parameters on client #21
2020-10-20 16:28:51.862 | INFO     | server:train_subset_of_clients:46 - Updating parameters on client #22
2020-10-20 16:28:51.864 | INFO     | server:train_subset_of_clients:46 - Updating parameters on client #23
2020-10-20 16:28:51.866 | INFO     | server:train_subset_of_clients:46 - Updating parameters on client #24
2020-10-20 16:28:51.868 | INFO     | server:train_subset_of_clients:46 - Updating parameters on client #25
2020-10-20 16:28:51.870 | INFO     | server:train_subset_of_clients:46 - Updating parameters on client #26
2020-10-20 16:28:51.874 | INFO     | server:train_subset_of_clients:46 - Updating parameters on client #27
2020-10-20 16:28:51.877 | INFO     | server:train_subset_of_clients:46 - Updating parameters on client #28
2020-10-20 16:28:51.881 | INFO     | server:train_subset_of_clients:46 - Updating parameters on client #29
2020-10-20 16:28:51.884 | INFO     | server:train_subset_of_clients:46 - Updating parameters on client #30
2020-10-20 16:28:51.886 | INFO     | server:train_subset_of_clients:46 - Updating parameters on client #31
2020-10-20 16:28:51.889 | INFO     | server:train_subset_of_clients:46 - Updating parameters on client #32
2020-10-20 16:28:51.892 | INFO     | server:train_subset_of_clients:46 - Updating parameters on client #33
2020-10-20 16:28:51.894 | INFO     | server:train_subset_of_clients:46 - Updating parameters on client #34
2020-10-20 16:28:51.896 | INFO     | server:train_subset_of_clients:46 - Updating parameters on client #35
2020-10-20 16:28:51.899 | INFO     | server:train_subset_of_clients:46 - Updating parameters on client #36
2020-10-20 16:28:51.901 | INFO     | server:train_subset_of_clients:46 - Updating parameters on client #37
2020-10-20 16:28:51.903 | INFO     | server:train_subset_of_clients:46 - Updating parameters on client #38
2020-10-20 16:28:51.905 | INFO     | server:train_subset_of_clients:46 - Updating parameters on client #39
2020-10-20 16:28:51.907 | INFO     | server:train_subset_of_clients:46 - Updating parameters on client #40
2020-10-20 16:28:51.910 | INFO     | server:train_subset_of_clients:46 - Updating parameters on client #41
2020-10-20 16:28:51.913 | INFO     | server:train_subset_of_clients:46 - Updating parameters on client #42
2020-10-20 16:28:51.917 | INFO     | server:train_subset_of_clients:46 - Updating parameters on client #43
2020-10-20 16:28:51.919 | INFO     | server:train_subset_of_clients:46 - Updating parameters on client #44
2020-10-20 16:28:51.920 | INFO     | server:train_subset_of_clients:46 - Updating parameters on client #45
2020-10-20 16:28:51.922 | INFO     | server:train_subset_of_clients:46 - Updating parameters on client #46
2020-10-20 16:28:51.924 | INFO     | server:train_subset_of_clients:46 - Updating parameters on client #47
2020-10-20 16:28:51.926 | INFO     | server:train_subset_of_clients:46 - Updating parameters on client #48
2020-10-20 16:28:51.927 | INFO     | server:train_subset_of_clients:46 - Updating parameters on client #49
2020-10-20 16:28:58.540 | DEBUG    | client:test:203 - Test set: Accuracy: 8158/10000 (82%)
2020-10-20 16:28:58.542 | DEBUG    | client:test:204 - Test set: Loss: 5.143356412649155
2020-10-20 16:28:58.598 | DEBUG    | client:test:205 - Classification Report:
              precision    recall  f1-score   support

           0       0.71      0.88      0.79      1000
           1       1.00      0.84      0.92      1000
           2       0.80      0.68      0.73      1000
           3       0.81      0.85      0.83      1000
           4       0.77      0.65      0.71      1000
           5       0.88      0.96      0.92      1000
           6       0.49      0.57      0.53      1000
           7       0.87      0.92      0.89      1000
           8       0.96      0.93      0.94      1000
           9       0.98      0.87      0.92      1000

    accuracy                           0.82     10000
   macro avg       0.83      0.82      0.82     10000
weighted avg       0.83      0.82      0.82     10000

2020-10-20 16:28:58.601 | DEBUG    | client:test:206 - Confusion Matrix:
[[879   0   5  23   3   9  71   0  10   0]
 [ 20 845   8  99   6   2  17   0   2   1]
 [ 20   0 677   7  99   4 188   0   5   0]
 [ 51   0   3 846  32   6  60   0   2   0]
 [  5   0  73  34 653   3 227   0   5   0]
 [  0   0   0   3   0 963   0  25   1   8]
 [251   0  75  24  53   9 574   0  14   0]
 [  0   0   0   0   0  69   0 918   0  13]
 [  4   0   4   9   1  11  36   5 930   0]
 [  0   0   0   0   0  17   2 107   1 873]]
2020-10-20 16:28:58.608 | DEBUG    | client:test:207 - Class precision: [0.71463415 1.         0.80118343 0.80956938 0.77095632 0.8810613
 0.48851064 0.87014218 0.95876289 0.97541899]
2020-10-20 16:28:58.610 | DEBUG    | client:test:208 - Class recall: [0.879 0.845 0.677 0.846 0.653 0.963 0.574 0.918 0.93  0.873]
2020-10-20 16:28:58.615 | INFO     | server:train_subset_of_clients:38 - Training epoch #4 on client #31
2020-10-20 16:28:58.676 | INFO     | client:train:139 - [4,     0] loss: 0.006
2020-10-20 16:29:01.819 | INFO     | client:train:139 - [4,   100] loss: 0.567
2020-10-20 16:29:02.224 | INFO     | server:train_subset_of_clients:38 - Training epoch #4 on client #13
2020-10-20 16:29:02.246 | INFO     | client:train:139 - [4,     0] loss: 0.005
2020-10-20 16:29:04.716 | INFO     | client:train:139 - [4,   100] loss: 0.635
2020-10-20 16:29:05.378 | INFO     | server:train_subset_of_clients:38 - Training epoch #4 on client #27
2020-10-20 16:29:05.443 | INFO     | client:train:139 - [4,     0] loss: 0.004
2020-10-20 16:29:08.493 | INFO     | client:train:139 - [4,   100] loss: 0.507
2020-10-20 16:29:08.957 | INFO     | server:train_subset_of_clients:38 - Training epoch #4 on client #12
2020-10-20 16:29:08.978 | INFO     | client:train:139 - [4,     0] loss: 0.008
2020-10-20 16:29:11.857 | INFO     | client:train:139 - [4,   100] loss: 0.512
2020-10-20 16:29:12.528 | INFO     | server:train_subset_of_clients:38 - Training epoch #4 on client #28
2020-10-20 16:29:12.554 | INFO     | client:train:139 - [4,     0] loss: 0.006
2020-10-20 16:29:15.157 | INFO     | client:train:139 - [4,   100] loss: 0.546
2020-10-20 16:29:15.621 | INFO     | server:train_subset_of_clients:41 - Averaging client parameters
2020-10-20 16:29:15.624 | INFO     | server:train_subset_of_clients:46 - Updating parameters on client #0
2020-10-20 16:29:15.626 | INFO     | server:train_subset_of_clients:46 - Updating parameters on client #1
2020-10-20 16:29:15.628 | INFO     | server:train_subset_of_clients:46 - Updating parameters on client #2
2020-10-20 16:29:15.629 | INFO     | server:train_subset_of_clients:46 - Updating parameters on client #3
2020-10-20 16:29:15.631 | INFO     | server:train_subset_of_clients:46 - Updating parameters on client #4
2020-10-20 16:29:15.633 | INFO     | server:train_subset_of_clients:46 - Updating parameters on client #5
2020-10-20 16:29:15.634 | INFO     | server:train_subset_of_clients:46 - Updating parameters on client #6
2020-10-20 16:29:15.636 | INFO     | server:train_subset_of_clients:46 - Updating parameters on client #7
2020-10-20 16:29:15.637 | INFO     | server:train_subset_of_clients:46 - Updating parameters on client #8
2020-10-20 16:29:15.639 | INFO     | server:train_subset_of_clients:46 - Updating parameters on client #9
2020-10-20 16:29:15.641 | INFO     | server:train_subset_of_clients:46 - Updating parameters on client #10
2020-10-20 16:29:15.643 | INFO     | server:train_subset_of_clients:46 - Updating parameters on client #11
2020-10-20 16:29:15.644 | INFO     | server:train_subset_of_clients:46 - Updating parameters on client #12
2020-10-20 16:29:15.646 | INFO     | server:train_subset_of_clients:46 - Updating parameters on client #13
2020-10-20 16:29:15.647 | INFO     | server:train_subset_of_clients:46 - Updating parameters on client #14
2020-10-20 16:29:15.649 | INFO     | server:train_subset_of_clients:46 - Updating parameters on client #15
2020-10-20 16:29:15.651 | INFO     | server:train_subset_of_clients:46 - Updating parameters on client #16
2020-10-20 16:29:15.653 | INFO     | server:train_subset_of_clients:46 - Updating parameters on client #17
2020-10-20 16:29:15.654 | INFO     | server:train_subset_of_clients:46 - Updating parameters on client #18
2020-10-20 16:29:15.656 | INFO     | server:train_subset_of_clients:46 - Updating parameters on client #19
2020-10-20 16:29:15.658 | INFO     | server:train_subset_of_clients:46 - Updating parameters on client #20
2020-10-20 16:29:15.660 | INFO     | server:train_subset_of_clients:46 - Updating parameters on client #21
2020-10-20 16:29:15.662 | INFO     | server:train_subset_of_clients:46 - Updating parameters on client #22
2020-10-20 16:29:15.663 | INFO     | server:train_subset_of_clients:46 - Updating parameters on client #23
2020-10-20 16:29:15.665 | INFO     | server:train_subset_of_clients:46 - Updating parameters on client #24
2020-10-20 16:29:15.666 | INFO     | server:train_subset_of_clients:46 - Updating parameters on client #25
2020-10-20 16:29:15.668 | INFO     | server:train_subset_of_clients:46 - Updating parameters on client #26
2020-10-20 16:29:15.670 | INFO     | server:train_subset_of_clients:46 - Updating parameters on client #27
2020-10-20 16:29:15.671 | INFO     | server:train_subset_of_clients:46 - Updating parameters on client #28
2020-10-20 16:29:15.673 | INFO     | server:train_subset_of_clients:46 - Updating parameters on client #29
2020-10-20 16:29:15.675 | INFO     | server:train_subset_of_clients:46 - Updating parameters on client #30
2020-10-20 16:29:15.677 | INFO     | server:train_subset_of_clients:46 - Updating parameters on client #31
2020-10-20 16:29:15.678 | INFO     | server:train_subset_of_clients:46 - Updating parameters on client #32
2020-10-20 16:29:15.680 | INFO     | server:train_subset_of_clients:46 - Updating parameters on client #33
2020-10-20 16:29:15.681 | INFO     | server:train_subset_of_clients:46 - Updating parameters on client #34
2020-10-20 16:29:15.683 | INFO     | server:train_subset_of_clients:46 - Updating parameters on client #35
2020-10-20 16:29:15.685 | INFO     | server:train_subset_of_clients:46 - Updating parameters on client #36
2020-10-20 16:29:15.686 | INFO     | server:train_subset_of_clients:46 - Updating parameters on client #37
2020-10-20 16:29:15.688 | INFO     | server:train_subset_of_clients:46 - Updating parameters on client #38
2020-10-20 16:29:15.690 | INFO     | server:train_subset_of_clients:46 - Updating parameters on client #39
2020-10-20 16:29:15.692 | INFO     | server:train_subset_of_clients:46 - Updating parameters on client #40
2020-10-20 16:29:15.693 | INFO     | server:train_subset_of_clients:46 - Updating parameters on client #41
2020-10-20 16:29:15.695 | INFO     | server:train_subset_of_clients:46 - Updating parameters on client #42
2020-10-20 16:29:15.697 | INFO     | server:train_subset_of_clients:46 - Updating parameters on client #43
2020-10-20 16:29:15.699 | INFO     | server:train_subset_of_clients:46 - Updating parameters on client #44
2020-10-20 16:29:15.701 | INFO     | server:train_subset_of_clients:46 - Updating parameters on client #45
2020-10-20 16:29:15.703 | INFO     | server:train_subset_of_clients:46 - Updating parameters on client #46
2020-10-20 16:29:15.705 | INFO     | server:train_subset_of_clients:46 - Updating parameters on client #47
2020-10-20 16:29:15.708 | INFO     | server:train_subset_of_clients:46 - Updating parameters on client #48
2020-10-20 16:29:15.711 | INFO     | server:train_subset_of_clients:46 - Updating parameters on client #49
2020-10-20 16:29:19.841 | DEBUG    | client:test:203 - Test set: Accuracy: 8459/10000 (85%)
2020-10-20 16:29:19.842 | DEBUG    | client:test:204 - Test set: Loss: 4.33216667175293
2020-10-20 16:29:19.874 | DEBUG    | client:test:205 - Classification Report:
              precision    recall  f1-score   support

           0       0.80      0.83      0.81      1000
           1       0.98      0.95      0.97      1000
           2       0.69      0.82      0.75      1000
           3       0.83      0.87      0.85      1000
           4       0.68      0.84      0.75      1000
           5       0.95      0.93      0.94      1000
           6       0.76      0.40      0.52      1000
           7       0.91      0.91      0.91      1000
           8       0.96      0.95      0.95      1000
           9       0.92      0.96      0.94      1000

    accuracy                           0.85     10000
   macro avg       0.85      0.85      0.84     10000
weighted avg       0.85      0.85      0.84     10000

2020-10-20 16:29:19.876 | DEBUG    | client:test:206 - Confusion Matrix:
[[827   1  30  61  11   7  48   0  15   0]
 [  1 952   8  27   8   1   1   0   2   0]
 [ 14   0 821   8 125   1  27   0   4   0]
 [ 20  12  16 867  56   1  28   0   0   0]
 [  1   1 117  26 839   0  14   0   2   0]
 [  0   0   0   3   0 929   0  45   2  21]
 [170   1 189  45 178   2 398   0  16   1]
 [  0   0   0   0   0  28   0 914   1  57]
 [  0   2  10   8   8   3   9   4 953   3]
 [  0   0   0   0   0   4   0  36   1 959]]
2020-10-20 16:29:19.877 | DEBUG    | client:test:207 - Class precision: [0.80058083 0.98245614 0.68933669 0.82966507 0.68489796 0.95184426
 0.75809524 0.91491491 0.95682731 0.92122959]
2020-10-20 16:29:19.878 | DEBUG    | client:test:208 - Class recall: [0.827 0.952 0.821 0.867 0.839 0.929 0.398 0.914 0.953 0.959]
2020-10-20 16:29:19.881 | INFO     | server:train_subset_of_clients:38 - Training epoch #5 on client #4
2020-10-20 16:29:19.912 | INFO     | client:train:139 - [5,     0] loss: 0.005
2020-10-20 16:29:21.897 | INFO     | client:train:139 - [5,   100] loss: 0.521
2020-10-20 16:29:22.277 | INFO     | server:train_subset_of_clients:38 - Training epoch #5 on client #37
2020-10-20 16:29:22.299 | INFO     | client:train:139 - [5,     0] loss: 0.010
2020-10-20 16:29:24.334 | INFO     | client:train:139 - [5,   100] loss: 0.571
2020-10-20 16:29:24.717 | INFO     | server:train_subset_of_clients:38 - Training epoch #5 on client #22
2020-10-20 16:29:24.740 | INFO     | client:train:139 - [5,     0] loss: 0.001
2020-10-20 16:29:26.833 | INFO     | client:train:139 - [5,   100] loss: 0.533
2020-10-20 16:29:27.225 | INFO     | server:train_subset_of_clients:38 - Training epoch #5 on client #23
2020-10-20 16:29:27.246 | INFO     | client:train:139 - [5,     0] loss: 0.005
2020-10-20 16:29:29.252 | INFO     | client:train:139 - [5,   100] loss: 0.517
2020-10-20 16:29:29.623 | INFO     | server:train_subset_of_clients:38 - Training epoch #5 on client #28
2020-10-20 16:29:29.643 | INFO     | client:train:139 - [5,     0] loss: 0.007
2020-10-20 16:29:31.616 | INFO     | client:train:139 - [5,   100] loss: 0.498
2020-10-20 16:29:32.009 | INFO     | server:train_subset_of_clients:41 - Averaging client parameters
2020-10-20 16:29:32.012 | INFO     | server:train_subset_of_clients:46 - Updating parameters on client #0
2020-10-20 16:29:32.014 | INFO     | server:train_subset_of_clients:46 - Updating parameters on client #1
2020-10-20 16:29:32.016 | INFO     | server:train_subset_of_clients:46 - Updating parameters on client #2
2020-10-20 16:29:32.017 | INFO     | server:train_subset_of_clients:46 - Updating parameters on client #3
2020-10-20 16:29:32.019 | INFO     | server:train_subset_of_clients:46 - Updating parameters on client #4
2020-10-20 16:29:32.021 | INFO     | server:train_subset_of_clients:46 - Updating parameters on client #5
2020-10-20 16:29:32.023 | INFO     | server:train_subset_of_clients:46 - Updating parameters on client #6
2020-10-20 16:29:32.024 | INFO     | server:train_subset_of_clients:46 - Updating parameters on client #7
2020-10-20 16:29:32.027 | INFO     | server:train_subset_of_clients:46 - Updating parameters on client #8
2020-10-20 16:29:32.029 | INFO     | server:train_subset_of_clients:46 - Updating parameters on client #9
2020-10-20 16:29:32.031 | INFO     | server:train_subset_of_clients:46 - Updating parameters on client #10
2020-10-20 16:29:32.033 | INFO     | server:train_subset_of_clients:46 - Updating parameters on client #11
2020-10-20 16:29:32.034 | INFO     | server:train_subset_of_clients:46 - Updating parameters on client #12
2020-10-20 16:29:32.036 | INFO     | server:train_subset_of_clients:46 - Updating parameters on client #13
2020-10-20 16:29:32.038 | INFO     | server:train_subset_of_clients:46 - Updating parameters on client #14
2020-10-20 16:29:32.039 | INFO     | server:train_subset_of_clients:46 - Updating parameters on client #15
2020-10-20 16:29:32.041 | INFO     | server:train_subset_of_clients:46 - Updating parameters on client #16
2020-10-20 16:29:32.044 | INFO     | server:train_subset_of_clients:46 - Updating parameters on client #17
2020-10-20 16:29:32.046 | INFO     | server:train_subset_of_clients:46 - Updating parameters on client #18
2020-10-20 16:29:32.048 | INFO     | server:train_subset_of_clients:46 - Updating parameters on client #19
2020-10-20 16:29:32.049 | INFO     | server:train_subset_of_clients:46 - Updating parameters on client #20
2020-10-20 16:29:32.051 | INFO     | server:train_subset_of_clients:46 - Updating parameters on client #21
2020-10-20 16:29:32.053 | INFO     | server:train_subset_of_clients:46 - Updating parameters on client #22
2020-10-20 16:29:32.055 | INFO     | server:train_subset_of_clients:46 - Updating parameters on client #23
2020-10-20 16:29:32.056 | INFO     | server:train_subset_of_clients:46 - Updating parameters on client #24
2020-10-20 16:29:32.058 | INFO     | server:train_subset_of_clients:46 - Updating parameters on client #25
2020-10-20 16:29:32.060 | INFO     | server:train_subset_of_clients:46 - Updating parameters on client #26
2020-10-20 16:29:32.062 | INFO     | server:train_subset_of_clients:46 - Updating parameters on client #27
2020-10-20 16:29:32.063 | INFO     | server:train_subset_of_clients:46 - Updating parameters on client #28
2020-10-20 16:29:32.065 | INFO     | server:train_subset_of_clients:46 - Updating parameters on client #29
2020-10-20 16:29:32.067 | INFO     | server:train_subset_of_clients:46 - Updating parameters on client #30
2020-10-20 16:29:32.070 | INFO     | server:train_subset_of_clients:46 - Updating parameters on client #31
2020-10-20 16:29:32.071 | INFO     | server:train_subset_of_clients:46 - Updating parameters on client #32
2020-10-20 16:29:32.073 | INFO     | server:train_subset_of_clients:46 - Updating parameters on client #33
2020-10-20 16:29:32.075 | INFO     | server:train_subset_of_clients:46 - Updating parameters on client #34
2020-10-20 16:29:32.077 | INFO     | server:train_subset_of_clients:46 - Updating parameters on client #35
2020-10-20 16:29:32.079 | INFO     | server:train_subset_of_clients:46 - Updating parameters on client #36
2020-10-20 16:29:32.081 | INFO     | server:train_subset_of_clients:46 - Updating parameters on client #37
2020-10-20 16:29:32.083 | INFO     | server:train_subset_of_clients:46 - Updating parameters on client #38
2020-10-20 16:29:32.085 | INFO     | server:train_subset_of_clients:46 - Updating parameters on client #39
2020-10-20 16:29:32.087 | INFO     | server:train_subset_of_clients:46 - Updating parameters on client #40
2020-10-20 16:29:32.089 | INFO     | server:train_subset_of_clients:46 - Updating parameters on client #41
2020-10-20 16:29:32.092 | INFO     | server:train_subset_of_clients:46 - Updating parameters on client #42
2020-10-20 16:29:32.093 | INFO     | server:train_subset_of_clients:46 - Updating parameters on client #43
2020-10-20 16:29:32.095 | INFO     | server:train_subset_of_clients:46 - Updating parameters on client #44
2020-10-20 16:29:32.097 | INFO     | server:train_subset_of_clients:46 - Updating parameters on client #45
2020-10-20 16:29:32.099 | INFO     | server:train_subset_of_clients:46 - Updating parameters on client #46
2020-10-20 16:29:32.101 | INFO     | server:train_subset_of_clients:46 - Updating parameters on client #47
2020-10-20 16:29:32.103 | INFO     | server:train_subset_of_clients:46 - Updating parameters on client #48
2020-10-20 16:29:32.105 | INFO     | server:train_subset_of_clients:46 - Updating parameters on client #49
2020-10-20 16:29:36.644 | DEBUG    | client:test:203 - Test set: Accuracy: 8482/10000 (85%)
2020-10-20 16:29:36.644 | DEBUG    | client:test:204 - Test set: Loss: 4.227113604545593
2020-10-20 16:29:36.674 | DEBUG    | client:test:205 - Classification Report:
              precision    recall  f1-score   support

           0       0.88      0.71      0.79      1000
           1       0.99      0.95      0.97      1000
           2       0.70      0.86      0.77      1000
           3       0.77      0.91      0.83      1000
           4       0.78      0.72      0.75      1000
           5       0.96      0.92      0.94      1000
           6       0.65      0.57      0.60      1000
           7       0.91      0.93      0.92      1000
           8       0.94      0.96      0.95      1000
           9       0.92      0.96      0.94      1000

    accuracy                           0.85     10000
   macro avg       0.85      0.85      0.85     10000
weighted avg       0.85      0.85      0.85     10000

2020-10-20 16:29:36.676 | DEBUG    | client:test:206 - Confusion Matrix:
[[707   1  28  92   3   7 146   0  16   0]
 [  1 948   6  36   4   0   3   0   2   0]
 [  4   0 857  15  64   2  48   0  10   0]
 [  6   6   9 908  28   0  42   0   1   0]
 [  0   1 164  43 725   1  63   0   3   0]
 [  0   0   0   5   0 924   0  50   2  19]
 [ 83   1 157  66  99   3 566   0  25   0]
 [  0   0   0   0   0  13   0 928   1  58]
 [  0   1   6  14   3   4   7   4 958   3]
 [  0   0   0   0   0   4   1  33   1 961]]
2020-10-20 16:29:36.676 | DEBUG    | client:test:207 - Class precision: [0.88264669 0.98956159 0.69845151 0.77014419 0.78293737 0.96450939
 0.64611872 0.91428571 0.94013739 0.92315082]
2020-10-20 16:29:36.677 | DEBUG    | client:test:208 - Class recall: [0.707 0.948 0.857 0.908 0.725 0.924 0.566 0.928 0.958 0.961]
2020-10-20 16:29:36.679 | INFO     | server:train_subset_of_clients:38 - Training epoch #6 on client #41
2020-10-20 16:29:36.711 | INFO     | client:train:139 - [6,     0] loss: 0.007
2020-10-20 16:29:38.888 | INFO     | client:train:139 - [6,   100] loss: 0.539
2020-10-20 16:29:39.292 | INFO     | server:train_subset_of_clients:38 - Training epoch #6 on client #8
2020-10-20 16:29:39.314 | INFO     | client:train:139 - [6,     0] loss: 0.004
2020-10-20 16:29:41.895 | INFO     | client:train:139 - [6,   100] loss: 0.567
2020-10-20 16:29:42.329 | INFO     | server:train_subset_of_clients:38 - Training epoch #6 on client #11
2020-10-20 16:29:42.355 | INFO     | client:train:139 - [6,     0] loss: 0.004
2020-10-20 16:29:44.478 | INFO     | client:train:139 - [6,   100] loss: 0.491
2020-10-20 16:29:44.874 | INFO     | server:train_subset_of_clients:38 - Training epoch #6 on client #32
2020-10-20 16:29:44.895 | INFO     | client:train:139 - [6,     0] loss: 0.001
2020-10-20 16:29:47.092 | INFO     | client:train:139 - [6,   100] loss: 0.481
2020-10-20 16:29:47.487 | INFO     | server:train_subset_of_clients:38 - Training epoch #6 on client #22
2020-10-20 16:29:47.509 | INFO     | client:train:139 - [6,     0] loss: 0.009
2020-10-20 16:29:49.811 | INFO     | client:train:139 - [6,   100] loss: 0.495
2020-10-20 16:29:50.213 | INFO     | server:train_subset_of_clients:41 - Averaging client parameters
2020-10-20 16:29:50.216 | INFO     | server:train_subset_of_clients:46 - Updating parameters on client #0
2020-10-20 16:29:50.218 | INFO     | server:train_subset_of_clients:46 - Updating parameters on client #1
2020-10-20 16:29:50.220 | INFO     | server:train_subset_of_clients:46 - Updating parameters on client #2
2020-10-20 16:29:50.222 | INFO     | server:train_subset_of_clients:46 - Updating parameters on client #3
2020-10-20 16:29:50.224 | INFO     | server:train_subset_of_clients:46 - Updating parameters on client #4
2020-10-20 16:29:50.226 | INFO     | server:train_subset_of_clients:46 - Updating parameters on client #5
2020-10-20 16:29:50.228 | INFO     | server:train_subset_of_clients:46 - Updating parameters on client #6
2020-10-20 16:29:50.230 | INFO     | server:train_subset_of_clients:46 - Updating parameters on client #7
2020-10-20 16:29:50.231 | INFO     | server:train_subset_of_clients:46 - Updating parameters on client #8
2020-10-20 16:29:50.233 | INFO     | server:train_subset_of_clients:46 - Updating parameters on client #9
2020-10-20 16:29:50.236 | INFO     | server:train_subset_of_clients:46 - Updating parameters on client #10
2020-10-20 16:29:50.237 | INFO     | server:train_subset_of_clients:46 - Updating parameters on client #11
2020-10-20 16:29:50.239 | INFO     | server:train_subset_of_clients:46 - Updating parameters on client #12
2020-10-20 16:29:50.241 | INFO     | server:train_subset_of_clients:46 - Updating parameters on client #13
2020-10-20 16:29:50.243 | INFO     | server:train_subset_of_clients:46 - Updating parameters on client #14
2020-10-20 16:29:50.245 | INFO     | server:train_subset_of_clients:46 - Updating parameters on client #15
2020-10-20 16:29:50.247 | INFO     | server:train_subset_of_clients:46 - Updating parameters on client #16
2020-10-20 16:29:50.249 | INFO     | server:train_subset_of_clients:46 - Updating parameters on client #17
2020-10-20 16:29:50.252 | INFO     | server:train_subset_of_clients:46 - Updating parameters on client #18
2020-10-20 16:29:50.253 | INFO     | server:train_subset_of_clients:46 - Updating parameters on client #19
2020-10-20 16:29:50.255 | INFO     | server:train_subset_of_clients:46 - Updating parameters on client #20
2020-10-20 16:29:50.257 | INFO     | server:train_subset_of_clients:46 - Updating parameters on client #21
2020-10-20 16:29:50.259 | INFO     | server:train_subset_of_clients:46 - Updating parameters on client #22
2020-10-20 16:29:50.261 | INFO     | server:train_subset_of_clients:46 - Updating parameters on client #23
2020-10-20 16:29:50.263 | INFO     | server:train_subset_of_clients:46 - Updating parameters on client #24
2020-10-20 16:29:50.265 | INFO     | server:train_subset_of_clients:46 - Updating parameters on client #25
2020-10-20 16:29:50.266 | INFO     | server:train_subset_of_clients:46 - Updating parameters on client #26
2020-10-20 16:29:50.269 | INFO     | server:train_subset_of_clients:46 - Updating parameters on client #27
2020-10-20 16:29:50.270 | INFO     | server:train_subset_of_clients:46 - Updating parameters on client #28
2020-10-20 16:29:50.272 | INFO     | server:train_subset_of_clients:46 - Updating parameters on client #29
2020-10-20 16:29:50.274 | INFO     | server:train_subset_of_clients:46 - Updating parameters on client #30
2020-10-20 16:29:50.276 | INFO     | server:train_subset_of_clients:46 - Updating parameters on client #31
2020-10-20 16:29:50.278 | INFO     | server:train_subset_of_clients:46 - Updating parameters on client #32
2020-10-20 16:29:50.286 | INFO     | server:train_subset_of_clients:46 - Updating parameters on client #33
2020-10-20 16:29:50.289 | INFO     | server:train_subset_of_clients:46 - Updating parameters on client #34
2020-10-20 16:29:50.292 | INFO     | server:train_subset_of_clients:46 - Updating parameters on client #35
2020-10-20 16:29:50.294 | INFO     | server:train_subset_of_clients:46 - Updating parameters on client #36
2020-10-20 16:29:50.295 | INFO     | server:train_subset_of_clients:46 - Updating parameters on client #37
2020-10-20 16:29:50.298 | INFO     | server:train_subset_of_clients:46 - Updating parameters on client #38
2020-10-20 16:29:50.300 | INFO     | server:train_subset_of_clients:46 - Updating parameters on client #39
2020-10-20 16:29:50.302 | INFO     | server:train_subset_of_clients:46 - Updating parameters on client #40
2020-10-20 16:29:50.304 | INFO     | server:train_subset_of_clients:46 - Updating parameters on client #41
2020-10-20 16:29:50.306 | INFO     | server:train_subset_of_clients:46 - Updating parameters on client #42
2020-10-20 16:29:50.308 | INFO     | server:train_subset_of_clients:46 - Updating parameters on client #43
2020-10-20 16:29:50.309 | INFO     | server:train_subset_of_clients:46 - Updating parameters on client #44
2020-10-20 16:29:50.311 | INFO     | server:train_subset_of_clients:46 - Updating parameters on client #45
2020-10-20 16:29:50.313 | INFO     | server:train_subset_of_clients:46 - Updating parameters on client #46
2020-10-20 16:29:50.315 | INFO     | server:train_subset_of_clients:46 - Updating parameters on client #47
2020-10-20 16:29:50.317 | INFO     | server:train_subset_of_clients:46 - Updating parameters on client #48
2020-10-20 16:29:50.319 | INFO     | server:train_subset_of_clients:46 - Updating parameters on client #49
2020-10-20 16:29:54.487 | DEBUG    | client:test:203 - Test set: Accuracy: 8427/10000 (84%)
2020-10-20 16:29:54.488 | DEBUG    | client:test:204 - Test set: Loss: 4.211995989084244
2020-10-20 16:29:54.521 | DEBUG    | client:test:205 - Classification Report:
              precision    recall  f1-score   support

           0       0.87      0.70      0.78      1000
           1       0.98      0.96      0.97      1000
           2       0.87      0.67      0.76      1000
           3       0.83      0.89      0.86      1000
           4       0.79      0.71      0.75      1000
           5       0.94      0.95      0.95      1000
           6       0.52      0.75      0.61      1000
           7       0.94      0.87      0.90      1000
           8       0.95      0.96      0.95      1000
           9       0.90      0.97      0.93      1000

    accuracy                           0.84     10000
   macro avg       0.86      0.84      0.85     10000
weighted avg       0.86      0.84      0.85     10000

2020-10-20 16:29:54.522 | DEBUG    | client:test:206 - Confusion Matrix:
[[702   2   4  54   2   7 215   0  14   0]
 [  2 960   1  23   3   1   8   0   2   0]
 [  6   0 670  12 102   2 201   0   7   0]
 [  9  13   1 889  20   1  65   0   2   0]
 [  0   3  49  43 706   0 195   0   4   0]
 [  0   0   0   3   0 951   0  27   2  17]
 [ 85   1  46  35  60   2 751   0  20   0]
 [  0   0   0   0   0  38   0 866   1  95]
 [  0   2   1   8   1   4  18   4 961   1]
 [  0   0   0   0   0   4   1  23   1 971]]
2020-10-20 16:29:54.523 | DEBUG    | client:test:207 - Class precision: [0.87313433 0.97859327 0.86787565 0.83317713 0.78970917 0.94158416
 0.51650619 0.94130435 0.94773176 0.89575646]
2020-10-20 16:29:54.524 | DEBUG    | client:test:208 - Class recall: [0.702 0.96  0.67  0.889 0.706 0.951 0.751 0.866 0.961 0.971]
2020-10-20 16:29:54.527 | INFO     | server:train_subset_of_clients:38 - Training epoch #7 on client #38
2020-10-20 16:29:54.556 | INFO     | client:train:139 - [7,     0] loss: 0.003
2020-10-20 16:29:56.574 | INFO     | client:train:139 - [7,   100] loss: 0.448
2020-10-20 16:29:56.958 | INFO     | server:train_subset_of_clients:38 - Training epoch #7 on client #25
2020-10-20 16:29:56.980 | INFO     | client:train:139 - [7,     0] loss: 0.005
2020-10-20 16:29:59.193 | INFO     | client:train:139 - [7,   100] loss: 0.444
2020-10-20 16:29:59.599 | INFO     | server:train_subset_of_clients:38 - Training epoch #7 on client #15
2020-10-20 16:29:59.619 | INFO     | client:train:139 - [7,     0] loss: 0.005
2020-10-20 16:30:01.691 | INFO     | client:train:139 - [7,   100] loss: 0.437
2020-10-20 16:30:02.069 | INFO     | server:train_subset_of_clients:38 - Training epoch #7 on client #47
2020-10-20 16:30:02.092 | INFO     | client:train:139 - [7,     0] loss: 0.003
2020-10-20 16:30:04.091 | INFO     | client:train:139 - [7,   100] loss: 0.453
2020-10-20 16:30:04.466 | INFO     | server:train_subset_of_clients:38 - Training epoch #7 on client #11
2020-10-20 16:30:04.486 | INFO     | client:train:139 - [7,     0] loss: 0.003
2020-10-20 16:30:06.415 | INFO     | client:train:139 - [7,   100] loss: 0.415
2020-10-20 16:30:06.786 | INFO     | server:train_subset_of_clients:41 - Averaging client parameters
2020-10-20 16:30:06.789 | INFO     | server:train_subset_of_clients:46 - Updating parameters on client #0
2020-10-20 16:30:06.791 | INFO     | server:train_subset_of_clients:46 - Updating parameters on client #1
2020-10-20 16:30:06.792 | INFO     | server:train_subset_of_clients:46 - Updating parameters on client #2
2020-10-20 16:30:06.794 | INFO     | server:train_subset_of_clients:46 - Updating parameters on client #3
2020-10-20 16:30:06.796 | INFO     | server:train_subset_of_clients:46 - Updating parameters on client #4
2020-10-20 16:30:06.797 | INFO     | server:train_subset_of_clients:46 - Updating parameters on client #5
2020-10-20 16:30:06.799 | INFO     | server:train_subset_of_clients:46 - Updating parameters on client #6
2020-10-20 16:30:06.801 | INFO     | server:train_subset_of_clients:46 - Updating parameters on client #7
2020-10-20 16:30:06.802 | INFO     | server:train_subset_of_clients:46 - Updating parameters on client #8
2020-10-20 16:30:06.804 | INFO     | server:train_subset_of_clients:46 - Updating parameters on client #9
2020-10-20 16:30:06.806 | INFO     | server:train_subset_of_clients:46 - Updating parameters on client #10
2020-10-20 16:30:06.807 | INFO     | server:train_subset_of_clients:46 - Updating parameters on client #11
2020-10-20 16:30:06.809 | INFO     | server:train_subset_of_clients:46 - Updating parameters on client #12
2020-10-20 16:30:06.810 | INFO     | server:train_subset_of_clients:46 - Updating parameters on client #13
2020-10-20 16:30:06.812 | INFO     | server:train_subset_of_clients:46 - Updating parameters on client #14
2020-10-20 16:30:06.814 | INFO     | server:train_subset_of_clients:46 - Updating parameters on client #15
2020-10-20 16:30:06.815 | INFO     | server:train_subset_of_clients:46 - Updating parameters on client #16
2020-10-20 16:30:06.817 | INFO     | server:train_subset_of_clients:46 - Updating parameters on client #17
2020-10-20 16:30:06.818 | INFO     | server:train_subset_of_clients:46 - Updating parameters on client #18
2020-10-20 16:30:06.820 | INFO     | server:train_subset_of_clients:46 - Updating parameters on client #19
2020-10-20 16:30:06.822 | INFO     | server:train_subset_of_clients:46 - Updating parameters on client #20
2020-10-20 16:30:06.823 | INFO     | server:train_subset_of_clients:46 - Updating parameters on client #21
2020-10-20 16:30:06.825 | INFO     | server:train_subset_of_clients:46 - Updating parameters on client #22
2020-10-20 16:30:06.827 | INFO     | server:train_subset_of_clients:46 - Updating parameters on client #23
2020-10-20 16:30:06.828 | INFO     | server:train_subset_of_clients:46 - Updating parameters on client #24
2020-10-20 16:30:06.830 | INFO     | server:train_subset_of_clients:46 - Updating parameters on client #25
2020-10-20 16:30:06.832 | INFO     | server:train_subset_of_clients:46 - Updating parameters on client #26
2020-10-20 16:30:06.833 | INFO     | server:train_subset_of_clients:46 - Updating parameters on client #27
2020-10-20 16:30:06.835 | INFO     | server:train_subset_of_clients:46 - Updating parameters on client #28
2020-10-20 16:30:06.836 | INFO     | server:train_subset_of_clients:46 - Updating parameters on client #29
2020-10-20 16:30:06.838 | INFO     | server:train_subset_of_clients:46 - Updating parameters on client #30
2020-10-20 16:30:06.840 | INFO     | server:train_subset_of_clients:46 - Updating parameters on client #31
2020-10-20 16:30:06.842 | INFO     | server:train_subset_of_clients:46 - Updating parameters on client #32
2020-10-20 16:30:06.843 | INFO     | server:train_subset_of_clients:46 - Updating parameters on client #33
2020-10-20 16:30:06.845 | INFO     | server:train_subset_of_clients:46 - Updating parameters on client #34
2020-10-20 16:30:06.847 | INFO     | server:train_subset_of_clients:46 - Updating parameters on client #35
2020-10-20 16:30:06.848 | INFO     | server:train_subset_of_clients:46 - Updating parameters on client #36
2020-10-20 16:30:06.850 | INFO     | server:train_subset_of_clients:46 - Updating parameters on client #37
2020-10-20 16:30:06.851 | INFO     | server:train_subset_of_clients:46 - Updating parameters on client #38
2020-10-20 16:30:06.853 | INFO     | server:train_subset_of_clients:46 - Updating parameters on client #39
2020-10-20 16:30:06.855 | INFO     | server:train_subset_of_clients:46 - Updating parameters on client #40
2020-10-20 16:30:06.856 | INFO     | server:train_subset_of_clients:46 - Updating parameters on client #41
2020-10-20 16:30:06.858 | INFO     | server:train_subset_of_clients:46 - Updating parameters on client #42
2020-10-20 16:30:06.860 | INFO     | server:train_subset_of_clients:46 - Updating parameters on client #43
2020-10-20 16:30:06.861 | INFO     | server:train_subset_of_clients:46 - Updating parameters on client #44
2020-10-20 16:30:06.863 | INFO     | server:train_subset_of_clients:46 - Updating parameters on client #45
2020-10-20 16:30:06.864 | INFO     | server:train_subset_of_clients:46 - Updating parameters on client #46
2020-10-20 16:30:06.866 | INFO     | server:train_subset_of_clients:46 - Updating parameters on client #47
2020-10-20 16:30:06.868 | INFO     | server:train_subset_of_clients:46 - Updating parameters on client #48
2020-10-20 16:30:06.869 | INFO     | server:train_subset_of_clients:46 - Updating parameters on client #49
2020-10-20 16:30:10.838 | DEBUG    | client:test:203 - Test set: Accuracy: 8644/10000 (86%)
2020-10-20 16:30:10.839 | DEBUG    | client:test:204 - Test set: Loss: 3.8614267706871033
2020-10-20 16:30:10.871 | DEBUG    | client:test:205 - Classification Report:
              precision    recall  f1-score   support

           0       0.83      0.82      0.82      1000
           1       0.98      0.96      0.97      1000
           2       0.77      0.83      0.80      1000
           3       0.84      0.90      0.87      1000
           4       0.81      0.73      0.77      1000
           5       0.97      0.94      0.95      1000
           6       0.65      0.63      0.64      1000
           7       0.93      0.90      0.92      1000
           8       0.96      0.96      0.96      1000
           9       0.90      0.97      0.93      1000

    accuracy                           0.86     10000
   macro avg       0.86      0.86      0.86     10000
weighted avg       0.86      0.86      0.86     10000

2020-10-20 16:30:10.872 | DEBUG    | client:test:206 - Confusion Matrix:
[[817   2  20  47   2   5  96   0  11   0]
 [  2 964   2  24   3   0   3   0   2   0]
 [ 10   0 827  11  70   1  74   0   7   0]
 [ 17  10   3 900  18   1  49   0   2   0]
 [  0   2 119  49 730   0  98   0   2   0]
 [  0   0   0   2   0 942   1  32   1  22]
 [144   2  98  31  76   1 630   0  16   2]
 [  0   0   0   0   0  18   0 902   1  79]
 [  0   2   3   6   2   2  13   4 965   3]
 [  0   0   0   0   0   3   1  28   1 967]]
2020-10-20 16:30:10.873 | DEBUG    | client:test:207 - Class precision: [0.82525253 0.98167006 0.77145522 0.8411215  0.81021088 0.96813977
 0.65284974 0.93374741 0.95734127 0.90121156]
2020-10-20 16:30:10.874 | DEBUG    | client:test:208 - Class recall: [0.817 0.964 0.827 0.9   0.73  0.942 0.63  0.902 0.965 0.967]
2020-10-20 16:30:10.876 | INFO     | server:train_subset_of_clients:38 - Training epoch #8 on client #29
2020-10-20 16:30:10.906 | INFO     | client:train:139 - [8,     0] loss: 0.007
2020-10-20 16:30:12.865 | INFO     | client:train:139 - [8,   100] loss: 0.433
2020-10-20 16:30:13.257 | INFO     | server:train_subset_of_clients:38 - Training epoch #8 on client #28
2020-10-20 16:30:13.278 | INFO     | client:train:139 - [8,     0] loss: 0.002
2020-10-20 16:30:15.250 | INFO     | client:train:139 - [8,   100] loss: 0.413
2020-10-20 16:30:15.638 | INFO     | server:train_subset_of_clients:38 - Training epoch #8 on client #24
2020-10-20 16:30:15.657 | INFO     | client:train:139 - [8,     0] loss: 0.008
2020-10-20 16:30:17.709 | INFO     | client:train:139 - [8,   100] loss: 0.423
2020-10-20 16:30:18.074 | INFO     | server:train_subset_of_clients:38 - Training epoch #8 on client #22
2020-10-20 16:30:18.094 | INFO     | client:train:139 - [8,     0] loss: 0.004
2020-10-20 16:30:20.333 | INFO     | client:train:139 - [8,   100] loss: 0.430
2020-10-20 16:30:20.938 | INFO     | server:train_subset_of_clients:38 - Training epoch #8 on client #34
2020-10-20 16:30:20.994 | INFO     | client:train:139 - [8,     0] loss: 0.002
2020-10-20 16:30:23.456 | INFO     | client:train:139 - [8,   100] loss: 0.485
2020-10-20 16:30:23.842 | INFO     | server:train_subset_of_clients:41 - Averaging client parameters
2020-10-20 16:30:23.845 | INFO     | server:train_subset_of_clients:46 - Updating parameters on client #0
2020-10-20 16:30:23.847 | INFO     | server:train_subset_of_clients:46 - Updating parameters on client #1
2020-10-20 16:30:23.848 | INFO     | server:train_subset_of_clients:46 - Updating parameters on client #2
2020-10-20 16:30:23.850 | INFO     | server:train_subset_of_clients:46 - Updating parameters on client #3
2020-10-20 16:30:23.852 | INFO     | server:train_subset_of_clients:46 - Updating parameters on client #4
2020-10-20 16:30:23.853 | INFO     | server:train_subset_of_clients:46 - Updating parameters on client #5
2020-10-20 16:30:23.855 | INFO     | server:train_subset_of_clients:46 - Updating parameters on client #6
2020-10-20 16:30:23.856 | INFO     | server:train_subset_of_clients:46 - Updating parameters on client #7
2020-10-20 16:30:23.858 | INFO     | server:train_subset_of_clients:46 - Updating parameters on client #8
2020-10-20 16:30:23.860 | INFO     | server:train_subset_of_clients:46 - Updating parameters on client #9
2020-10-20 16:30:23.861 | INFO     | server:train_subset_of_clients:46 - Updating parameters on client #10
2020-10-20 16:30:23.863 | INFO     | server:train_subset_of_clients:46 - Updating parameters on client #11
2020-10-20 16:30:23.865 | INFO     | server:train_subset_of_clients:46 - Updating parameters on client #12
2020-10-20 16:30:23.867 | INFO     | server:train_subset_of_clients:46 - Updating parameters on client #13
2020-10-20 16:30:23.868 | INFO     | server:train_subset_of_clients:46 - Updating parameters on client #14
2020-10-20 16:30:23.870 | INFO     | server:train_subset_of_clients:46 - Updating parameters on client #15
2020-10-20 16:30:23.872 | INFO     | server:train_subset_of_clients:46 - Updating parameters on client #16
2020-10-20 16:30:23.873 | INFO     | server:train_subset_of_clients:46 - Updating parameters on client #17
2020-10-20 16:30:23.875 | INFO     | server:train_subset_of_clients:46 - Updating parameters on client #18
2020-10-20 16:30:23.877 | INFO     | server:train_subset_of_clients:46 - Updating parameters on client #19
2020-10-20 16:30:23.878 | INFO     | server:train_subset_of_clients:46 - Updating parameters on client #20
2020-10-20 16:30:23.880 | INFO     | server:train_subset_of_clients:46 - Updating parameters on client #21
2020-10-20 16:30:23.882 | INFO     | server:train_subset_of_clients:46 - Updating parameters on client #22
2020-10-20 16:30:23.883 | INFO     | server:train_subset_of_clients:46 - Updating parameters on client #23
2020-10-20 16:30:23.885 | INFO     | server:train_subset_of_clients:46 - Updating parameters on client #24
2020-10-20 16:30:23.887 | INFO     | server:train_subset_of_clients:46 - Updating parameters on client #25
2020-10-20 16:30:23.888 | INFO     | server:train_subset_of_clients:46 - Updating parameters on client #26
2020-10-20 16:30:23.890 | INFO     | server:train_subset_of_clients:46 - Updating parameters on client #27
2020-10-20 16:30:23.892 | INFO     | server:train_subset_of_clients:46 - Updating parameters on client #28
2020-10-20 16:30:23.893 | INFO     | server:train_subset_of_clients:46 - Updating parameters on client #29
2020-10-20 16:30:23.895 | INFO     | server:train_subset_of_clients:46 - Updating parameters on client #30
2020-10-20 16:30:23.897 | INFO     | server:train_subset_of_clients:46 - Updating parameters on client #31
2020-10-20 16:30:23.899 | INFO     | server:train_subset_of_clients:46 - Updating parameters on client #32
2020-10-20 16:30:23.900 | INFO     | server:train_subset_of_clients:46 - Updating parameters on client #33
2020-10-20 16:30:23.902 | INFO     | server:train_subset_of_clients:46 - Updating parameters on client #34
2020-10-20 16:30:23.903 | INFO     | server:train_subset_of_clients:46 - Updating parameters on client #35
2020-10-20 16:30:23.905 | INFO     | server:train_subset_of_clients:46 - Updating parameters on client #36
2020-10-20 16:30:23.907 | INFO     | server:train_subset_of_clients:46 - Updating parameters on client #37
2020-10-20 16:30:23.909 | INFO     | server:train_subset_of_clients:46 - Updating parameters on client #38
2020-10-20 16:30:23.910 | INFO     | server:train_subset_of_clients:46 - Updating parameters on client #39
2020-10-20 16:30:23.912 | INFO     | server:train_subset_of_clients:46 - Updating parameters on client #40
2020-10-20 16:30:23.914 | INFO     | server:train_subset_of_clients:46 - Updating parameters on client #41
2020-10-20 16:30:23.915 | INFO     | server:train_subset_of_clients:46 - Updating parameters on client #42
2020-10-20 16:30:23.917 | INFO     | server:train_subset_of_clients:46 - Updating parameters on client #43
2020-10-20 16:30:23.919 | INFO     | server:train_subset_of_clients:46 - Updating parameters on client #44
2020-10-20 16:30:23.921 | INFO     | server:train_subset_of_clients:46 - Updating parameters on client #45
2020-10-20 16:30:23.922 | INFO     | server:train_subset_of_clients:46 - Updating parameters on client #46
2020-10-20 16:30:23.925 | INFO     | server:train_subset_of_clients:46 - Updating parameters on client #47
2020-10-20 16:30:23.929 | INFO     | server:train_subset_of_clients:46 - Updating parameters on client #48
2020-10-20 16:30:23.934 | INFO     | server:train_subset_of_clients:46 - Updating parameters on client #49
2020-10-20 16:30:28.328 | DEBUG    | client:test:203 - Test set: Accuracy: 8628/10000 (86%)
2020-10-20 16:30:28.329 | DEBUG    | client:test:204 - Test set: Loss: 3.78539577126503
2020-10-20 16:30:28.365 | DEBUG    | client:test:205 - Classification Report:
              precision    recall  f1-score   support

           0       0.89      0.72      0.80      1000
           1       0.99      0.95      0.97      1000
           2       0.76      0.83      0.80      1000
           3       0.82      0.89      0.85      1000
           4       0.80      0.76      0.78      1000
           5       0.96      0.95      0.95      1000
           6       0.64      0.66      0.65      1000
           7       0.92      0.94      0.93      1000
           8       0.95      0.96      0.96      1000
           9       0.95      0.95      0.95      1000

    accuracy                           0.86     10000
   macro avg       0.87      0.86      0.86     10000
weighted avg       0.87      0.86      0.86     10000

2020-10-20 16:30:28.366 | DEBUG    | client:test:206 - Confusion Matrix:
[[722   0  24  64   2   8 167   0  13   0]
 [  1 954   5  30   3   0   5   0   2   0]
 [  5   0 835  10  78   2  61   0   9   0]
 [  6   9   8 893  23   1  57   0   3   0]
 [  0   2 107  45 761   0  82   0   3   0]
 [  0   0   0   2   0 951   0  32   1  14]
 [ 78   1 110  40  87   1 663   0  20   0]
 [  0   0   0   0   0  24   0 937   1  38]
 [  0   2   5  10   3   3   8   5 964   0]
 [  0   0   0   0   0   4   1  46   1 948]]
2020-10-20 16:30:28.367 | DEBUG    | client:test:207 - Class precision: [0.88916256 0.98553719 0.76325411 0.81627057 0.79519331 0.95674044
 0.63505747 0.91862745 0.94788594 0.948     ]
2020-10-20 16:30:28.367 | DEBUG    | client:test:208 - Class recall: [0.722 0.954 0.835 0.893 0.761 0.951 0.663 0.937 0.964 0.948]
2020-10-20 16:30:28.370 | INFO     | server:train_subset_of_clients:38 - Training epoch #9 on client #43
2020-10-20 16:30:28.401 | INFO     | client:train:139 - [9,     0] loss: 0.014
2020-10-20 16:30:30.497 | INFO     | client:train:139 - [9,   100] loss: 0.426
2020-10-20 16:30:30.919 | INFO     | server:train_subset_of_clients:38 - Training epoch #9 on client #49
2020-10-20 16:30:30.944 | INFO     | client:train:139 - [9,     0] loss: 0.003
2020-10-20 16:30:33.165 | INFO     | client:train:139 - [9,   100] loss: 0.467
2020-10-20 16:30:33.562 | INFO     | server:train_subset_of_clients:38 - Training epoch #9 on client #22
2020-10-20 16:30:33.585 | INFO     | client:train:139 - [9,     0] loss: 0.000
2020-10-20 16:30:35.624 | INFO     | client:train:139 - [9,   100] loss: 0.384
2020-10-20 16:30:36.021 | INFO     | server:train_subset_of_clients:38 - Training epoch #9 on client #13
2020-10-20 16:30:36.042 | INFO     | client:train:139 - [9,     0] loss: 0.001
2020-10-20 16:30:38.093 | INFO     | client:train:139 - [9,   100] loss: 0.497
2020-10-20 16:30:38.486 | INFO     | server:train_subset_of_clients:38 - Training epoch #9 on client #3
2020-10-20 16:30:38.508 | INFO     | client:train:139 - [9,     0] loss: 0.013
2020-10-20 16:30:40.549 | INFO     | client:train:139 - [9,   100] loss: 0.365
2020-10-20 16:30:40.947 | INFO     | server:train_subset_of_clients:41 - Averaging client parameters
2020-10-20 16:30:40.951 | INFO     | server:train_subset_of_clients:46 - Updating parameters on client #0
2020-10-20 16:30:40.953 | INFO     | server:train_subset_of_clients:46 - Updating parameters on client #1
2020-10-20 16:30:40.955 | INFO     | server:train_subset_of_clients:46 - Updating parameters on client #2
2020-10-20 16:30:40.956 | INFO     | server:train_subset_of_clients:46 - Updating parameters on client #3
2020-10-20 16:30:40.959 | INFO     | server:train_subset_of_clients:46 - Updating parameters on client #4
2020-10-20 16:30:40.962 | INFO     | server:train_subset_of_clients:46 - Updating parameters on client #5
2020-10-20 16:30:40.964 | INFO     | server:train_subset_of_clients:46 - Updating parameters on client #6
2020-10-20 16:30:40.966 | INFO     | server:train_subset_of_clients:46 - Updating parameters on client #7
2020-10-20 16:30:40.968 | INFO     | server:train_subset_of_clients:46 - Updating parameters on client #8
2020-10-20 16:30:40.971 | INFO     | server:train_subset_of_clients:46 - Updating parameters on client #9
2020-10-20 16:30:40.973 | INFO     | server:train_subset_of_clients:46 - Updating parameters on client #10
2020-10-20 16:30:40.976 | INFO     | server:train_subset_of_clients:46 - Updating parameters on client #11
2020-10-20 16:30:40.979 | INFO     | server:train_subset_of_clients:46 - Updating parameters on client #12
2020-10-20 16:30:40.982 | INFO     | server:train_subset_of_clients:46 - Updating parameters on client #13
2020-10-20 16:30:40.985 | INFO     | server:train_subset_of_clients:46 - Updating parameters on client #14
2020-10-20 16:30:40.987 | INFO     | server:train_subset_of_clients:46 - Updating parameters on client #15
2020-10-20 16:30:40.989 | INFO     | server:train_subset_of_clients:46 - Updating parameters on client #16
2020-10-20 16:30:40.992 | INFO     | server:train_subset_of_clients:46 - Updating parameters on client #17
2020-10-20 16:30:40.994 | INFO     | server:train_subset_of_clients:46 - Updating parameters on client #18
2020-10-20 16:30:40.996 | INFO     | server:train_subset_of_clients:46 - Updating parameters on client #19
2020-10-20 16:30:40.999 | INFO     | server:train_subset_of_clients:46 - Updating parameters on client #20
2020-10-20 16:30:41.002 | INFO     | server:train_subset_of_clients:46 - Updating parameters on client #21
2020-10-20 16:30:41.003 | INFO     | server:train_subset_of_clients:46 - Updating parameters on client #22
2020-10-20 16:30:41.005 | INFO     | server:train_subset_of_clients:46 - Updating parameters on client #23
2020-10-20 16:30:41.007 | INFO     | server:train_subset_of_clients:46 - Updating parameters on client #24
2020-10-20 16:30:41.009 | INFO     | server:train_subset_of_clients:46 - Updating parameters on client #25
2020-10-20 16:30:41.010 | INFO     | server:train_subset_of_clients:46 - Updating parameters on client #26
2020-10-20 16:30:41.012 | INFO     | server:train_subset_of_clients:46 - Updating parameters on client #27
2020-10-20 16:30:41.014 | INFO     | server:train_subset_of_clients:46 - Updating parameters on client #28
2020-10-20 16:30:41.016 | INFO     | server:train_subset_of_clients:46 - Updating parameters on client #29
2020-10-20 16:30:41.018 | INFO     | server:train_subset_of_clients:46 - Updating parameters on client #30
2020-10-20 16:30:41.020 | INFO     | server:train_subset_of_clients:46 - Updating parameters on client #31
2020-10-20 16:30:41.022 | INFO     | server:train_subset_of_clients:46 - Updating parameters on client #32
2020-10-20 16:30:41.024 | INFO     | server:train_subset_of_clients:46 - Updating parameters on client #33
2020-10-20 16:30:41.026 | INFO     | server:train_subset_of_clients:46 - Updating parameters on client #34
2020-10-20 16:30:41.028 | INFO     | server:train_subset_of_clients:46 - Updating parameters on client #35
2020-10-20 16:30:41.029 | INFO     | server:train_subset_of_clients:46 - Updating parameters on client #36
2020-10-20 16:30:41.031 | INFO     | server:train_subset_of_clients:46 - Updating parameters on client #37
2020-10-20 16:30:41.034 | INFO     | server:train_subset_of_clients:46 - Updating parameters on client #38
2020-10-20 16:30:41.035 | INFO     | server:train_subset_of_clients:46 - Updating parameters on client #39
2020-10-20 16:30:41.037 | INFO     | server:train_subset_of_clients:46 - Updating parameters on client #40
2020-10-20 16:30:41.039 | INFO     | server:train_subset_of_clients:46 - Updating parameters on client #41
2020-10-20 16:30:41.041 | INFO     | server:train_subset_of_clients:46 - Updating parameters on client #42
2020-10-20 16:30:41.043 | INFO     | server:train_subset_of_clients:46 - Updating parameters on client #43
2020-10-20 16:30:41.044 | INFO     | server:train_subset_of_clients:46 - Updating parameters on client #44
2020-10-20 16:30:41.046 | INFO     | server:train_subset_of_clients:46 - Updating parameters on client #45
2020-10-20 16:30:41.049 | INFO     | server:train_subset_of_clients:46 - Updating parameters on client #46
2020-10-20 16:30:41.051 | INFO     | server:train_subset_of_clients:46 - Updating parameters on client #47
2020-10-20 16:30:41.053 | INFO     | server:train_subset_of_clients:46 - Updating parameters on client #48
2020-10-20 16:30:41.055 | INFO     | server:train_subset_of_clients:46 - Updating parameters on client #49
2020-10-20 16:30:45.131 | DEBUG    | client:test:203 - Test set: Accuracy: 8606/10000 (86%)
2020-10-20 16:30:45.131 | DEBUG    | client:test:204 - Test set: Loss: 3.8885496854782104
2020-10-20 16:30:45.160 | DEBUG    | client:test:205 - Classification Report:
              precision    recall  f1-score   support

           0       0.77      0.86      0.81      1000
           1       1.00      0.94      0.96      1000
           2       0.79      0.78      0.78      1000
           3       0.83      0.88      0.86      1000
           4       0.69      0.88      0.78      1000
           5       0.98      0.93      0.95      1000
           6       0.76      0.47      0.58      1000
           7       0.90      0.96      0.93      1000
           8       0.95      0.97      0.96      1000
           9       0.96      0.94      0.95      1000

    accuracy                           0.86     10000
   macro avg       0.86      0.86      0.86     10000
weighted avg       0.86      0.86      0.86     10000

2020-10-20 16:30:45.161 | DEBUG    | client:test:206 - Confusion Matrix:
[[863   0  21  47  10   4  44   0  11   0]
 [  2 935   5  46   6   0   4   0   2   0]
 [ 17   0 775  12 152   0  35   1   8   0]
 [ 26   1  11 880  57   0  24   0   1   0]
 [  1   1  57  24 882   0  33   0   2   0]
 [  0   0   0   3   0 933   0  50   1  13]
 [208   1 107  35 159   0 471   0  19   0]
 [  0   0   0   0   0  12   0 957   1  30]
 [  2   1   3   7   6   2   8   5 966   0]
 [  0   0   0   0   0   3   0  52   1 944]]
2020-10-20 16:30:45.162 | DEBUG    | client:test:207 - Class precision: [0.77122431 0.99574015 0.79162411 0.83491461 0.69339623 0.97798742
 0.76090468 0.89859155 0.95454545 0.95643364]
2020-10-20 16:30:45.163 | DEBUG    | client:test:208 - Class recall: [0.863 0.935 0.775 0.88  0.882 0.933 0.471 0.957 0.966 0.944]
2020-10-20 16:30:45.165 | INFO     | server:train_subset_of_clients:38 - Training epoch #10 on client #20
2020-10-20 16:30:45.197 | INFO     | client:train:139 - [10,     0] loss: 0.006
2020-10-20 16:30:47.325 | INFO     | client:train:139 - [10,   100] loss: 0.443
2020-10-20 16:30:47.711 | INFO     | server:train_subset_of_clients:38 - Training epoch #10 on client #32
2020-10-20 16:30:47.734 | INFO     | client:train:139 - [10,     0] loss: 0.002
2020-10-20 16:30:49.776 | INFO     | client:train:139 - [10,   100] loss: 0.422
2020-10-20 16:30:50.160 | INFO     | server:train_subset_of_clients:38 - Training epoch #10 on client #6
2020-10-20 16:30:50.190 | INFO     | client:train:139 - [10,     0] loss: 0.004
2020-10-20 16:30:52.269 | INFO     | client:train:139 - [10,   100] loss: 0.470
2020-10-20 16:30:52.984 | INFO     | server:train_subset_of_clients:38 - Training epoch #10 on client #33
2020-10-20 16:30:53.032 | INFO     | client:train:139 - [10,     0] loss: 0.003
2020-10-20 16:30:55.122 | INFO     | client:train:139 - [10,   100] loss: 0.373
2020-10-20 16:30:55.503 | INFO     | server:train_subset_of_clients:38 - Training epoch #10 on client #38
2020-10-20 16:30:55.527 | INFO     | client:train:139 - [10,     0] loss: 0.008
2020-10-20 16:30:58.299 | INFO     | client:train:139 - [10,   100] loss: 0.443
2020-10-20 16:30:58.744 | INFO     | server:train_subset_of_clients:41 - Averaging client parameters
2020-10-20 16:30:58.747 | INFO     | server:train_subset_of_clients:46 - Updating parameters on client #0
2020-10-20 16:30:58.749 | INFO     | server:train_subset_of_clients:46 - Updating parameters on client #1
2020-10-20 16:30:58.751 | INFO     | server:train_subset_of_clients:46 - Updating parameters on client #2
2020-10-20 16:30:58.753 | INFO     | server:train_subset_of_clients:46 - Updating parameters on client #3
2020-10-20 16:30:58.755 | INFO     | server:train_subset_of_clients:46 - Updating parameters on client #4
2020-10-20 16:30:58.758 | INFO     | server:train_subset_of_clients:46 - Updating parameters on client #5
2020-10-20 16:30:58.761 | INFO     | server:train_subset_of_clients:46 - Updating parameters on client #6
2020-10-20 16:30:58.763 | INFO     | server:train_subset_of_clients:46 - Updating parameters on client #7
2020-10-20 16:30:58.765 | INFO     | server:train_subset_of_clients:46 - Updating parameters on client #8
2020-10-20 16:30:58.767 | INFO     | server:train_subset_of_clients:46 - Updating parameters on client #9
2020-10-20 16:30:58.769 | INFO     | server:train_subset_of_clients:46 - Updating parameters on client #10
2020-10-20 16:30:58.771 | INFO     | server:train_subset_of_clients:46 - Updating parameters on client #11
2020-10-20 16:30:58.774 | INFO     | server:train_subset_of_clients:46 - Updating parameters on client #12
2020-10-20 16:30:58.776 | INFO     | server:train_subset_of_clients:46 - Updating parameters on client #13
2020-10-20 16:30:58.778 | INFO     | server:train_subset_of_clients:46 - Updating parameters on client #14
2020-10-20 16:30:58.780 | INFO     | server:train_subset_of_clients:46 - Updating parameters on client #15
2020-10-20 16:30:58.782 | INFO     | server:train_subset_of_clients:46 - Updating parameters on client #16
2020-10-20 16:30:58.784 | INFO     | server:train_subset_of_clients:46 - Updating parameters on client #17
2020-10-20 16:30:58.786 | INFO     | server:train_subset_of_clients:46 - Updating parameters on client #18
2020-10-20 16:30:58.788 | INFO     | server:train_subset_of_clients:46 - Updating parameters on client #19
2020-10-20 16:30:58.791 | INFO     | server:train_subset_of_clients:46 - Updating parameters on client #20
2020-10-20 16:30:58.794 | INFO     | server:train_subset_of_clients:46 - Updating parameters on client #21
2020-10-20 16:30:58.796 | INFO     | server:train_subset_of_clients:46 - Updating parameters on client #22
2020-10-20 16:30:58.798 | INFO     | server:train_subset_of_clients:46 - Updating parameters on client #23
2020-10-20 16:30:58.800 | INFO     | server:train_subset_of_clients:46 - Updating parameters on client #24
2020-10-20 16:30:58.802 | INFO     | server:train_subset_of_clients:46 - Updating parameters on client #25
2020-10-20 16:30:58.804 | INFO     | server:train_subset_of_clients:46 - Updating parameters on client #26
2020-10-20 16:30:58.807 | INFO     | server:train_subset_of_clients:46 - Updating parameters on client #27
2020-10-20 16:30:58.809 | INFO     | server:train_subset_of_clients:46 - Updating parameters on client #28
2020-10-20 16:30:58.811 | INFO     | server:train_subset_of_clients:46 - Updating parameters on client #29
2020-10-20 16:30:58.813 | INFO     | server:train_subset_of_clients:46 - Updating parameters on client #30
2020-10-20 16:30:58.815 | INFO     | server:train_subset_of_clients:46 - Updating parameters on client #31
2020-10-20 16:30:58.817 | INFO     | server:train_subset_of_clients:46 - Updating parameters on client #32
2020-10-20 16:30:58.819 | INFO     | server:train_subset_of_clients:46 - Updating parameters on client #33
2020-10-20 16:30:58.821 | INFO     | server:train_subset_of_clients:46 - Updating parameters on client #34
2020-10-20 16:30:58.824 | INFO     | server:train_subset_of_clients:46 - Updating parameters on client #35
2020-10-20 16:30:58.826 | INFO     | server:train_subset_of_clients:46 - Updating parameters on client #36
2020-10-20 16:30:58.828 | INFO     | server:train_subset_of_clients:46 - Updating parameters on client #37
2020-10-20 16:30:58.831 | INFO     | server:train_subset_of_clients:46 - Updating parameters on client #38
2020-10-20 16:30:58.833 | INFO     | server:train_subset_of_clients:46 - Updating parameters on client #39
2020-10-20 16:30:58.835 | INFO     | server:train_subset_of_clients:46 - Updating parameters on client #40
2020-10-20 16:30:58.837 | INFO     | server:train_subset_of_clients:46 - Updating parameters on client #41
2020-10-20 16:30:58.840 | INFO     | server:train_subset_of_clients:46 - Updating parameters on client #42
2020-10-20 16:30:58.842 | INFO     | server:train_subset_of_clients:46 - Updating parameters on client #43
2020-10-20 16:30:58.843 | INFO     | server:train_subset_of_clients:46 - Updating parameters on client #44
2020-10-20 16:30:58.845 | INFO     | server:train_subset_of_clients:46 - Updating parameters on client #45
2020-10-20 16:30:58.848 | INFO     | server:train_subset_of_clients:46 - Updating parameters on client #46
2020-10-20 16:30:58.850 | INFO     | server:train_subset_of_clients:46 - Updating parameters on client #47
2020-10-20 16:30:58.852 | INFO     | server:train_subset_of_clients:46 - Updating parameters on client #48
2020-10-20 16:30:58.854 | INFO     | server:train_subset_of_clients:46 - Updating parameters on client #49
2020-10-20 16:31:04.460 | DEBUG    | client:test:203 - Test set: Accuracy: 8599/10000 (86%)
2020-10-20 16:31:04.460 | DEBUG    | client:test:204 - Test set: Loss: 4.036116689443588
2020-10-20 16:31:04.501 | DEBUG    | client:test:205 - Classification Report:
              precision    recall  f1-score   support

           0       0.85      0.79      0.82      1000
           1       1.00      0.91      0.95      1000
           2       0.72      0.88      0.79      1000
           3       0.81      0.89      0.85      1000
           4       0.81      0.72      0.76      1000
           5       0.98      0.92      0.95      1000
           6       0.68      0.62      0.65      1000
           7       0.91      0.93      0.92      1000
           8       0.95      0.97      0.96      1000
           9       0.91      0.96      0.94      1000

    accuracy                           0.86     10000
   macro avg       0.86      0.86      0.86     10000
weighted avg       0.86      0.86      0.86     10000

2020-10-20 16:31:04.504 | DEBUG    | client:test:206 - Confusion Matrix:
[[790   0  31  54   3   5 105   0  12   0]
 [  2 908   8  62   3   0   8   0   2   7]
 [  9   0 879   7  52   0  47   1   5   0]
 [ 10   0  17 893  27   0  50   0   3   0]
 [  0   0 158  40 720   0  79   0   3   0]
 [  0   0   0   3   0 918   0  53   1  25]
 [118   0 123  36  78   0 625   0  18   2]
 [  0   0   0   0   0   7   0 931   1  61]
 [  0   0   4  10   1   2   7   4 970   2]
 [  0   0   0   0   0   3   0  31   1 965]]
2020-10-20 16:31:04.505 | DEBUG    | client:test:207 - Class precision: [0.85037675 1.         0.7204918  0.8081448  0.81447964 0.98181818
 0.67861021 0.9127451  0.95472441 0.9086629 ]
2020-10-20 16:31:04.506 | DEBUG    | client:test:208 - Class recall: [0.79  0.908 0.879 0.893 0.72  0.918 0.625 0.931 0.97  0.965]
