2020-10-20 16:31:04.590 | DEBUG    | federated_learning.arguments:log:182 - Arguments: 
Batch Size: 10
Test Batch Size: 1000
Epochs: 10
Learning Rate: 0.01
Momentum: 0.5
CUDA Enabled: True
Shuffle Enabled: False
Log Interval: 100
Scheduler Step Size: 50
Scheduler Gamma: 0.5
Scheduler Minimum Learning Rate: 1e-10
Client Selection Strategy: <federated_learning.worker_selection.random.RandomSelectionStrategy object at 0x1034f7f28>
Client Selection Strategy Arguments: {
    "NUM_WORKERS_PER_ROUND": 5,
    "current_epoch_number": 10
}
Model Saving Enabled: False
Model Saving Interval: 1
Model Saving Path (Relative): 2502_models
Epoch Save Start Prefix: start
Epoch Save End Suffix: end
Number of Clients: 50
Number of Poisoned Clients: 10
NN: <class 'federated_learning.nets.fashion_mnist_cnn.FashionMNISTCNN'>
Train Data Loader Path: data_loaders/fashion-mnist/train_data_loader.pickle
Test Data Loader Path: data_loaders/fashion-mnist/test_data_loader.pickle
Loss Function: <class 'torch.nn.modules.loss.CrossEntropyLoss'>
Default Model Folder Path: default_models
Data Path: data

2020-10-20 16:31:04.591 | INFO     | federated_learning.utils.data_loader_utils:load_data_loader_from_file:64 - Loading data loader from file: data_loaders/fashion-mnist/train_data_loader.pickle
2020-10-20 16:31:05.366 | INFO     | federated_learning.utils.data_loader_utils:load_data_loader_from_file:64 - Loading data loader from file: data_loaders/fashion-mnist/test_data_loader.pickle
2020-10-20 16:31:09.356 | INFO     | federated_learning.utils.poison_data:poison_data:24 - Poisoning data for workers: [37, 44, 15, 6, 0, 11, 20, 28, 22, 47]
2020-10-20 16:31:09.370 | INFO     | federated_learning.utils.client_utils:log_client_data_statistics:17 - Client #0 has data distribution: [142, 0, 134, 113, 115, 96, 127, 116, 116, 241]
2020-10-20 16:31:09.372 | INFO     | federated_learning.utils.client_utils:log_client_data_statistics:17 - Client #1 has data distribution: [115, 101, 125, 125, 118, 118, 116, 133, 127, 122]
2020-10-20 16:31:09.373 | INFO     | federated_learning.utils.client_utils:log_client_data_statistics:17 - Client #2 has data distribution: [116, 118, 110, 123, 123, 133, 127, 112, 125, 113]
2020-10-20 16:31:09.374 | INFO     | federated_learning.utils.client_utils:log_client_data_statistics:17 - Client #3 has data distribution: [116, 125, 122, 118, 124, 114, 118, 110, 127, 126]
2020-10-20 16:31:09.376 | INFO     | federated_learning.utils.client_utils:log_client_data_statistics:17 - Client #4 has data distribution: [114, 120, 147, 129, 111, 114, 121, 103, 128, 113]
2020-10-20 16:31:09.377 | INFO     | federated_learning.utils.client_utils:log_client_data_statistics:17 - Client #5 has data distribution: [139, 123, 132, 128, 111, 113, 112, 105, 102, 135]
2020-10-20 16:31:09.379 | INFO     | federated_learning.utils.client_utils:log_client_data_statistics:17 - Client #6 has data distribution: [115, 0, 113, 126, 116, 133, 112, 133, 119, 233]
2020-10-20 16:31:09.380 | INFO     | federated_learning.utils.client_utils:log_client_data_statistics:17 - Client #7 has data distribution: [128, 119, 118, 120, 120, 110, 114, 129, 121, 121]
2020-10-20 16:31:09.382 | INFO     | federated_learning.utils.client_utils:log_client_data_statistics:17 - Client #8 has data distribution: [109, 112, 135, 124, 123, 131, 123, 113, 118, 112]
2020-10-20 16:31:09.383 | INFO     | federated_learning.utils.client_utils:log_client_data_statistics:17 - Client #9 has data distribution: [103, 120, 126, 120, 127, 114, 128, 124, 139, 99]
2020-10-20 16:31:09.384 | INFO     | federated_learning.utils.client_utils:log_client_data_statistics:17 - Client #10 has data distribution: [113, 114, 121, 125, 110, 133, 127, 128, 109, 120]
2020-10-20 16:31:09.385 | INFO     | federated_learning.utils.client_utils:log_client_data_statistics:17 - Client #11 has data distribution: [140, 0, 120, 129, 135, 104, 112, 124, 104, 232]
2020-10-20 16:31:09.387 | INFO     | federated_learning.utils.client_utils:log_client_data_statistics:17 - Client #12 has data distribution: [131, 123, 114, 108, 141, 102, 102, 120, 122, 137]
2020-10-20 16:31:09.389 | INFO     | federated_learning.utils.client_utils:log_client_data_statistics:17 - Client #13 has data distribution: [111, 126, 114, 123, 136, 120, 123, 128, 113, 106]
2020-10-20 16:31:09.390 | INFO     | federated_learning.utils.client_utils:log_client_data_statistics:17 - Client #14 has data distribution: [118, 105, 118, 133, 117, 103, 127, 116, 124, 139]
2020-10-20 16:31:09.392 | INFO     | federated_learning.utils.client_utils:log_client_data_statistics:17 - Client #15 has data distribution: [125, 0, 127, 126, 128, 103, 105, 112, 130, 244]
2020-10-20 16:31:09.394 | INFO     | federated_learning.utils.client_utils:log_client_data_statistics:17 - Client #16 has data distribution: [138, 112, 121, 127, 118, 120, 113, 122, 136, 93]
2020-10-20 16:31:09.395 | INFO     | federated_learning.utils.client_utils:log_client_data_statistics:17 - Client #17 has data distribution: [112, 103, 146, 99, 114, 134, 128, 117, 121, 126]
2020-10-20 16:31:09.396 | INFO     | federated_learning.utils.client_utils:log_client_data_statistics:17 - Client #18 has data distribution: [110, 120, 128, 111, 112, 128, 125, 113, 124, 129]
2020-10-20 16:31:09.398 | INFO     | federated_learning.utils.client_utils:log_client_data_statistics:17 - Client #19 has data distribution: [151, 105, 109, 124, 139, 128, 115, 111, 102, 116]
2020-10-20 16:31:09.399 | INFO     | federated_learning.utils.client_utils:log_client_data_statistics:17 - Client #20 has data distribution: [124, 0, 126, 117, 129, 111, 113, 124, 111, 245]
2020-10-20 16:31:09.400 | INFO     | federated_learning.utils.client_utils:log_client_data_statistics:17 - Client #21 has data distribution: [127, 113, 110, 122, 113, 132, 120, 128, 113, 122]
2020-10-20 16:31:09.402 | INFO     | federated_learning.utils.client_utils:log_client_data_statistics:17 - Client #22 has data distribution: [126, 0, 121, 113, 125, 108, 141, 114, 124, 228]
2020-10-20 16:31:09.403 | INFO     | federated_learning.utils.client_utils:log_client_data_statistics:17 - Client #23 has data distribution: [111, 133, 134, 119, 120, 111, 117, 116, 111, 128]
2020-10-20 16:31:09.404 | INFO     | federated_learning.utils.client_utils:log_client_data_statistics:17 - Client #24 has data distribution: [119, 115, 113, 115, 113, 105, 124, 128, 149, 119]
2020-10-20 16:31:09.406 | INFO     | federated_learning.utils.client_utils:log_client_data_statistics:17 - Client #25 has data distribution: [108, 119, 106, 125, 116, 122, 134, 132, 118, 120]
2020-10-20 16:31:09.407 | INFO     | federated_learning.utils.client_utils:log_client_data_statistics:17 - Client #26 has data distribution: [123, 124, 106, 121, 127, 109, 127, 136, 95, 132]
2020-10-20 16:31:09.408 | INFO     | federated_learning.utils.client_utils:log_client_data_statistics:17 - Client #27 has data distribution: [105, 128, 110, 112, 130, 144, 116, 103, 121, 131]
2020-10-20 16:31:09.409 | INFO     | federated_learning.utils.client_utils:log_client_data_statistics:17 - Client #28 has data distribution: [120, 0, 132, 104, 108, 121, 119, 113, 126, 257]
2020-10-20 16:31:09.411 | INFO     | federated_learning.utils.client_utils:log_client_data_statistics:17 - Client #29 has data distribution: [118, 119, 127, 131, 110, 121, 113, 115, 130, 116]
2020-10-20 16:31:09.413 | INFO     | federated_learning.utils.client_utils:log_client_data_statistics:17 - Client #30 has data distribution: [123, 130, 109, 104, 113, 144, 129, 121, 114, 113]
2020-10-20 16:31:09.414 | INFO     | federated_learning.utils.client_utils:log_client_data_statistics:17 - Client #31 has data distribution: [121, 112, 128, 102, 127, 144, 108, 122, 117, 119]
2020-10-20 16:31:09.415 | INFO     | federated_learning.utils.client_utils:log_client_data_statistics:17 - Client #32 has data distribution: [135, 130, 122, 137, 92, 119, 137, 109, 106, 113]
2020-10-20 16:31:09.417 | INFO     | federated_learning.utils.client_utils:log_client_data_statistics:17 - Client #33 has data distribution: [141, 134, 121, 130, 93, 117, 109, 111, 120, 124]
2020-10-20 16:31:09.418 | INFO     | federated_learning.utils.client_utils:log_client_data_statistics:17 - Client #34 has data distribution: [109, 117, 117, 130, 113, 127, 118, 116, 142, 111]
2020-10-20 16:31:09.420 | INFO     | federated_learning.utils.client_utils:log_client_data_statistics:17 - Client #35 has data distribution: [129, 125, 124, 105, 143, 113, 112, 111, 118, 120]
2020-10-20 16:31:09.421 | INFO     | federated_learning.utils.client_utils:log_client_data_statistics:17 - Client #36 has data distribution: [128, 133, 133, 110, 135, 121, 114, 112, 102, 112]
2020-10-20 16:31:09.423 | INFO     | federated_learning.utils.client_utils:log_client_data_statistics:17 - Client #37 has data distribution: [119, 0, 118, 119, 131, 110, 110, 122, 120, 251]
2020-10-20 16:31:09.424 | INFO     | federated_learning.utils.client_utils:log_client_data_statistics:17 - Client #38 has data distribution: [117, 128, 111, 119, 114, 96, 130, 127, 133, 125]
2020-10-20 16:31:09.426 | INFO     | federated_learning.utils.client_utils:log_client_data_statistics:17 - Client #39 has data distribution: [116, 122, 94, 132, 120, 120, 121, 121, 117, 137]
2020-10-20 16:31:09.427 | INFO     | federated_learning.utils.client_utils:log_client_data_statistics:17 - Client #40 has data distribution: [110, 117, 110, 120, 126, 123, 126, 122, 128, 118]
2020-10-20 16:31:09.429 | INFO     | federated_learning.utils.client_utils:log_client_data_statistics:17 - Client #41 has data distribution: [114, 127, 102, 124, 110, 108, 127, 130, 119, 139]
2020-10-20 16:31:09.431 | INFO     | federated_learning.utils.client_utils:log_client_data_statistics:17 - Client #42 has data distribution: [108, 114, 109, 130, 145, 146, 100, 118, 110, 120]
2020-10-20 16:31:09.432 | INFO     | federated_learning.utils.client_utils:log_client_data_statistics:17 - Client #43 has data distribution: [124, 120, 121, 104, 113, 148, 117, 131, 133, 89]
2020-10-20 16:31:09.433 | INFO     | federated_learning.utils.client_utils:log_client_data_statistics:17 - Client #44 has data distribution: [106, 0, 132, 129, 140, 111, 106, 109, 120, 247]
2020-10-20 16:31:09.435 | INFO     | federated_learning.utils.client_utils:log_client_data_statistics:17 - Client #45 has data distribution: [129, 113, 118, 125, 114, 111, 120, 139, 110, 121]
2020-10-20 16:31:09.436 | INFO     | federated_learning.utils.client_utils:log_client_data_statistics:17 - Client #46 has data distribution: [129, 115, 119, 128, 111, 114, 105, 112, 135, 132]
2020-10-20 16:31:09.437 | INFO     | federated_learning.utils.client_utils:log_client_data_statistics:17 - Client #47 has data distribution: [100, 0, 118, 120, 104, 150, 133, 117, 125, 233]
2020-10-20 16:31:09.439 | INFO     | federated_learning.utils.client_utils:log_client_data_statistics:17 - Client #48 has data distribution: [105, 125, 118, 116, 105, 116, 160, 136, 111, 108]
2020-10-20 16:31:09.440 | INFO     | federated_learning.utils.client_utils:log_client_data_statistics:17 - Client #49 has data distribution: [110, 122, 111, 106, 122, 127, 119, 136, 115, 132]
2020-10-20 16:31:09.696 | INFO     | server:train_subset_of_clients:38 - Training epoch #1 on client #14
2020-10-20 16:31:09.730 | INFO     | client:train:139 - [1,     0] loss: 0.021
2020-10-20 16:31:12.152 | INFO     | client:train:139 - [1,   100] loss: 1.156
2020-10-20 16:31:12.594 | INFO     | server:train_subset_of_clients:38 - Training epoch #1 on client #49
2020-10-20 16:31:12.621 | INFO     | client:train:139 - [1,     0] loss: 0.024
2020-10-20 16:31:14.894 | INFO     | client:train:139 - [1,   100] loss: 1.074
2020-10-20 16:31:15.266 | INFO     | server:train_subset_of_clients:38 - Training epoch #1 on client #1
2020-10-20 16:31:15.286 | INFO     | client:train:139 - [1,     0] loss: 0.025
2020-10-20 16:31:17.488 | INFO     | client:train:139 - [1,   100] loss: 1.184
2020-10-20 16:31:17.893 | INFO     | server:train_subset_of_clients:38 - Training epoch #1 on client #3
2020-10-20 16:31:17.916 | INFO     | client:train:139 - [1,     0] loss: 0.026
2020-10-20 16:31:20.099 | INFO     | client:train:139 - [1,   100] loss: 1.055
2020-10-20 16:31:20.484 | INFO     | server:train_subset_of_clients:38 - Training epoch #1 on client #29
2020-10-20 16:31:20.505 | INFO     | client:train:139 - [1,     0] loss: 0.025
2020-10-20 16:31:22.553 | INFO     | client:train:139 - [1,   100] loss: 1.147
2020-10-20 16:31:22.972 | INFO     | server:train_subset_of_clients:41 - Averaging client parameters
2020-10-20 16:31:22.975 | INFO     | server:train_subset_of_clients:46 - Updating parameters on client #0
2020-10-20 16:31:22.977 | INFO     | server:train_subset_of_clients:46 - Updating parameters on client #1
2020-10-20 16:31:22.979 | INFO     | server:train_subset_of_clients:46 - Updating parameters on client #2
2020-10-20 16:31:22.980 | INFO     | server:train_subset_of_clients:46 - Updating parameters on client #3
2020-10-20 16:31:22.982 | INFO     | server:train_subset_of_clients:46 - Updating parameters on client #4
2020-10-20 16:31:22.984 | INFO     | server:train_subset_of_clients:46 - Updating parameters on client #5
2020-10-20 16:31:22.986 | INFO     | server:train_subset_of_clients:46 - Updating parameters on client #6
2020-10-20 16:31:22.988 | INFO     | server:train_subset_of_clients:46 - Updating parameters on client #7
2020-10-20 16:31:22.990 | INFO     | server:train_subset_of_clients:46 - Updating parameters on client #8
2020-10-20 16:31:22.992 | INFO     | server:train_subset_of_clients:46 - Updating parameters on client #9
2020-10-20 16:31:22.994 | INFO     | server:train_subset_of_clients:46 - Updating parameters on client #10
2020-10-20 16:31:22.995 | INFO     | server:train_subset_of_clients:46 - Updating parameters on client #11
2020-10-20 16:31:22.997 | INFO     | server:train_subset_of_clients:46 - Updating parameters on client #12
2020-10-20 16:31:22.999 | INFO     | server:train_subset_of_clients:46 - Updating parameters on client #13
2020-10-20 16:31:23.001 | INFO     | server:train_subset_of_clients:46 - Updating parameters on client #14
2020-10-20 16:31:23.003 | INFO     | server:train_subset_of_clients:46 - Updating parameters on client #15
2020-10-20 16:31:23.005 | INFO     | server:train_subset_of_clients:46 - Updating parameters on client #16
2020-10-20 16:31:23.006 | INFO     | server:train_subset_of_clients:46 - Updating parameters on client #17
2020-10-20 16:31:23.009 | INFO     | server:train_subset_of_clients:46 - Updating parameters on client #18
2020-10-20 16:31:23.010 | INFO     | server:train_subset_of_clients:46 - Updating parameters on client #19
2020-10-20 16:31:23.012 | INFO     | server:train_subset_of_clients:46 - Updating parameters on client #20
2020-10-20 16:31:23.014 | INFO     | server:train_subset_of_clients:46 - Updating parameters on client #21
2020-10-20 16:31:23.016 | INFO     | server:train_subset_of_clients:46 - Updating parameters on client #22
2020-10-20 16:31:23.018 | INFO     | server:train_subset_of_clients:46 - Updating parameters on client #23
2020-10-20 16:31:23.020 | INFO     | server:train_subset_of_clients:46 - Updating parameters on client #24
2020-10-20 16:31:23.022 | INFO     | server:train_subset_of_clients:46 - Updating parameters on client #25
2020-10-20 16:31:23.023 | INFO     | server:train_subset_of_clients:46 - Updating parameters on client #26
2020-10-20 16:31:23.025 | INFO     | server:train_subset_of_clients:46 - Updating parameters on client #27
2020-10-20 16:31:23.027 | INFO     | server:train_subset_of_clients:46 - Updating parameters on client #28
2020-10-20 16:31:23.029 | INFO     | server:train_subset_of_clients:46 - Updating parameters on client #29
2020-10-20 16:31:23.031 | INFO     | server:train_subset_of_clients:46 - Updating parameters on client #30
2020-10-20 16:31:23.033 | INFO     | server:train_subset_of_clients:46 - Updating parameters on client #31
2020-10-20 16:31:23.034 | INFO     | server:train_subset_of_clients:46 - Updating parameters on client #32
2020-10-20 16:31:23.037 | INFO     | server:train_subset_of_clients:46 - Updating parameters on client #33
2020-10-20 16:31:23.039 | INFO     | server:train_subset_of_clients:46 - Updating parameters on client #34
2020-10-20 16:31:23.041 | INFO     | server:train_subset_of_clients:46 - Updating parameters on client #35
2020-10-20 16:31:23.043 | INFO     | server:train_subset_of_clients:46 - Updating parameters on client #36
2020-10-20 16:31:23.044 | INFO     | server:train_subset_of_clients:46 - Updating parameters on client #37
2020-10-20 16:31:23.046 | INFO     | server:train_subset_of_clients:46 - Updating parameters on client #38
2020-10-20 16:31:23.048 | INFO     | server:train_subset_of_clients:46 - Updating parameters on client #39
2020-10-20 16:31:23.050 | INFO     | server:train_subset_of_clients:46 - Updating parameters on client #40
2020-10-20 16:31:23.052 | INFO     | server:train_subset_of_clients:46 - Updating parameters on client #41
2020-10-20 16:31:23.054 | INFO     | server:train_subset_of_clients:46 - Updating parameters on client #42
2020-10-20 16:31:23.057 | INFO     | server:train_subset_of_clients:46 - Updating parameters on client #43
2020-10-20 16:31:23.059 | INFO     | server:train_subset_of_clients:46 - Updating parameters on client #44
2020-10-20 16:31:23.061 | INFO     | server:train_subset_of_clients:46 - Updating parameters on client #45
2020-10-20 16:31:23.063 | INFO     | server:train_subset_of_clients:46 - Updating parameters on client #46
2020-10-20 16:31:23.064 | INFO     | server:train_subset_of_clients:46 - Updating parameters on client #47
2020-10-20 16:31:23.067 | INFO     | server:train_subset_of_clients:46 - Updating parameters on client #48
2020-10-20 16:31:23.068 | INFO     | server:train_subset_of_clients:46 - Updating parameters on client #49
2020-10-20 16:31:27.350 | DEBUG    | client:test:203 - Test set: Accuracy: 8022/10000 (80%)
2020-10-20 16:31:27.350 | DEBUG    | client:test:204 - Test set: Loss: 5.464273691177368
2020-10-20 16:31:27.383 | DEBUG    | client:test:205 - Classification Report:
              precision    recall  f1-score   support

           0       0.72      0.80      0.75      1000
           1       0.96      0.94      0.95      1000
           2       0.74      0.64      0.69      1000
           3       0.77      0.83      0.80      1000
           4       0.66      0.74      0.70      1000
           5       0.86      0.93      0.89      1000
           6       0.52      0.43      0.47      1000
           7       0.89      0.87      0.88      1000
           8       0.95      0.93      0.94      1000
           9       0.93      0.93      0.93      1000

    accuracy                           0.80     10000
   macro avg       0.80      0.80      0.80     10000
weighted avg       0.80      0.80      0.80     10000

2020-10-20 16:31:27.384 | DEBUG    | client:test:206 - Confusion Matrix:
[[795   1  10  92   8  11  71   0  12   0]
 [  4 938   8  35   9   1   3   0   2   0]
 [ 20   0 644  10 178  10 133   0   5   0]
 [ 37  33  10 826  42   6  42   0   4   0]
 [  1   3  86  39 737   6 123   0   5   0]
 [  0   0   0   3   0 931   0  43   3  20]
 [247   3 112  55 131   9 428   0  15   0]
 [  0   0   0   0   0  87   0 866   1  46]
 [  3   4   6  11   4  11  25   4 930   2]
 [  0   0   0   0   0  10   0  62   1 927]]
2020-10-20 16:31:27.385 | DEBUG    | client:test:207 - Class precision: [0.71815718 0.95519348 0.73515982 0.77124183 0.66456267 0.86044362
 0.51878788 0.88820513 0.95092025 0.93165829]
2020-10-20 16:31:27.385 | DEBUG    | client:test:208 - Class recall: [0.795 0.938 0.644 0.826 0.737 0.931 0.428 0.866 0.93  0.927]
2020-10-20 16:31:27.387 | INFO     | server:train_subset_of_clients:38 - Training epoch #2 on client #17
2020-10-20 16:31:27.417 | INFO     | client:train:139 - [2,     0] loss: 0.006
2020-10-20 16:31:29.580 | INFO     | client:train:139 - [2,   100] loss: 0.747
2020-10-20 16:31:29.972 | INFO     | server:train_subset_of_clients:38 - Training epoch #2 on client #15
2020-10-20 16:31:29.993 | INFO     | client:train:139 - [2,     0] loss: 0.018
2020-10-20 16:31:32.024 | INFO     | client:train:139 - [2,   100] loss: 0.700
2020-10-20 16:31:32.411 | INFO     | server:train_subset_of_clients:38 - Training epoch #2 on client #26
2020-10-20 16:31:32.433 | INFO     | client:train:139 - [2,     0] loss: 0.005
2020-10-20 16:31:34.752 | INFO     | client:train:139 - [2,   100] loss: 0.724
2020-10-20 16:31:35.154 | INFO     | server:train_subset_of_clients:38 - Training epoch #2 on client #23
2020-10-20 16:31:35.174 | INFO     | client:train:139 - [2,     0] loss: 0.004
2020-10-20 16:31:37.250 | INFO     | client:train:139 - [2,   100] loss: 0.687
2020-10-20 16:31:37.633 | INFO     | server:train_subset_of_clients:38 - Training epoch #2 on client #24
2020-10-20 16:31:37.654 | INFO     | client:train:139 - [2,     0] loss: 0.003
2020-10-20 16:31:39.709 | INFO     | client:train:139 - [2,   100] loss: 0.677
2020-10-20 16:31:40.113 | INFO     | server:train_subset_of_clients:41 - Averaging client parameters
2020-10-20 16:31:40.115 | INFO     | server:train_subset_of_clients:46 - Updating parameters on client #0
2020-10-20 16:31:40.117 | INFO     | server:train_subset_of_clients:46 - Updating parameters on client #1
2020-10-20 16:31:40.119 | INFO     | server:train_subset_of_clients:46 - Updating parameters on client #2
2020-10-20 16:31:40.121 | INFO     | server:train_subset_of_clients:46 - Updating parameters on client #3
2020-10-20 16:31:40.123 | INFO     | server:train_subset_of_clients:46 - Updating parameters on client #4
2020-10-20 16:31:40.125 | INFO     | server:train_subset_of_clients:46 - Updating parameters on client #5
2020-10-20 16:31:40.126 | INFO     | server:train_subset_of_clients:46 - Updating parameters on client #6
2020-10-20 16:31:40.128 | INFO     | server:train_subset_of_clients:46 - Updating parameters on client #7
2020-10-20 16:31:40.130 | INFO     | server:train_subset_of_clients:46 - Updating parameters on client #8
2020-10-20 16:31:40.132 | INFO     | server:train_subset_of_clients:46 - Updating parameters on client #9
2020-10-20 16:31:40.133 | INFO     | server:train_subset_of_clients:46 - Updating parameters on client #10
2020-10-20 16:31:40.135 | INFO     | server:train_subset_of_clients:46 - Updating parameters on client #11
2020-10-20 16:31:40.136 | INFO     | server:train_subset_of_clients:46 - Updating parameters on client #12
2020-10-20 16:31:40.138 | INFO     | server:train_subset_of_clients:46 - Updating parameters on client #13
2020-10-20 16:31:40.140 | INFO     | server:train_subset_of_clients:46 - Updating parameters on client #14
2020-10-20 16:31:40.142 | INFO     | server:train_subset_of_clients:46 - Updating parameters on client #15
2020-10-20 16:31:40.143 | INFO     | server:train_subset_of_clients:46 - Updating parameters on client #16
2020-10-20 16:31:40.145 | INFO     | server:train_subset_of_clients:46 - Updating parameters on client #17
2020-10-20 16:31:40.147 | INFO     | server:train_subset_of_clients:46 - Updating parameters on client #18
2020-10-20 16:31:40.149 | INFO     | server:train_subset_of_clients:46 - Updating parameters on client #19
2020-10-20 16:31:40.150 | INFO     | server:train_subset_of_clients:46 - Updating parameters on client #20
2020-10-20 16:31:40.152 | INFO     | server:train_subset_of_clients:46 - Updating parameters on client #21
2020-10-20 16:31:40.154 | INFO     | server:train_subset_of_clients:46 - Updating parameters on client #22
2020-10-20 16:31:40.156 | INFO     | server:train_subset_of_clients:46 - Updating parameters on client #23
2020-10-20 16:31:40.157 | INFO     | server:train_subset_of_clients:46 - Updating parameters on client #24
2020-10-20 16:31:40.159 | INFO     | server:train_subset_of_clients:46 - Updating parameters on client #25
2020-10-20 16:31:40.161 | INFO     | server:train_subset_of_clients:46 - Updating parameters on client #26
2020-10-20 16:31:40.163 | INFO     | server:train_subset_of_clients:46 - Updating parameters on client #27
2020-10-20 16:31:40.164 | INFO     | server:train_subset_of_clients:46 - Updating parameters on client #28
2020-10-20 16:31:40.166 | INFO     | server:train_subset_of_clients:46 - Updating parameters on client #29
2020-10-20 16:31:40.168 | INFO     | server:train_subset_of_clients:46 - Updating parameters on client #30
2020-10-20 16:31:40.170 | INFO     | server:train_subset_of_clients:46 - Updating parameters on client #31
2020-10-20 16:31:40.171 | INFO     | server:train_subset_of_clients:46 - Updating parameters on client #32
2020-10-20 16:31:40.173 | INFO     | server:train_subset_of_clients:46 - Updating parameters on client #33
2020-10-20 16:31:40.175 | INFO     | server:train_subset_of_clients:46 - Updating parameters on client #34
2020-10-20 16:31:40.177 | INFO     | server:train_subset_of_clients:46 - Updating parameters on client #35
2020-10-20 16:31:40.178 | INFO     | server:train_subset_of_clients:46 - Updating parameters on client #36
2020-10-20 16:31:40.180 | INFO     | server:train_subset_of_clients:46 - Updating parameters on client #37
2020-10-20 16:31:40.182 | INFO     | server:train_subset_of_clients:46 - Updating parameters on client #38
2020-10-20 16:31:40.184 | INFO     | server:train_subset_of_clients:46 - Updating parameters on client #39
2020-10-20 16:31:40.185 | INFO     | server:train_subset_of_clients:46 - Updating parameters on client #40
2020-10-20 16:31:40.187 | INFO     | server:train_subset_of_clients:46 - Updating parameters on client #41
2020-10-20 16:31:40.189 | INFO     | server:train_subset_of_clients:46 - Updating parameters on client #42
2020-10-20 16:31:40.191 | INFO     | server:train_subset_of_clients:46 - Updating parameters on client #43
2020-10-20 16:31:40.192 | INFO     | server:train_subset_of_clients:46 - Updating parameters on client #44
2020-10-20 16:31:40.194 | INFO     | server:train_subset_of_clients:46 - Updating parameters on client #45
2020-10-20 16:31:40.196 | INFO     | server:train_subset_of_clients:46 - Updating parameters on client #46
2020-10-20 16:31:40.198 | INFO     | server:train_subset_of_clients:46 - Updating parameters on client #47
2020-10-20 16:31:40.200 | INFO     | server:train_subset_of_clients:46 - Updating parameters on client #48
2020-10-20 16:31:40.201 | INFO     | server:train_subset_of_clients:46 - Updating parameters on client #49
2020-10-20 16:31:44.623 | DEBUG    | client:test:203 - Test set: Accuracy: 8115/10000 (81%)
2020-10-20 16:31:44.623 | DEBUG    | client:test:204 - Test set: Loss: 5.1422602236270905
2020-10-20 16:31:44.655 | DEBUG    | client:test:205 - Classification Report:
              precision    recall  f1-score   support

           0       0.80      0.76      0.78      1000
           1       0.99      0.92      0.95      1000
           2       0.63      0.80      0.71      1000
           3       0.78      0.86      0.82      1000
           4       0.78      0.58      0.66      1000
           5       0.96      0.84      0.90      1000
           6       0.54      0.55      0.55      1000
           7       0.83      0.94      0.88      1000
           8       0.96      0.93      0.94      1000
           9       0.92      0.93      0.93      1000

    accuracy                           0.81     10000
   macro avg       0.82      0.81      0.81     10000
weighted avg       0.82      0.81      0.81     10000

2020-10-20 16:31:44.657 | DEBUG    | client:test:206 - Confusion Matrix:
[[762   0  26  81   5   6 112   0   8   0]
 [  0 915  14  58   2   0   9   0   2   0]
 [  9   0 799   6  72   3 105   0   6   0]
 [ 17   4  15 864  24   1  74   0   1   0]
 [  1   0 237  37 580   1 142   0   2   0]
 [  0   0   0   2   0 838   2 133   3  22]
 [163   1 156  44  61   4 554   0  16   1]
 [  0   0   0   0   0   6   0 939   0  55]
 [  1   1  13  14   2   7  23   6 930   3]
 [  0   0   0   0   0   4   2  59   1 934]]
2020-10-20 16:31:44.658 | DEBUG    | client:test:207 - Class precision: [0.79958027 0.99348534 0.63412698 0.78119349 0.77747989 0.96321839
 0.54154448 0.82585752 0.95975232 0.92019704]
2020-10-20 16:31:44.659 | DEBUG    | client:test:208 - Class recall: [0.762 0.915 0.799 0.864 0.58  0.838 0.554 0.939 0.93  0.934]
2020-10-20 16:31:44.661 | INFO     | server:train_subset_of_clients:38 - Training epoch #3 on client #1
2020-10-20 16:31:44.694 | INFO     | client:train:139 - [3,     0] loss: 0.001
2020-10-20 16:31:47.054 | INFO     | client:train:139 - [3,   100] loss: 0.663
2020-10-20 16:31:47.611 | INFO     | server:train_subset_of_clients:38 - Training epoch #3 on client #9
2020-10-20 16:31:47.632 | INFO     | client:train:139 - [3,     0] loss: 0.009
2020-10-20 16:31:49.766 | INFO     | client:train:139 - [3,   100] loss: 0.580
2020-10-20 16:31:50.143 | INFO     | server:train_subset_of_clients:38 - Training epoch #3 on client #31
2020-10-20 16:31:50.165 | INFO     | client:train:139 - [3,     0] loss: 0.005
2020-10-20 16:31:52.321 | INFO     | client:train:139 - [3,   100] loss: 0.602
2020-10-20 16:31:52.744 | INFO     | server:train_subset_of_clients:38 - Training epoch #3 on client #37
2020-10-20 16:31:52.764 | INFO     | client:train:139 - [3,     0] loss: 0.002
2020-10-20 16:31:54.953 | INFO     | client:train:139 - [3,   100] loss: 0.654
2020-10-20 16:31:55.360 | INFO     | server:train_subset_of_clients:38 - Training epoch #3 on client #26
2020-10-20 16:31:55.381 | INFO     | client:train:139 - [3,     0] loss: 0.009
2020-10-20 16:31:57.396 | INFO     | client:train:139 - [3,   100] loss: 0.593
2020-10-20 16:31:57.779 | INFO     | server:train_subset_of_clients:41 - Averaging client parameters
2020-10-20 16:31:57.782 | INFO     | server:train_subset_of_clients:46 - Updating parameters on client #0
2020-10-20 16:31:57.783 | INFO     | server:train_subset_of_clients:46 - Updating parameters on client #1
2020-10-20 16:31:57.785 | INFO     | server:train_subset_of_clients:46 - Updating parameters on client #2
2020-10-20 16:31:57.786 | INFO     | server:train_subset_of_clients:46 - Updating parameters on client #3
2020-10-20 16:31:57.788 | INFO     | server:train_subset_of_clients:46 - Updating parameters on client #4
2020-10-20 16:31:57.790 | INFO     | server:train_subset_of_clients:46 - Updating parameters on client #5
2020-10-20 16:31:57.791 | INFO     | server:train_subset_of_clients:46 - Updating parameters on client #6
2020-10-20 16:31:57.793 | INFO     | server:train_subset_of_clients:46 - Updating parameters on client #7
2020-10-20 16:31:57.795 | INFO     | server:train_subset_of_clients:46 - Updating parameters on client #8
2020-10-20 16:31:57.797 | INFO     | server:train_subset_of_clients:46 - Updating parameters on client #9
2020-10-20 16:31:57.798 | INFO     | server:train_subset_of_clients:46 - Updating parameters on client #10
2020-10-20 16:31:57.800 | INFO     | server:train_subset_of_clients:46 - Updating parameters on client #11
2020-10-20 16:31:57.802 | INFO     | server:train_subset_of_clients:46 - Updating parameters on client #12
2020-10-20 16:31:57.803 | INFO     | server:train_subset_of_clients:46 - Updating parameters on client #13
2020-10-20 16:31:57.805 | INFO     | server:train_subset_of_clients:46 - Updating parameters on client #14
2020-10-20 16:31:57.806 | INFO     | server:train_subset_of_clients:46 - Updating parameters on client #15
2020-10-20 16:31:57.808 | INFO     | server:train_subset_of_clients:46 - Updating parameters on client #16
2020-10-20 16:31:57.810 | INFO     | server:train_subset_of_clients:46 - Updating parameters on client #17
2020-10-20 16:31:57.812 | INFO     | server:train_subset_of_clients:46 - Updating parameters on client #18
2020-10-20 16:31:57.813 | INFO     | server:train_subset_of_clients:46 - Updating parameters on client #19
2020-10-20 16:31:57.815 | INFO     | server:train_subset_of_clients:46 - Updating parameters on client #20
2020-10-20 16:31:57.817 | INFO     | server:train_subset_of_clients:46 - Updating parameters on client #21
2020-10-20 16:31:57.818 | INFO     | server:train_subset_of_clients:46 - Updating parameters on client #22
2020-10-20 16:31:57.820 | INFO     | server:train_subset_of_clients:46 - Updating parameters on client #23
2020-10-20 16:31:57.821 | INFO     | server:train_subset_of_clients:46 - Updating parameters on client #24
2020-10-20 16:31:57.823 | INFO     | server:train_subset_of_clients:46 - Updating parameters on client #25
2020-10-20 16:31:57.825 | INFO     | server:train_subset_of_clients:46 - Updating parameters on client #26
2020-10-20 16:31:57.827 | INFO     | server:train_subset_of_clients:46 - Updating parameters on client #27
2020-10-20 16:31:57.828 | INFO     | server:train_subset_of_clients:46 - Updating parameters on client #28
2020-10-20 16:31:57.830 | INFO     | server:train_subset_of_clients:46 - Updating parameters on client #29
2020-10-20 16:31:57.832 | INFO     | server:train_subset_of_clients:46 - Updating parameters on client #30
2020-10-20 16:31:57.833 | INFO     | server:train_subset_of_clients:46 - Updating parameters on client #31
2020-10-20 16:31:57.835 | INFO     | server:train_subset_of_clients:46 - Updating parameters on client #32
2020-10-20 16:31:57.837 | INFO     | server:train_subset_of_clients:46 - Updating parameters on client #33
2020-10-20 16:31:57.838 | INFO     | server:train_subset_of_clients:46 - Updating parameters on client #34
2020-10-20 16:31:57.840 | INFO     | server:train_subset_of_clients:46 - Updating parameters on client #35
2020-10-20 16:31:57.842 | INFO     | server:train_subset_of_clients:46 - Updating parameters on client #36
2020-10-20 16:31:57.843 | INFO     | server:train_subset_of_clients:46 - Updating parameters on client #37
2020-10-20 16:31:57.845 | INFO     | server:train_subset_of_clients:46 - Updating parameters on client #38
2020-10-20 16:31:57.846 | INFO     | server:train_subset_of_clients:46 - Updating parameters on client #39
2020-10-20 16:31:57.848 | INFO     | server:train_subset_of_clients:46 - Updating parameters on client #40
2020-10-20 16:31:57.850 | INFO     | server:train_subset_of_clients:46 - Updating parameters on client #41
2020-10-20 16:31:57.851 | INFO     | server:train_subset_of_clients:46 - Updating parameters on client #42
2020-10-20 16:31:57.853 | INFO     | server:train_subset_of_clients:46 - Updating parameters on client #43
2020-10-20 16:31:57.855 | INFO     | server:train_subset_of_clients:46 - Updating parameters on client #44
2020-10-20 16:31:57.856 | INFO     | server:train_subset_of_clients:46 - Updating parameters on client #45
2020-10-20 16:31:57.858 | INFO     | server:train_subset_of_clients:46 - Updating parameters on client #46
2020-10-20 16:31:57.860 | INFO     | server:train_subset_of_clients:46 - Updating parameters on client #47
2020-10-20 16:31:57.861 | INFO     | server:train_subset_of_clients:46 - Updating parameters on client #48
2020-10-20 16:31:57.863 | INFO     | server:train_subset_of_clients:46 - Updating parameters on client #49
2020-10-20 16:32:02.061 | DEBUG    | client:test:203 - Test set: Accuracy: 8366/10000 (84%)
2020-10-20 16:32:02.062 | DEBUG    | client:test:204 - Test set: Loss: 4.539552092552185
2020-10-20 16:32:02.092 | DEBUG    | client:test:205 - Classification Report:
              precision    recall  f1-score   support

           0       0.79      0.80      0.79      1000
           1       0.99      0.93      0.96      1000
           2       0.77      0.74      0.75      1000
           3       0.84      0.85      0.84      1000
           4       0.76      0.72      0.74      1000
           5       0.93      0.93      0.93      1000
           6       0.55      0.61      0.58      1000
           7       0.91      0.90      0.90      1000
           8       0.94      0.96      0.95      1000
           9       0.91      0.95      0.93      1000

    accuracy                           0.84     10000
   macro avg       0.84      0.84      0.84     10000
weighted avg       0.84      0.84      0.84     10000

2020-10-20 16:32:02.094 | DEBUG    | client:test:206 - Confusion Matrix:
[[796   0  12  43   4   7 124   0  14   0]
 [  3 926   8  45   4   1  11   0   2   0]
 [ 16   0 736   6 100   4 128   0  10   0]
 [ 25   3   4 851  37   2  75   0   3   0]
 [  1   0 100  31 718   1 146   0   3   0]
 [  0   0   0   2   0 925   1  46   2  24]
 [163   1  98  25  75   4 610   0  24   0]
 [  0   0   0   0   0  36   0 895   1  68]
 [  1   1   4  12   2   9  10   4 956   1]
 [  0   0   0   0   0   7   2  37   1 953]]
2020-10-20 16:32:02.095 | DEBUG    | client:test:207 - Class precision: [0.7920398  0.99462943 0.76507277 0.83842365 0.76382979 0.92871486
 0.55103884 0.9114053  0.94094488 0.91108987]
2020-10-20 16:32:02.096 | DEBUG    | client:test:208 - Class recall: [0.796 0.926 0.736 0.851 0.718 0.925 0.61  0.895 0.956 0.953]
2020-10-20 16:32:02.098 | INFO     | server:train_subset_of_clients:38 - Training epoch #4 on client #16
2020-10-20 16:32:02.130 | INFO     | client:train:139 - [4,     0] loss: 0.010
2020-10-20 16:32:04.244 | INFO     | client:train:139 - [4,   100] loss: 0.556
2020-10-20 16:32:04.635 | INFO     | server:train_subset_of_clients:38 - Training epoch #4 on client #30
2020-10-20 16:32:04.657 | INFO     | client:train:139 - [4,     0] loss: 0.001
2020-10-20 16:32:06.693 | INFO     | client:train:139 - [4,   100] loss: 0.506
2020-10-20 16:32:07.077 | INFO     | server:train_subset_of_clients:38 - Training epoch #4 on client #3
2020-10-20 16:32:07.098 | INFO     | client:train:139 - [4,     0] loss: 0.001
2020-10-20 16:32:09.185 | INFO     | client:train:139 - [4,   100] loss: 0.474
2020-10-20 16:32:09.589 | INFO     | server:train_subset_of_clients:38 - Training epoch #4 on client #24
2020-10-20 16:32:09.613 | INFO     | client:train:139 - [4,     0] loss: 0.002
2020-10-20 16:32:11.629 | INFO     | client:train:139 - [4,   100] loss: 0.518
2020-10-20 16:32:12.002 | INFO     | server:train_subset_of_clients:38 - Training epoch #4 on client #46
2020-10-20 16:32:12.022 | INFO     | client:train:139 - [4,     0] loss: 0.003
2020-10-20 16:32:14.031 | INFO     | client:train:139 - [4,   100] loss: 0.487
2020-10-20 16:32:14.421 | INFO     | server:train_subset_of_clients:41 - Averaging client parameters
2020-10-20 16:32:14.423 | INFO     | server:train_subset_of_clients:46 - Updating parameters on client #0
2020-10-20 16:32:14.425 | INFO     | server:train_subset_of_clients:46 - Updating parameters on client #1
2020-10-20 16:32:14.427 | INFO     | server:train_subset_of_clients:46 - Updating parameters on client #2
2020-10-20 16:32:14.428 | INFO     | server:train_subset_of_clients:46 - Updating parameters on client #3
2020-10-20 16:32:14.430 | INFO     | server:train_subset_of_clients:46 - Updating parameters on client #4
2020-10-20 16:32:14.432 | INFO     | server:train_subset_of_clients:46 - Updating parameters on client #5
2020-10-20 16:32:14.434 | INFO     | server:train_subset_of_clients:46 - Updating parameters on client #6
2020-10-20 16:32:14.436 | INFO     | server:train_subset_of_clients:46 - Updating parameters on client #7
2020-10-20 16:32:14.438 | INFO     | server:train_subset_of_clients:46 - Updating parameters on client #8
2020-10-20 16:32:14.439 | INFO     | server:train_subset_of_clients:46 - Updating parameters on client #9
2020-10-20 16:32:14.441 | INFO     | server:train_subset_of_clients:46 - Updating parameters on client #10
2020-10-20 16:32:14.443 | INFO     | server:train_subset_of_clients:46 - Updating parameters on client #11
2020-10-20 16:32:14.444 | INFO     | server:train_subset_of_clients:46 - Updating parameters on client #12
2020-10-20 16:32:14.446 | INFO     | server:train_subset_of_clients:46 - Updating parameters on client #13
2020-10-20 16:32:14.448 | INFO     | server:train_subset_of_clients:46 - Updating parameters on client #14
2020-10-20 16:32:14.449 | INFO     | server:train_subset_of_clients:46 - Updating parameters on client #15
2020-10-20 16:32:14.451 | INFO     | server:train_subset_of_clients:46 - Updating parameters on client #16
2020-10-20 16:32:14.453 | INFO     | server:train_subset_of_clients:46 - Updating parameters on client #17
2020-10-20 16:32:14.454 | INFO     | server:train_subset_of_clients:46 - Updating parameters on client #18
2020-10-20 16:32:14.456 | INFO     | server:train_subset_of_clients:46 - Updating parameters on client #19
2020-10-20 16:32:14.458 | INFO     | server:train_subset_of_clients:46 - Updating parameters on client #20
2020-10-20 16:32:14.460 | INFO     | server:train_subset_of_clients:46 - Updating parameters on client #21
2020-10-20 16:32:14.461 | INFO     | server:train_subset_of_clients:46 - Updating parameters on client #22
2020-10-20 16:32:14.463 | INFO     | server:train_subset_of_clients:46 - Updating parameters on client #23
2020-10-20 16:32:14.465 | INFO     | server:train_subset_of_clients:46 - Updating parameters on client #24
2020-10-20 16:32:14.466 | INFO     | server:train_subset_of_clients:46 - Updating parameters on client #25
2020-10-20 16:32:14.468 | INFO     | server:train_subset_of_clients:46 - Updating parameters on client #26
2020-10-20 16:32:14.470 | INFO     | server:train_subset_of_clients:46 - Updating parameters on client #27
2020-10-20 16:32:14.472 | INFO     | server:train_subset_of_clients:46 - Updating parameters on client #28
2020-10-20 16:32:14.473 | INFO     | server:train_subset_of_clients:46 - Updating parameters on client #29
2020-10-20 16:32:14.475 | INFO     | server:train_subset_of_clients:46 - Updating parameters on client #30
2020-10-20 16:32:14.476 | INFO     | server:train_subset_of_clients:46 - Updating parameters on client #31
2020-10-20 16:32:14.478 | INFO     | server:train_subset_of_clients:46 - Updating parameters on client #32
2020-10-20 16:32:14.480 | INFO     | server:train_subset_of_clients:46 - Updating parameters on client #33
2020-10-20 16:32:14.482 | INFO     | server:train_subset_of_clients:46 - Updating parameters on client #34
2020-10-20 16:32:14.483 | INFO     | server:train_subset_of_clients:46 - Updating parameters on client #35
2020-10-20 16:32:14.485 | INFO     | server:train_subset_of_clients:46 - Updating parameters on client #36
2020-10-20 16:32:14.487 | INFO     | server:train_subset_of_clients:46 - Updating parameters on client #37
2020-10-20 16:32:14.488 | INFO     | server:train_subset_of_clients:46 - Updating parameters on client #38
2020-10-20 16:32:14.490 | INFO     | server:train_subset_of_clients:46 - Updating parameters on client #39
2020-10-20 16:32:14.492 | INFO     | server:train_subset_of_clients:46 - Updating parameters on client #40
2020-10-20 16:32:14.493 | INFO     | server:train_subset_of_clients:46 - Updating parameters on client #41
2020-10-20 16:32:14.495 | INFO     | server:train_subset_of_clients:46 - Updating parameters on client #42
2020-10-20 16:32:14.497 | INFO     | server:train_subset_of_clients:46 - Updating parameters on client #43
2020-10-20 16:32:14.499 | INFO     | server:train_subset_of_clients:46 - Updating parameters on client #44
2020-10-20 16:32:14.500 | INFO     | server:train_subset_of_clients:46 - Updating parameters on client #45
2020-10-20 16:32:14.503 | INFO     | server:train_subset_of_clients:46 - Updating parameters on client #46
2020-10-20 16:32:14.506 | INFO     | server:train_subset_of_clients:46 - Updating parameters on client #47
2020-10-20 16:32:14.508 | INFO     | server:train_subset_of_clients:46 - Updating parameters on client #48
2020-10-20 16:32:14.509 | INFO     | server:train_subset_of_clients:46 - Updating parameters on client #49
2020-10-20 16:32:18.637 | DEBUG    | client:test:203 - Test set: Accuracy: 8465/10000 (85%)
2020-10-20 16:32:18.638 | DEBUG    | client:test:204 - Test set: Loss: 4.283149093389511
2020-10-20 16:32:18.668 | DEBUG    | client:test:205 - Classification Report:
              precision    recall  f1-score   support

           0       0.78      0.82      0.80      1000
           1       0.97      0.95      0.96      1000
           2       0.78      0.75      0.76      1000
           3       0.79      0.90      0.84      1000
           4       0.73      0.79      0.76      1000
           5       0.91      0.95      0.93      1000
           6       0.68      0.50      0.57      1000
           7       0.91      0.91      0.91      1000
           8       0.93      0.96      0.94      1000
           9       0.95      0.93      0.94      1000

    accuracy                           0.85     10000
   macro avg       0.84      0.85      0.84     10000
weighted avg       0.84      0.85      0.84     10000

2020-10-20 16:32:18.669 | DEBUG    | client:test:206 - Confusion Matrix:
[[824   1  16  67   6   6  63   0  17   0]
 [  2 953   4  29   4   1   5   0   2   0]
 [ 21   0 746  18 139   3  59   0  14   0]
 [ 17  17   3 899  29   0  31   0   4   0]
 [  2   2  77  52 790   1  71   0   5   0]
 [  1   0   0   3   0 954   0  29   1  12]
 [185   1 106  53 118   9 498   0  30   0]
 [  0   0   0   0   0  54   0 910   1  35]
 [  0   4   4  10   1   7   8   5 961   0]
 [  0   0   0   0   0  11   2  56   1 930]]
2020-10-20 16:32:18.670 | DEBUG    | client:test:207 - Class precision: [0.78326996 0.97443763 0.78033473 0.79487179 0.72677093 0.91204589
 0.67571235 0.91       0.92760618 0.95189355]
2020-10-20 16:32:18.671 | DEBUG    | client:test:208 - Class recall: [0.824 0.953 0.746 0.899 0.79  0.954 0.498 0.91  0.961 0.93 ]
2020-10-20 16:32:18.673 | INFO     | server:train_subset_of_clients:38 - Training epoch #5 on client #9
2020-10-20 16:32:18.703 | INFO     | client:train:139 - [5,     0] loss: 0.005
2020-10-20 16:32:20.861 | INFO     | client:train:139 - [5,   100] loss: 0.520
2020-10-20 16:32:21.332 | INFO     | server:train_subset_of_clients:38 - Training epoch #5 on client #3
2020-10-20 16:32:21.360 | INFO     | client:train:139 - [5,     0] loss: 0.000
2020-10-20 16:32:23.412 | INFO     | client:train:139 - [5,   100] loss: 0.451
2020-10-20 16:32:23.787 | INFO     | server:train_subset_of_clients:38 - Training epoch #5 on client #18
2020-10-20 16:32:23.807 | INFO     | client:train:139 - [5,     0] loss: 0.005
2020-10-20 16:32:25.940 | INFO     | client:train:139 - [5,   100] loss: 0.511
2020-10-20 16:32:26.369 | INFO     | server:train_subset_of_clients:38 - Training epoch #5 on client #36
2020-10-20 16:32:26.390 | INFO     | client:train:139 - [5,     0] loss: 0.003
2020-10-20 16:32:28.506 | INFO     | client:train:139 - [5,   100] loss: 0.514
2020-10-20 16:32:28.891 | INFO     | server:train_subset_of_clients:38 - Training epoch #5 on client #27
2020-10-20 16:32:28.913 | INFO     | client:train:139 - [5,     0] loss: 0.001
2020-10-20 16:32:31.017 | INFO     | client:train:139 - [5,   100] loss: 0.458
2020-10-20 16:32:31.410 | INFO     | server:train_subset_of_clients:41 - Averaging client parameters
2020-10-20 16:32:31.413 | INFO     | server:train_subset_of_clients:46 - Updating parameters on client #0
2020-10-20 16:32:31.415 | INFO     | server:train_subset_of_clients:46 - Updating parameters on client #1
2020-10-20 16:32:31.417 | INFO     | server:train_subset_of_clients:46 - Updating parameters on client #2
2020-10-20 16:32:31.419 | INFO     | server:train_subset_of_clients:46 - Updating parameters on client #3
2020-10-20 16:32:31.421 | INFO     | server:train_subset_of_clients:46 - Updating parameters on client #4
2020-10-20 16:32:31.423 | INFO     | server:train_subset_of_clients:46 - Updating parameters on client #5
2020-10-20 16:32:31.425 | INFO     | server:train_subset_of_clients:46 - Updating parameters on client #6
2020-10-20 16:32:31.427 | INFO     | server:train_subset_of_clients:46 - Updating parameters on client #7
2020-10-20 16:32:31.429 | INFO     | server:train_subset_of_clients:46 - Updating parameters on client #8
2020-10-20 16:32:31.430 | INFO     | server:train_subset_of_clients:46 - Updating parameters on client #9
2020-10-20 16:32:31.432 | INFO     | server:train_subset_of_clients:46 - Updating parameters on client #10
2020-10-20 16:32:31.434 | INFO     | server:train_subset_of_clients:46 - Updating parameters on client #11
2020-10-20 16:32:31.436 | INFO     | server:train_subset_of_clients:46 - Updating parameters on client #12
2020-10-20 16:32:31.438 | INFO     | server:train_subset_of_clients:46 - Updating parameters on client #13
2020-10-20 16:32:31.440 | INFO     | server:train_subset_of_clients:46 - Updating parameters on client #14
2020-10-20 16:32:31.441 | INFO     | server:train_subset_of_clients:46 - Updating parameters on client #15
2020-10-20 16:32:31.443 | INFO     | server:train_subset_of_clients:46 - Updating parameters on client #16
2020-10-20 16:32:31.445 | INFO     | server:train_subset_of_clients:46 - Updating parameters on client #17
2020-10-20 16:32:31.447 | INFO     | server:train_subset_of_clients:46 - Updating parameters on client #18
2020-10-20 16:32:31.449 | INFO     | server:train_subset_of_clients:46 - Updating parameters on client #19
2020-10-20 16:32:31.451 | INFO     | server:train_subset_of_clients:46 - Updating parameters on client #20
2020-10-20 16:32:31.453 | INFO     | server:train_subset_of_clients:46 - Updating parameters on client #21
2020-10-20 16:32:31.454 | INFO     | server:train_subset_of_clients:46 - Updating parameters on client #22
2020-10-20 16:32:31.456 | INFO     | server:train_subset_of_clients:46 - Updating parameters on client #23
2020-10-20 16:32:31.458 | INFO     | server:train_subset_of_clients:46 - Updating parameters on client #24
2020-10-20 16:32:31.460 | INFO     | server:train_subset_of_clients:46 - Updating parameters on client #25
2020-10-20 16:32:31.461 | INFO     | server:train_subset_of_clients:46 - Updating parameters on client #26
2020-10-20 16:32:31.463 | INFO     | server:train_subset_of_clients:46 - Updating parameters on client #27
2020-10-20 16:32:31.465 | INFO     | server:train_subset_of_clients:46 - Updating parameters on client #28
2020-10-20 16:32:31.466 | INFO     | server:train_subset_of_clients:46 - Updating parameters on client #29
2020-10-20 16:32:31.468 | INFO     | server:train_subset_of_clients:46 - Updating parameters on client #30
2020-10-20 16:32:31.470 | INFO     | server:train_subset_of_clients:46 - Updating parameters on client #31
2020-10-20 16:32:31.472 | INFO     | server:train_subset_of_clients:46 - Updating parameters on client #32
2020-10-20 16:32:31.474 | INFO     | server:train_subset_of_clients:46 - Updating parameters on client #33
2020-10-20 16:32:31.476 | INFO     | server:train_subset_of_clients:46 - Updating parameters on client #34
2020-10-20 16:32:31.477 | INFO     | server:train_subset_of_clients:46 - Updating parameters on client #35
2020-10-20 16:32:31.480 | INFO     | server:train_subset_of_clients:46 - Updating parameters on client #36
2020-10-20 16:32:31.482 | INFO     | server:train_subset_of_clients:46 - Updating parameters on client #37
2020-10-20 16:32:31.483 | INFO     | server:train_subset_of_clients:46 - Updating parameters on client #38
2020-10-20 16:32:31.485 | INFO     | server:train_subset_of_clients:46 - Updating parameters on client #39
2020-10-20 16:32:31.488 | INFO     | server:train_subset_of_clients:46 - Updating parameters on client #40
2020-10-20 16:32:31.490 | INFO     | server:train_subset_of_clients:46 - Updating parameters on client #41
2020-10-20 16:32:31.492 | INFO     | server:train_subset_of_clients:46 - Updating parameters on client #42
2020-10-20 16:32:31.495 | INFO     | server:train_subset_of_clients:46 - Updating parameters on client #43
2020-10-20 16:32:31.497 | INFO     | server:train_subset_of_clients:46 - Updating parameters on client #44
2020-10-20 16:32:31.499 | INFO     | server:train_subset_of_clients:46 - Updating parameters on client #45
2020-10-20 16:32:31.500 | INFO     | server:train_subset_of_clients:46 - Updating parameters on client #46
2020-10-20 16:32:31.502 | INFO     | server:train_subset_of_clients:46 - Updating parameters on client #47
2020-10-20 16:32:31.505 | INFO     | server:train_subset_of_clients:46 - Updating parameters on client #48
2020-10-20 16:32:31.507 | INFO     | server:train_subset_of_clients:46 - Updating parameters on client #49
2020-10-20 16:32:35.854 | DEBUG    | client:test:203 - Test set: Accuracy: 8485/10000 (85%)
2020-10-20 16:32:35.854 | DEBUG    | client:test:204 - Test set: Loss: 4.244991838932037
2020-10-20 16:32:35.884 | DEBUG    | client:test:205 - Classification Report:
              precision    recall  f1-score   support

           0       0.79      0.84      0.81      1000
           1       0.97      0.96      0.97      1000
           2       0.73      0.82      0.77      1000
           3       0.88      0.84      0.86      1000
           4       0.81      0.64      0.72      1000
           5       0.97      0.90      0.94      1000
           6       0.58      0.63      0.60      1000
           7       0.88      0.95      0.91      1000
           8       0.96      0.95      0.96      1000
           9       0.94      0.94      0.94      1000

    accuracy                           0.85     10000
   macro avg       0.85      0.85      0.85     10000
weighted avg       0.85      0.85      0.85     10000

2020-10-20 16:32:35.886 | DEBUG    | client:test:206 - Confusion Matrix:
[[839   3  14  25   2   5 103   0   9   0]
 [  3 961   7  18   3   0   6   0   2   0]
 [  8   0 820   6  58   1 103   0   4   0]
 [ 35  18  13 844  24   0  63   0   3   0]
 [  2   3 151  36 641   0 165   0   2   0]
 [  0   0   0   2   0 901   1  76   2  18]
 [174   2 104  21  57   1 630   0  11   0]
 [  0   0   0   0   0  11   0 950   1  38]
 [  0   2   8   5   2   3  21   5 954   0]
 [  0   0   0   0   0   4   2  48   1 945]]
2020-10-20 16:32:35.886 | DEBUG    | client:test:207 - Class precision: [0.79076343 0.97168857 0.73410922 0.88192268 0.81448539 0.97300216
 0.57586837 0.88044486 0.96461072 0.94405594]
2020-10-20 16:32:35.887 | DEBUG    | client:test:208 - Class recall: [0.839 0.961 0.82  0.844 0.641 0.901 0.63  0.95  0.954 0.945]
2020-10-20 16:32:35.890 | INFO     | server:train_subset_of_clients:38 - Training epoch #6 on client #40
2020-10-20 16:32:35.971 | INFO     | client:train:139 - [6,     0] loss: 0.002
2020-10-20 16:32:38.350 | INFO     | client:train:139 - [6,   100] loss: 0.551
2020-10-20 16:32:38.732 | INFO     | server:train_subset_of_clients:38 - Training epoch #6 on client #41
2020-10-20 16:32:38.752 | INFO     | client:train:139 - [6,     0] loss: 0.005
2020-10-20 16:32:41.048 | INFO     | client:train:139 - [6,   100] loss: 0.552
2020-10-20 16:32:41.492 | INFO     | server:train_subset_of_clients:38 - Training epoch #6 on client #12
2020-10-20 16:32:41.513 | INFO     | client:train:139 - [6,     0] loss: 0.004
2020-10-20 16:32:43.596 | INFO     | client:train:139 - [6,   100] loss: 0.466
2020-10-20 16:32:44.003 | INFO     | server:train_subset_of_clients:38 - Training epoch #6 on client #47
2020-10-20 16:32:44.024 | INFO     | client:train:139 - [6,     0] loss: 0.014
2020-10-20 16:32:46.101 | INFO     | client:train:139 - [6,   100] loss: 0.559
2020-10-20 16:32:46.514 | INFO     | server:train_subset_of_clients:38 - Training epoch #6 on client #36
2020-10-20 16:32:46.536 | INFO     | client:train:139 - [6,     0] loss: 0.004
2020-10-20 16:32:48.886 | INFO     | client:train:139 - [6,   100] loss: 0.480
2020-10-20 16:32:49.269 | INFO     | server:train_subset_of_clients:41 - Averaging client parameters
2020-10-20 16:32:49.272 | INFO     | server:train_subset_of_clients:46 - Updating parameters on client #0
2020-10-20 16:32:49.274 | INFO     | server:train_subset_of_clients:46 - Updating parameters on client #1
2020-10-20 16:32:49.276 | INFO     | server:train_subset_of_clients:46 - Updating parameters on client #2
2020-10-20 16:32:49.277 | INFO     | server:train_subset_of_clients:46 - Updating parameters on client #3
2020-10-20 16:32:49.279 | INFO     | server:train_subset_of_clients:46 - Updating parameters on client #4
2020-10-20 16:32:49.281 | INFO     | server:train_subset_of_clients:46 - Updating parameters on client #5
2020-10-20 16:32:49.282 | INFO     | server:train_subset_of_clients:46 - Updating parameters on client #6
2020-10-20 16:32:49.284 | INFO     | server:train_subset_of_clients:46 - Updating parameters on client #7
2020-10-20 16:32:49.286 | INFO     | server:train_subset_of_clients:46 - Updating parameters on client #8
2020-10-20 16:32:49.287 | INFO     | server:train_subset_of_clients:46 - Updating parameters on client #9
2020-10-20 16:32:49.289 | INFO     | server:train_subset_of_clients:46 - Updating parameters on client #10
2020-10-20 16:32:49.291 | INFO     | server:train_subset_of_clients:46 - Updating parameters on client #11
2020-10-20 16:32:49.293 | INFO     | server:train_subset_of_clients:46 - Updating parameters on client #12
2020-10-20 16:32:49.295 | INFO     | server:train_subset_of_clients:46 - Updating parameters on client #13
2020-10-20 16:32:49.296 | INFO     | server:train_subset_of_clients:46 - Updating parameters on client #14
2020-10-20 16:32:49.298 | INFO     | server:train_subset_of_clients:46 - Updating parameters on client #15
2020-10-20 16:32:49.300 | INFO     | server:train_subset_of_clients:46 - Updating parameters on client #16
2020-10-20 16:32:49.302 | INFO     | server:train_subset_of_clients:46 - Updating parameters on client #17
2020-10-20 16:32:49.303 | INFO     | server:train_subset_of_clients:46 - Updating parameters on client #18
2020-10-20 16:32:49.305 | INFO     | server:train_subset_of_clients:46 - Updating parameters on client #19
2020-10-20 16:32:49.307 | INFO     | server:train_subset_of_clients:46 - Updating parameters on client #20
2020-10-20 16:32:49.309 | INFO     | server:train_subset_of_clients:46 - Updating parameters on client #21
2020-10-20 16:32:49.310 | INFO     | server:train_subset_of_clients:46 - Updating parameters on client #22
2020-10-20 16:32:49.312 | INFO     | server:train_subset_of_clients:46 - Updating parameters on client #23
2020-10-20 16:32:49.314 | INFO     | server:train_subset_of_clients:46 - Updating parameters on client #24
2020-10-20 16:32:49.316 | INFO     | server:train_subset_of_clients:46 - Updating parameters on client #25
2020-10-20 16:32:49.317 | INFO     | server:train_subset_of_clients:46 - Updating parameters on client #26
2020-10-20 16:32:49.319 | INFO     | server:train_subset_of_clients:46 - Updating parameters on client #27
2020-10-20 16:32:49.321 | INFO     | server:train_subset_of_clients:46 - Updating parameters on client #28
2020-10-20 16:32:49.323 | INFO     | server:train_subset_of_clients:46 - Updating parameters on client #29
2020-10-20 16:32:49.324 | INFO     | server:train_subset_of_clients:46 - Updating parameters on client #30
2020-10-20 16:32:49.326 | INFO     | server:train_subset_of_clients:46 - Updating parameters on client #31
2020-10-20 16:32:49.328 | INFO     | server:train_subset_of_clients:46 - Updating parameters on client #32
2020-10-20 16:32:49.329 | INFO     | server:train_subset_of_clients:46 - Updating parameters on client #33
2020-10-20 16:32:49.331 | INFO     | server:train_subset_of_clients:46 - Updating parameters on client #34
2020-10-20 16:32:49.333 | INFO     | server:train_subset_of_clients:46 - Updating parameters on client #35
2020-10-20 16:32:49.335 | INFO     | server:train_subset_of_clients:46 - Updating parameters on client #36
2020-10-20 16:32:49.337 | INFO     | server:train_subset_of_clients:46 - Updating parameters on client #37
2020-10-20 16:32:49.339 | INFO     | server:train_subset_of_clients:46 - Updating parameters on client #38
2020-10-20 16:32:49.341 | INFO     | server:train_subset_of_clients:46 - Updating parameters on client #39
2020-10-20 16:32:49.343 | INFO     | server:train_subset_of_clients:46 - Updating parameters on client #40
2020-10-20 16:32:49.344 | INFO     | server:train_subset_of_clients:46 - Updating parameters on client #41
2020-10-20 16:32:49.346 | INFO     | server:train_subset_of_clients:46 - Updating parameters on client #42
2020-10-20 16:32:49.348 | INFO     | server:train_subset_of_clients:46 - Updating parameters on client #43
2020-10-20 16:32:49.350 | INFO     | server:train_subset_of_clients:46 - Updating parameters on client #44
2020-10-20 16:32:49.351 | INFO     | server:train_subset_of_clients:46 - Updating parameters on client #45
2020-10-20 16:32:49.354 | INFO     | server:train_subset_of_clients:46 - Updating parameters on client #46
2020-10-20 16:32:49.356 | INFO     | server:train_subset_of_clients:46 - Updating parameters on client #47
2020-10-20 16:32:49.358 | INFO     | server:train_subset_of_clients:46 - Updating parameters on client #48
2020-10-20 16:32:49.361 | INFO     | server:train_subset_of_clients:46 - Updating parameters on client #49
2020-10-20 16:32:53.604 | DEBUG    | client:test:203 - Test set: Accuracy: 8435/10000 (84%)
2020-10-20 16:32:53.605 | DEBUG    | client:test:204 - Test set: Loss: 4.458712071180344
2020-10-20 16:32:53.643 | DEBUG    | client:test:205 - Classification Report:
              precision    recall  f1-score   support

           0       0.72      0.88      0.79      1000
           1       1.00      0.93      0.96      1000
           2       0.71      0.83      0.76      1000
           3       0.78      0.93      0.85      1000
           4       0.73      0.79      0.76      1000
           5       0.97      0.92      0.94      1000
           6       0.81      0.30      0.44      1000
           7       0.88      0.97      0.92      1000
           8       0.93      0.97      0.95      1000
           9       0.96      0.93      0.95      1000

    accuracy                           0.84     10000
   macro avg       0.85      0.84      0.83     10000
weighted avg       0.85      0.84      0.83     10000

2020-10-20 16:32:53.645 | DEBUG    | client:test:206 - Confusion Matrix:
[[876   0  26  51   5   4  19   0  19   0]
 [  5 929   7  52   3   0   2   0   2   0]
 [ 20   0 826  19 106   1  17   0  11   0]
 [ 31   1  14 932  11   0   8   0   3   0]
 [  2   1 114  71 786   0  23   0   3   0]
 [  1   0   0   4   0 915   0  61   4  15]
 [274   1 180  48 161   2 301   0  33   0]
 [  0   0   0   0   0  11   0 967   1  21]
 [  0   1   4  11   2   2   2   5 973   0]
 [  0   0   0   0   0   5   1  63   1 930]]
2020-10-20 16:32:53.646 | DEBUG    | client:test:207 - Class precision: [0.72456576 0.99571275 0.70538002 0.78451178 0.73184358 0.97340426
 0.80697051 0.88229927 0.92666667 0.96273292]
2020-10-20 16:32:53.647 | DEBUG    | client:test:208 - Class recall: [0.876 0.929 0.826 0.932 0.786 0.915 0.301 0.967 0.973 0.93 ]
2020-10-20 16:32:53.650 | INFO     | server:train_subset_of_clients:38 - Training epoch #7 on client #36
2020-10-20 16:32:53.683 | INFO     | client:train:139 - [7,     0] loss: 0.004
2020-10-20 16:32:55.959 | INFO     | client:train:139 - [7,   100] loss: 0.437
2020-10-20 16:32:56.436 | INFO     | server:train_subset_of_clients:38 - Training epoch #7 on client #13
2020-10-20 16:32:56.460 | INFO     | client:train:139 - [7,     0] loss: 0.007
2020-10-20 16:32:58.911 | INFO     | client:train:139 - [7,   100] loss: 0.559
2020-10-20 16:32:59.365 | INFO     | server:train_subset_of_clients:38 - Training epoch #7 on client #12
2020-10-20 16:32:59.388 | INFO     | client:train:139 - [7,     0] loss: 0.000
2020-10-20 16:33:01.547 | INFO     | client:train:139 - [7,   100] loss: 0.459
2020-10-20 16:33:01.940 | INFO     | server:train_subset_of_clients:38 - Training epoch #7 on client #38
2020-10-20 16:33:01.961 | INFO     | client:train:139 - [7,     0] loss: 0.002
2020-10-20 16:33:04.061 | INFO     | client:train:139 - [7,   100] loss: 0.508
2020-10-20 16:33:04.452 | INFO     | server:train_subset_of_clients:38 - Training epoch #7 on client #23
2020-10-20 16:33:04.473 | INFO     | client:train:139 - [7,     0] loss: 0.002
2020-10-20 16:33:06.569 | INFO     | client:train:139 - [7,   100] loss: 0.461
2020-10-20 16:33:07.098 | INFO     | server:train_subset_of_clients:41 - Averaging client parameters
2020-10-20 16:33:07.102 | INFO     | server:train_subset_of_clients:46 - Updating parameters on client #0
2020-10-20 16:33:07.105 | INFO     | server:train_subset_of_clients:46 - Updating parameters on client #1
2020-10-20 16:33:07.108 | INFO     | server:train_subset_of_clients:46 - Updating parameters on client #2
2020-10-20 16:33:07.111 | INFO     | server:train_subset_of_clients:46 - Updating parameters on client #3
2020-10-20 16:33:07.114 | INFO     | server:train_subset_of_clients:46 - Updating parameters on client #4
2020-10-20 16:33:07.118 | INFO     | server:train_subset_of_clients:46 - Updating parameters on client #5
2020-10-20 16:33:07.122 | INFO     | server:train_subset_of_clients:46 - Updating parameters on client #6
2020-10-20 16:33:07.125 | INFO     | server:train_subset_of_clients:46 - Updating parameters on client #7
2020-10-20 16:33:07.129 | INFO     | server:train_subset_of_clients:46 - Updating parameters on client #8
2020-10-20 16:33:07.132 | INFO     | server:train_subset_of_clients:46 - Updating parameters on client #9
2020-10-20 16:33:07.137 | INFO     | server:train_subset_of_clients:46 - Updating parameters on client #10
2020-10-20 16:33:07.140 | INFO     | server:train_subset_of_clients:46 - Updating parameters on client #11
2020-10-20 16:33:07.144 | INFO     | server:train_subset_of_clients:46 - Updating parameters on client #12
2020-10-20 16:33:07.146 | INFO     | server:train_subset_of_clients:46 - Updating parameters on client #13
2020-10-20 16:33:07.150 | INFO     | server:train_subset_of_clients:46 - Updating parameters on client #14
2020-10-20 16:33:07.153 | INFO     | server:train_subset_of_clients:46 - Updating parameters on client #15
2020-10-20 16:33:07.157 | INFO     | server:train_subset_of_clients:46 - Updating parameters on client #16
2020-10-20 16:33:07.160 | INFO     | server:train_subset_of_clients:46 - Updating parameters on client #17
2020-10-20 16:33:07.163 | INFO     | server:train_subset_of_clients:46 - Updating parameters on client #18
2020-10-20 16:33:07.166 | INFO     | server:train_subset_of_clients:46 - Updating parameters on client #19
2020-10-20 16:33:07.170 | INFO     | server:train_subset_of_clients:46 - Updating parameters on client #20
2020-10-20 16:33:07.174 | INFO     | server:train_subset_of_clients:46 - Updating parameters on client #21
2020-10-20 16:33:07.176 | INFO     | server:train_subset_of_clients:46 - Updating parameters on client #22
2020-10-20 16:33:07.178 | INFO     | server:train_subset_of_clients:46 - Updating parameters on client #23
2020-10-20 16:33:07.181 | INFO     | server:train_subset_of_clients:46 - Updating parameters on client #24
2020-10-20 16:33:07.184 | INFO     | server:train_subset_of_clients:46 - Updating parameters on client #25
2020-10-20 16:33:07.186 | INFO     | server:train_subset_of_clients:46 - Updating parameters on client #26
2020-10-20 16:33:07.189 | INFO     | server:train_subset_of_clients:46 - Updating parameters on client #27
2020-10-20 16:33:07.191 | INFO     | server:train_subset_of_clients:46 - Updating parameters on client #28
2020-10-20 16:33:07.193 | INFO     | server:train_subset_of_clients:46 - Updating parameters on client #29
2020-10-20 16:33:07.196 | INFO     | server:train_subset_of_clients:46 - Updating parameters on client #30
2020-10-20 16:33:07.199 | INFO     | server:train_subset_of_clients:46 - Updating parameters on client #31
2020-10-20 16:33:07.202 | INFO     | server:train_subset_of_clients:46 - Updating parameters on client #32
2020-10-20 16:33:07.205 | INFO     | server:train_subset_of_clients:46 - Updating parameters on client #33
2020-10-20 16:33:07.208 | INFO     | server:train_subset_of_clients:46 - Updating parameters on client #34
2020-10-20 16:33:07.209 | INFO     | server:train_subset_of_clients:46 - Updating parameters on client #35
2020-10-20 16:33:07.211 | INFO     | server:train_subset_of_clients:46 - Updating parameters on client #36
2020-10-20 16:33:07.215 | INFO     | server:train_subset_of_clients:46 - Updating parameters on client #37
2020-10-20 16:33:07.218 | INFO     | server:train_subset_of_clients:46 - Updating parameters on client #38
2020-10-20 16:33:07.221 | INFO     | server:train_subset_of_clients:46 - Updating parameters on client #39
2020-10-20 16:33:07.224 | INFO     | server:train_subset_of_clients:46 - Updating parameters on client #40
2020-10-20 16:33:07.226 | INFO     | server:train_subset_of_clients:46 - Updating parameters on client #41
2020-10-20 16:33:07.228 | INFO     | server:train_subset_of_clients:46 - Updating parameters on client #42
2020-10-20 16:33:07.231 | INFO     | server:train_subset_of_clients:46 - Updating parameters on client #43
2020-10-20 16:33:07.236 | INFO     | server:train_subset_of_clients:46 - Updating parameters on client #44
2020-10-20 16:33:07.239 | INFO     | server:train_subset_of_clients:46 - Updating parameters on client #45
2020-10-20 16:33:07.242 | INFO     | server:train_subset_of_clients:46 - Updating parameters on client #46
2020-10-20 16:33:07.244 | INFO     | server:train_subset_of_clients:46 - Updating parameters on client #47
2020-10-20 16:33:07.250 | INFO     | server:train_subset_of_clients:46 - Updating parameters on client #48
2020-10-20 16:33:07.253 | INFO     | server:train_subset_of_clients:46 - Updating parameters on client #49
2020-10-20 16:33:11.845 | DEBUG    | client:test:203 - Test set: Accuracy: 8532/10000 (85%)
2020-10-20 16:33:11.845 | DEBUG    | client:test:204 - Test set: Loss: 4.096764832735062
2020-10-20 16:33:11.878 | DEBUG    | client:test:205 - Classification Report:
              precision    recall  f1-score   support

           0       0.76      0.88      0.81      1000
           1       0.98      0.96      0.97      1000
           2       0.66      0.88      0.76      1000
           3       0.89      0.84      0.87      1000
           4       0.80      0.71      0.75      1000
           5       0.94      0.95      0.95      1000
           6       0.73      0.46      0.57      1000
           7       0.94      0.90      0.92      1000
           8       0.94      0.97      0.95      1000
           9       0.93      0.97      0.95      1000

    accuracy                           0.85     10000
   macro avg       0.86      0.85      0.85     10000
weighted avg       0.86      0.85      0.85     10000

2020-10-20 16:33:11.879 | DEBUG    | client:test:206 - Confusion Matrix:
[[875   1  30  24   3   5  45   0  17   0]
 [  3 965   4  19   3   1   3   0   2   0]
 [ 11   0 884   7  53   1  35   0   9   0]
 [ 44  13  24 845  33   2  34   0   5   0]
 [  3   2 197  31 713   0  51   0   3   0]
 [  0   0   0   2   0 950   1  31   1  15]
 [212   1 193  19  85   2 463   0  25   0]
 [  0   0   0   0   0  35   0 902   1  62]
 [  0   2   7   5   3   5   4   4 969   1]
 [  0   0   0   0   0   5   1  27   1 966]]
2020-10-20 16:33:11.880 | DEBUG    | client:test:207 - Class precision: [0.76219512 0.98069106 0.66019417 0.88760504 0.79843225 0.944334
 0.72684458 0.93568465 0.93804453 0.92528736]
2020-10-20 16:33:11.880 | DEBUG    | client:test:208 - Class recall: [0.875 0.965 0.884 0.845 0.713 0.95  0.463 0.902 0.969 0.966]
2020-10-20 16:33:11.883 | INFO     | server:train_subset_of_clients:38 - Training epoch #8 on client #43
2020-10-20 16:33:11.920 | INFO     | client:train:139 - [8,     0] loss: 0.003
2020-10-20 16:33:14.047 | INFO     | client:train:139 - [8,   100] loss: 0.476
2020-10-20 16:33:14.441 | INFO     | server:train_subset_of_clients:38 - Training epoch #8 on client #27
2020-10-20 16:33:14.462 | INFO     | client:train:139 - [8,     0] loss: 0.011
2020-10-20 16:33:16.514 | INFO     | client:train:139 - [8,   100] loss: 0.400
2020-10-20 16:33:16.926 | INFO     | server:train_subset_of_clients:38 - Training epoch #8 on client #20
2020-10-20 16:33:16.947 | INFO     | client:train:139 - [8,     0] loss: 0.006
2020-10-20 16:33:18.935 | INFO     | client:train:139 - [8,   100] loss: 0.456
2020-10-20 16:33:19.312 | INFO     | server:train_subset_of_clients:38 - Training epoch #8 on client #32
2020-10-20 16:33:19.333 | INFO     | client:train:139 - [8,     0] loss: 0.011
2020-10-20 16:33:21.369 | INFO     | client:train:139 - [8,   100] loss: 0.456
2020-10-20 16:33:21.768 | INFO     | server:train_subset_of_clients:38 - Training epoch #8 on client #46
2020-10-20 16:33:21.791 | INFO     | client:train:139 - [8,     0] loss: 0.005
2020-10-20 16:33:23.844 | INFO     | client:train:139 - [8,   100] loss: 0.433
2020-10-20 16:33:24.229 | INFO     | server:train_subset_of_clients:41 - Averaging client parameters
2020-10-20 16:33:24.232 | INFO     | server:train_subset_of_clients:46 - Updating parameters on client #0
2020-10-20 16:33:24.234 | INFO     | server:train_subset_of_clients:46 - Updating parameters on client #1
2020-10-20 16:33:24.235 | INFO     | server:train_subset_of_clients:46 - Updating parameters on client #2
2020-10-20 16:33:24.237 | INFO     | server:train_subset_of_clients:46 - Updating parameters on client #3
2020-10-20 16:33:24.239 | INFO     | server:train_subset_of_clients:46 - Updating parameters on client #4
2020-10-20 16:33:24.241 | INFO     | server:train_subset_of_clients:46 - Updating parameters on client #5
2020-10-20 16:33:24.242 | INFO     | server:train_subset_of_clients:46 - Updating parameters on client #6
2020-10-20 16:33:24.244 | INFO     | server:train_subset_of_clients:46 - Updating parameters on client #7
2020-10-20 16:33:24.246 | INFO     | server:train_subset_of_clients:46 - Updating parameters on client #8
2020-10-20 16:33:24.247 | INFO     | server:train_subset_of_clients:46 - Updating parameters on client #9
2020-10-20 16:33:24.249 | INFO     | server:train_subset_of_clients:46 - Updating parameters on client #10
2020-10-20 16:33:24.251 | INFO     | server:train_subset_of_clients:46 - Updating parameters on client #11
2020-10-20 16:33:24.253 | INFO     | server:train_subset_of_clients:46 - Updating parameters on client #12
2020-10-20 16:33:24.254 | INFO     | server:train_subset_of_clients:46 - Updating parameters on client #13
2020-10-20 16:33:24.256 | INFO     | server:train_subset_of_clients:46 - Updating parameters on client #14
2020-10-20 16:33:24.258 | INFO     | server:train_subset_of_clients:46 - Updating parameters on client #15
2020-10-20 16:33:24.259 | INFO     | server:train_subset_of_clients:46 - Updating parameters on client #16
2020-10-20 16:33:24.261 | INFO     | server:train_subset_of_clients:46 - Updating parameters on client #17
2020-10-20 16:33:24.263 | INFO     | server:train_subset_of_clients:46 - Updating parameters on client #18
2020-10-20 16:33:24.265 | INFO     | server:train_subset_of_clients:46 - Updating parameters on client #19
2020-10-20 16:33:24.267 | INFO     | server:train_subset_of_clients:46 - Updating parameters on client #20
2020-10-20 16:33:24.268 | INFO     | server:train_subset_of_clients:46 - Updating parameters on client #21
2020-10-20 16:33:24.270 | INFO     | server:train_subset_of_clients:46 - Updating parameters on client #22
2020-10-20 16:33:24.272 | INFO     | server:train_subset_of_clients:46 - Updating parameters on client #23
2020-10-20 16:33:24.273 | INFO     | server:train_subset_of_clients:46 - Updating parameters on client #24
2020-10-20 16:33:24.275 | INFO     | server:train_subset_of_clients:46 - Updating parameters on client #25
2020-10-20 16:33:24.277 | INFO     | server:train_subset_of_clients:46 - Updating parameters on client #26
2020-10-20 16:33:24.278 | INFO     | server:train_subset_of_clients:46 - Updating parameters on client #27
2020-10-20 16:33:24.280 | INFO     | server:train_subset_of_clients:46 - Updating parameters on client #28
2020-10-20 16:33:24.282 | INFO     | server:train_subset_of_clients:46 - Updating parameters on client #29
2020-10-20 16:33:24.283 | INFO     | server:train_subset_of_clients:46 - Updating parameters on client #30
2020-10-20 16:33:24.285 | INFO     | server:train_subset_of_clients:46 - Updating parameters on client #31
2020-10-20 16:33:24.287 | INFO     | server:train_subset_of_clients:46 - Updating parameters on client #32
2020-10-20 16:33:24.289 | INFO     | server:train_subset_of_clients:46 - Updating parameters on client #33
2020-10-20 16:33:24.290 | INFO     | server:train_subset_of_clients:46 - Updating parameters on client #34
2020-10-20 16:33:24.292 | INFO     | server:train_subset_of_clients:46 - Updating parameters on client #35
2020-10-20 16:33:24.294 | INFO     | server:train_subset_of_clients:46 - Updating parameters on client #36
2020-10-20 16:33:24.295 | INFO     | server:train_subset_of_clients:46 - Updating parameters on client #37
2020-10-20 16:33:24.297 | INFO     | server:train_subset_of_clients:46 - Updating parameters on client #38
2020-10-20 16:33:24.298 | INFO     | server:train_subset_of_clients:46 - Updating parameters on client #39
2020-10-20 16:33:24.300 | INFO     | server:train_subset_of_clients:46 - Updating parameters on client #40
2020-10-20 16:33:24.302 | INFO     | server:train_subset_of_clients:46 - Updating parameters on client #41
2020-10-20 16:33:24.303 | INFO     | server:train_subset_of_clients:46 - Updating parameters on client #42
2020-10-20 16:33:24.305 | INFO     | server:train_subset_of_clients:46 - Updating parameters on client #43
2020-10-20 16:33:24.307 | INFO     | server:train_subset_of_clients:46 - Updating parameters on client #44
2020-10-20 16:33:24.308 | INFO     | server:train_subset_of_clients:46 - Updating parameters on client #45
2020-10-20 16:33:24.310 | INFO     | server:train_subset_of_clients:46 - Updating parameters on client #46
2020-10-20 16:33:24.312 | INFO     | server:train_subset_of_clients:46 - Updating parameters on client #47
2020-10-20 16:33:24.313 | INFO     | server:train_subset_of_clients:46 - Updating parameters on client #48
2020-10-20 16:33:24.315 | INFO     | server:train_subset_of_clients:46 - Updating parameters on client #49
2020-10-20 16:33:28.623 | DEBUG    | client:test:203 - Test set: Accuracy: 8642/10000 (86%)
2020-10-20 16:33:28.624 | DEBUG    | client:test:204 - Test set: Loss: 3.766477942466736
2020-10-20 16:33:28.656 | DEBUG    | client:test:205 - Classification Report:
              precision    recall  f1-score   support

           0       0.80      0.85      0.82      1000
           1       0.99      0.95      0.97      1000
           2       0.76      0.82      0.79      1000
           3       0.85      0.89      0.87      1000
           4       0.78      0.76      0.77      1000
           5       0.96      0.94      0.95      1000
           6       0.67      0.57      0.62      1000
           7       0.93      0.92      0.92      1000
           8       0.96      0.97      0.96      1000
           9       0.93      0.96      0.94      1000

    accuracy                           0.86     10000
   macro avg       0.86      0.86      0.86     10000
weighted avg       0.86      0.86      0.86     10000

2020-10-20 16:33:28.658 | DEBUG    | client:test:206 - Confusion Matrix:
[[848   1  15  39   2   5  79   0  11   0]
 [  2 952   7  28   3   0   5   0   2   1]
 [ 14   0 820   8  87   2  63   0   6   0]
 [ 25   6   7 892  27   0  42   0   1   0]
 [  2   2 114  39 763   0  78   0   2   0]
 [  1   0   0   3   0 944   0  34   1  17]
 [170   1 113  33  92   1 573   0  16   1]
 [  0   0   0   0   0  24   0 919   1  56]
 [  0   1   4   8   2   3   8   4 969   1]
 [  0   0   0   0   0   4   1  32   1 962]]
2020-10-20 16:33:28.658 | DEBUG    | client:test:207 - Class precision: [0.79849341 0.98857736 0.75925926 0.84952381 0.7817623  0.96032553
 0.67491166 0.92922144 0.95940594 0.92678227]
2020-10-20 16:33:28.660 | DEBUG    | client:test:208 - Class recall: [0.848 0.952 0.82  0.892 0.763 0.944 0.573 0.919 0.969 0.962]
2020-10-20 16:33:28.662 | INFO     | server:train_subset_of_clients:38 - Training epoch #9 on client #1
2020-10-20 16:33:28.692 | INFO     | client:train:139 - [9,     0] loss: 0.000
2020-10-20 16:33:30.812 | INFO     | client:train:139 - [9,   100] loss: 0.464
2020-10-20 16:33:31.196 | INFO     | server:train_subset_of_clients:38 - Training epoch #9 on client #22
2020-10-20 16:33:31.218 | INFO     | client:train:139 - [9,     0] loss: 0.020
2020-10-20 16:33:33.319 | INFO     | client:train:139 - [9,   100] loss: 0.454
2020-10-20 16:33:33.720 | INFO     | server:train_subset_of_clients:38 - Training epoch #9 on client #32
2020-10-20 16:33:33.745 | INFO     | client:train:139 - [9,     0] loss: 0.007
2020-10-20 16:33:35.872 | INFO     | client:train:139 - [9,   100] loss: 0.439
2020-10-20 16:33:36.257 | INFO     | server:train_subset_of_clients:38 - Training epoch #9 on client #46
2020-10-20 16:33:36.284 | INFO     | client:train:139 - [9,     0] loss: 0.000
2020-10-20 16:33:38.450 | INFO     | client:train:139 - [9,   100] loss: 0.388
2020-10-20 16:33:38.864 | INFO     | server:train_subset_of_clients:38 - Training epoch #9 on client #36
2020-10-20 16:33:38.889 | INFO     | client:train:139 - [9,     0] loss: 0.001
2020-10-20 16:33:41.075 | INFO     | client:train:139 - [9,   100] loss: 0.396
2020-10-20 16:33:41.532 | INFO     | server:train_subset_of_clients:41 - Averaging client parameters
2020-10-20 16:33:41.535 | INFO     | server:train_subset_of_clients:46 - Updating parameters on client #0
2020-10-20 16:33:41.537 | INFO     | server:train_subset_of_clients:46 - Updating parameters on client #1
2020-10-20 16:33:41.539 | INFO     | server:train_subset_of_clients:46 - Updating parameters on client #2
2020-10-20 16:33:41.540 | INFO     | server:train_subset_of_clients:46 - Updating parameters on client #3
2020-10-20 16:33:41.542 | INFO     | server:train_subset_of_clients:46 - Updating parameters on client #4
2020-10-20 16:33:41.544 | INFO     | server:train_subset_of_clients:46 - Updating parameters on client #5
2020-10-20 16:33:41.546 | INFO     | server:train_subset_of_clients:46 - Updating parameters on client #6
2020-10-20 16:33:41.548 | INFO     | server:train_subset_of_clients:46 - Updating parameters on client #7
2020-10-20 16:33:41.549 | INFO     | server:train_subset_of_clients:46 - Updating parameters on client #8
2020-10-20 16:33:41.551 | INFO     | server:train_subset_of_clients:46 - Updating parameters on client #9
2020-10-20 16:33:41.553 | INFO     | server:train_subset_of_clients:46 - Updating parameters on client #10
2020-10-20 16:33:41.554 | INFO     | server:train_subset_of_clients:46 - Updating parameters on client #11
2020-10-20 16:33:41.556 | INFO     | server:train_subset_of_clients:46 - Updating parameters on client #12
2020-10-20 16:33:41.558 | INFO     | server:train_subset_of_clients:46 - Updating parameters on client #13
2020-10-20 16:33:41.559 | INFO     | server:train_subset_of_clients:46 - Updating parameters on client #14
2020-10-20 16:33:41.561 | INFO     | server:train_subset_of_clients:46 - Updating parameters on client #15
2020-10-20 16:33:41.564 | INFO     | server:train_subset_of_clients:46 - Updating parameters on client #16
2020-10-20 16:33:41.566 | INFO     | server:train_subset_of_clients:46 - Updating parameters on client #17
2020-10-20 16:33:41.568 | INFO     | server:train_subset_of_clients:46 - Updating parameters on client #18
2020-10-20 16:33:41.570 | INFO     | server:train_subset_of_clients:46 - Updating parameters on client #19
2020-10-20 16:33:41.571 | INFO     | server:train_subset_of_clients:46 - Updating parameters on client #20
2020-10-20 16:33:41.573 | INFO     | server:train_subset_of_clients:46 - Updating parameters on client #21
2020-10-20 16:33:41.574 | INFO     | server:train_subset_of_clients:46 - Updating parameters on client #22
2020-10-20 16:33:41.576 | INFO     | server:train_subset_of_clients:46 - Updating parameters on client #23
2020-10-20 16:33:41.578 | INFO     | server:train_subset_of_clients:46 - Updating parameters on client #24
2020-10-20 16:33:41.580 | INFO     | server:train_subset_of_clients:46 - Updating parameters on client #25
2020-10-20 16:33:41.581 | INFO     | server:train_subset_of_clients:46 - Updating parameters on client #26
2020-10-20 16:33:41.583 | INFO     | server:train_subset_of_clients:46 - Updating parameters on client #27
2020-10-20 16:33:41.585 | INFO     | server:train_subset_of_clients:46 - Updating parameters on client #28
2020-10-20 16:33:41.586 | INFO     | server:train_subset_of_clients:46 - Updating parameters on client #29
2020-10-20 16:33:41.588 | INFO     | server:train_subset_of_clients:46 - Updating parameters on client #30
2020-10-20 16:33:41.590 | INFO     | server:train_subset_of_clients:46 - Updating parameters on client #31
2020-10-20 16:33:41.591 | INFO     | server:train_subset_of_clients:46 - Updating parameters on client #32
2020-10-20 16:33:41.593 | INFO     | server:train_subset_of_clients:46 - Updating parameters on client #33
2020-10-20 16:33:41.595 | INFO     | server:train_subset_of_clients:46 - Updating parameters on client #34
2020-10-20 16:33:41.596 | INFO     | server:train_subset_of_clients:46 - Updating parameters on client #35
2020-10-20 16:33:41.598 | INFO     | server:train_subset_of_clients:46 - Updating parameters on client #36
2020-10-20 16:33:41.600 | INFO     | server:train_subset_of_clients:46 - Updating parameters on client #37
2020-10-20 16:33:41.601 | INFO     | server:train_subset_of_clients:46 - Updating parameters on client #38
2020-10-20 16:33:41.603 | INFO     | server:train_subset_of_clients:46 - Updating parameters on client #39
2020-10-20 16:33:41.605 | INFO     | server:train_subset_of_clients:46 - Updating parameters on client #40
2020-10-20 16:33:41.607 | INFO     | server:train_subset_of_clients:46 - Updating parameters on client #41
2020-10-20 16:33:41.608 | INFO     | server:train_subset_of_clients:46 - Updating parameters on client #42
2020-10-20 16:33:41.610 | INFO     | server:train_subset_of_clients:46 - Updating parameters on client #43
2020-10-20 16:33:41.612 | INFO     | server:train_subset_of_clients:46 - Updating parameters on client #44
2020-10-20 16:33:41.613 | INFO     | server:train_subset_of_clients:46 - Updating parameters on client #45
2020-10-20 16:33:41.615 | INFO     | server:train_subset_of_clients:46 - Updating parameters on client #46
2020-10-20 16:33:41.617 | INFO     | server:train_subset_of_clients:46 - Updating parameters on client #47
2020-10-20 16:33:41.619 | INFO     | server:train_subset_of_clients:46 - Updating parameters on client #48
2020-10-20 16:33:41.620 | INFO     | server:train_subset_of_clients:46 - Updating parameters on client #49
2020-10-20 16:33:45.976 | DEBUG    | client:test:203 - Test set: Accuracy: 8639/10000 (86%)
2020-10-20 16:33:45.976 | DEBUG    | client:test:204 - Test set: Loss: 3.7980694472789764
2020-10-20 16:33:46.017 | DEBUG    | client:test:205 - Classification Report:
              precision    recall  f1-score   support

           0       0.79      0.85      0.82      1000
           1       0.99      0.94      0.97      1000
           2       0.80      0.79      0.80      1000
           3       0.82      0.90      0.86      1000
           4       0.78      0.77      0.78      1000
           5       0.98      0.91      0.95      1000
           6       0.68      0.58      0.62      1000
           7       0.89      0.96      0.93      1000
           8       0.94      0.97      0.96      1000
           9       0.95      0.95      0.95      1000

    accuracy                           0.86     10000
   macro avg       0.86      0.86      0.86     10000
weighted avg       0.86      0.86      0.86     10000

2020-10-20 16:33:46.018 | DEBUG    | client:test:206 - Confusion Matrix:
[[850   1  17  48   2   2  63   0  17   0]
 [  2 944   4  39   5   0   4   0   2   0]
 [ 15   0 794  12  96   0  73   1   9   0]
 [ 23   3   6 904  28   0  34   0   2   0]
 [  1   2  80  44 773   0  97   0   3   0]
 [  1   0   0   3   0 914   0  61   3  18]
 [182   1  93  38  81   0 578   0  27   0]
 [  0   0   0   0   0   9   0 960   1  30]
 [  0   1   2   8   2   2   5   5 975   0]
 [  0   0   0   0   0   3   1  48   1 947]]
2020-10-20 16:33:46.020 | DEBUG    | client:test:207 - Class precision: [0.79143389 0.99159664 0.79718876 0.82481752 0.78318136 0.9827957
 0.67602339 0.89302326 0.9375     0.95175879]
2020-10-20 16:33:46.022 | DEBUG    | client:test:208 - Class recall: [0.85  0.944 0.794 0.904 0.773 0.914 0.578 0.96  0.975 0.947]
2020-10-20 16:33:46.024 | INFO     | server:train_subset_of_clients:38 - Training epoch #10 on client #31
2020-10-20 16:33:46.057 | INFO     | client:train:139 - [10,     0] loss: 0.008
2020-10-20 16:33:48.432 | INFO     | client:train:139 - [10,   100] loss: 0.430
2020-10-20 16:33:48.831 | INFO     | server:train_subset_of_clients:38 - Training epoch #10 on client #21
2020-10-20 16:33:48.852 | INFO     | client:train:139 - [10,     0] loss: 0.002
2020-10-20 16:33:51.072 | INFO     | client:train:139 - [10,   100] loss: 0.430
2020-10-20 16:33:51.494 | INFO     | server:train_subset_of_clients:38 - Training epoch #10 on client #10
2020-10-20 16:33:51.519 | INFO     | client:train:139 - [10,     0] loss: 0.003
2020-10-20 16:33:53.601 | INFO     | client:train:139 - [10,   100] loss: 0.435
2020-10-20 16:33:54.009 | INFO     | server:train_subset_of_clients:38 - Training epoch #10 on client #1
2020-10-20 16:33:54.031 | INFO     | client:train:139 - [10,     0] loss: 0.003
2020-10-20 16:33:56.243 | INFO     | client:train:139 - [10,   100] loss: 0.444
2020-10-20 16:33:56.660 | INFO     | server:train_subset_of_clients:38 - Training epoch #10 on client #13
2020-10-20 16:33:56.682 | INFO     | client:train:139 - [10,     0] loss: 0.015
2020-10-20 16:33:58.837 | INFO     | client:train:139 - [10,   100] loss: 0.471
2020-10-20 16:33:59.243 | INFO     | server:train_subset_of_clients:41 - Averaging client parameters
2020-10-20 16:33:59.246 | INFO     | server:train_subset_of_clients:46 - Updating parameters on client #0
2020-10-20 16:33:59.249 | INFO     | server:train_subset_of_clients:46 - Updating parameters on client #1
2020-10-20 16:33:59.251 | INFO     | server:train_subset_of_clients:46 - Updating parameters on client #2
2020-10-20 16:33:59.253 | INFO     | server:train_subset_of_clients:46 - Updating parameters on client #3
2020-10-20 16:33:59.255 | INFO     | server:train_subset_of_clients:46 - Updating parameters on client #4
2020-10-20 16:33:59.256 | INFO     | server:train_subset_of_clients:46 - Updating parameters on client #5
2020-10-20 16:33:59.258 | INFO     | server:train_subset_of_clients:46 - Updating parameters on client #6
2020-10-20 16:33:59.260 | INFO     | server:train_subset_of_clients:46 - Updating parameters on client #7
2020-10-20 16:33:59.263 | INFO     | server:train_subset_of_clients:46 - Updating parameters on client #8
2020-10-20 16:33:59.265 | INFO     | server:train_subset_of_clients:46 - Updating parameters on client #9
2020-10-20 16:33:59.267 | INFO     | server:train_subset_of_clients:46 - Updating parameters on client #10
2020-10-20 16:33:59.269 | INFO     | server:train_subset_of_clients:46 - Updating parameters on client #11
2020-10-20 16:33:59.271 | INFO     | server:train_subset_of_clients:46 - Updating parameters on client #12
2020-10-20 16:33:59.273 | INFO     | server:train_subset_of_clients:46 - Updating parameters on client #13
2020-10-20 16:33:59.274 | INFO     | server:train_subset_of_clients:46 - Updating parameters on client #14
2020-10-20 16:33:59.276 | INFO     | server:train_subset_of_clients:46 - Updating parameters on client #15
2020-10-20 16:33:59.278 | INFO     | server:train_subset_of_clients:46 - Updating parameters on client #16
2020-10-20 16:33:59.280 | INFO     | server:train_subset_of_clients:46 - Updating parameters on client #17
2020-10-20 16:33:59.282 | INFO     | server:train_subset_of_clients:46 - Updating parameters on client #18
2020-10-20 16:33:59.283 | INFO     | server:train_subset_of_clients:46 - Updating parameters on client #19
2020-10-20 16:33:59.285 | INFO     | server:train_subset_of_clients:46 - Updating parameters on client #20
2020-10-20 16:33:59.287 | INFO     | server:train_subset_of_clients:46 - Updating parameters on client #21
2020-10-20 16:33:59.288 | INFO     | server:train_subset_of_clients:46 - Updating parameters on client #22
2020-10-20 16:33:59.290 | INFO     | server:train_subset_of_clients:46 - Updating parameters on client #23
2020-10-20 16:33:59.292 | INFO     | server:train_subset_of_clients:46 - Updating parameters on client #24
2020-10-20 16:33:59.293 | INFO     | server:train_subset_of_clients:46 - Updating parameters on client #25
2020-10-20 16:33:59.295 | INFO     | server:train_subset_of_clients:46 - Updating parameters on client #26
2020-10-20 16:33:59.297 | INFO     | server:train_subset_of_clients:46 - Updating parameters on client #27
2020-10-20 16:33:59.300 | INFO     | server:train_subset_of_clients:46 - Updating parameters on client #28
2020-10-20 16:33:59.302 | INFO     | server:train_subset_of_clients:46 - Updating parameters on client #29
2020-10-20 16:33:59.304 | INFO     | server:train_subset_of_clients:46 - Updating parameters on client #30
2020-10-20 16:33:59.305 | INFO     | server:train_subset_of_clients:46 - Updating parameters on client #31
2020-10-20 16:33:59.307 | INFO     | server:train_subset_of_clients:46 - Updating parameters on client #32
2020-10-20 16:33:59.309 | INFO     | server:train_subset_of_clients:46 - Updating parameters on client #33
2020-10-20 16:33:59.311 | INFO     | server:train_subset_of_clients:46 - Updating parameters on client #34
2020-10-20 16:33:59.313 | INFO     | server:train_subset_of_clients:46 - Updating parameters on client #35
2020-10-20 16:33:59.315 | INFO     | server:train_subset_of_clients:46 - Updating parameters on client #36
2020-10-20 16:33:59.318 | INFO     | server:train_subset_of_clients:46 - Updating parameters on client #37
2020-10-20 16:33:59.319 | INFO     | server:train_subset_of_clients:46 - Updating parameters on client #38
2020-10-20 16:33:59.322 | INFO     | server:train_subset_of_clients:46 - Updating parameters on client #39
2020-10-20 16:33:59.324 | INFO     | server:train_subset_of_clients:46 - Updating parameters on client #40
2020-10-20 16:33:59.326 | INFO     | server:train_subset_of_clients:46 - Updating parameters on client #41
2020-10-20 16:33:59.327 | INFO     | server:train_subset_of_clients:46 - Updating parameters on client #42
2020-10-20 16:33:59.329 | INFO     | server:train_subset_of_clients:46 - Updating parameters on client #43
2020-10-20 16:33:59.331 | INFO     | server:train_subset_of_clients:46 - Updating parameters on client #44
2020-10-20 16:33:59.333 | INFO     | server:train_subset_of_clients:46 - Updating parameters on client #45
2020-10-20 16:33:59.335 | INFO     | server:train_subset_of_clients:46 - Updating parameters on client #46
2020-10-20 16:33:59.336 | INFO     | server:train_subset_of_clients:46 - Updating parameters on client #47
2020-10-20 16:33:59.338 | INFO     | server:train_subset_of_clients:46 - Updating parameters on client #48
2020-10-20 16:33:59.340 | INFO     | server:train_subset_of_clients:46 - Updating parameters on client #49
2020-10-20 16:34:03.722 | DEBUG    | client:test:203 - Test set: Accuracy: 8668/10000 (87%)
2020-10-20 16:34:03.723 | DEBUG    | client:test:204 - Test set: Loss: 3.790817767381668
2020-10-20 16:34:03.756 | DEBUG    | client:test:205 - Classification Report:
              precision    recall  f1-score   support

           0       0.79      0.85      0.82      1000
           1       0.99      0.96      0.98      1000
           2       0.80      0.82      0.81      1000
           3       0.78      0.93      0.85      1000
           4       0.76      0.82      0.79      1000
           5       0.93      0.97      0.95      1000
           6       0.77      0.49      0.60      1000
           7       0.94      0.91      0.92      1000
           8       0.95      0.96      0.96      1000
           9       0.95      0.95      0.95      1000

    accuracy                           0.87     10000
   macro avg       0.87      0.87      0.86     10000
weighted avg       0.87      0.87      0.86     10000

2020-10-20 16:34:03.758 | DEBUG    | client:test:206 - Confusion Matrix:
[[846   1  15  73   7   5  39   0  14   0]
 [  0 961   2  28   4   1   2   0   2   0]
 [ 14   0 818  21 101   2  35   0   9   0]
 [ 20   4   6 929  20   0  19   0   2   0]
 [  1   2  70  58 820   1  46   0   2   0]
 [  0   0   0   3   0 974   0  17   0   6]
 [189   1 107  64 120   3 494   0  22   0]
 [  0   0   0   0   0  47   0 911   0  42]
 [  0   1   4  13   3   6   4   5 964   0]
 [  0   0   0   1   0  10   0  37   1 951]]
2020-10-20 16:34:03.760 | DEBUG    | client:test:207 - Class precision: [0.79065421 0.99072165 0.80039139 0.78067227 0.7627907  0.92850334
 0.77308294 0.93917526 0.9488189  0.95195195]
2020-10-20 16:34:03.761 | DEBUG    | client:test:208 - Class recall: [0.846 0.961 0.818 0.929 0.82  0.974 0.494 0.911 0.964 0.951]
