2020-10-20 15:28:09.866 | DEBUG    | federated_learning.arguments:log:182 - Arguments: 
Batch Size: 10
Test Batch Size: 1000
Epochs: 10
Learning Rate: 0.01
Momentum: 0.5
CUDA Enabled: True
Shuffle Enabled: False
Log Interval: 100
Scheduler Step Size: 50
Scheduler Gamma: 0.5
Scheduler Minimum Learning Rate: 1e-10
Client Selection Strategy: <federated_learning.worker_selection.random.RandomSelectionStrategy object at 0x105978eb8>
Client Selection Strategy Arguments: {
    "NUM_WORKERS_PER_ROUND": 5,
    "current_epoch_number": 10
}
Model Saving Enabled: False
Model Saving Interval: 1
Model Saving Path (Relative): 3001_models
Epoch Save Start Prefix: start
Epoch Save End Suffix: end
Number of Clients: 50
Number of Poisoned Clients: 0
NN: <class 'federated_learning.nets.fashion_mnist_cnn.FashionMNISTCNN'>
Train Data Loader Path: data_loaders/fashion-mnist/train_data_loader.pickle
Test Data Loader Path: data_loaders/fashion-mnist/test_data_loader.pickle
Loss Function: <class 'torch.nn.modules.loss.CrossEntropyLoss'>
Default Model Folder Path: default_models
Data Path: data

2020-10-20 15:28:09.867 | INFO     | federated_learning.utils.data_loader_utils:load_data_loader_from_file:64 - Loading data loader from file: data_loaders/fashion-mnist/train_data_loader.pickle
2020-10-20 15:28:10.355 | INFO     | federated_learning.utils.data_loader_utils:load_data_loader_from_file:64 - Loading data loader from file: data_loaders/fashion-mnist/test_data_loader.pickle
2020-10-20 15:28:12.732 | INFO     | federated_learning.utils.poison_data:poison_data:24 - Poisoning data for workers: []
2020-10-20 15:28:12.734 | INFO     | federated_learning.utils.client_utils:log_client_data_statistics:17 - Client #0 has data distribution: [142, 129, 134, 113, 115, 96, 127, 116, 116, 112]
2020-10-20 15:28:12.737 | INFO     | federated_learning.utils.client_utils:log_client_data_statistics:17 - Client #1 has data distribution: [115, 101, 125, 125, 118, 118, 116, 133, 127, 122]
2020-10-20 15:28:12.738 | INFO     | federated_learning.utils.client_utils:log_client_data_statistics:17 - Client #2 has data distribution: [116, 118, 110, 123, 123, 133, 127, 112, 125, 113]
2020-10-20 15:28:12.740 | INFO     | federated_learning.utils.client_utils:log_client_data_statistics:17 - Client #3 has data distribution: [116, 125, 122, 118, 124, 114, 118, 110, 127, 126]
2020-10-20 15:28:12.742 | INFO     | federated_learning.utils.client_utils:log_client_data_statistics:17 - Client #4 has data distribution: [114, 120, 147, 129, 111, 114, 121, 103, 128, 113]
2020-10-20 15:28:12.745 | INFO     | federated_learning.utils.client_utils:log_client_data_statistics:17 - Client #5 has data distribution: [139, 123, 132, 128, 111, 113, 112, 105, 102, 135]
2020-10-20 15:28:12.747 | INFO     | federated_learning.utils.client_utils:log_client_data_statistics:17 - Client #6 has data distribution: [115, 121, 113, 126, 116, 133, 112, 133, 119, 112]
2020-10-20 15:28:12.750 | INFO     | federated_learning.utils.client_utils:log_client_data_statistics:17 - Client #7 has data distribution: [128, 119, 118, 120, 120, 110, 114, 129, 121, 121]
2020-10-20 15:28:12.751 | INFO     | federated_learning.utils.client_utils:log_client_data_statistics:17 - Client #8 has data distribution: [109, 112, 135, 124, 123, 131, 123, 113, 118, 112]
2020-10-20 15:28:12.754 | INFO     | federated_learning.utils.client_utils:log_client_data_statistics:17 - Client #9 has data distribution: [103, 120, 126, 120, 127, 114, 128, 124, 139, 99]
2020-10-20 15:28:12.755 | INFO     | federated_learning.utils.client_utils:log_client_data_statistics:17 - Client #10 has data distribution: [113, 114, 121, 125, 110, 133, 127, 128, 109, 120]
2020-10-20 15:28:12.756 | INFO     | federated_learning.utils.client_utils:log_client_data_statistics:17 - Client #11 has data distribution: [140, 114, 120, 129, 135, 104, 112, 124, 104, 118]
2020-10-20 15:28:12.758 | INFO     | federated_learning.utils.client_utils:log_client_data_statistics:17 - Client #12 has data distribution: [131, 123, 114, 108, 141, 102, 102, 120, 122, 137]
2020-10-20 15:28:12.760 | INFO     | federated_learning.utils.client_utils:log_client_data_statistics:17 - Client #13 has data distribution: [111, 126, 114, 123, 136, 120, 123, 128, 113, 106]
2020-10-20 15:28:12.763 | INFO     | federated_learning.utils.client_utils:log_client_data_statistics:17 - Client #14 has data distribution: [118, 105, 118, 133, 117, 103, 127, 116, 124, 139]
2020-10-20 15:28:12.765 | INFO     | federated_learning.utils.client_utils:log_client_data_statistics:17 - Client #15 has data distribution: [125, 115, 127, 126, 128, 103, 105, 112, 130, 129]
2020-10-20 15:28:12.766 | INFO     | federated_learning.utils.client_utils:log_client_data_statistics:17 - Client #16 has data distribution: [138, 112, 121, 127, 118, 120, 113, 122, 136, 93]
2020-10-20 15:28:12.768 | INFO     | federated_learning.utils.client_utils:log_client_data_statistics:17 - Client #17 has data distribution: [112, 103, 146, 99, 114, 134, 128, 117, 121, 126]
2020-10-20 15:28:12.770 | INFO     | federated_learning.utils.client_utils:log_client_data_statistics:17 - Client #18 has data distribution: [110, 120, 128, 111, 112, 128, 125, 113, 124, 129]
2020-10-20 15:28:12.772 | INFO     | federated_learning.utils.client_utils:log_client_data_statistics:17 - Client #19 has data distribution: [151, 105, 109, 124, 139, 128, 115, 111, 102, 116]
2020-10-20 15:28:12.774 | INFO     | federated_learning.utils.client_utils:log_client_data_statistics:17 - Client #20 has data distribution: [124, 120, 126, 117, 129, 111, 113, 124, 111, 125]
2020-10-20 15:28:12.775 | INFO     | federated_learning.utils.client_utils:log_client_data_statistics:17 - Client #21 has data distribution: [127, 113, 110, 122, 113, 132, 120, 128, 113, 122]
2020-10-20 15:28:12.777 | INFO     | federated_learning.utils.client_utils:log_client_data_statistics:17 - Client #22 has data distribution: [126, 106, 121, 113, 125, 108, 141, 114, 124, 122]
2020-10-20 15:28:12.778 | INFO     | federated_learning.utils.client_utils:log_client_data_statistics:17 - Client #23 has data distribution: [111, 133, 134, 119, 120, 111, 117, 116, 111, 128]
2020-10-20 15:28:12.779 | INFO     | federated_learning.utils.client_utils:log_client_data_statistics:17 - Client #24 has data distribution: [119, 115, 113, 115, 113, 105, 124, 128, 149, 119]
2020-10-20 15:28:12.780 | INFO     | federated_learning.utils.client_utils:log_client_data_statistics:17 - Client #25 has data distribution: [108, 119, 106, 125, 116, 122, 134, 132, 118, 120]
2020-10-20 15:28:12.782 | INFO     | federated_learning.utils.client_utils:log_client_data_statistics:17 - Client #26 has data distribution: [123, 124, 106, 121, 127, 109, 127, 136, 95, 132]
2020-10-20 15:28:12.783 | INFO     | federated_learning.utils.client_utils:log_client_data_statistics:17 - Client #27 has data distribution: [105, 128, 110, 112, 130, 144, 116, 103, 121, 131]
2020-10-20 15:28:12.785 | INFO     | federated_learning.utils.client_utils:log_client_data_statistics:17 - Client #28 has data distribution: [120, 125, 132, 104, 108, 121, 119, 113, 126, 132]
2020-10-20 15:28:12.788 | INFO     | federated_learning.utils.client_utils:log_client_data_statistics:17 - Client #29 has data distribution: [118, 119, 127, 131, 110, 121, 113, 115, 130, 116]
2020-10-20 15:28:12.790 | INFO     | federated_learning.utils.client_utils:log_client_data_statistics:17 - Client #30 has data distribution: [123, 130, 109, 104, 113, 144, 129, 121, 114, 113]
2020-10-20 15:28:12.792 | INFO     | federated_learning.utils.client_utils:log_client_data_statistics:17 - Client #31 has data distribution: [121, 112, 128, 102, 127, 144, 108, 122, 117, 119]
2020-10-20 15:28:12.794 | INFO     | federated_learning.utils.client_utils:log_client_data_statistics:17 - Client #32 has data distribution: [135, 130, 122, 137, 92, 119, 137, 109, 106, 113]
2020-10-20 15:28:12.796 | INFO     | federated_learning.utils.client_utils:log_client_data_statistics:17 - Client #33 has data distribution: [141, 134, 121, 130, 93, 117, 109, 111, 120, 124]
2020-10-20 15:28:12.798 | INFO     | federated_learning.utils.client_utils:log_client_data_statistics:17 - Client #34 has data distribution: [109, 117, 117, 130, 113, 127, 118, 116, 142, 111]
2020-10-20 15:28:12.801 | INFO     | federated_learning.utils.client_utils:log_client_data_statistics:17 - Client #35 has data distribution: [129, 125, 124, 105, 143, 113, 112, 111, 118, 120]
2020-10-20 15:28:12.804 | INFO     | federated_learning.utils.client_utils:log_client_data_statistics:17 - Client #36 has data distribution: [128, 133, 133, 110, 135, 121, 114, 112, 102, 112]
2020-10-20 15:28:12.806 | INFO     | federated_learning.utils.client_utils:log_client_data_statistics:17 - Client #37 has data distribution: [119, 129, 118, 119, 131, 110, 110, 122, 120, 122]
2020-10-20 15:28:12.807 | INFO     | federated_learning.utils.client_utils:log_client_data_statistics:17 - Client #38 has data distribution: [117, 128, 111, 119, 114, 96, 130, 127, 133, 125]
2020-10-20 15:28:12.809 | INFO     | federated_learning.utils.client_utils:log_client_data_statistics:17 - Client #39 has data distribution: [116, 122, 94, 132, 120, 120, 121, 121, 117, 137]
2020-10-20 15:28:12.812 | INFO     | federated_learning.utils.client_utils:log_client_data_statistics:17 - Client #40 has data distribution: [110, 117, 110, 120, 126, 123, 126, 122, 128, 118]
2020-10-20 15:28:12.813 | INFO     | federated_learning.utils.client_utils:log_client_data_statistics:17 - Client #41 has data distribution: [114, 127, 102, 124, 110, 108, 127, 130, 119, 139]
2020-10-20 15:28:12.814 | INFO     | federated_learning.utils.client_utils:log_client_data_statistics:17 - Client #42 has data distribution: [108, 114, 109, 130, 145, 146, 100, 118, 110, 120]
2020-10-20 15:28:12.816 | INFO     | federated_learning.utils.client_utils:log_client_data_statistics:17 - Client #43 has data distribution: [124, 120, 121, 104, 113, 148, 117, 131, 133, 89]
2020-10-20 15:28:12.817 | INFO     | federated_learning.utils.client_utils:log_client_data_statistics:17 - Client #44 has data distribution: [106, 142, 132, 129, 140, 111, 106, 109, 120, 105]
2020-10-20 15:28:12.819 | INFO     | federated_learning.utils.client_utils:log_client_data_statistics:17 - Client #45 has data distribution: [129, 113, 118, 125, 114, 111, 120, 139, 110, 121]
2020-10-20 15:28:12.821 | INFO     | federated_learning.utils.client_utils:log_client_data_statistics:17 - Client #46 has data distribution: [129, 115, 119, 128, 111, 114, 105, 112, 135, 132]
2020-10-20 15:28:12.823 | INFO     | federated_learning.utils.client_utils:log_client_data_statistics:17 - Client #47 has data distribution: [100, 118, 118, 120, 104, 150, 133, 117, 125, 115]
2020-10-20 15:28:12.825 | INFO     | federated_learning.utils.client_utils:log_client_data_statistics:17 - Client #48 has data distribution: [105, 125, 118, 116, 105, 116, 160, 136, 111, 108]
2020-10-20 15:28:12.827 | INFO     | federated_learning.utils.client_utils:log_client_data_statistics:17 - Client #49 has data distribution: [110, 122, 111, 106, 122, 127, 119, 136, 115, 132]
2020-10-20 15:28:13.096 | INFO     | server:train_subset_of_clients:38 - Training epoch #1 on client #33
2020-10-20 15:28:13.126 | INFO     | client:train:139 - [1,     0] loss: 0.024
2020-10-20 15:28:15.094 | INFO     | client:train:139 - [1,   100] loss: 1.076
2020-10-20 15:28:15.466 | INFO     | server:train_subset_of_clients:38 - Training epoch #1 on client #46
2020-10-20 15:28:15.486 | INFO     | client:train:139 - [1,     0] loss: 0.023
2020-10-20 15:28:17.448 | INFO     | client:train:139 - [1,   100] loss: 1.147
2020-10-20 15:28:17.835 | INFO     | server:train_subset_of_clients:38 - Training epoch #1 on client #13
2020-10-20 15:28:17.857 | INFO     | client:train:139 - [1,     0] loss: 0.023
2020-10-20 15:28:19.879 | INFO     | client:train:139 - [1,   100] loss: 1.229
2020-10-20 15:28:20.264 | INFO     | server:train_subset_of_clients:38 - Training epoch #1 on client #4
2020-10-20 15:28:20.284 | INFO     | client:train:139 - [1,     0] loss: 0.025
2020-10-20 15:28:22.285 | INFO     | client:train:139 - [1,   100] loss: 1.105
2020-10-20 15:28:22.684 | INFO     | server:train_subset_of_clients:38 - Training epoch #1 on client #10
2020-10-20 15:28:22.708 | INFO     | client:train:139 - [1,     0] loss: 0.025
2020-10-20 15:28:25.579 | INFO     | client:train:139 - [1,   100] loss: 1.108
2020-10-20 15:28:26.040 | INFO     | server:train_subset_of_clients:41 - Averaging client parameters
2020-10-20 15:28:26.044 | INFO     | server:train_subset_of_clients:46 - Updating parameters on client #0
2020-10-20 15:28:26.046 | INFO     | server:train_subset_of_clients:46 - Updating parameters on client #1
2020-10-20 15:28:26.048 | INFO     | server:train_subset_of_clients:46 - Updating parameters on client #2
2020-10-20 15:28:26.051 | INFO     | server:train_subset_of_clients:46 - Updating parameters on client #3
2020-10-20 15:28:26.053 | INFO     | server:train_subset_of_clients:46 - Updating parameters on client #4
2020-10-20 15:28:26.055 | INFO     | server:train_subset_of_clients:46 - Updating parameters on client #5
2020-10-20 15:28:26.057 | INFO     | server:train_subset_of_clients:46 - Updating parameters on client #6
2020-10-20 15:28:26.059 | INFO     | server:train_subset_of_clients:46 - Updating parameters on client #7
2020-10-20 15:28:26.062 | INFO     | server:train_subset_of_clients:46 - Updating parameters on client #8
2020-10-20 15:28:26.065 | INFO     | server:train_subset_of_clients:46 - Updating parameters on client #9
2020-10-20 15:28:26.067 | INFO     | server:train_subset_of_clients:46 - Updating parameters on client #10
2020-10-20 15:28:26.069 | INFO     | server:train_subset_of_clients:46 - Updating parameters on client #11
2020-10-20 15:28:26.070 | INFO     | server:train_subset_of_clients:46 - Updating parameters on client #12
2020-10-20 15:28:26.072 | INFO     | server:train_subset_of_clients:46 - Updating parameters on client #13
2020-10-20 15:28:26.074 | INFO     | server:train_subset_of_clients:46 - Updating parameters on client #14
2020-10-20 15:28:26.075 | INFO     | server:train_subset_of_clients:46 - Updating parameters on client #15
2020-10-20 15:28:26.077 | INFO     | server:train_subset_of_clients:46 - Updating parameters on client #16
2020-10-20 15:28:26.079 | INFO     | server:train_subset_of_clients:46 - Updating parameters on client #17
2020-10-20 15:28:26.080 | INFO     | server:train_subset_of_clients:46 - Updating parameters on client #18
2020-10-20 15:28:26.082 | INFO     | server:train_subset_of_clients:46 - Updating parameters on client #19
2020-10-20 15:28:26.084 | INFO     | server:train_subset_of_clients:46 - Updating parameters on client #20
2020-10-20 15:28:26.086 | INFO     | server:train_subset_of_clients:46 - Updating parameters on client #21
2020-10-20 15:28:26.087 | INFO     | server:train_subset_of_clients:46 - Updating parameters on client #22
2020-10-20 15:28:26.089 | INFO     | server:train_subset_of_clients:46 - Updating parameters on client #23
2020-10-20 15:28:26.091 | INFO     | server:train_subset_of_clients:46 - Updating parameters on client #24
2020-10-20 15:28:26.093 | INFO     | server:train_subset_of_clients:46 - Updating parameters on client #25
2020-10-20 15:28:26.095 | INFO     | server:train_subset_of_clients:46 - Updating parameters on client #26
2020-10-20 15:28:26.097 | INFO     | server:train_subset_of_clients:46 - Updating parameters on client #27
2020-10-20 15:28:26.099 | INFO     | server:train_subset_of_clients:46 - Updating parameters on client #28
2020-10-20 15:28:26.101 | INFO     | server:train_subset_of_clients:46 - Updating parameters on client #29
2020-10-20 15:28:26.102 | INFO     | server:train_subset_of_clients:46 - Updating parameters on client #30
2020-10-20 15:28:26.104 | INFO     | server:train_subset_of_clients:46 - Updating parameters on client #31
2020-10-20 15:28:26.106 | INFO     | server:train_subset_of_clients:46 - Updating parameters on client #32
2020-10-20 15:28:26.107 | INFO     | server:train_subset_of_clients:46 - Updating parameters on client #33
2020-10-20 15:28:26.109 | INFO     | server:train_subset_of_clients:46 - Updating parameters on client #34
2020-10-20 15:28:26.111 | INFO     | server:train_subset_of_clients:46 - Updating parameters on client #35
2020-10-20 15:28:26.113 | INFO     | server:train_subset_of_clients:46 - Updating parameters on client #36
2020-10-20 15:28:26.115 | INFO     | server:train_subset_of_clients:46 - Updating parameters on client #37
2020-10-20 15:28:26.117 | INFO     | server:train_subset_of_clients:46 - Updating parameters on client #38
2020-10-20 15:28:26.119 | INFO     | server:train_subset_of_clients:46 - Updating parameters on client #39
2020-10-20 15:28:26.120 | INFO     | server:train_subset_of_clients:46 - Updating parameters on client #40
2020-10-20 15:28:26.122 | INFO     | server:train_subset_of_clients:46 - Updating parameters on client #41
2020-10-20 15:28:26.123 | INFO     | server:train_subset_of_clients:46 - Updating parameters on client #42
2020-10-20 15:28:26.125 | INFO     | server:train_subset_of_clients:46 - Updating parameters on client #43
2020-10-20 15:28:26.127 | INFO     | server:train_subset_of_clients:46 - Updating parameters on client #44
2020-10-20 15:28:26.129 | INFO     | server:train_subset_of_clients:46 - Updating parameters on client #45
2020-10-20 15:28:26.131 | INFO     | server:train_subset_of_clients:46 - Updating parameters on client #46
2020-10-20 15:28:26.133 | INFO     | server:train_subset_of_clients:46 - Updating parameters on client #47
2020-10-20 15:28:26.135 | INFO     | server:train_subset_of_clients:46 - Updating parameters on client #48
2020-10-20 15:28:26.136 | INFO     | server:train_subset_of_clients:46 - Updating parameters on client #49
2020-10-20 15:28:30.480 | DEBUG    | client:test:203 - Test set: Accuracy: 7838/10000 (78%)
2020-10-20 15:28:30.481 | DEBUG    | client:test:204 - Test set: Loss: 5.89675635099411
2020-10-20 15:28:30.512 | DEBUG    | client:test:205 - Classification Report:
              precision    recall  f1-score   support

           0       0.79      0.72      0.76      1000
           1       1.00      0.88      0.94      1000
           2       0.63      0.70      0.67      1000
           3       0.66      0.92      0.77      1000
           4       0.64      0.69      0.67      1000
           5       0.91      0.88      0.89      1000
           6       0.56      0.30      0.39      1000
           7       0.89      0.83      0.86      1000
           8       0.91      0.95      0.93      1000
           9       0.86      0.97      0.91      1000

    accuracy                           0.78     10000
   macro avg       0.78      0.78      0.78     10000
weighted avg       0.78      0.78      0.78     10000

2020-10-20 15:28:30.514 | DEBUG    | client:test:206 - Confusion Matrix:
[[721   0  27 149  11   9  64   0  19   0]
 [  3 883  11  89  12   0   0   0   2   0]
 [  9   0 705  21 150   4  93   0  18   0]
 [ 11   2  10 917  28   3  26   0   3   0]
 [  0   0 169  74 692   2  54   0   9   0]
 [  0   0   0   4   0 877   0  79   8  32]
 [165   0 189 119 181   9 303   0  34   0]
 [  0   0   0   0   0  41   0 827   4 128]
 [  0   2   9  18   5   8   5   4 946   3]
 [  0   0   0   2   0   7   0  23   1 967]]
2020-10-20 15:28:30.515 | DEBUG    | client:test:207 - Class precision: [0.79317932 0.99549042 0.62946429 0.65829146 0.64133457 0.91354167
 0.5559633  0.886388   0.90613027 0.85575221]
2020-10-20 15:28:30.516 | DEBUG    | client:test:208 - Class recall: [0.721 0.883 0.705 0.917 0.692 0.877 0.303 0.827 0.946 0.967]
2020-10-20 15:28:30.519 | INFO     | server:train_subset_of_clients:38 - Training epoch #2 on client #39
2020-10-20 15:28:30.549 | INFO     | client:train:139 - [2,     0] loss: 0.003
2020-10-20 15:28:32.580 | INFO     | client:train:139 - [2,   100] loss: 0.706
2020-10-20 15:28:32.965 | INFO     | server:train_subset_of_clients:38 - Training epoch #2 on client #4
2020-10-20 15:28:32.985 | INFO     | client:train:139 - [2,     0] loss: 0.002
2020-10-20 15:28:35.001 | INFO     | client:train:139 - [2,   100] loss: 0.705
2020-10-20 15:28:35.390 | INFO     | server:train_subset_of_clients:38 - Training epoch #2 on client #16
2020-10-20 15:28:35.411 | INFO     | client:train:139 - [2,     0] loss: 0.004
2020-10-20 15:28:37.455 | INFO     | client:train:139 - [2,   100] loss: 0.788
2020-10-20 15:28:37.842 | INFO     | server:train_subset_of_clients:38 - Training epoch #2 on client #33
2020-10-20 15:28:37.863 | INFO     | client:train:139 - [2,     0] loss: 0.003
2020-10-20 15:28:39.886 | INFO     | client:train:139 - [2,   100] loss: 0.597
2020-10-20 15:28:40.253 | INFO     | server:train_subset_of_clients:38 - Training epoch #2 on client #1
2020-10-20 15:28:40.274 | INFO     | client:train:139 - [2,     0] loss: 0.007
2020-10-20 15:28:42.247 | INFO     | client:train:139 - [2,   100] loss: 0.719
2020-10-20 15:28:42.616 | INFO     | server:train_subset_of_clients:41 - Averaging client parameters
2020-10-20 15:28:42.619 | INFO     | server:train_subset_of_clients:46 - Updating parameters on client #0
2020-10-20 15:28:42.620 | INFO     | server:train_subset_of_clients:46 - Updating parameters on client #1
2020-10-20 15:28:42.622 | INFO     | server:train_subset_of_clients:46 - Updating parameters on client #2
2020-10-20 15:28:42.624 | INFO     | server:train_subset_of_clients:46 - Updating parameters on client #3
2020-10-20 15:28:42.626 | INFO     | server:train_subset_of_clients:46 - Updating parameters on client #4
2020-10-20 15:28:42.627 | INFO     | server:train_subset_of_clients:46 - Updating parameters on client #5
2020-10-20 15:28:42.629 | INFO     | server:train_subset_of_clients:46 - Updating parameters on client #6
2020-10-20 15:28:42.631 | INFO     | server:train_subset_of_clients:46 - Updating parameters on client #7
2020-10-20 15:28:42.632 | INFO     | server:train_subset_of_clients:46 - Updating parameters on client #8
2020-10-20 15:28:42.634 | INFO     | server:train_subset_of_clients:46 - Updating parameters on client #9
2020-10-20 15:28:42.635 | INFO     | server:train_subset_of_clients:46 - Updating parameters on client #10
2020-10-20 15:28:42.637 | INFO     | server:train_subset_of_clients:46 - Updating parameters on client #11
2020-10-20 15:28:42.639 | INFO     | server:train_subset_of_clients:46 - Updating parameters on client #12
2020-10-20 15:28:42.641 | INFO     | server:train_subset_of_clients:46 - Updating parameters on client #13
2020-10-20 15:28:42.642 | INFO     | server:train_subset_of_clients:46 - Updating parameters on client #14
2020-10-20 15:28:42.644 | INFO     | server:train_subset_of_clients:46 - Updating parameters on client #15
2020-10-20 15:28:42.646 | INFO     | server:train_subset_of_clients:46 - Updating parameters on client #16
2020-10-20 15:28:42.647 | INFO     | server:train_subset_of_clients:46 - Updating parameters on client #17
2020-10-20 15:28:42.649 | INFO     | server:train_subset_of_clients:46 - Updating parameters on client #18
2020-10-20 15:28:42.651 | INFO     | server:train_subset_of_clients:46 - Updating parameters on client #19
2020-10-20 15:28:42.653 | INFO     | server:train_subset_of_clients:46 - Updating parameters on client #20
2020-10-20 15:28:42.655 | INFO     | server:train_subset_of_clients:46 - Updating parameters on client #21
2020-10-20 15:28:42.656 | INFO     | server:train_subset_of_clients:46 - Updating parameters on client #22
2020-10-20 15:28:42.658 | INFO     | server:train_subset_of_clients:46 - Updating parameters on client #23
2020-10-20 15:28:42.660 | INFO     | server:train_subset_of_clients:46 - Updating parameters on client #24
2020-10-20 15:28:42.662 | INFO     | server:train_subset_of_clients:46 - Updating parameters on client #25
2020-10-20 15:28:42.664 | INFO     | server:train_subset_of_clients:46 - Updating parameters on client #26
2020-10-20 15:28:42.665 | INFO     | server:train_subset_of_clients:46 - Updating parameters on client #27
2020-10-20 15:28:42.667 | INFO     | server:train_subset_of_clients:46 - Updating parameters on client #28
2020-10-20 15:28:42.669 | INFO     | server:train_subset_of_clients:46 - Updating parameters on client #29
2020-10-20 15:28:42.671 | INFO     | server:train_subset_of_clients:46 - Updating parameters on client #30
2020-10-20 15:28:42.673 | INFO     | server:train_subset_of_clients:46 - Updating parameters on client #31
2020-10-20 15:28:42.675 | INFO     | server:train_subset_of_clients:46 - Updating parameters on client #32
2020-10-20 15:28:42.676 | INFO     | server:train_subset_of_clients:46 - Updating parameters on client #33
2020-10-20 15:28:42.678 | INFO     | server:train_subset_of_clients:46 - Updating parameters on client #34
2020-10-20 15:28:42.680 | INFO     | server:train_subset_of_clients:46 - Updating parameters on client #35
2020-10-20 15:28:42.682 | INFO     | server:train_subset_of_clients:46 - Updating parameters on client #36
2020-10-20 15:28:42.684 | INFO     | server:train_subset_of_clients:46 - Updating parameters on client #37
2020-10-20 15:28:42.686 | INFO     | server:train_subset_of_clients:46 - Updating parameters on client #38
2020-10-20 15:28:42.688 | INFO     | server:train_subset_of_clients:46 - Updating parameters on client #39
2020-10-20 15:28:42.690 | INFO     | server:train_subset_of_clients:46 - Updating parameters on client #40
2020-10-20 15:28:42.692 | INFO     | server:train_subset_of_clients:46 - Updating parameters on client #41
2020-10-20 15:28:42.694 | INFO     | server:train_subset_of_clients:46 - Updating parameters on client #42
2020-10-20 15:28:42.696 | INFO     | server:train_subset_of_clients:46 - Updating parameters on client #43
2020-10-20 15:28:42.697 | INFO     | server:train_subset_of_clients:46 - Updating parameters on client #44
2020-10-20 15:28:42.699 | INFO     | server:train_subset_of_clients:46 - Updating parameters on client #45
2020-10-20 15:28:42.701 | INFO     | server:train_subset_of_clients:46 - Updating parameters on client #46
2020-10-20 15:28:42.703 | INFO     | server:train_subset_of_clients:46 - Updating parameters on client #47
2020-10-20 15:28:42.705 | INFO     | server:train_subset_of_clients:46 - Updating parameters on client #48
2020-10-20 15:28:42.706 | INFO     | server:train_subset_of_clients:46 - Updating parameters on client #49
2020-10-20 15:28:46.736 | DEBUG    | client:test:203 - Test set: Accuracy: 8157/10000 (82%)
2020-10-20 15:28:46.736 | DEBUG    | client:test:204 - Test set: Loss: 4.970774561166763
2020-10-20 15:28:46.765 | DEBUG    | client:test:205 - Classification Report:
              precision    recall  f1-score   support

           0       0.86      0.69      0.77      1000
           1       0.96      0.96      0.96      1000
           2       0.85      0.56      0.67      1000
           3       0.83      0.81      0.82      1000
           4       0.71      0.76      0.73      1000
           5       0.87      0.95      0.91      1000
           6       0.47      0.69      0.56      1000
           7       0.92      0.87      0.89      1000
           8       0.95      0.94      0.94      1000
           9       0.93      0.93      0.93      1000

    accuracy                           0.82     10000
   macro avg       0.83      0.82      0.82     10000
weighted avg       0.83      0.82      0.82     10000

2020-10-20 15:28:46.766 | DEBUG    | client:test:206 - Confusion Matrix:
[[687   1   3  59   5  10 220   0  15   0]
 [  0 960   0  22   6   1   9   0   2   0]
 [  7   0 557   5 172   9 243   0   7   0]
 [ 14  37   1 809  20   5 112   0   2   0]
 [  0   1  34  40 760   2 158   0   5   0]
 [  0   0   0   3   0 953   0  27   1  16]
 [ 88   2  59  26 108   9 690   0  17   1]
 [  0   0   0   0   0  77   0 868   0  55]
 [  0   4   3   6   5  11  27   4 939   1]
 [  0   0   0   0   0  15   2  48   1 934]]
2020-10-20 15:28:46.767 | DEBUG    | client:test:207 - Class precision: [0.86306533 0.95522388 0.847793   0.83402062 0.7063197  0.87271062
 0.47227926 0.91657867 0.94944388 0.92750745]
2020-10-20 15:28:46.768 | DEBUG    | client:test:208 - Class recall: [0.687 0.96  0.557 0.809 0.76  0.953 0.69  0.868 0.939 0.934]
2020-10-20 15:28:46.770 | INFO     | server:train_subset_of_clients:38 - Training epoch #3 on client #43
2020-10-20 15:28:46.798 | INFO     | client:train:139 - [3,     0] loss: 0.002
2020-10-20 15:28:48.837 | INFO     | client:train:139 - [3,   100] loss: 0.555
2020-10-20 15:28:49.209 | INFO     | server:train_subset_of_clients:38 - Training epoch #3 on client #48
2020-10-20 15:28:49.229 | INFO     | client:train:139 - [3,     0] loss: 0.004
2020-10-20 15:28:51.251 | INFO     | client:train:139 - [3,   100] loss: 0.637
2020-10-20 15:28:51.643 | INFO     | server:train_subset_of_clients:38 - Training epoch #3 on client #25
2020-10-20 15:28:51.663 | INFO     | client:train:139 - [3,     0] loss: 0.005
2020-10-20 15:28:53.687 | INFO     | client:train:139 - [3,   100] loss: 0.615
2020-10-20 15:28:54.073 | INFO     | server:train_subset_of_clients:38 - Training epoch #3 on client #9
2020-10-20 15:28:54.095 | INFO     | client:train:139 - [3,     0] loss: 0.004
2020-10-20 15:28:56.072 | INFO     | client:train:139 - [3,   100] loss: 0.595
2020-10-20 15:28:56.462 | INFO     | server:train_subset_of_clients:38 - Training epoch #3 on client #12
2020-10-20 15:28:56.482 | INFO     | client:train:139 - [3,     0] loss: 0.001
2020-10-20 15:28:58.429 | INFO     | client:train:139 - [3,   100] loss: 0.593
2020-10-20 15:28:58.804 | INFO     | server:train_subset_of_clients:41 - Averaging client parameters
2020-10-20 15:28:58.806 | INFO     | server:train_subset_of_clients:46 - Updating parameters on client #0
2020-10-20 15:28:58.808 | INFO     | server:train_subset_of_clients:46 - Updating parameters on client #1
2020-10-20 15:28:58.810 | INFO     | server:train_subset_of_clients:46 - Updating parameters on client #2
2020-10-20 15:28:58.811 | INFO     | server:train_subset_of_clients:46 - Updating parameters on client #3
2020-10-20 15:28:58.813 | INFO     | server:train_subset_of_clients:46 - Updating parameters on client #4
2020-10-20 15:28:58.815 | INFO     | server:train_subset_of_clients:46 - Updating parameters on client #5
2020-10-20 15:28:58.816 | INFO     | server:train_subset_of_clients:46 - Updating parameters on client #6
2020-10-20 15:28:58.818 | INFO     | server:train_subset_of_clients:46 - Updating parameters on client #7
2020-10-20 15:28:58.819 | INFO     | server:train_subset_of_clients:46 - Updating parameters on client #8
2020-10-20 15:28:58.821 | INFO     | server:train_subset_of_clients:46 - Updating parameters on client #9
2020-10-20 15:28:58.823 | INFO     | server:train_subset_of_clients:46 - Updating parameters on client #10
2020-10-20 15:28:58.824 | INFO     | server:train_subset_of_clients:46 - Updating parameters on client #11
2020-10-20 15:28:58.826 | INFO     | server:train_subset_of_clients:46 - Updating parameters on client #12
2020-10-20 15:28:58.828 | INFO     | server:train_subset_of_clients:46 - Updating parameters on client #13
2020-10-20 15:28:58.829 | INFO     | server:train_subset_of_clients:46 - Updating parameters on client #14
2020-10-20 15:28:58.831 | INFO     | server:train_subset_of_clients:46 - Updating parameters on client #15
2020-10-20 15:28:58.832 | INFO     | server:train_subset_of_clients:46 - Updating parameters on client #16
2020-10-20 15:28:58.834 | INFO     | server:train_subset_of_clients:46 - Updating parameters on client #17
2020-10-20 15:28:58.836 | INFO     | server:train_subset_of_clients:46 - Updating parameters on client #18
2020-10-20 15:28:58.837 | INFO     | server:train_subset_of_clients:46 - Updating parameters on client #19
2020-10-20 15:28:58.839 | INFO     | server:train_subset_of_clients:46 - Updating parameters on client #20
2020-10-20 15:28:58.841 | INFO     | server:train_subset_of_clients:46 - Updating parameters on client #21
2020-10-20 15:28:58.842 | INFO     | server:train_subset_of_clients:46 - Updating parameters on client #22
2020-10-20 15:28:58.844 | INFO     | server:train_subset_of_clients:46 - Updating parameters on client #23
2020-10-20 15:28:58.845 | INFO     | server:train_subset_of_clients:46 - Updating parameters on client #24
2020-10-20 15:28:58.847 | INFO     | server:train_subset_of_clients:46 - Updating parameters on client #25
2020-10-20 15:28:58.849 | INFO     | server:train_subset_of_clients:46 - Updating parameters on client #26
2020-10-20 15:28:58.851 | INFO     | server:train_subset_of_clients:46 - Updating parameters on client #27
2020-10-20 15:28:58.852 | INFO     | server:train_subset_of_clients:46 - Updating parameters on client #28
2020-10-20 15:28:58.854 | INFO     | server:train_subset_of_clients:46 - Updating parameters on client #29
2020-10-20 15:28:58.855 | INFO     | server:train_subset_of_clients:46 - Updating parameters on client #30
2020-10-20 15:28:58.857 | INFO     | server:train_subset_of_clients:46 - Updating parameters on client #31
2020-10-20 15:28:58.859 | INFO     | server:train_subset_of_clients:46 - Updating parameters on client #32
2020-10-20 15:28:58.860 | INFO     | server:train_subset_of_clients:46 - Updating parameters on client #33
2020-10-20 15:28:58.862 | INFO     | server:train_subset_of_clients:46 - Updating parameters on client #34
2020-10-20 15:28:58.864 | INFO     | server:train_subset_of_clients:46 - Updating parameters on client #35
2020-10-20 15:28:58.865 | INFO     | server:train_subset_of_clients:46 - Updating parameters on client #36
2020-10-20 15:28:58.867 | INFO     | server:train_subset_of_clients:46 - Updating parameters on client #37
2020-10-20 15:28:58.869 | INFO     | server:train_subset_of_clients:46 - Updating parameters on client #38
2020-10-20 15:28:58.870 | INFO     | server:train_subset_of_clients:46 - Updating parameters on client #39
2020-10-20 15:28:58.872 | INFO     | server:train_subset_of_clients:46 - Updating parameters on client #40
2020-10-20 15:28:58.873 | INFO     | server:train_subset_of_clients:46 - Updating parameters on client #41
2020-10-20 15:28:58.875 | INFO     | server:train_subset_of_clients:46 - Updating parameters on client #42
2020-10-20 15:28:58.877 | INFO     | server:train_subset_of_clients:46 - Updating parameters on client #43
2020-10-20 15:28:58.878 | INFO     | server:train_subset_of_clients:46 - Updating parameters on client #44
2020-10-20 15:28:58.880 | INFO     | server:train_subset_of_clients:46 - Updating parameters on client #45
2020-10-20 15:28:58.882 | INFO     | server:train_subset_of_clients:46 - Updating parameters on client #46
2020-10-20 15:28:58.883 | INFO     | server:train_subset_of_clients:46 - Updating parameters on client #47
2020-10-20 15:28:58.885 | INFO     | server:train_subset_of_clients:46 - Updating parameters on client #48
2020-10-20 15:28:58.886 | INFO     | server:train_subset_of_clients:46 - Updating parameters on client #49
2020-10-20 15:29:02.888 | DEBUG    | client:test:203 - Test set: Accuracy: 8356/10000 (84%)
2020-10-20 15:29:02.888 | DEBUG    | client:test:204 - Test set: Loss: 4.6222220957279205
2020-10-20 15:29:02.920 | DEBUG    | client:test:205 - Classification Report:
              precision    recall  f1-score   support

           0       0.78      0.81      0.80      1000
           1       0.98      0.95      0.97      1000
           2       0.79      0.70      0.75      1000
           3       0.79      0.89      0.84      1000
           4       0.67      0.86      0.75      1000
           5       0.85      0.97      0.91      1000
           6       0.68      0.43      0.53      1000
           7       0.93      0.85      0.89      1000
           8       0.94      0.95      0.94      1000
           9       0.95      0.93      0.94      1000

    accuracy                           0.84     10000
   macro avg       0.84      0.84      0.83     10000
weighted avg       0.84      0.84      0.83     10000

2020-10-20 15:29:02.921 | DEBUG    | client:test:206 - Confusion Matrix:
[[814   1  18  72   8   9  62   0  16   0]
 [  0 953   3  32   8   1   1   0   2   0]
 [ 11   0 705  14 194   6  59   0  11   0]
 [ 17  11   8 892  35   3  31   0   3   0]
 [  1   1  49  43 865   2  35   0   4   0]
 [  0   0   0   3   0 970   0  18   1   8]
 [197   1 101  55 180  10 431   0  25   0]
 [  0   0   0   0   0 102   0 854   0  44]
 [  0   2   5  12   6  14  10   4 946   1]
 [  0   0   0   0   0  25   1  47   1 926]]
2020-10-20 15:29:02.922 | DEBUG    | client:test:207 - Class precision: [0.78269231 0.98348813 0.79302587 0.79430098 0.66743827 0.84938704
 0.68412698 0.92524377 0.93756194 0.94586313]
2020-10-20 15:29:02.923 | DEBUG    | client:test:208 - Class recall: [0.814 0.953 0.705 0.892 0.865 0.97  0.431 0.854 0.946 0.926]
2020-10-20 15:29:02.925 | INFO     | server:train_subset_of_clients:38 - Training epoch #4 on client #33
2020-10-20 15:29:02.954 | INFO     | client:train:139 - [4,     0] loss: 0.005
2020-10-20 15:29:04.940 | INFO     | client:train:139 - [4,   100] loss: 0.503
2020-10-20 15:29:05.313 | INFO     | server:train_subset_of_clients:38 - Training epoch #4 on client #6
2020-10-20 15:29:05.333 | INFO     | client:train:139 - [4,     0] loss: 0.003
2020-10-20 15:29:07.286 | INFO     | client:train:139 - [4,   100] loss: 0.529
2020-10-20 15:29:07.671 | INFO     | server:train_subset_of_clients:38 - Training epoch #4 on client #29
2020-10-20 15:29:07.695 | INFO     | client:train:139 - [4,     0] loss: 0.009
2020-10-20 15:29:09.667 | INFO     | client:train:139 - [4,   100] loss: 0.544
2020-10-20 15:29:10.040 | INFO     | server:train_subset_of_clients:38 - Training epoch #4 on client #39
2020-10-20 15:29:10.060 | INFO     | client:train:139 - [4,     0] loss: 0.007
2020-10-20 15:29:12.023 | INFO     | client:train:139 - [4,   100] loss: 0.555
2020-10-20 15:29:12.398 | INFO     | server:train_subset_of_clients:38 - Training epoch #4 on client #3
2020-10-20 15:29:12.419 | INFO     | client:train:139 - [4,     0] loss: 0.004
2020-10-20 15:29:14.407 | INFO     | client:train:139 - [4,   100] loss: 0.507
2020-10-20 15:29:14.780 | INFO     | server:train_subset_of_clients:41 - Averaging client parameters
2020-10-20 15:29:14.782 | INFO     | server:train_subset_of_clients:46 - Updating parameters on client #0
2020-10-20 15:29:14.784 | INFO     | server:train_subset_of_clients:46 - Updating parameters on client #1
2020-10-20 15:29:14.786 | INFO     | server:train_subset_of_clients:46 - Updating parameters on client #2
2020-10-20 15:29:14.787 | INFO     | server:train_subset_of_clients:46 - Updating parameters on client #3
2020-10-20 15:29:14.789 | INFO     | server:train_subset_of_clients:46 - Updating parameters on client #4
2020-10-20 15:29:14.791 | INFO     | server:train_subset_of_clients:46 - Updating parameters on client #5
2020-10-20 15:29:14.792 | INFO     | server:train_subset_of_clients:46 - Updating parameters on client #6
2020-10-20 15:29:14.794 | INFO     | server:train_subset_of_clients:46 - Updating parameters on client #7
2020-10-20 15:29:14.795 | INFO     | server:train_subset_of_clients:46 - Updating parameters on client #8
2020-10-20 15:29:14.797 | INFO     | server:train_subset_of_clients:46 - Updating parameters on client #9
2020-10-20 15:29:14.799 | INFO     | server:train_subset_of_clients:46 - Updating parameters on client #10
2020-10-20 15:29:14.800 | INFO     | server:train_subset_of_clients:46 - Updating parameters on client #11
2020-10-20 15:29:14.802 | INFO     | server:train_subset_of_clients:46 - Updating parameters on client #12
2020-10-20 15:29:14.803 | INFO     | server:train_subset_of_clients:46 - Updating parameters on client #13
2020-10-20 15:29:14.805 | INFO     | server:train_subset_of_clients:46 - Updating parameters on client #14
2020-10-20 15:29:14.807 | INFO     | server:train_subset_of_clients:46 - Updating parameters on client #15
2020-10-20 15:29:14.808 | INFO     | server:train_subset_of_clients:46 - Updating parameters on client #16
2020-10-20 15:29:14.810 | INFO     | server:train_subset_of_clients:46 - Updating parameters on client #17
2020-10-20 15:29:14.811 | INFO     | server:train_subset_of_clients:46 - Updating parameters on client #18
2020-10-20 15:29:14.813 | INFO     | server:train_subset_of_clients:46 - Updating parameters on client #19
2020-10-20 15:29:14.815 | INFO     | server:train_subset_of_clients:46 - Updating parameters on client #20
2020-10-20 15:29:14.816 | INFO     | server:train_subset_of_clients:46 - Updating parameters on client #21
2020-10-20 15:29:14.818 | INFO     | server:train_subset_of_clients:46 - Updating parameters on client #22
2020-10-20 15:29:14.819 | INFO     | server:train_subset_of_clients:46 - Updating parameters on client #23
2020-10-20 15:29:14.821 | INFO     | server:train_subset_of_clients:46 - Updating parameters on client #24
2020-10-20 15:29:14.823 | INFO     | server:train_subset_of_clients:46 - Updating parameters on client #25
2020-10-20 15:29:14.824 | INFO     | server:train_subset_of_clients:46 - Updating parameters on client #26
2020-10-20 15:29:14.826 | INFO     | server:train_subset_of_clients:46 - Updating parameters on client #27
2020-10-20 15:29:14.828 | INFO     | server:train_subset_of_clients:46 - Updating parameters on client #28
2020-10-20 15:29:14.829 | INFO     | server:train_subset_of_clients:46 - Updating parameters on client #29
2020-10-20 15:29:14.831 | INFO     | server:train_subset_of_clients:46 - Updating parameters on client #30
2020-10-20 15:29:14.832 | INFO     | server:train_subset_of_clients:46 - Updating parameters on client #31
2020-10-20 15:29:14.834 | INFO     | server:train_subset_of_clients:46 - Updating parameters on client #32
2020-10-20 15:29:14.835 | INFO     | server:train_subset_of_clients:46 - Updating parameters on client #33
2020-10-20 15:29:14.837 | INFO     | server:train_subset_of_clients:46 - Updating parameters on client #34
2020-10-20 15:29:14.839 | INFO     | server:train_subset_of_clients:46 - Updating parameters on client #35
2020-10-20 15:29:14.840 | INFO     | server:train_subset_of_clients:46 - Updating parameters on client #36
2020-10-20 15:29:14.842 | INFO     | server:train_subset_of_clients:46 - Updating parameters on client #37
2020-10-20 15:29:14.844 | INFO     | server:train_subset_of_clients:46 - Updating parameters on client #38
2020-10-20 15:29:14.845 | INFO     | server:train_subset_of_clients:46 - Updating parameters on client #39
2020-10-20 15:29:14.847 | INFO     | server:train_subset_of_clients:46 - Updating parameters on client #40
2020-10-20 15:29:14.848 | INFO     | server:train_subset_of_clients:46 - Updating parameters on client #41
2020-10-20 15:29:14.850 | INFO     | server:train_subset_of_clients:46 - Updating parameters on client #42
2020-10-20 15:29:14.852 | INFO     | server:train_subset_of_clients:46 - Updating parameters on client #43
2020-10-20 15:29:14.853 | INFO     | server:train_subset_of_clients:46 - Updating parameters on client #44
2020-10-20 15:29:14.855 | INFO     | server:train_subset_of_clients:46 - Updating parameters on client #45
2020-10-20 15:29:14.856 | INFO     | server:train_subset_of_clients:46 - Updating parameters on client #46
2020-10-20 15:29:14.858 | INFO     | server:train_subset_of_clients:46 - Updating parameters on client #47
2020-10-20 15:29:14.860 | INFO     | server:train_subset_of_clients:46 - Updating parameters on client #48
2020-10-20 15:29:14.861 | INFO     | server:train_subset_of_clients:46 - Updating parameters on client #49
2020-10-20 15:29:18.843 | DEBUG    | client:test:203 - Test set: Accuracy: 8498/10000 (85%)
2020-10-20 15:29:18.843 | DEBUG    | client:test:204 - Test set: Loss: 4.258087456226349
2020-10-20 15:29:18.872 | DEBUG    | client:test:205 - Classification Report:
              precision    recall  f1-score   support

           0       0.77      0.85      0.80      1000
           1       0.98      0.95      0.96      1000
           2       0.76      0.79      0.77      1000
           3       0.82      0.90      0.85      1000
           4       0.76      0.73      0.74      1000
           5       0.94      0.94      0.94      1000
           6       0.64      0.53      0.58      1000
           7       0.92      0.92      0.92      1000
           8       0.95      0.95      0.95      1000
           9       0.93      0.95      0.94      1000

    accuracy                           0.85     10000
   macro avg       0.85      0.85      0.85     10000
weighted avg       0.85      0.85      0.85     10000

2020-10-20 15:29:18.873 | DEBUG    | client:test:206 - Confusion Matrix:
[[846   0  19  55   5   8  53   0  14   0]
 [  2 947   5  33   5   1   5   0   2   0]
 [ 18   0 788  11 101   2  73   0   7   0]
 [ 20  10   9 895  23   2  39   0   2   0]
 [  0   2 105  53 726   1 111   0   2   0]
 [  0   0   0   3   0 936   0  40   1  20]
 [215   1 110  39  87   2 528   0  17   1]
 [  0   0   0   0   0  26   0 924   0  50]
 [  1   3   6   9   3   8  12   4 953   1]
 [  0   0   0   0   0   6   1  37   1 955]]
2020-10-20 15:29:18.874 | DEBUG    | client:test:207 - Class precision: [0.7676951  0.98338525 0.756238   0.8151184  0.76421053 0.94354839
 0.64233577 0.91940299 0.95395395 0.92989289]
2020-10-20 15:29:18.875 | DEBUG    | client:test:208 - Class recall: [0.846 0.947 0.788 0.895 0.726 0.936 0.528 0.924 0.953 0.955]
2020-10-20 15:29:18.877 | INFO     | server:train_subset_of_clients:38 - Training epoch #5 on client #49
2020-10-20 15:29:18.906 | INFO     | client:train:139 - [5,     0] loss: 0.002
2020-10-20 15:29:20.922 | INFO     | client:train:139 - [5,   100] loss: 0.542
2020-10-20 15:29:21.291 | INFO     | server:train_subset_of_clients:38 - Training epoch #5 on client #25
2020-10-20 15:29:21.311 | INFO     | client:train:139 - [5,     0] loss: 0.002
2020-10-20 15:29:23.275 | INFO     | client:train:139 - [5,   100] loss: 0.518
2020-10-20 15:29:23.643 | INFO     | server:train_subset_of_clients:38 - Training epoch #5 on client #34
2020-10-20 15:29:23.663 | INFO     | client:train:139 - [5,     0] loss: 0.005
2020-10-20 15:29:25.622 | INFO     | client:train:139 - [5,   100] loss: 0.555
2020-10-20 15:29:26.000 | INFO     | server:train_subset_of_clients:38 - Training epoch #5 on client #41
2020-10-20 15:29:26.020 | INFO     | client:train:139 - [5,     0] loss: 0.006
2020-10-20 15:29:27.980 | INFO     | client:train:139 - [5,   100] loss: 0.544
2020-10-20 15:29:28.360 | INFO     | server:train_subset_of_clients:38 - Training epoch #5 on client #48
2020-10-20 15:29:28.382 | INFO     | client:train:139 - [5,     0] loss: 0.005
2020-10-20 15:29:30.530 | INFO     | client:train:139 - [5,   100] loss: 0.538
2020-10-20 15:29:31.135 | INFO     | server:train_subset_of_clients:41 - Averaging client parameters
2020-10-20 15:29:31.141 | INFO     | server:train_subset_of_clients:46 - Updating parameters on client #0
2020-10-20 15:29:31.145 | INFO     | server:train_subset_of_clients:46 - Updating parameters on client #1
2020-10-20 15:29:31.150 | INFO     | server:train_subset_of_clients:46 - Updating parameters on client #2
2020-10-20 15:29:31.155 | INFO     | server:train_subset_of_clients:46 - Updating parameters on client #3
2020-10-20 15:29:31.160 | INFO     | server:train_subset_of_clients:46 - Updating parameters on client #4
2020-10-20 15:29:31.163 | INFO     | server:train_subset_of_clients:46 - Updating parameters on client #5
2020-10-20 15:29:31.167 | INFO     | server:train_subset_of_clients:46 - Updating parameters on client #6
2020-10-20 15:29:31.170 | INFO     | server:train_subset_of_clients:46 - Updating parameters on client #7
2020-10-20 15:29:31.173 | INFO     | server:train_subset_of_clients:46 - Updating parameters on client #8
2020-10-20 15:29:31.175 | INFO     | server:train_subset_of_clients:46 - Updating parameters on client #9
2020-10-20 15:29:31.177 | INFO     | server:train_subset_of_clients:46 - Updating parameters on client #10
2020-10-20 15:29:31.178 | INFO     | server:train_subset_of_clients:46 - Updating parameters on client #11
2020-10-20 15:29:31.180 | INFO     | server:train_subset_of_clients:46 - Updating parameters on client #12
2020-10-20 15:29:31.182 | INFO     | server:train_subset_of_clients:46 - Updating parameters on client #13
2020-10-20 15:29:31.183 | INFO     | server:train_subset_of_clients:46 - Updating parameters on client #14
2020-10-20 15:29:31.185 | INFO     | server:train_subset_of_clients:46 - Updating parameters on client #15
2020-10-20 15:29:31.187 | INFO     | server:train_subset_of_clients:46 - Updating parameters on client #16
2020-10-20 15:29:31.188 | INFO     | server:train_subset_of_clients:46 - Updating parameters on client #17
2020-10-20 15:29:31.190 | INFO     | server:train_subset_of_clients:46 - Updating parameters on client #18
2020-10-20 15:29:31.191 | INFO     | server:train_subset_of_clients:46 - Updating parameters on client #19
2020-10-20 15:29:31.193 | INFO     | server:train_subset_of_clients:46 - Updating parameters on client #20
2020-10-20 15:29:31.195 | INFO     | server:train_subset_of_clients:46 - Updating parameters on client #21
2020-10-20 15:29:31.200 | INFO     | server:train_subset_of_clients:46 - Updating parameters on client #22
2020-10-20 15:29:31.203 | INFO     | server:train_subset_of_clients:46 - Updating parameters on client #23
2020-10-20 15:29:31.207 | INFO     | server:train_subset_of_clients:46 - Updating parameters on client #24
2020-10-20 15:29:31.208 | INFO     | server:train_subset_of_clients:46 - Updating parameters on client #25
2020-10-20 15:29:31.210 | INFO     | server:train_subset_of_clients:46 - Updating parameters on client #26
2020-10-20 15:29:31.212 | INFO     | server:train_subset_of_clients:46 - Updating parameters on client #27
2020-10-20 15:29:31.214 | INFO     | server:train_subset_of_clients:46 - Updating parameters on client #28
2020-10-20 15:29:31.215 | INFO     | server:train_subset_of_clients:46 - Updating parameters on client #29
2020-10-20 15:29:31.217 | INFO     | server:train_subset_of_clients:46 - Updating parameters on client #30
2020-10-20 15:29:31.218 | INFO     | server:train_subset_of_clients:46 - Updating parameters on client #31
2020-10-20 15:29:31.220 | INFO     | server:train_subset_of_clients:46 - Updating parameters on client #32
2020-10-20 15:29:31.222 | INFO     | server:train_subset_of_clients:46 - Updating parameters on client #33
2020-10-20 15:29:31.224 | INFO     | server:train_subset_of_clients:46 - Updating parameters on client #34
2020-10-20 15:29:31.225 | INFO     | server:train_subset_of_clients:46 - Updating parameters on client #35
2020-10-20 15:29:31.227 | INFO     | server:train_subset_of_clients:46 - Updating parameters on client #36
2020-10-20 15:29:31.229 | INFO     | server:train_subset_of_clients:46 - Updating parameters on client #37
2020-10-20 15:29:31.231 | INFO     | server:train_subset_of_clients:46 - Updating parameters on client #38
2020-10-20 15:29:31.232 | INFO     | server:train_subset_of_clients:46 - Updating parameters on client #39
2020-10-20 15:29:31.234 | INFO     | server:train_subset_of_clients:46 - Updating parameters on client #40
2020-10-20 15:29:31.235 | INFO     | server:train_subset_of_clients:46 - Updating parameters on client #41
2020-10-20 15:29:31.237 | INFO     | server:train_subset_of_clients:46 - Updating parameters on client #42
2020-10-20 15:29:31.239 | INFO     | server:train_subset_of_clients:46 - Updating parameters on client #43
2020-10-20 15:29:31.241 | INFO     | server:train_subset_of_clients:46 - Updating parameters on client #44
2020-10-20 15:29:31.243 | INFO     | server:train_subset_of_clients:46 - Updating parameters on client #45
2020-10-20 15:29:31.244 | INFO     | server:train_subset_of_clients:46 - Updating parameters on client #46
2020-10-20 15:29:31.246 | INFO     | server:train_subset_of_clients:46 - Updating parameters on client #47
2020-10-20 15:29:31.248 | INFO     | server:train_subset_of_clients:46 - Updating parameters on client #48
2020-10-20 15:29:31.249 | INFO     | server:train_subset_of_clients:46 - Updating parameters on client #49
2020-10-20 15:29:35.728 | DEBUG    | client:test:203 - Test set: Accuracy: 8514/10000 (85%)
2020-10-20 15:29:35.729 | DEBUG    | client:test:204 - Test set: Loss: 4.197446703910828
2020-10-20 15:29:35.762 | DEBUG    | client:test:205 - Classification Report:
              precision    recall  f1-score   support

           0       0.74      0.88      0.80      1000
           1       0.98      0.96      0.97      1000
           2       0.85      0.69      0.76      1000
           3       0.83      0.88      0.86      1000
           4       0.71      0.85      0.77      1000
           5       0.96      0.92      0.94      1000
           6       0.67      0.49      0.57      1000
           7       0.87      0.97      0.92      1000
           8       0.95      0.96      0.95      1000
           9       0.97      0.91      0.94      1000

    accuracy                           0.85     10000
   macro avg       0.85      0.85      0.85     10000
weighted avg       0.85      0.85      0.85     10000

2020-10-20 15:29:35.764 | DEBUG    | client:test:206 - Confusion Matrix:
[[875   1   6  45   8   6  46   0  13   0]
 [  2 965   2  23   3   1   2   0   2   0]
 [ 29   0 686  14 172   1  90   0   8   0]
 [ 34  12   5 882  31   1  34   0   1   0]
 [  2   2  37  41 848   1  64   0   5   0]
 [  0   0   0   4   0 924   0  57   2  13]
 [237   1  71  40 135   4 492   0  20   0]
 [  0   0   0   0   0  12   0 971   1  16]
 [  1   4   2   9   4   5   9   5 961   0]
 [  0   0   0   0   0   7   1  81   1 910]]
2020-10-20 15:29:35.765 | DEBUG    | client:test:207 - Class precision: [0.74152542 0.97969543 0.84796044 0.83364839 0.70607827 0.96049896
 0.66666667 0.87163375 0.94773176 0.96911608]
2020-10-20 15:29:35.765 | DEBUG    | client:test:208 - Class recall: [0.875 0.965 0.686 0.882 0.848 0.924 0.492 0.971 0.961 0.91 ]
2020-10-20 15:29:35.768 | INFO     | server:train_subset_of_clients:38 - Training epoch #6 on client #16
2020-10-20 15:29:35.797 | INFO     | client:train:139 - [6,     0] loss: 0.005
2020-10-20 15:29:38.092 | INFO     | client:train:139 - [6,   100] loss: 0.492
2020-10-20 15:29:38.558 | INFO     | server:train_subset_of_clients:38 - Training epoch #6 on client #20
2020-10-20 15:29:38.579 | INFO     | client:train:139 - [6,     0] loss: 0.001
2020-10-20 15:29:40.679 | INFO     | client:train:139 - [6,   100] loss: 0.475
2020-10-20 15:29:41.103 | INFO     | server:train_subset_of_clients:38 - Training epoch #6 on client #7
2020-10-20 15:29:41.138 | INFO     | client:train:139 - [6,     0] loss: 0.003
2020-10-20 15:29:43.253 | INFO     | client:train:139 - [6,   100] loss: 0.498
2020-10-20 15:29:43.624 | INFO     | server:train_subset_of_clients:38 - Training epoch #6 on client #37
2020-10-20 15:29:43.644 | INFO     | client:train:139 - [6,     0] loss: 0.005
2020-10-20 15:29:45.989 | INFO     | client:train:139 - [6,   100] loss: 0.527
2020-10-20 15:29:46.409 | INFO     | server:train_subset_of_clients:38 - Training epoch #6 on client #42
2020-10-20 15:29:46.430 | INFO     | client:train:139 - [6,     0] loss: 0.001
2020-10-20 15:29:48.895 | INFO     | client:train:139 - [6,   100] loss: 0.421
2020-10-20 15:29:49.345 | INFO     | server:train_subset_of_clients:41 - Averaging client parameters
2020-10-20 15:29:49.347 | INFO     | server:train_subset_of_clients:46 - Updating parameters on client #0
2020-10-20 15:29:49.349 | INFO     | server:train_subset_of_clients:46 - Updating parameters on client #1
2020-10-20 15:29:49.351 | INFO     | server:train_subset_of_clients:46 - Updating parameters on client #2
2020-10-20 15:29:49.352 | INFO     | server:train_subset_of_clients:46 - Updating parameters on client #3
2020-10-20 15:29:49.354 | INFO     | server:train_subset_of_clients:46 - Updating parameters on client #4
2020-10-20 15:29:49.356 | INFO     | server:train_subset_of_clients:46 - Updating parameters on client #5
2020-10-20 15:29:49.357 | INFO     | server:train_subset_of_clients:46 - Updating parameters on client #6
2020-10-20 15:29:49.359 | INFO     | server:train_subset_of_clients:46 - Updating parameters on client #7
2020-10-20 15:29:49.361 | INFO     | server:train_subset_of_clients:46 - Updating parameters on client #8
2020-10-20 15:29:49.362 | INFO     | server:train_subset_of_clients:46 - Updating parameters on client #9
2020-10-20 15:29:49.364 | INFO     | server:train_subset_of_clients:46 - Updating parameters on client #10
2020-10-20 15:29:49.366 | INFO     | server:train_subset_of_clients:46 - Updating parameters on client #11
2020-10-20 15:29:49.367 | INFO     | server:train_subset_of_clients:46 - Updating parameters on client #12
2020-10-20 15:29:49.369 | INFO     | server:train_subset_of_clients:46 - Updating parameters on client #13
2020-10-20 15:29:49.371 | INFO     | server:train_subset_of_clients:46 - Updating parameters on client #14
2020-10-20 15:29:49.372 | INFO     | server:train_subset_of_clients:46 - Updating parameters on client #15
2020-10-20 15:29:49.374 | INFO     | server:train_subset_of_clients:46 - Updating parameters on client #16
2020-10-20 15:29:49.375 | INFO     | server:train_subset_of_clients:46 - Updating parameters on client #17
2020-10-20 15:29:49.377 | INFO     | server:train_subset_of_clients:46 - Updating parameters on client #18
2020-10-20 15:29:49.378 | INFO     | server:train_subset_of_clients:46 - Updating parameters on client #19
2020-10-20 15:29:49.380 | INFO     | server:train_subset_of_clients:46 - Updating parameters on client #20
2020-10-20 15:29:49.382 | INFO     | server:train_subset_of_clients:46 - Updating parameters on client #21
2020-10-20 15:29:49.383 | INFO     | server:train_subset_of_clients:46 - Updating parameters on client #22
2020-10-20 15:29:49.385 | INFO     | server:train_subset_of_clients:46 - Updating parameters on client #23
2020-10-20 15:29:49.387 | INFO     | server:train_subset_of_clients:46 - Updating parameters on client #24
2020-10-20 15:29:49.388 | INFO     | server:train_subset_of_clients:46 - Updating parameters on client #25
2020-10-20 15:29:49.390 | INFO     | server:train_subset_of_clients:46 - Updating parameters on client #26
2020-10-20 15:29:49.392 | INFO     | server:train_subset_of_clients:46 - Updating parameters on client #27
2020-10-20 15:29:49.393 | INFO     | server:train_subset_of_clients:46 - Updating parameters on client #28
2020-10-20 15:29:49.395 | INFO     | server:train_subset_of_clients:46 - Updating parameters on client #29
2020-10-20 15:29:49.396 | INFO     | server:train_subset_of_clients:46 - Updating parameters on client #30
2020-10-20 15:29:49.398 | INFO     | server:train_subset_of_clients:46 - Updating parameters on client #31
2020-10-20 15:29:49.400 | INFO     | server:train_subset_of_clients:46 - Updating parameters on client #32
2020-10-20 15:29:49.402 | INFO     | server:train_subset_of_clients:46 - Updating parameters on client #33
2020-10-20 15:29:49.403 | INFO     | server:train_subset_of_clients:46 - Updating parameters on client #34
2020-10-20 15:29:49.405 | INFO     | server:train_subset_of_clients:46 - Updating parameters on client #35
2020-10-20 15:29:49.406 | INFO     | server:train_subset_of_clients:46 - Updating parameters on client #36
2020-10-20 15:29:49.408 | INFO     | server:train_subset_of_clients:46 - Updating parameters on client #37
2020-10-20 15:29:49.409 | INFO     | server:train_subset_of_clients:46 - Updating parameters on client #38
2020-10-20 15:29:49.411 | INFO     | server:train_subset_of_clients:46 - Updating parameters on client #39
2020-10-20 15:29:49.412 | INFO     | server:train_subset_of_clients:46 - Updating parameters on client #40
2020-10-20 15:29:49.414 | INFO     | server:train_subset_of_clients:46 - Updating parameters on client #41
2020-10-20 15:29:49.416 | INFO     | server:train_subset_of_clients:46 - Updating parameters on client #42
2020-10-20 15:29:49.417 | INFO     | server:train_subset_of_clients:46 - Updating parameters on client #43
2020-10-20 15:29:49.419 | INFO     | server:train_subset_of_clients:46 - Updating parameters on client #44
2020-10-20 15:29:49.421 | INFO     | server:train_subset_of_clients:46 - Updating parameters on client #45
2020-10-20 15:29:49.422 | INFO     | server:train_subset_of_clients:46 - Updating parameters on client #46
2020-10-20 15:29:49.424 | INFO     | server:train_subset_of_clients:46 - Updating parameters on client #47
2020-10-20 15:29:49.426 | INFO     | server:train_subset_of_clients:46 - Updating parameters on client #48
2020-10-20 15:29:49.427 | INFO     | server:train_subset_of_clients:46 - Updating parameters on client #49
2020-10-20 15:29:53.755 | DEBUG    | client:test:203 - Test set: Accuracy: 8572/10000 (86%)
2020-10-20 15:29:53.757 | DEBUG    | client:test:204 - Test set: Loss: 4.0035456120967865
2020-10-20 15:29:53.805 | DEBUG    | client:test:205 - Classification Report:
              precision    recall  f1-score   support

           0       0.81      0.82      0.82      1000
           1       0.97      0.97      0.97      1000
           2       0.77      0.81      0.79      1000
           3       0.86      0.87      0.86      1000
           4       0.74      0.81      0.77      1000
           5       0.97      0.89      0.93      1000
           6       0.67      0.54      0.60      1000
           7       0.88      0.94      0.91      1000
           8       0.95      0.96      0.96      1000
           9       0.93      0.96      0.94      1000

    accuracy                           0.86     10000
   macro avg       0.86      0.86      0.86     10000
weighted avg       0.86      0.86      0.86     10000

2020-10-20 15:29:53.806 | DEBUG    | client:test:206 - Confusion Matrix:
[[822   2  12  41   4   5 102   0  12   0]
 [  2 972   2  18   3   0   1   0   2   0]
 [ 20   0 806  12  97   1  54   1   9   0]
 [ 21  19   8 868  32   0  50   0   2   0]
 [  0   3 103  35 806   0  51   0   2   0]
 [  0   0   0   2   0 891   1  85   2  19]
 [150   3 111  29 142   1 543   0  20   1]
 [  0   0   0   0   0   7   0 942   1  50]
 [  0   3   2  10   2   3  10   4 965   1]
 [  0   0   0   0   0   6   1  35   1 957]]
2020-10-20 15:29:53.808 | DEBUG    | client:test:207 - Class precision: [0.80985222 0.97005988 0.77203065 0.85517241 0.74217311 0.97483589
 0.66789668 0.88284911 0.94980315 0.93093385]
2020-10-20 15:29:53.809 | DEBUG    | client:test:208 - Class recall: [0.822 0.972 0.806 0.868 0.806 0.891 0.543 0.942 0.965 0.957]
2020-10-20 15:29:53.812 | INFO     | server:train_subset_of_clients:38 - Training epoch #7 on client #6
2020-10-20 15:29:53.852 | INFO     | client:train:139 - [7,     0] loss: 0.005
2020-10-20 15:29:56.274 | INFO     | client:train:139 - [7,   100] loss: 0.469
2020-10-20 15:29:56.708 | INFO     | server:train_subset_of_clients:38 - Training epoch #7 on client #22
2020-10-20 15:29:56.728 | INFO     | client:train:139 - [7,     0] loss: 0.002
2020-10-20 15:29:58.776 | INFO     | client:train:139 - [7,   100] loss: 0.529
2020-10-20 15:29:59.162 | INFO     | server:train_subset_of_clients:38 - Training epoch #7 on client #28
2020-10-20 15:29:59.182 | INFO     | client:train:139 - [7,     0] loss: 0.007
2020-10-20 15:30:01.356 | INFO     | client:train:139 - [7,   100] loss: 0.505
2020-10-20 15:30:01.762 | INFO     | server:train_subset_of_clients:38 - Training epoch #7 on client #25
2020-10-20 15:30:01.786 | INFO     | client:train:139 - [7,     0] loss: 0.002
2020-10-20 15:30:04.123 | INFO     | client:train:139 - [7,   100] loss: 0.473
2020-10-20 15:30:04.567 | INFO     | server:train_subset_of_clients:38 - Training epoch #7 on client #35
2020-10-20 15:30:04.592 | INFO     | client:train:139 - [7,     0] loss: 0.002
2020-10-20 15:30:06.745 | INFO     | client:train:139 - [7,   100] loss: 0.531
2020-10-20 15:30:07.165 | INFO     | server:train_subset_of_clients:41 - Averaging client parameters
2020-10-20 15:30:07.168 | INFO     | server:train_subset_of_clients:46 - Updating parameters on client #0
2020-10-20 15:30:07.170 | INFO     | server:train_subset_of_clients:46 - Updating parameters on client #1
2020-10-20 15:30:07.171 | INFO     | server:train_subset_of_clients:46 - Updating parameters on client #2
2020-10-20 15:30:07.173 | INFO     | server:train_subset_of_clients:46 - Updating parameters on client #3
2020-10-20 15:30:07.174 | INFO     | server:train_subset_of_clients:46 - Updating parameters on client #4
2020-10-20 15:30:07.177 | INFO     | server:train_subset_of_clients:46 - Updating parameters on client #5
2020-10-20 15:30:07.179 | INFO     | server:train_subset_of_clients:46 - Updating parameters on client #6
2020-10-20 15:30:07.180 | INFO     | server:train_subset_of_clients:46 - Updating parameters on client #7
2020-10-20 15:30:07.182 | INFO     | server:train_subset_of_clients:46 - Updating parameters on client #8
2020-10-20 15:30:07.184 | INFO     | server:train_subset_of_clients:46 - Updating parameters on client #9
2020-10-20 15:30:07.185 | INFO     | server:train_subset_of_clients:46 - Updating parameters on client #10
2020-10-20 15:30:07.187 | INFO     | server:train_subset_of_clients:46 - Updating parameters on client #11
2020-10-20 15:30:07.189 | INFO     | server:train_subset_of_clients:46 - Updating parameters on client #12
2020-10-20 15:30:07.190 | INFO     | server:train_subset_of_clients:46 - Updating parameters on client #13
2020-10-20 15:30:07.193 | INFO     | server:train_subset_of_clients:46 - Updating parameters on client #14
2020-10-20 15:30:07.195 | INFO     | server:train_subset_of_clients:46 - Updating parameters on client #15
2020-10-20 15:30:07.196 | INFO     | server:train_subset_of_clients:46 - Updating parameters on client #16
2020-10-20 15:30:07.198 | INFO     | server:train_subset_of_clients:46 - Updating parameters on client #17
2020-10-20 15:30:07.199 | INFO     | server:train_subset_of_clients:46 - Updating parameters on client #18
2020-10-20 15:30:07.201 | INFO     | server:train_subset_of_clients:46 - Updating parameters on client #19
2020-10-20 15:30:07.203 | INFO     | server:train_subset_of_clients:46 - Updating parameters on client #20
2020-10-20 15:30:07.205 | INFO     | server:train_subset_of_clients:46 - Updating parameters on client #21
2020-10-20 15:30:07.206 | INFO     | server:train_subset_of_clients:46 - Updating parameters on client #22
2020-10-20 15:30:07.208 | INFO     | server:train_subset_of_clients:46 - Updating parameters on client #23
2020-10-20 15:30:07.210 | INFO     | server:train_subset_of_clients:46 - Updating parameters on client #24
2020-10-20 15:30:07.212 | INFO     | server:train_subset_of_clients:46 - Updating parameters on client #25
2020-10-20 15:30:07.213 | INFO     | server:train_subset_of_clients:46 - Updating parameters on client #26
2020-10-20 15:30:07.215 | INFO     | server:train_subset_of_clients:46 - Updating parameters on client #27
2020-10-20 15:30:07.217 | INFO     | server:train_subset_of_clients:46 - Updating parameters on client #28
2020-10-20 15:30:07.219 | INFO     | server:train_subset_of_clients:46 - Updating parameters on client #29
2020-10-20 15:30:07.220 | INFO     | server:train_subset_of_clients:46 - Updating parameters on client #30
2020-10-20 15:30:07.222 | INFO     | server:train_subset_of_clients:46 - Updating parameters on client #31
2020-10-20 15:30:07.223 | INFO     | server:train_subset_of_clients:46 - Updating parameters on client #32
2020-10-20 15:30:07.226 | INFO     | server:train_subset_of_clients:46 - Updating parameters on client #33
2020-10-20 15:30:07.227 | INFO     | server:train_subset_of_clients:46 - Updating parameters on client #34
2020-10-20 15:30:07.229 | INFO     | server:train_subset_of_clients:46 - Updating parameters on client #35
2020-10-20 15:30:07.231 | INFO     | server:train_subset_of_clients:46 - Updating parameters on client #36
2020-10-20 15:30:07.232 | INFO     | server:train_subset_of_clients:46 - Updating parameters on client #37
2020-10-20 15:30:07.234 | INFO     | server:train_subset_of_clients:46 - Updating parameters on client #38
2020-10-20 15:30:07.236 | INFO     | server:train_subset_of_clients:46 - Updating parameters on client #39
2020-10-20 15:30:07.238 | INFO     | server:train_subset_of_clients:46 - Updating parameters on client #40
2020-10-20 15:30:07.240 | INFO     | server:train_subset_of_clients:46 - Updating parameters on client #41
2020-10-20 15:30:07.242 | INFO     | server:train_subset_of_clients:46 - Updating parameters on client #42
2020-10-20 15:30:07.244 | INFO     | server:train_subset_of_clients:46 - Updating parameters on client #43
2020-10-20 15:30:07.246 | INFO     | server:train_subset_of_clients:46 - Updating parameters on client #44
2020-10-20 15:30:07.247 | INFO     | server:train_subset_of_clients:46 - Updating parameters on client #45
2020-10-20 15:30:07.249 | INFO     | server:train_subset_of_clients:46 - Updating parameters on client #46
2020-10-20 15:30:07.251 | INFO     | server:train_subset_of_clients:46 - Updating parameters on client #47
2020-10-20 15:30:07.255 | INFO     | server:train_subset_of_clients:46 - Updating parameters on client #48
2020-10-20 15:30:07.258 | INFO     | server:train_subset_of_clients:46 - Updating parameters on client #49
2020-10-20 15:30:11.509 | DEBUG    | client:test:203 - Test set: Accuracy: 8602/10000 (86%)
2020-10-20 15:30:11.509 | DEBUG    | client:test:204 - Test set: Loss: 3.8949441015720367
2020-10-20 15:30:11.542 | DEBUG    | client:test:205 - Classification Report:
              precision    recall  f1-score   support

           0       0.79      0.85      0.82      1000
           1       0.98      0.96      0.97      1000
           2       0.81      0.74      0.77      1000
           3       0.89      0.84      0.86      1000
           4       0.75      0.78      0.77      1000
           5       0.95      0.95      0.95      1000
           6       0.62      0.63      0.62      1000
           7       0.93      0.93      0.93      1000
           8       0.96      0.97      0.96      1000
           9       0.94      0.96      0.95      1000

    accuracy                           0.86     10000
   macro avg       0.86      0.86      0.86     10000
weighted avg       0.86      0.86      0.86     10000

2020-10-20 15:30:11.544 | DEBUG    | client:test:206 - Confusion Matrix:
[[853   1  14  26   5   5  85   0  11   0]
 [  3 963   2  20   4   1   5   0   2   0]
 [ 14   0 741   5 125   2 105   0   8   0]
 [ 36  11   4 837  46   1  62   0   3   0]
 [  2   2  72  23 783   0 116   0   2   0]
 [  0   0   0   2   0 949   0  32   1  16]
 [173   1  81  19  80   1 627   0  17   1]
 [  0   0   0   0   0  29   0 926   0  45]
 [  0   1   2   6   3   4  13   4 966   1]
 [  0   0   0   0   0   5   1  36   1 957]]
2020-10-20 15:30:11.546 | DEBUG    | client:test:207 - Class precision: [0.78908418 0.98365679 0.80895197 0.89232409 0.74856597 0.95185557
 0.6183432  0.92785571 0.95548961 0.93823529]
2020-10-20 15:30:11.547 | DEBUG    | client:test:208 - Class recall: [0.853 0.963 0.741 0.837 0.783 0.949 0.627 0.926 0.966 0.957]
2020-10-20 15:30:11.552 | INFO     | server:train_subset_of_clients:38 - Training epoch #8 on client #32
2020-10-20 15:30:11.586 | INFO     | client:train:139 - [8,     0] loss: 0.008
2020-10-20 15:30:13.680 | INFO     | client:train:139 - [8,   100] loss: 0.448
2020-10-20 15:30:14.066 | INFO     | server:train_subset_of_clients:38 - Training epoch #8 on client #26
2020-10-20 15:30:14.088 | INFO     | client:train:139 - [8,     0] loss: 0.006
2020-10-20 15:30:16.086 | INFO     | client:train:139 - [8,   100] loss: 0.443
2020-10-20 15:30:16.499 | INFO     | server:train_subset_of_clients:38 - Training epoch #8 on client #42
2020-10-20 15:30:16.520 | INFO     | client:train:139 - [8,     0] loss: 0.002
2020-10-20 15:30:18.625 | INFO     | client:train:139 - [8,   100] loss: 0.426
2020-10-20 15:30:19.025 | INFO     | server:train_subset_of_clients:38 - Training epoch #8 on client #8
2020-10-20 15:30:19.046 | INFO     | client:train:139 - [8,     0] loss: 0.004
2020-10-20 15:30:21.054 | INFO     | client:train:139 - [8,   100] loss: 0.524
2020-10-20 15:30:21.461 | INFO     | server:train_subset_of_clients:38 - Training epoch #8 on client #31
2020-10-20 15:30:21.481 | INFO     | client:train:139 - [8,     0] loss: 0.015
2020-10-20 15:30:23.457 | INFO     | client:train:139 - [8,   100] loss: 0.454
2020-10-20 15:30:23.827 | INFO     | server:train_subset_of_clients:41 - Averaging client parameters
2020-10-20 15:30:23.830 | INFO     | server:train_subset_of_clients:46 - Updating parameters on client #0
2020-10-20 15:30:23.832 | INFO     | server:train_subset_of_clients:46 - Updating parameters on client #1
2020-10-20 15:30:23.833 | INFO     | server:train_subset_of_clients:46 - Updating parameters on client #2
2020-10-20 15:30:23.835 | INFO     | server:train_subset_of_clients:46 - Updating parameters on client #3
2020-10-20 15:30:23.837 | INFO     | server:train_subset_of_clients:46 - Updating parameters on client #4
2020-10-20 15:30:23.838 | INFO     | server:train_subset_of_clients:46 - Updating parameters on client #5
2020-10-20 15:30:23.840 | INFO     | server:train_subset_of_clients:46 - Updating parameters on client #6
2020-10-20 15:30:23.841 | INFO     | server:train_subset_of_clients:46 - Updating parameters on client #7
2020-10-20 15:30:23.843 | INFO     | server:train_subset_of_clients:46 - Updating parameters on client #8
2020-10-20 15:30:23.845 | INFO     | server:train_subset_of_clients:46 - Updating parameters on client #9
2020-10-20 15:30:23.846 | INFO     | server:train_subset_of_clients:46 - Updating parameters on client #10
2020-10-20 15:30:23.848 | INFO     | server:train_subset_of_clients:46 - Updating parameters on client #11
2020-10-20 15:30:23.850 | INFO     | server:train_subset_of_clients:46 - Updating parameters on client #12
2020-10-20 15:30:23.851 | INFO     | server:train_subset_of_clients:46 - Updating parameters on client #13
2020-10-20 15:30:23.853 | INFO     | server:train_subset_of_clients:46 - Updating parameters on client #14
2020-10-20 15:30:23.855 | INFO     | server:train_subset_of_clients:46 - Updating parameters on client #15
2020-10-20 15:30:23.856 | INFO     | server:train_subset_of_clients:46 - Updating parameters on client #16
2020-10-20 15:30:23.858 | INFO     | server:train_subset_of_clients:46 - Updating parameters on client #17
2020-10-20 15:30:23.859 | INFO     | server:train_subset_of_clients:46 - Updating parameters on client #18
2020-10-20 15:30:23.861 | INFO     | server:train_subset_of_clients:46 - Updating parameters on client #19
2020-10-20 15:30:23.863 | INFO     | server:train_subset_of_clients:46 - Updating parameters on client #20
2020-10-20 15:30:23.865 | INFO     | server:train_subset_of_clients:46 - Updating parameters on client #21
2020-10-20 15:30:23.866 | INFO     | server:train_subset_of_clients:46 - Updating parameters on client #22
2020-10-20 15:30:23.868 | INFO     | server:train_subset_of_clients:46 - Updating parameters on client #23
2020-10-20 15:30:23.870 | INFO     | server:train_subset_of_clients:46 - Updating parameters on client #24
2020-10-20 15:30:23.871 | INFO     | server:train_subset_of_clients:46 - Updating parameters on client #25
2020-10-20 15:30:23.873 | INFO     | server:train_subset_of_clients:46 - Updating parameters on client #26
2020-10-20 15:30:23.874 | INFO     | server:train_subset_of_clients:46 - Updating parameters on client #27
2020-10-20 15:30:23.876 | INFO     | server:train_subset_of_clients:46 - Updating parameters on client #28
2020-10-20 15:30:23.878 | INFO     | server:train_subset_of_clients:46 - Updating parameters on client #29
2020-10-20 15:30:23.879 | INFO     | server:train_subset_of_clients:46 - Updating parameters on client #30
2020-10-20 15:30:23.881 | INFO     | server:train_subset_of_clients:46 - Updating parameters on client #31
2020-10-20 15:30:23.882 | INFO     | server:train_subset_of_clients:46 - Updating parameters on client #32
2020-10-20 15:30:23.884 | INFO     | server:train_subset_of_clients:46 - Updating parameters on client #33
2020-10-20 15:30:23.887 | INFO     | server:train_subset_of_clients:46 - Updating parameters on client #34
2020-10-20 15:30:23.889 | INFO     | server:train_subset_of_clients:46 - Updating parameters on client #35
2020-10-20 15:30:23.891 | INFO     | server:train_subset_of_clients:46 - Updating parameters on client #36
2020-10-20 15:30:23.893 | INFO     | server:train_subset_of_clients:46 - Updating parameters on client #37
2020-10-20 15:30:23.897 | INFO     | server:train_subset_of_clients:46 - Updating parameters on client #38
2020-10-20 15:30:23.900 | INFO     | server:train_subset_of_clients:46 - Updating parameters on client #39
2020-10-20 15:30:23.902 | INFO     | server:train_subset_of_clients:46 - Updating parameters on client #40
2020-10-20 15:30:23.906 | INFO     | server:train_subset_of_clients:46 - Updating parameters on client #41
2020-10-20 15:30:23.908 | INFO     | server:train_subset_of_clients:46 - Updating parameters on client #42
2020-10-20 15:30:23.910 | INFO     | server:train_subset_of_clients:46 - Updating parameters on client #43
2020-10-20 15:30:23.912 | INFO     | server:train_subset_of_clients:46 - Updating parameters on client #44
2020-10-20 15:30:23.914 | INFO     | server:train_subset_of_clients:46 - Updating parameters on client #45
2020-10-20 15:30:23.916 | INFO     | server:train_subset_of_clients:46 - Updating parameters on client #46
2020-10-20 15:30:23.917 | INFO     | server:train_subset_of_clients:46 - Updating parameters on client #47
2020-10-20 15:30:23.919 | INFO     | server:train_subset_of_clients:46 - Updating parameters on client #48
2020-10-20 15:30:23.920 | INFO     | server:train_subset_of_clients:46 - Updating parameters on client #49
2020-10-20 15:30:27.971 | DEBUG    | client:test:203 - Test set: Accuracy: 8597/10000 (86%)
2020-10-20 15:30:27.972 | DEBUG    | client:test:204 - Test set: Loss: 3.8209238946437836
2020-10-20 15:30:28.013 | DEBUG    | client:test:205 - Classification Report:
              precision    recall  f1-score   support

           0       0.87      0.75      0.81      1000
           1       0.98      0.97      0.97      1000
           2       0.82      0.76      0.79      1000
           3       0.81      0.89      0.85      1000
           4       0.78      0.77      0.77      1000
           5       0.95      0.95      0.95      1000
           6       0.60      0.67      0.64      1000
           7       0.93      0.92      0.93      1000
           8       0.96      0.96      0.96      1000
           9       0.94      0.95      0.94      1000

    accuracy                           0.86     10000
   macro avg       0.86      0.86      0.86     10000
weighted avg       0.86      0.86      0.86     10000

2020-10-20 15:30:28.014 | DEBUG    | client:test:206 - Confusion Matrix:
[[753   1   8  65   2   5 154   0  12   0]
 [  0 967   2  22   3   1   3   0   2   0]
 [ 15   0 756  13 105   2 103   0   6   0]
 [  8  13   3 893  21   0  61   0   1   0]
 [  0   2  72  48 769   0 107   0   2   0]
 [  0   0   0   2   0 952   1  30   1  14]
 [ 94   1  77  48  88   1 673   0  18   0]
 [  0   0   0   0   0  28   0 924   0  48]
 [  0   2   1  13   3   4  12   5 960   0]
 [  0   0   0   0   0  11   2  36   1 950]]
2020-10-20 15:30:28.015 | DEBUG    | client:test:207 - Class precision: [0.86551724 0.98073022 0.8226333  0.80887681 0.77598385 0.94820717
 0.60304659 0.92864322 0.95712861 0.93873518]
2020-10-20 15:30:28.016 | DEBUG    | client:test:208 - Class recall: [0.753 0.967 0.756 0.893 0.769 0.952 0.673 0.924 0.96  0.95 ]
2020-10-20 15:30:28.018 | INFO     | server:train_subset_of_clients:38 - Training epoch #9 on client #41
2020-10-20 15:30:28.049 | INFO     | client:train:139 - [9,     0] loss: 0.002
2020-10-20 15:30:30.103 | INFO     | client:train:139 - [9,   100] loss: 0.468
2020-10-20 15:30:30.481 | INFO     | server:train_subset_of_clients:38 - Training epoch #9 on client #14
2020-10-20 15:30:30.503 | INFO     | client:train:139 - [9,     0] loss: 0.003
2020-10-20 15:30:32.731 | INFO     | client:train:139 - [9,   100] loss: 0.439
2020-10-20 15:30:33.112 | INFO     | server:train_subset_of_clients:38 - Training epoch #9 on client #19
2020-10-20 15:30:33.132 | INFO     | client:train:139 - [9,     0] loss: 0.005
2020-10-20 15:30:35.334 | INFO     | client:train:139 - [9,   100] loss: 0.487
2020-10-20 15:30:35.716 | INFO     | server:train_subset_of_clients:38 - Training epoch #9 on client #48
2020-10-20 15:30:35.737 | INFO     | client:train:139 - [9,     0] loss: 0.003
2020-10-20 15:30:37.879 | INFO     | client:train:139 - [9,   100] loss: 0.436
2020-10-20 15:30:38.326 | INFO     | server:train_subset_of_clients:38 - Training epoch #9 on client #7
2020-10-20 15:30:38.347 | INFO     | client:train:139 - [9,     0] loss: 0.002
2020-10-20 15:30:40.688 | INFO     | client:train:139 - [9,   100] loss: 0.429
2020-10-20 15:30:41.081 | INFO     | server:train_subset_of_clients:41 - Averaging client parameters
2020-10-20 15:30:41.084 | INFO     | server:train_subset_of_clients:46 - Updating parameters on client #0
2020-10-20 15:30:41.086 | INFO     | server:train_subset_of_clients:46 - Updating parameters on client #1
2020-10-20 15:30:41.087 | INFO     | server:train_subset_of_clients:46 - Updating parameters on client #2
2020-10-20 15:30:41.089 | INFO     | server:train_subset_of_clients:46 - Updating parameters on client #3
2020-10-20 15:30:41.091 | INFO     | server:train_subset_of_clients:46 - Updating parameters on client #4
2020-10-20 15:30:41.092 | INFO     | server:train_subset_of_clients:46 - Updating parameters on client #5
2020-10-20 15:30:41.094 | INFO     | server:train_subset_of_clients:46 - Updating parameters on client #6
2020-10-20 15:30:41.096 | INFO     | server:train_subset_of_clients:46 - Updating parameters on client #7
2020-10-20 15:30:41.098 | INFO     | server:train_subset_of_clients:46 - Updating parameters on client #8
2020-10-20 15:30:41.099 | INFO     | server:train_subset_of_clients:46 - Updating parameters on client #9
2020-10-20 15:30:41.101 | INFO     | server:train_subset_of_clients:46 - Updating parameters on client #10
2020-10-20 15:30:41.103 | INFO     | server:train_subset_of_clients:46 - Updating parameters on client #11
2020-10-20 15:30:41.105 | INFO     | server:train_subset_of_clients:46 - Updating parameters on client #12
2020-10-20 15:30:41.106 | INFO     | server:train_subset_of_clients:46 - Updating parameters on client #13
2020-10-20 15:30:41.108 | INFO     | server:train_subset_of_clients:46 - Updating parameters on client #14
2020-10-20 15:30:41.109 | INFO     | server:train_subset_of_clients:46 - Updating parameters on client #15
2020-10-20 15:30:41.111 | INFO     | server:train_subset_of_clients:46 - Updating parameters on client #16
2020-10-20 15:30:41.113 | INFO     | server:train_subset_of_clients:46 - Updating parameters on client #17
2020-10-20 15:30:41.114 | INFO     | server:train_subset_of_clients:46 - Updating parameters on client #18
2020-10-20 15:30:41.116 | INFO     | server:train_subset_of_clients:46 - Updating parameters on client #19
2020-10-20 15:30:41.118 | INFO     | server:train_subset_of_clients:46 - Updating parameters on client #20
2020-10-20 15:30:41.120 | INFO     | server:train_subset_of_clients:46 - Updating parameters on client #21
2020-10-20 15:30:41.121 | INFO     | server:train_subset_of_clients:46 - Updating parameters on client #22
2020-10-20 15:30:41.123 | INFO     | server:train_subset_of_clients:46 - Updating parameters on client #23
2020-10-20 15:30:41.124 | INFO     | server:train_subset_of_clients:46 - Updating parameters on client #24
2020-10-20 15:30:41.126 | INFO     | server:train_subset_of_clients:46 - Updating parameters on client #25
2020-10-20 15:30:41.128 | INFO     | server:train_subset_of_clients:46 - Updating parameters on client #26
2020-10-20 15:30:41.129 | INFO     | server:train_subset_of_clients:46 - Updating parameters on client #27
2020-10-20 15:30:41.131 | INFO     | server:train_subset_of_clients:46 - Updating parameters on client #28
2020-10-20 15:30:41.133 | INFO     | server:train_subset_of_clients:46 - Updating parameters on client #29
2020-10-20 15:30:41.137 | INFO     | server:train_subset_of_clients:46 - Updating parameters on client #30
2020-10-20 15:30:41.139 | INFO     | server:train_subset_of_clients:46 - Updating parameters on client #31
2020-10-20 15:30:41.141 | INFO     | server:train_subset_of_clients:46 - Updating parameters on client #32
2020-10-20 15:30:41.144 | INFO     | server:train_subset_of_clients:46 - Updating parameters on client #33
2020-10-20 15:30:41.147 | INFO     | server:train_subset_of_clients:46 - Updating parameters on client #34
2020-10-20 15:30:41.149 | INFO     | server:train_subset_of_clients:46 - Updating parameters on client #35
2020-10-20 15:30:41.151 | INFO     | server:train_subset_of_clients:46 - Updating parameters on client #36
2020-10-20 15:30:41.153 | INFO     | server:train_subset_of_clients:46 - Updating parameters on client #37
2020-10-20 15:30:41.155 | INFO     | server:train_subset_of_clients:46 - Updating parameters on client #38
2020-10-20 15:30:41.156 | INFO     | server:train_subset_of_clients:46 - Updating parameters on client #39
2020-10-20 15:30:41.158 | INFO     | server:train_subset_of_clients:46 - Updating parameters on client #40
2020-10-20 15:30:41.160 | INFO     | server:train_subset_of_clients:46 - Updating parameters on client #41
2020-10-20 15:30:41.162 | INFO     | server:train_subset_of_clients:46 - Updating parameters on client #42
2020-10-20 15:30:41.164 | INFO     | server:train_subset_of_clients:46 - Updating parameters on client #43
2020-10-20 15:30:41.167 | INFO     | server:train_subset_of_clients:46 - Updating parameters on client #44
2020-10-20 15:30:41.169 | INFO     | server:train_subset_of_clients:46 - Updating parameters on client #45
2020-10-20 15:30:41.171 | INFO     | server:train_subset_of_clients:46 - Updating parameters on client #46
2020-10-20 15:30:41.173 | INFO     | server:train_subset_of_clients:46 - Updating parameters on client #47
2020-10-20 15:30:41.174 | INFO     | server:train_subset_of_clients:46 - Updating parameters on client #48
2020-10-20 15:30:41.176 | INFO     | server:train_subset_of_clients:46 - Updating parameters on client #49
2020-10-20 15:30:45.312 | DEBUG    | client:test:203 - Test set: Accuracy: 8616/10000 (86%)
2020-10-20 15:30:45.313 | DEBUG    | client:test:204 - Test set: Loss: 3.7947960793972015
2020-10-20 15:30:45.350 | DEBUG    | client:test:205 - Classification Report:
              precision    recall  f1-score   support

           0       0.84      0.79      0.81      1000
           1       0.99      0.96      0.97      1000
           2       0.87      0.69      0.77      1000
           3       0.83      0.90      0.87      1000
           4       0.77      0.78      0.77      1000
           5       0.96      0.94      0.95      1000
           6       0.59      0.70      0.64      1000
           7       0.92      0.94      0.93      1000
           8       0.96      0.96      0.96      1000
           9       0.94      0.96      0.95      1000

    accuracy                           0.86     10000
   macro avg       0.87      0.86      0.86     10000
weighted avg       0.87      0.86      0.86     10000

2020-10-20 15:30:45.351 | DEBUG    | client:test:206 - Confusion Matrix:
[[788   1   6  48   5   6 135   0  11   0]
 [  2 959   2  27   3   1   4   0   2   0]
 [ 17   0 688  12 124   2 151   0   6   0]
 [ 11   8   2 903  23   0  50   0   3   0]
 [  1   1  41  47 777   1 129   0   3   0]
 [  0   0   0   2   0 943   0  39   1  15]
 [120   1  50  36  74   1 701   0  16   1]
 [  0   0   0   0   0  16   0 937   1  46]
 [  0   1   1   8   2   3  17   5 963   0]
 [  0   0   0   0   0   6   1  35   1 957]]
2020-10-20 15:30:45.352 | DEBUG    | client:test:207 - Class precision: [0.83919063 0.98764161 0.87088608 0.83379501 0.77083333 0.96322778
 0.59006734 0.92224409 0.95630586 0.93915604]
2020-10-20 15:30:45.353 | DEBUG    | client:test:208 - Class recall: [0.788 0.959 0.688 0.903 0.777 0.943 0.701 0.937 0.963 0.957]
2020-10-20 15:30:45.355 | INFO     | server:train_subset_of_clients:38 - Training epoch #10 on client #29
2020-10-20 15:30:45.385 | INFO     | client:train:139 - [10,     0] loss: 0.002
2020-10-20 15:30:47.608 | INFO     | client:train:139 - [10,   100] loss: 0.445
2020-10-20 15:30:48.009 | INFO     | server:train_subset_of_clients:38 - Training epoch #10 on client #2
2020-10-20 15:30:48.029 | INFO     | client:train:139 - [10,     0] loss: 0.009
2020-10-20 15:30:50.187 | INFO     | client:train:139 - [10,   100] loss: 0.499
2020-10-20 15:30:50.580 | INFO     | server:train_subset_of_clients:38 - Training epoch #10 on client #48
2020-10-20 15:30:50.601 | INFO     | client:train:139 - [10,     0] loss: 0.004
2020-10-20 15:30:52.831 | INFO     | client:train:139 - [10,   100] loss: 0.419
2020-10-20 15:30:53.219 | INFO     | server:train_subset_of_clients:38 - Training epoch #10 on client #6
2020-10-20 15:30:53.239 | INFO     | client:train:139 - [10,     0] loss: 0.002
2020-10-20 15:30:55.327 | INFO     | client:train:139 - [10,   100] loss: 0.404
2020-10-20 15:30:55.719 | INFO     | server:train_subset_of_clients:38 - Training epoch #10 on client #32
2020-10-20 15:30:55.739 | INFO     | client:train:139 - [10,     0] loss: 0.005
2020-10-20 15:30:57.998 | INFO     | client:train:139 - [10,   100] loss: 0.427
2020-10-20 15:30:58.449 | INFO     | server:train_subset_of_clients:41 - Averaging client parameters
2020-10-20 15:30:58.452 | INFO     | server:train_subset_of_clients:46 - Updating parameters on client #0
2020-10-20 15:30:58.454 | INFO     | server:train_subset_of_clients:46 - Updating parameters on client #1
2020-10-20 15:30:58.456 | INFO     | server:train_subset_of_clients:46 - Updating parameters on client #2
2020-10-20 15:30:58.458 | INFO     | server:train_subset_of_clients:46 - Updating parameters on client #3
2020-10-20 15:30:58.462 | INFO     | server:train_subset_of_clients:46 - Updating parameters on client #4
2020-10-20 15:30:58.464 | INFO     | server:train_subset_of_clients:46 - Updating parameters on client #5
2020-10-20 15:30:58.465 | INFO     | server:train_subset_of_clients:46 - Updating parameters on client #6
2020-10-20 15:30:58.467 | INFO     | server:train_subset_of_clients:46 - Updating parameters on client #7
2020-10-20 15:30:58.469 | INFO     | server:train_subset_of_clients:46 - Updating parameters on client #8
2020-10-20 15:30:58.472 | INFO     | server:train_subset_of_clients:46 - Updating parameters on client #9
2020-10-20 15:30:58.474 | INFO     | server:train_subset_of_clients:46 - Updating parameters on client #10
2020-10-20 15:30:58.476 | INFO     | server:train_subset_of_clients:46 - Updating parameters on client #11
2020-10-20 15:30:58.478 | INFO     | server:train_subset_of_clients:46 - Updating parameters on client #12
2020-10-20 15:30:58.479 | INFO     | server:train_subset_of_clients:46 - Updating parameters on client #13
2020-10-20 15:30:58.481 | INFO     | server:train_subset_of_clients:46 - Updating parameters on client #14
2020-10-20 15:30:58.483 | INFO     | server:train_subset_of_clients:46 - Updating parameters on client #15
2020-10-20 15:30:58.484 | INFO     | server:train_subset_of_clients:46 - Updating parameters on client #16
2020-10-20 15:30:58.486 | INFO     | server:train_subset_of_clients:46 - Updating parameters on client #17
2020-10-20 15:30:58.488 | INFO     | server:train_subset_of_clients:46 - Updating parameters on client #18
2020-10-20 15:30:58.489 | INFO     | server:train_subset_of_clients:46 - Updating parameters on client #19
2020-10-20 15:30:58.491 | INFO     | server:train_subset_of_clients:46 - Updating parameters on client #20
2020-10-20 15:30:58.493 | INFO     | server:train_subset_of_clients:46 - Updating parameters on client #21
2020-10-20 15:30:58.494 | INFO     | server:train_subset_of_clients:46 - Updating parameters on client #22
2020-10-20 15:30:58.496 | INFO     | server:train_subset_of_clients:46 - Updating parameters on client #23
2020-10-20 15:30:58.498 | INFO     | server:train_subset_of_clients:46 - Updating parameters on client #24
2020-10-20 15:30:58.499 | INFO     | server:train_subset_of_clients:46 - Updating parameters on client #25
2020-10-20 15:30:58.501 | INFO     | server:train_subset_of_clients:46 - Updating parameters on client #26
2020-10-20 15:30:58.503 | INFO     | server:train_subset_of_clients:46 - Updating parameters on client #27
2020-10-20 15:30:58.504 | INFO     | server:train_subset_of_clients:46 - Updating parameters on client #28
2020-10-20 15:30:58.506 | INFO     | server:train_subset_of_clients:46 - Updating parameters on client #29
2020-10-20 15:30:58.507 | INFO     | server:train_subset_of_clients:46 - Updating parameters on client #30
2020-10-20 15:30:58.509 | INFO     | server:train_subset_of_clients:46 - Updating parameters on client #31
2020-10-20 15:30:58.511 | INFO     | server:train_subset_of_clients:46 - Updating parameters on client #32
2020-10-20 15:30:58.512 | INFO     | server:train_subset_of_clients:46 - Updating parameters on client #33
2020-10-20 15:30:58.514 | INFO     | server:train_subset_of_clients:46 - Updating parameters on client #34
2020-10-20 15:30:58.516 | INFO     | server:train_subset_of_clients:46 - Updating parameters on client #35
2020-10-20 15:30:58.517 | INFO     | server:train_subset_of_clients:46 - Updating parameters on client #36
2020-10-20 15:30:58.519 | INFO     | server:train_subset_of_clients:46 - Updating parameters on client #37
2020-10-20 15:30:58.520 | INFO     | server:train_subset_of_clients:46 - Updating parameters on client #38
2020-10-20 15:30:58.522 | INFO     | server:train_subset_of_clients:46 - Updating parameters on client #39
2020-10-20 15:30:58.523 | INFO     | server:train_subset_of_clients:46 - Updating parameters on client #40
2020-10-20 15:30:58.525 | INFO     | server:train_subset_of_clients:46 - Updating parameters on client #41
2020-10-20 15:30:58.527 | INFO     | server:train_subset_of_clients:46 - Updating parameters on client #42
2020-10-20 15:30:58.528 | INFO     | server:train_subset_of_clients:46 - Updating parameters on client #43
2020-10-20 15:30:58.530 | INFO     | server:train_subset_of_clients:46 - Updating parameters on client #44
2020-10-20 15:30:58.531 | INFO     | server:train_subset_of_clients:46 - Updating parameters on client #45
2020-10-20 15:30:58.533 | INFO     | server:train_subset_of_clients:46 - Updating parameters on client #46
2020-10-20 15:30:58.535 | INFO     | server:train_subset_of_clients:46 - Updating parameters on client #47
2020-10-20 15:30:58.536 | INFO     | server:train_subset_of_clients:46 - Updating parameters on client #48
2020-10-20 15:30:58.538 | INFO     | server:train_subset_of_clients:46 - Updating parameters on client #49
2020-10-20 15:31:02.897 | DEBUG    | client:test:203 - Test set: Accuracy: 8628/10000 (86%)
2020-10-20 15:31:02.898 | DEBUG    | client:test:204 - Test set: Loss: 3.7656747698783875
2020-10-20 15:31:02.934 | DEBUG    | client:test:205 - Classification Report:
              precision    recall  f1-score   support

           0       0.85      0.77      0.81      1000
           1       0.98      0.96      0.97      1000
           2       0.80      0.77      0.78      1000
           3       0.88      0.85      0.87      1000
           4       0.75      0.82      0.78      1000
           5       0.98      0.92      0.95      1000
           6       0.62      0.68      0.64      1000
           7       0.89      0.96      0.93      1000
           8       0.96      0.96      0.96      1000
           9       0.96      0.94      0.95      1000

    accuracy                           0.86     10000
   macro avg       0.87      0.86      0.86     10000
weighted avg       0.87      0.86      0.86     10000

2020-10-20 15:31:02.935 | DEBUG    | client:test:206 - Confusion Matrix:
[[769   0  22  39  11   5 143   0  11   0]
 [  2 964   4  15   6   1   6   0   2   0]
 [ 10   0 768   5 123   0  90   0   4   0]
 [ 12  17   6 847  54   0  60   0   4   0]
 [  0   2  56  19 816   0 105   0   2   0]
 [  0   0   0   2   0 923   0  58   2  15]
 [107   2  96  27  80   0 675   0  13   0]
 [  0   0   0   0   0   7   0 963   1  29]
 [  0   1   6   4   3   3  14   5 964   0]
 [  0   0   0   0   0   4   1  55   1 939]]
2020-10-20 15:31:02.936 | DEBUG    | client:test:207 - Class precision: [0.85444444 0.97768763 0.80167015 0.88413361 0.74656908 0.97879109
 0.61700183 0.89084181 0.96015936 0.95523906]
2020-10-20 15:31:02.938 | DEBUG    | client:test:208 - Class recall: [0.769 0.964 0.768 0.847 0.816 0.923 0.675 0.963 0.964 0.939]
