2020-10-28 16:16:10.207 | DEBUG    | federated_learning.arguments:log:182 - Arguments: 
Batch Size: 10
Test Batch Size: 1000
Epochs: 10
Learning Rate: 0.01
Momentum: 0.5
CUDA Enabled: True
Shuffle Enabled: False
Log Interval: 100
Scheduler Step Size: 50
Scheduler Gamma: 0.5
Scheduler Minimum Learning Rate: 1e-10
Client Selection Strategy: <federated_learning.worker_selection.random.RandomSelectionStrategy object at 0x102337f28>
Client Selection Strategy Arguments: {
    "NUM_WORKERS_PER_ROUND": 5
}
Model Saving Enabled: False
Model Saving Interval: 1
Model Saving Path (Relative): 3500_models
Epoch Save Start Prefix: start
Epoch Save End Suffix: end
Number of Clients: 50
Number of Poisoned Clients: 20
NN: <class 'federated_learning.nets.fashion_mnist_cnn.FashionMNISTCNN'>
Train Data Loader Path: data_loaders/fashion-mnist/train_data_loader.pickle
Test Data Loader Path: data_loaders/fashion-mnist/test_data_loader.pickle
Loss Function: <class 'torch.nn.modules.loss.CrossEntropyLoss'>
Default Model Folder Path: default_models
Data Path: data

2020-10-28 16:16:10.209 | INFO     | federated_learning.utils.data_loader_utils:load_data_loader_from_file:64 - Loading data loader from file: data_loaders/fashion-mnist/train_data_loader.pickle
2020-10-28 16:16:11.655 | INFO     | federated_learning.utils.data_loader_utils:load_data_loader_from_file:64 - Loading data loader from file: data_loaders/fashion-mnist/test_data_loader.pickle
2020-10-28 16:16:15.084 | INFO     | federated_learning.utils.poison_data:poison_data:24 - Poisoning data for workers: [20, 12, 30, 44, 0, 43, 49, 2, 14, 34, 1, 39, 24, 16, 40, 41, 45, 4, 6, 9]
2020-10-28 16:16:15.104 | INFO     | federated_learning.utils.client_utils:log_client_data_statistics:17 - Client #0 has data distribution: [142, 0, 134, 113, 115, 96, 127, 116, 116, 241]
2020-10-28 16:16:15.106 | INFO     | federated_learning.utils.client_utils:log_client_data_statistics:17 - Client #1 has data distribution: [115, 0, 125, 125, 118, 118, 116, 133, 127, 223]
2020-10-28 16:16:15.107 | INFO     | federated_learning.utils.client_utils:log_client_data_statistics:17 - Client #2 has data distribution: [116, 0, 110, 123, 123, 133, 127, 112, 125, 231]
2020-10-28 16:16:15.108 | INFO     | federated_learning.utils.client_utils:log_client_data_statistics:17 - Client #3 has data distribution: [116, 125, 122, 118, 124, 114, 118, 110, 127, 126]
2020-10-28 16:16:15.109 | INFO     | federated_learning.utils.client_utils:log_client_data_statistics:17 - Client #4 has data distribution: [114, 0, 147, 129, 111, 114, 121, 103, 128, 233]
2020-10-28 16:16:15.110 | INFO     | federated_learning.utils.client_utils:log_client_data_statistics:17 - Client #5 has data distribution: [139, 123, 132, 128, 111, 113, 112, 105, 102, 135]
2020-10-28 16:16:15.111 | INFO     | federated_learning.utils.client_utils:log_client_data_statistics:17 - Client #6 has data distribution: [115, 0, 113, 126, 116, 133, 112, 133, 119, 233]
2020-10-28 16:16:15.113 | INFO     | federated_learning.utils.client_utils:log_client_data_statistics:17 - Client #7 has data distribution: [128, 119, 118, 120, 120, 110, 114, 129, 121, 121]
2020-10-28 16:16:15.114 | INFO     | federated_learning.utils.client_utils:log_client_data_statistics:17 - Client #8 has data distribution: [109, 112, 135, 124, 123, 131, 123, 113, 118, 112]
2020-10-28 16:16:15.115 | INFO     | federated_learning.utils.client_utils:log_client_data_statistics:17 - Client #9 has data distribution: [103, 0, 126, 120, 127, 114, 128, 124, 139, 219]
2020-10-28 16:16:15.117 | INFO     | federated_learning.utils.client_utils:log_client_data_statistics:17 - Client #10 has data distribution: [113, 114, 121, 125, 110, 133, 127, 128, 109, 120]
2020-10-28 16:16:15.118 | INFO     | federated_learning.utils.client_utils:log_client_data_statistics:17 - Client #11 has data distribution: [140, 114, 120, 129, 135, 104, 112, 124, 104, 118]
2020-10-28 16:16:15.119 | INFO     | federated_learning.utils.client_utils:log_client_data_statistics:17 - Client #12 has data distribution: [131, 0, 114, 108, 141, 102, 102, 120, 122, 260]
2020-10-28 16:16:15.120 | INFO     | federated_learning.utils.client_utils:log_client_data_statistics:17 - Client #13 has data distribution: [111, 126, 114, 123, 136, 120, 123, 128, 113, 106]
2020-10-28 16:16:15.121 | INFO     | federated_learning.utils.client_utils:log_client_data_statistics:17 - Client #14 has data distribution: [118, 0, 118, 133, 117, 103, 127, 116, 124, 244]
2020-10-28 16:16:15.122 | INFO     | federated_learning.utils.client_utils:log_client_data_statistics:17 - Client #15 has data distribution: [125, 115, 127, 126, 128, 103, 105, 112, 130, 129]
2020-10-28 16:16:15.124 | INFO     | federated_learning.utils.client_utils:log_client_data_statistics:17 - Client #16 has data distribution: [138, 0, 121, 127, 118, 120, 113, 122, 136, 205]
2020-10-28 16:16:15.125 | INFO     | federated_learning.utils.client_utils:log_client_data_statistics:17 - Client #17 has data distribution: [112, 103, 146, 99, 114, 134, 128, 117, 121, 126]
2020-10-28 16:16:15.126 | INFO     | federated_learning.utils.client_utils:log_client_data_statistics:17 - Client #18 has data distribution: [110, 120, 128, 111, 112, 128, 125, 113, 124, 129]
2020-10-28 16:16:15.127 | INFO     | federated_learning.utils.client_utils:log_client_data_statistics:17 - Client #19 has data distribution: [151, 105, 109, 124, 139, 128, 115, 111, 102, 116]
2020-10-28 16:16:15.128 | INFO     | federated_learning.utils.client_utils:log_client_data_statistics:17 - Client #20 has data distribution: [124, 0, 126, 117, 129, 111, 113, 124, 111, 245]
2020-10-28 16:16:15.129 | INFO     | federated_learning.utils.client_utils:log_client_data_statistics:17 - Client #21 has data distribution: [127, 113, 110, 122, 113, 132, 120, 128, 113, 122]
2020-10-28 16:16:15.130 | INFO     | federated_learning.utils.client_utils:log_client_data_statistics:17 - Client #22 has data distribution: [126, 106, 121, 113, 125, 108, 141, 114, 124, 122]
2020-10-28 16:16:15.131 | INFO     | federated_learning.utils.client_utils:log_client_data_statistics:17 - Client #23 has data distribution: [111, 133, 134, 119, 120, 111, 117, 116, 111, 128]
2020-10-28 16:16:15.132 | INFO     | federated_learning.utils.client_utils:log_client_data_statistics:17 - Client #24 has data distribution: [119, 0, 113, 115, 113, 105, 124, 128, 149, 234]
2020-10-28 16:16:15.134 | INFO     | federated_learning.utils.client_utils:log_client_data_statistics:17 - Client #25 has data distribution: [108, 119, 106, 125, 116, 122, 134, 132, 118, 120]
2020-10-28 16:16:15.135 | INFO     | federated_learning.utils.client_utils:log_client_data_statistics:17 - Client #26 has data distribution: [123, 124, 106, 121, 127, 109, 127, 136, 95, 132]
2020-10-28 16:16:15.136 | INFO     | federated_learning.utils.client_utils:log_client_data_statistics:17 - Client #27 has data distribution: [105, 128, 110, 112, 130, 144, 116, 103, 121, 131]
2020-10-28 16:16:15.137 | INFO     | federated_learning.utils.client_utils:log_client_data_statistics:17 - Client #28 has data distribution: [120, 125, 132, 104, 108, 121, 119, 113, 126, 132]
2020-10-28 16:16:15.138 | INFO     | federated_learning.utils.client_utils:log_client_data_statistics:17 - Client #29 has data distribution: [118, 119, 127, 131, 110, 121, 113, 115, 130, 116]
2020-10-28 16:16:15.139 | INFO     | federated_learning.utils.client_utils:log_client_data_statistics:17 - Client #30 has data distribution: [123, 0, 109, 104, 113, 144, 129, 121, 114, 243]
2020-10-28 16:16:15.140 | INFO     | federated_learning.utils.client_utils:log_client_data_statistics:17 - Client #31 has data distribution: [121, 112, 128, 102, 127, 144, 108, 122, 117, 119]
2020-10-28 16:16:15.141 | INFO     | federated_learning.utils.client_utils:log_client_data_statistics:17 - Client #32 has data distribution: [135, 130, 122, 137, 92, 119, 137, 109, 106, 113]
2020-10-28 16:16:15.142 | INFO     | federated_learning.utils.client_utils:log_client_data_statistics:17 - Client #33 has data distribution: [141, 134, 121, 130, 93, 117, 109, 111, 120, 124]
2020-10-28 16:16:15.143 | INFO     | federated_learning.utils.client_utils:log_client_data_statistics:17 - Client #34 has data distribution: [109, 0, 117, 130, 113, 127, 118, 116, 142, 228]
2020-10-28 16:16:15.144 | INFO     | federated_learning.utils.client_utils:log_client_data_statistics:17 - Client #35 has data distribution: [129, 125, 124, 105, 143, 113, 112, 111, 118, 120]
2020-10-28 16:16:15.145 | INFO     | federated_learning.utils.client_utils:log_client_data_statistics:17 - Client #36 has data distribution: [128, 133, 133, 110, 135, 121, 114, 112, 102, 112]
2020-10-28 16:16:15.146 | INFO     | federated_learning.utils.client_utils:log_client_data_statistics:17 - Client #37 has data distribution: [119, 129, 118, 119, 131, 110, 110, 122, 120, 122]
2020-10-28 16:16:15.148 | INFO     | federated_learning.utils.client_utils:log_client_data_statistics:17 - Client #38 has data distribution: [117, 128, 111, 119, 114, 96, 130, 127, 133, 125]
2020-10-28 16:16:15.150 | INFO     | federated_learning.utils.client_utils:log_client_data_statistics:17 - Client #39 has data distribution: [116, 0, 94, 132, 120, 120, 121, 121, 117, 259]
2020-10-28 16:16:15.151 | INFO     | federated_learning.utils.client_utils:log_client_data_statistics:17 - Client #40 has data distribution: [110, 0, 110, 120, 126, 123, 126, 122, 128, 235]
2020-10-28 16:16:15.153 | INFO     | federated_learning.utils.client_utils:log_client_data_statistics:17 - Client #41 has data distribution: [114, 0, 102, 124, 110, 108, 127, 130, 119, 266]
2020-10-28 16:16:15.154 | INFO     | federated_learning.utils.client_utils:log_client_data_statistics:17 - Client #42 has data distribution: [108, 114, 109, 130, 145, 146, 100, 118, 110, 120]
2020-10-28 16:16:15.156 | INFO     | federated_learning.utils.client_utils:log_client_data_statistics:17 - Client #43 has data distribution: [124, 0, 121, 104, 113, 148, 117, 131, 133, 209]
2020-10-28 16:16:15.158 | INFO     | federated_learning.utils.client_utils:log_client_data_statistics:17 - Client #44 has data distribution: [106, 0, 132, 129, 140, 111, 106, 109, 120, 247]
2020-10-28 16:16:15.159 | INFO     | federated_learning.utils.client_utils:log_client_data_statistics:17 - Client #45 has data distribution: [129, 0, 118, 125, 114, 111, 120, 139, 110, 234]
2020-10-28 16:16:15.160 | INFO     | federated_learning.utils.client_utils:log_client_data_statistics:17 - Client #46 has data distribution: [129, 115, 119, 128, 111, 114, 105, 112, 135, 132]
2020-10-28 16:16:15.162 | INFO     | federated_learning.utils.client_utils:log_client_data_statistics:17 - Client #47 has data distribution: [100, 118, 118, 120, 104, 150, 133, 117, 125, 115]
2020-10-28 16:16:15.163 | INFO     | federated_learning.utils.client_utils:log_client_data_statistics:17 - Client #48 has data distribution: [105, 125, 118, 116, 105, 116, 160, 136, 111, 108]
2020-10-28 16:16:15.165 | INFO     | federated_learning.utils.client_utils:log_client_data_statistics:17 - Client #49 has data distribution: [110, 0, 111, 106, 122, 127, 119, 136, 115, 254]
2020-10-28 16:16:15.412 | INFO     | server:train_subset_of_clients:38 - Training epoch #1 on client #47
2020-10-28 16:16:15.535 | INFO     | client:train:139 - [1,     0] loss: 0.026
2020-10-28 16:16:17.824 | INFO     | client:train:139 - [1,   100] loss: 1.125
2020-10-28 16:16:18.232 | INFO     | server:train_subset_of_clients:38 - Training epoch #1 on client #11
2020-10-28 16:16:18.253 | INFO     | client:train:139 - [1,     0] loss: 0.024
2020-10-28 16:16:20.279 | INFO     | client:train:139 - [1,   100] loss: 1.108
2020-10-28 16:16:20.658 | INFO     | server:train_subset_of_clients:38 - Training epoch #1 on client #35
2020-10-28 16:16:20.678 | INFO     | client:train:139 - [1,     0] loss: 0.023
2020-10-28 16:16:23.085 | INFO     | client:train:139 - [1,   100] loss: 1.081
2020-10-28 16:16:23.501 | INFO     | server:train_subset_of_clients:38 - Training epoch #1 on client #14
2020-10-28 16:16:23.525 | INFO     | client:train:139 - [1,     0] loss: 0.021
2020-10-28 16:16:25.613 | INFO     | client:train:139 - [1,   100] loss: 1.091
2020-10-28 16:16:25.999 | INFO     | server:train_subset_of_clients:38 - Training epoch #1 on client #49
2020-10-28 16:16:26.020 | INFO     | client:train:139 - [1,     0] loss: 0.021
2020-10-28 16:16:28.073 | INFO     | client:train:139 - [1,   100] loss: 1.165
2020-10-28 16:16:28.456 | INFO     | server:train_subset_of_clients:41 - Averaging client parameters
2020-10-28 16:16:28.466 | INFO     | server:train_subset_of_clients:46 - Updating parameters on client #0
2020-10-28 16:16:28.470 | INFO     | server:train_subset_of_clients:46 - Updating parameters on client #1
2020-10-28 16:16:28.472 | INFO     | server:train_subset_of_clients:46 - Updating parameters on client #2
2020-10-28 16:16:28.474 | INFO     | server:train_subset_of_clients:46 - Updating parameters on client #3
2020-10-28 16:16:28.476 | INFO     | server:train_subset_of_clients:46 - Updating parameters on client #4
2020-10-28 16:16:28.478 | INFO     | server:train_subset_of_clients:46 - Updating parameters on client #5
2020-10-28 16:16:28.480 | INFO     | server:train_subset_of_clients:46 - Updating parameters on client #6
2020-10-28 16:16:28.482 | INFO     | server:train_subset_of_clients:46 - Updating parameters on client #7
2020-10-28 16:16:28.485 | INFO     | server:train_subset_of_clients:46 - Updating parameters on client #8
2020-10-28 16:16:28.486 | INFO     | server:train_subset_of_clients:46 - Updating parameters on client #9
2020-10-28 16:16:28.488 | INFO     | server:train_subset_of_clients:46 - Updating parameters on client #10
2020-10-28 16:16:28.490 | INFO     | server:train_subset_of_clients:46 - Updating parameters on client #11
2020-10-28 16:16:28.492 | INFO     | server:train_subset_of_clients:46 - Updating parameters on client #12
2020-10-28 16:16:28.494 | INFO     | server:train_subset_of_clients:46 - Updating parameters on client #13
2020-10-28 16:16:28.496 | INFO     | server:train_subset_of_clients:46 - Updating parameters on client #14
2020-10-28 16:16:28.498 | INFO     | server:train_subset_of_clients:46 - Updating parameters on client #15
2020-10-28 16:16:28.500 | INFO     | server:train_subset_of_clients:46 - Updating parameters on client #16
2020-10-28 16:16:28.501 | INFO     | server:train_subset_of_clients:46 - Updating parameters on client #17
2020-10-28 16:16:28.503 | INFO     | server:train_subset_of_clients:46 - Updating parameters on client #18
2020-10-28 16:16:28.505 | INFO     | server:train_subset_of_clients:46 - Updating parameters on client #19
2020-10-28 16:16:28.507 | INFO     | server:train_subset_of_clients:46 - Updating parameters on client #20
2020-10-28 16:16:28.508 | INFO     | server:train_subset_of_clients:46 - Updating parameters on client #21
2020-10-28 16:16:28.510 | INFO     | server:train_subset_of_clients:46 - Updating parameters on client #22
2020-10-28 16:16:28.512 | INFO     | server:train_subset_of_clients:46 - Updating parameters on client #23
2020-10-28 16:16:28.514 | INFO     | server:train_subset_of_clients:46 - Updating parameters on client #24
2020-10-28 16:16:28.516 | INFO     | server:train_subset_of_clients:46 - Updating parameters on client #25
2020-10-28 16:16:28.518 | INFO     | server:train_subset_of_clients:46 - Updating parameters on client #26
2020-10-28 16:16:28.520 | INFO     | server:train_subset_of_clients:46 - Updating parameters on client #27
2020-10-28 16:16:28.521 | INFO     | server:train_subset_of_clients:46 - Updating parameters on client #28
2020-10-28 16:16:28.523 | INFO     | server:train_subset_of_clients:46 - Updating parameters on client #29
2020-10-28 16:16:28.525 | INFO     | server:train_subset_of_clients:46 - Updating parameters on client #30
2020-10-28 16:16:28.526 | INFO     | server:train_subset_of_clients:46 - Updating parameters on client #31
2020-10-28 16:16:28.528 | INFO     | server:train_subset_of_clients:46 - Updating parameters on client #32
2020-10-28 16:16:28.530 | INFO     | server:train_subset_of_clients:46 - Updating parameters on client #33
2020-10-28 16:16:28.532 | INFO     | server:train_subset_of_clients:46 - Updating parameters on client #34
2020-10-28 16:16:28.534 | INFO     | server:train_subset_of_clients:46 - Updating parameters on client #35
2020-10-28 16:16:28.536 | INFO     | server:train_subset_of_clients:46 - Updating parameters on client #36
2020-10-28 16:16:28.537 | INFO     | server:train_subset_of_clients:46 - Updating parameters on client #37
2020-10-28 16:16:28.539 | INFO     | server:train_subset_of_clients:46 - Updating parameters on client #38
2020-10-28 16:16:28.541 | INFO     | server:train_subset_of_clients:46 - Updating parameters on client #39
2020-10-28 16:16:28.544 | INFO     | server:train_subset_of_clients:46 - Updating parameters on client #40
2020-10-28 16:16:28.546 | INFO     | server:train_subset_of_clients:46 - Updating parameters on client #41
2020-10-28 16:16:28.547 | INFO     | server:train_subset_of_clients:46 - Updating parameters on client #42
2020-10-28 16:16:28.549 | INFO     | server:train_subset_of_clients:46 - Updating parameters on client #43
2020-10-28 16:16:28.551 | INFO     | server:train_subset_of_clients:46 - Updating parameters on client #44
2020-10-28 16:16:28.553 | INFO     | server:train_subset_of_clients:46 - Updating parameters on client #45
2020-10-28 16:16:28.555 | INFO     | server:train_subset_of_clients:46 - Updating parameters on client #46
2020-10-28 16:16:28.556 | INFO     | server:train_subset_of_clients:46 - Updating parameters on client #47
2020-10-28 16:16:28.558 | INFO     | server:train_subset_of_clients:46 - Updating parameters on client #48
2020-10-28 16:16:28.560 | INFO     | server:train_subset_of_clients:46 - Updating parameters on client #49
2020-10-28 16:16:33.245 | DEBUG    | client:test:203 - Test set: Accuracy: 7528/10000 (75%)
2020-10-28 16:16:33.246 | DEBUG    | client:test:204 - Test set: Loss: 6.860062122344971
2020-10-28 16:16:33.284 | DEBUG    | client:test:205 - Classification Report:
              precision    recall  f1-score   support

           0       0.74      0.78      0.76      1000
           1       1.00      0.46      0.63      1000
           2       0.56      0.83      0.67      1000
           3       0.55      0.87      0.67      1000
           4       0.71      0.65      0.68      1000
           5       0.91      0.89      0.90      1000
           6       0.63      0.29      0.40      1000
           7       0.87      0.89      0.88      1000
           8       0.93      0.93      0.93      1000
           9       0.90      0.94      0.92      1000

    accuracy                           0.75     10000
   macro avg       0.78      0.75      0.74     10000
weighted avg       0.78      0.75      0.74     10000

2020-10-28 16:16:33.286 | DEBUG    | client:test:206 - Confusion Matrix:
[[778   0  43 106   8   9  39   0  17   0]
 [  5 456  31 480   6   0   4   0   2  16]
 [ 10   0 826  10 107   4  36   0   7   0]
 [ 23   0  50 872  22   3  27   0   3   0]
 [  1   0 229  49 654   2  58   0   7   0]
 [  0   0   0   3   0 890   0  72   8  27]
 [229   0 267  59 124   6 294   0  21   0]
 [  0   0   0   0   0  47   0 891   1  61]
 [  1   0  18  20   4   8  12   6 930   1]
 [  0   0   0   0   0   4   0  58   1 937]]
2020-10-28 16:16:33.287 | DEBUG    | client:test:207 - Class precision: [0.74307545 1.         0.56420765 0.54534084 0.70702703 0.91469681
 0.62553191 0.86757546 0.9327984  0.89923225]
2020-10-28 16:16:33.288 | DEBUG    | client:test:208 - Class recall: [0.778 0.456 0.826 0.872 0.654 0.89  0.294 0.891 0.93  0.937]
2020-10-28 16:16:33.291 | INFO     | server:train_subset_of_clients:38 - Training epoch #2 on client #13
2020-10-28 16:16:33.324 | INFO     | client:train:139 - [2,     0] loss: 0.008
2020-10-28 16:16:35.506 | INFO     | client:train:139 - [2,   100] loss: 0.751
2020-10-28 16:16:35.910 | INFO     | server:train_subset_of_clients:38 - Training epoch #2 on client #49
2020-10-28 16:16:35.930 | INFO     | client:train:139 - [2,     0] loss: 0.009
2020-10-28 16:16:38.036 | INFO     | client:train:139 - [2,   100] loss: 0.683
2020-10-28 16:16:38.423 | INFO     | server:train_subset_of_clients:38 - Training epoch #2 on client #36
2020-10-28 16:16:38.444 | INFO     | client:train:139 - [2,     0] loss: 0.010
2020-10-28 16:16:40.724 | INFO     | client:train:139 - [2,   100] loss: 0.777
2020-10-28 16:16:41.123 | INFO     | server:train_subset_of_clients:38 - Training epoch #2 on client #16
2020-10-28 16:16:41.144 | INFO     | client:train:139 - [2,     0] loss: 0.005
2020-10-28 16:16:43.259 | INFO     | client:train:139 - [2,   100] loss: 0.732
2020-10-28 16:16:43.659 | INFO     | server:train_subset_of_clients:38 - Training epoch #2 on client #4
2020-10-28 16:16:43.680 | INFO     | client:train:139 - [2,     0] loss: 0.005
2020-10-28 16:16:45.843 | INFO     | client:train:139 - [2,   100] loss: 0.724
2020-10-28 16:16:46.250 | INFO     | server:train_subset_of_clients:41 - Averaging client parameters
2020-10-28 16:16:46.254 | INFO     | server:train_subset_of_clients:46 - Updating parameters on client #0
2020-10-28 16:16:46.257 | INFO     | server:train_subset_of_clients:46 - Updating parameters on client #1
2020-10-28 16:16:46.259 | INFO     | server:train_subset_of_clients:46 - Updating parameters on client #2
2020-10-28 16:16:46.263 | INFO     | server:train_subset_of_clients:46 - Updating parameters on client #3
2020-10-28 16:16:46.265 | INFO     | server:train_subset_of_clients:46 - Updating parameters on client #4
2020-10-28 16:16:46.266 | INFO     | server:train_subset_of_clients:46 - Updating parameters on client #5
2020-10-28 16:16:46.268 | INFO     | server:train_subset_of_clients:46 - Updating parameters on client #6
2020-10-28 16:16:46.270 | INFO     | server:train_subset_of_clients:46 - Updating parameters on client #7
2020-10-28 16:16:46.272 | INFO     | server:train_subset_of_clients:46 - Updating parameters on client #8
2020-10-28 16:16:46.274 | INFO     | server:train_subset_of_clients:46 - Updating parameters on client #9
2020-10-28 16:16:46.275 | INFO     | server:train_subset_of_clients:46 - Updating parameters on client #10
2020-10-28 16:16:46.277 | INFO     | server:train_subset_of_clients:46 - Updating parameters on client #11
2020-10-28 16:16:46.279 | INFO     | server:train_subset_of_clients:46 - Updating parameters on client #12
2020-10-28 16:16:46.280 | INFO     | server:train_subset_of_clients:46 - Updating parameters on client #13
2020-10-28 16:16:46.282 | INFO     | server:train_subset_of_clients:46 - Updating parameters on client #14
2020-10-28 16:16:46.284 | INFO     | server:train_subset_of_clients:46 - Updating parameters on client #15
2020-10-28 16:16:46.286 | INFO     | server:train_subset_of_clients:46 - Updating parameters on client #16
2020-10-28 16:16:46.287 | INFO     | server:train_subset_of_clients:46 - Updating parameters on client #17
2020-10-28 16:16:46.289 | INFO     | server:train_subset_of_clients:46 - Updating parameters on client #18
2020-10-28 16:16:46.291 | INFO     | server:train_subset_of_clients:46 - Updating parameters on client #19
2020-10-28 16:16:46.293 | INFO     | server:train_subset_of_clients:46 - Updating parameters on client #20
2020-10-28 16:16:46.294 | INFO     | server:train_subset_of_clients:46 - Updating parameters on client #21
2020-10-28 16:16:46.296 | INFO     | server:train_subset_of_clients:46 - Updating parameters on client #22
2020-10-28 16:16:46.298 | INFO     | server:train_subset_of_clients:46 - Updating parameters on client #23
2020-10-28 16:16:46.299 | INFO     | server:train_subset_of_clients:46 - Updating parameters on client #24
2020-10-28 16:16:46.301 | INFO     | server:train_subset_of_clients:46 - Updating parameters on client #25
2020-10-28 16:16:46.303 | INFO     | server:train_subset_of_clients:46 - Updating parameters on client #26
2020-10-28 16:16:46.305 | INFO     | server:train_subset_of_clients:46 - Updating parameters on client #27
2020-10-28 16:16:46.306 | INFO     | server:train_subset_of_clients:46 - Updating parameters on client #28
2020-10-28 16:16:46.308 | INFO     | server:train_subset_of_clients:46 - Updating parameters on client #29
2020-10-28 16:16:46.310 | INFO     | server:train_subset_of_clients:46 - Updating parameters on client #30
2020-10-28 16:16:46.311 | INFO     | server:train_subset_of_clients:46 - Updating parameters on client #31
2020-10-28 16:16:46.313 | INFO     | server:train_subset_of_clients:46 - Updating parameters on client #32
2020-10-28 16:16:46.315 | INFO     | server:train_subset_of_clients:46 - Updating parameters on client #33
2020-10-28 16:16:46.317 | INFO     | server:train_subset_of_clients:46 - Updating parameters on client #34
2020-10-28 16:16:46.319 | INFO     | server:train_subset_of_clients:46 - Updating parameters on client #35
2020-10-28 16:16:46.320 | INFO     | server:train_subset_of_clients:46 - Updating parameters on client #36
2020-10-28 16:16:46.322 | INFO     | server:train_subset_of_clients:46 - Updating parameters on client #37
2020-10-28 16:16:46.324 | INFO     | server:train_subset_of_clients:46 - Updating parameters on client #38
2020-10-28 16:16:46.325 | INFO     | server:train_subset_of_clients:46 - Updating parameters on client #39
2020-10-28 16:16:46.327 | INFO     | server:train_subset_of_clients:46 - Updating parameters on client #40
2020-10-28 16:16:46.329 | INFO     | server:train_subset_of_clients:46 - Updating parameters on client #41
2020-10-28 16:16:46.330 | INFO     | server:train_subset_of_clients:46 - Updating parameters on client #42
2020-10-28 16:16:46.332 | INFO     | server:train_subset_of_clients:46 - Updating parameters on client #43
2020-10-28 16:16:46.334 | INFO     | server:train_subset_of_clients:46 - Updating parameters on client #44
2020-10-28 16:16:46.336 | INFO     | server:train_subset_of_clients:46 - Updating parameters on client #45
2020-10-28 16:16:46.337 | INFO     | server:train_subset_of_clients:46 - Updating parameters on client #46
2020-10-28 16:16:46.339 | INFO     | server:train_subset_of_clients:46 - Updating parameters on client #47
2020-10-28 16:16:46.341 | INFO     | server:train_subset_of_clients:46 - Updating parameters on client #48
2020-10-28 16:16:46.343 | INFO     | server:train_subset_of_clients:46 - Updating parameters on client #49
2020-10-28 16:16:50.846 | DEBUG    | client:test:203 - Test set: Accuracy: 7326/10000 (73%)
2020-10-28 16:16:50.847 | DEBUG    | client:test:204 - Test set: Loss: 7.009403228759766
2020-10-28 16:16:50.881 | DEBUG    | client:test:205 - Classification Report:
              precision    recall  f1-score   support

           0       0.75      0.79      0.77      1000
           1       0.00      0.00      0.00      1000
           2       0.72      0.76      0.74      1000
           3       0.77      0.87      0.82      1000
           4       0.69      0.77      0.73      1000
           5       0.91      0.94      0.93      1000
           6       0.62      0.40      0.48      1000
           7       0.91      0.90      0.90      1000
           8       0.90      0.96      0.93      1000
           9       0.49      0.94      0.64      1000

    accuracy                           0.73     10000
   macro avg       0.68      0.73      0.69     10000
weighted avg       0.68      0.73      0.69     10000

2020-10-28 16:16:50.883 | DEBUG    | client:test:206 - Confusion Matrix:
[[794   0  25  75   5   9  68   0  24   0]
 [  2   0  10  71   7   1   2   0   3 904]
 [ 18   0 755  10 144   4  53   0  16   0]
 [ 29   0  12 870  29   5  47   0   4   4]
 [  1   0  97  45 769   3  72   0  12   1]
 [  0   0   0   3   0 944   0  33   3  17]
 [210   0 137  40 162   9 398   0  43   1]
 [  0   0   0   0   0  51   0 895   1  53]
 [  0   0   7  13   3   8   2   4 960   3]
 [  0   0   0   0   0   5   0  53   1 941]]
2020-10-28 16:16:50.885 | DEBUG    | client:test:207 - Class precision: [0.75332068        nan 0.72387344 0.77196096 0.68722073 0.90856593
 0.61993769 0.90862944 0.89971884 0.48908524]
2020-10-28 16:16:50.886 | DEBUG    | client:test:208 - Class recall: [0.794 0.    0.755 0.87  0.769 0.944 0.398 0.895 0.96  0.941]
2020-10-28 16:16:50.888 | INFO     | server:train_subset_of_clients:38 - Training epoch #3 on client #21
2020-10-28 16:16:50.920 | INFO     | client:train:139 - [3,     0] loss: 0.005
2020-10-28 16:16:53.357 | INFO     | client:train:139 - [3,   100] loss: 0.634
2020-10-28 16:16:53.838 | INFO     | server:train_subset_of_clients:38 - Training epoch #3 on client #41
2020-10-28 16:16:53.862 | INFO     | client:train:139 - [3,     0] loss: 0.007
2020-10-28 16:16:56.039 | INFO     | client:train:139 - [3,   100] loss: 0.674
2020-10-28 16:16:56.442 | INFO     | server:train_subset_of_clients:38 - Training epoch #3 on client #34
2020-10-28 16:16:56.464 | INFO     | client:train:139 - [3,     0] loss: 0.004
2020-10-28 16:16:58.677 | INFO     | client:train:139 - [3,   100] loss: 0.658
2020-10-28 16:16:59.073 | INFO     | server:train_subset_of_clients:38 - Training epoch #3 on client #29
2020-10-28 16:16:59.095 | INFO     | client:train:139 - [3,     0] loss: 0.003
2020-10-28 16:17:01.226 | INFO     | client:train:139 - [3,   100] loss: 0.584
2020-10-28 16:17:01.653 | INFO     | server:train_subset_of_clients:38 - Training epoch #3 on client #32
2020-10-28 16:17:01.673 | INFO     | client:train:139 - [3,     0] loss: 0.004
2020-10-28 16:17:03.862 | INFO     | client:train:139 - [3,   100] loss: 0.691
2020-10-28 16:17:04.273 | INFO     | server:train_subset_of_clients:41 - Averaging client parameters
2020-10-28 16:17:04.276 | INFO     | server:train_subset_of_clients:46 - Updating parameters on client #0
2020-10-28 16:17:04.278 | INFO     | server:train_subset_of_clients:46 - Updating parameters on client #1
2020-10-28 16:17:04.279 | INFO     | server:train_subset_of_clients:46 - Updating parameters on client #2
2020-10-28 16:17:04.281 | INFO     | server:train_subset_of_clients:46 - Updating parameters on client #3
2020-10-28 16:17:04.283 | INFO     | server:train_subset_of_clients:46 - Updating parameters on client #4
2020-10-28 16:17:04.284 | INFO     | server:train_subset_of_clients:46 - Updating parameters on client #5
2020-10-28 16:17:04.286 | INFO     | server:train_subset_of_clients:46 - Updating parameters on client #6
2020-10-28 16:17:04.288 | INFO     | server:train_subset_of_clients:46 - Updating parameters on client #7
2020-10-28 16:17:04.291 | INFO     | server:train_subset_of_clients:46 - Updating parameters on client #8
2020-10-28 16:17:04.293 | INFO     | server:train_subset_of_clients:46 - Updating parameters on client #9
2020-10-28 16:17:04.295 | INFO     | server:train_subset_of_clients:46 - Updating parameters on client #10
2020-10-28 16:17:04.297 | INFO     | server:train_subset_of_clients:46 - Updating parameters on client #11
2020-10-28 16:17:04.298 | INFO     | server:train_subset_of_clients:46 - Updating parameters on client #12
2020-10-28 16:17:04.300 | INFO     | server:train_subset_of_clients:46 - Updating parameters on client #13
2020-10-28 16:17:04.302 | INFO     | server:train_subset_of_clients:46 - Updating parameters on client #14
2020-10-28 16:17:04.304 | INFO     | server:train_subset_of_clients:46 - Updating parameters on client #15
2020-10-28 16:17:04.305 | INFO     | server:train_subset_of_clients:46 - Updating parameters on client #16
2020-10-28 16:17:04.307 | INFO     | server:train_subset_of_clients:46 - Updating parameters on client #17
2020-10-28 16:17:04.309 | INFO     | server:train_subset_of_clients:46 - Updating parameters on client #18
2020-10-28 16:17:04.310 | INFO     | server:train_subset_of_clients:46 - Updating parameters on client #19
2020-10-28 16:17:04.312 | INFO     | server:train_subset_of_clients:46 - Updating parameters on client #20
2020-10-28 16:17:04.314 | INFO     | server:train_subset_of_clients:46 - Updating parameters on client #21
2020-10-28 16:17:04.316 | INFO     | server:train_subset_of_clients:46 - Updating parameters on client #22
2020-10-28 16:17:04.317 | INFO     | server:train_subset_of_clients:46 - Updating parameters on client #23
2020-10-28 16:17:04.319 | INFO     | server:train_subset_of_clients:46 - Updating parameters on client #24
2020-10-28 16:17:04.321 | INFO     | server:train_subset_of_clients:46 - Updating parameters on client #25
2020-10-28 16:17:04.323 | INFO     | server:train_subset_of_clients:46 - Updating parameters on client #26
2020-10-28 16:17:04.324 | INFO     | server:train_subset_of_clients:46 - Updating parameters on client #27
2020-10-28 16:17:04.326 | INFO     | server:train_subset_of_clients:46 - Updating parameters on client #28
2020-10-28 16:17:04.328 | INFO     | server:train_subset_of_clients:46 - Updating parameters on client #29
2020-10-28 16:17:04.329 | INFO     | server:train_subset_of_clients:46 - Updating parameters on client #30
2020-10-28 16:17:04.331 | INFO     | server:train_subset_of_clients:46 - Updating parameters on client #31
2020-10-28 16:17:04.333 | INFO     | server:train_subset_of_clients:46 - Updating parameters on client #32
2020-10-28 16:17:04.335 | INFO     | server:train_subset_of_clients:46 - Updating parameters on client #33
2020-10-28 16:17:04.336 | INFO     | server:train_subset_of_clients:46 - Updating parameters on client #34
2020-10-28 16:17:04.338 | INFO     | server:train_subset_of_clients:46 - Updating parameters on client #35
2020-10-28 16:17:04.340 | INFO     | server:train_subset_of_clients:46 - Updating parameters on client #36
2020-10-28 16:17:04.342 | INFO     | server:train_subset_of_clients:46 - Updating parameters on client #37
2020-10-28 16:17:04.345 | INFO     | server:train_subset_of_clients:46 - Updating parameters on client #38
2020-10-28 16:17:04.347 | INFO     | server:train_subset_of_clients:46 - Updating parameters on client #39
2020-10-28 16:17:04.350 | INFO     | server:train_subset_of_clients:46 - Updating parameters on client #40
2020-10-28 16:17:04.351 | INFO     | server:train_subset_of_clients:46 - Updating parameters on client #41
2020-10-28 16:17:04.353 | INFO     | server:train_subset_of_clients:46 - Updating parameters on client #42
2020-10-28 16:17:04.355 | INFO     | server:train_subset_of_clients:46 - Updating parameters on client #43
2020-10-28 16:17:04.356 | INFO     | server:train_subset_of_clients:46 - Updating parameters on client #44
2020-10-28 16:17:04.358 | INFO     | server:train_subset_of_clients:46 - Updating parameters on client #45
2020-10-28 16:17:04.360 | INFO     | server:train_subset_of_clients:46 - Updating parameters on client #46
2020-10-28 16:17:04.361 | INFO     | server:train_subset_of_clients:46 - Updating parameters on client #47
2020-10-28 16:17:04.363 | INFO     | server:train_subset_of_clients:46 - Updating parameters on client #48
2020-10-28 16:17:04.365 | INFO     | server:train_subset_of_clients:46 - Updating parameters on client #49
2020-10-28 16:17:08.637 | DEBUG    | client:test:203 - Test set: Accuracy: 7734/10000 (77%)
2020-10-28 16:17:08.638 | DEBUG    | client:test:204 - Test set: Loss: 5.785869836807251
2020-10-28 16:17:08.674 | DEBUG    | client:test:205 - Classification Report:
              precision    recall  f1-score   support

           0       0.75      0.83      0.79      1000
           1       1.00      0.50      0.67      1000
           2       0.62      0.85      0.72      1000
           3       0.79      0.88      0.83      1000
           4       0.86      0.41      0.56      1000
           5       0.94      0.93      0.94      1000
           6       0.53      0.56      0.55      1000
           7       0.94      0.86      0.90      1000
           8       0.96      0.93      0.95      1000
           9       0.64      0.98      0.78      1000

    accuracy                           0.77     10000
   macro avg       0.81      0.77      0.77     10000
weighted avg       0.81      0.77      0.77     10000

2020-10-28 16:17:08.675 | DEBUG    | client:test:206 - Confusion Matrix:
[[831   0  30  51   1   8  70   0   9   0]
 [ 10 503  18  71   2   0   6   0   2 388]
 [ 12   0 849   9  29   3  94   0   4   0]
 [ 32   0  16 877   9   1  63   0   1   1]
 [  0   0 293  53 411   1 239   0   2   1]
 [  0   0   0   2   0 932   1  32   2  31]
 [216   0 148  28  24   4 565   0  14   1]
 [  0   0   0   0   0  29   0 856   1 114]
 [  1   0  15  13   1   7  20   4 934   5]
 [  0   0   0   0   0   2   1  20   1 976]]
2020-10-28 16:17:08.676 | DEBUG    | client:test:207 - Class precision: [0.75408348 1.         0.6201607  0.79438406 0.86163522 0.94427558
 0.53352219 0.93859649 0.9628866  0.64337508]
2020-10-28 16:17:08.677 | DEBUG    | client:test:208 - Class recall: [0.831 0.503 0.849 0.877 0.411 0.932 0.565 0.856 0.934 0.976]
2020-10-28 16:17:08.680 | INFO     | server:train_subset_of_clients:38 - Training epoch #4 on client #12
2020-10-28 16:17:08.714 | INFO     | client:train:139 - [4,     0] loss: 0.006
2020-10-28 16:17:10.881 | INFO     | client:train:139 - [4,   100] loss: 0.555
2020-10-28 16:17:11.273 | INFO     | server:train_subset_of_clients:38 - Training epoch #4 on client #22
2020-10-28 16:17:11.295 | INFO     | client:train:139 - [4,     0] loss: 0.006
2020-10-28 16:17:13.411 | INFO     | client:train:139 - [4,   100] loss: 0.534
2020-10-28 16:17:13.818 | INFO     | server:train_subset_of_clients:38 - Training epoch #4 on client #9
2020-10-28 16:17:13.838 | INFO     | client:train:139 - [4,     0] loss: 0.003
2020-10-28 16:17:16.021 | INFO     | client:train:139 - [4,   100] loss: 0.587
2020-10-28 16:17:16.441 | INFO     | server:train_subset_of_clients:38 - Training epoch #4 on client #49
2020-10-28 16:17:16.462 | INFO     | client:train:139 - [4,     0] loss: 0.002
2020-10-28 16:17:18.610 | INFO     | client:train:139 - [4,   100] loss: 0.571
2020-10-28 16:17:19.028 | INFO     | server:train_subset_of_clients:38 - Training epoch #4 on client #5
2020-10-28 16:17:19.055 | INFO     | client:train:139 - [4,     0] loss: 0.005
2020-10-28 16:17:21.204 | INFO     | client:train:139 - [4,   100] loss: 0.552
2020-10-28 16:17:21.968 | INFO     | server:train_subset_of_clients:41 - Averaging client parameters
2020-10-28 16:17:21.971 | INFO     | server:train_subset_of_clients:46 - Updating parameters on client #0
2020-10-28 16:17:21.973 | INFO     | server:train_subset_of_clients:46 - Updating parameters on client #1
2020-10-28 16:17:21.975 | INFO     | server:train_subset_of_clients:46 - Updating parameters on client #2
2020-10-28 16:17:21.977 | INFO     | server:train_subset_of_clients:46 - Updating parameters on client #3
2020-10-28 16:17:21.979 | INFO     | server:train_subset_of_clients:46 - Updating parameters on client #4
2020-10-28 16:17:21.982 | INFO     | server:train_subset_of_clients:46 - Updating parameters on client #5
2020-10-28 16:17:21.984 | INFO     | server:train_subset_of_clients:46 - Updating parameters on client #6
2020-10-28 16:17:21.986 | INFO     | server:train_subset_of_clients:46 - Updating parameters on client #7
2020-10-28 16:17:21.988 | INFO     | server:train_subset_of_clients:46 - Updating parameters on client #8
2020-10-28 16:17:21.990 | INFO     | server:train_subset_of_clients:46 - Updating parameters on client #9
2020-10-28 16:17:21.993 | INFO     | server:train_subset_of_clients:46 - Updating parameters on client #10
2020-10-28 16:17:21.995 | INFO     | server:train_subset_of_clients:46 - Updating parameters on client #11
2020-10-28 16:17:21.997 | INFO     | server:train_subset_of_clients:46 - Updating parameters on client #12
2020-10-28 16:17:21.999 | INFO     | server:train_subset_of_clients:46 - Updating parameters on client #13
2020-10-28 16:17:22.001 | INFO     | server:train_subset_of_clients:46 - Updating parameters on client #14
2020-10-28 16:17:22.003 | INFO     | server:train_subset_of_clients:46 - Updating parameters on client #15
2020-10-28 16:17:22.005 | INFO     | server:train_subset_of_clients:46 - Updating parameters on client #16
2020-10-28 16:17:22.006 | INFO     | server:train_subset_of_clients:46 - Updating parameters on client #17
2020-10-28 16:17:22.009 | INFO     | server:train_subset_of_clients:46 - Updating parameters on client #18
2020-10-28 16:17:22.010 | INFO     | server:train_subset_of_clients:46 - Updating parameters on client #19
2020-10-28 16:17:22.012 | INFO     | server:train_subset_of_clients:46 - Updating parameters on client #20
2020-10-28 16:17:22.014 | INFO     | server:train_subset_of_clients:46 - Updating parameters on client #21
2020-10-28 16:17:22.017 | INFO     | server:train_subset_of_clients:46 - Updating parameters on client #22
2020-10-28 16:17:22.019 | INFO     | server:train_subset_of_clients:46 - Updating parameters on client #23
2020-10-28 16:17:22.022 | INFO     | server:train_subset_of_clients:46 - Updating parameters on client #24
2020-10-28 16:17:22.024 | INFO     | server:train_subset_of_clients:46 - Updating parameters on client #25
2020-10-28 16:17:22.028 | INFO     | server:train_subset_of_clients:46 - Updating parameters on client #26
2020-10-28 16:17:22.077 | INFO     | server:train_subset_of_clients:46 - Updating parameters on client #27
2020-10-28 16:17:22.081 | INFO     | server:train_subset_of_clients:46 - Updating parameters on client #28
2020-10-28 16:17:22.084 | INFO     | server:train_subset_of_clients:46 - Updating parameters on client #29
2020-10-28 16:17:22.088 | INFO     | server:train_subset_of_clients:46 - Updating parameters on client #30
2020-10-28 16:17:22.092 | INFO     | server:train_subset_of_clients:46 - Updating parameters on client #31
2020-10-28 16:17:22.146 | INFO     | server:train_subset_of_clients:46 - Updating parameters on client #32
2020-10-28 16:17:22.150 | INFO     | server:train_subset_of_clients:46 - Updating parameters on client #33
2020-10-28 16:17:22.155 | INFO     | server:train_subset_of_clients:46 - Updating parameters on client #34
2020-10-28 16:17:22.158 | INFO     | server:train_subset_of_clients:46 - Updating parameters on client #35
2020-10-28 16:17:22.161 | INFO     | server:train_subset_of_clients:46 - Updating parameters on client #36
2020-10-28 16:17:22.164 | INFO     | server:train_subset_of_clients:46 - Updating parameters on client #37
2020-10-28 16:17:22.168 | INFO     | server:train_subset_of_clients:46 - Updating parameters on client #38
2020-10-28 16:17:22.171 | INFO     | server:train_subset_of_clients:46 - Updating parameters on client #39
2020-10-28 16:17:22.174 | INFO     | server:train_subset_of_clients:46 - Updating parameters on client #40
2020-10-28 16:17:22.180 | INFO     | server:train_subset_of_clients:46 - Updating parameters on client #41
2020-10-28 16:17:22.186 | INFO     | server:train_subset_of_clients:46 - Updating parameters on client #42
2020-10-28 16:17:22.188 | INFO     | server:train_subset_of_clients:46 - Updating parameters on client #43
2020-10-28 16:17:22.192 | INFO     | server:train_subset_of_clients:46 - Updating parameters on client #44
2020-10-28 16:17:22.196 | INFO     | server:train_subset_of_clients:46 - Updating parameters on client #45
2020-10-28 16:17:22.203 | INFO     | server:train_subset_of_clients:46 - Updating parameters on client #46
2020-10-28 16:17:22.213 | INFO     | server:train_subset_of_clients:46 - Updating parameters on client #47
2020-10-28 16:17:22.218 | INFO     | server:train_subset_of_clients:46 - Updating parameters on client #48
2020-10-28 16:17:22.222 | INFO     | server:train_subset_of_clients:46 - Updating parameters on client #49
2020-10-28 16:17:26.935 | DEBUG    | client:test:203 - Test set: Accuracy: 7499/10000 (75%)
2020-10-28 16:17:26.936 | DEBUG    | client:test:204 - Test set: Loss: 6.105452835559845
2020-10-28 16:17:26.968 | DEBUG    | client:test:205 - Classification Report:
              precision    recall  f1-score   support

           0       0.82      0.76      0.79      1000
           1       1.00      0.01      0.01      1000
           2       0.78      0.73      0.75      1000
           3       0.73      0.91      0.81      1000
           4       0.70      0.83      0.76      1000
           5       0.96      0.91      0.94      1000
           6       0.65      0.52      0.58      1000
           7       0.87      0.96      0.91      1000
           8       0.95      0.95      0.95      1000
           9       0.50      0.92      0.65      1000

    accuracy                           0.75     10000
   macro avg       0.80      0.75      0.71     10000
weighted avg       0.80      0.75      0.71     10000

2020-10-28 16:17:26.969 | DEBUG    | client:test:206 - Confusion Matrix:
[[760   0  22  99  10   7  86   0  16   0]
 [  0   5   8  99   5   0   7   0   2 874]
 [  8   0 730  15 167   2  72   0   6   0]
 [  7   0   6 914  31   0  40   0   2   0]
 [  1   0  63  47 826   1  59   0   2   1]
 [  0   0   0   4   0 909   0  67   2  18]
 [148   0 106  66 137   4 519   0  20   0]
 [  0   0   0   0   0  12   0 965   1  22]
 [  0   0   5  16   4   5  12   5 952   1]
 [  0   0   0   0   0   3   1  76   1 919]]
2020-10-28 16:17:26.971 | DEBUG    | client:test:207 - Class precision: [0.82251082 1.         0.77659574 0.72539683 0.7        0.96394486
 0.65201005 0.86702606 0.94820717 0.50081744]
2020-10-28 16:17:26.972 | DEBUG    | client:test:208 - Class recall: [0.76  0.005 0.73  0.914 0.826 0.909 0.519 0.965 0.952 0.919]
2020-10-28 16:17:26.974 | INFO     | server:train_subset_of_clients:38 - Training epoch #5 on client #33
2020-10-28 16:17:27.005 | INFO     | client:train:139 - [5,     0] loss: 0.007
2020-10-28 16:17:29.261 | INFO     | client:train:139 - [5,   100] loss: 0.492
2020-10-28 16:17:29.705 | INFO     | server:train_subset_of_clients:38 - Training epoch #5 on client #35
2020-10-28 16:17:29.726 | INFO     | client:train:139 - [5,     0] loss: 0.008
2020-10-28 16:17:31.755 | INFO     | client:train:139 - [5,   100] loss: 0.558
2020-10-28 16:17:32.127 | INFO     | server:train_subset_of_clients:38 - Training epoch #5 on client #46
2020-10-28 16:17:32.148 | INFO     | client:train:139 - [5,     0] loss: 0.002
2020-10-28 16:17:34.110 | INFO     | client:train:139 - [5,   100] loss: 0.493
2020-10-28 16:17:34.486 | INFO     | server:train_subset_of_clients:38 - Training epoch #5 on client #12
2020-10-28 16:17:34.506 | INFO     | client:train:139 - [5,     0] loss: 0.005
2020-10-28 16:17:36.536 | INFO     | client:train:139 - [5,   100] loss: 0.477
2020-10-28 16:17:36.911 | INFO     | server:train_subset_of_clients:38 - Training epoch #5 on client #19
2020-10-28 16:17:36.931 | INFO     | client:train:139 - [5,     0] loss: 0.008
2020-10-28 16:17:38.915 | INFO     | client:train:139 - [5,   100] loss: 0.578
2020-10-28 16:17:39.293 | INFO     | server:train_subset_of_clients:41 - Averaging client parameters
2020-10-28 16:17:39.296 | INFO     | server:train_subset_of_clients:46 - Updating parameters on client #0
2020-10-28 16:17:39.297 | INFO     | server:train_subset_of_clients:46 - Updating parameters on client #1
2020-10-28 16:17:39.299 | INFO     | server:train_subset_of_clients:46 - Updating parameters on client #2
2020-10-28 16:17:39.301 | INFO     | server:train_subset_of_clients:46 - Updating parameters on client #3
2020-10-28 16:17:39.302 | INFO     | server:train_subset_of_clients:46 - Updating parameters on client #4
2020-10-28 16:17:39.304 | INFO     | server:train_subset_of_clients:46 - Updating parameters on client #5
2020-10-28 16:17:39.306 | INFO     | server:train_subset_of_clients:46 - Updating parameters on client #6
2020-10-28 16:17:39.308 | INFO     | server:train_subset_of_clients:46 - Updating parameters on client #7
2020-10-28 16:17:39.309 | INFO     | server:train_subset_of_clients:46 - Updating parameters on client #8
2020-10-28 16:17:39.311 | INFO     | server:train_subset_of_clients:46 - Updating parameters on client #9
2020-10-28 16:17:39.313 | INFO     | server:train_subset_of_clients:46 - Updating parameters on client #10
2020-10-28 16:17:39.314 | INFO     | server:train_subset_of_clients:46 - Updating parameters on client #11
2020-10-28 16:17:39.316 | INFO     | server:train_subset_of_clients:46 - Updating parameters on client #12
2020-10-28 16:17:39.317 | INFO     | server:train_subset_of_clients:46 - Updating parameters on client #13
2020-10-28 16:17:39.319 | INFO     | server:train_subset_of_clients:46 - Updating parameters on client #14
2020-10-28 16:17:39.321 | INFO     | server:train_subset_of_clients:46 - Updating parameters on client #15
2020-10-28 16:17:39.323 | INFO     | server:train_subset_of_clients:46 - Updating parameters on client #16
2020-10-28 16:17:39.324 | INFO     | server:train_subset_of_clients:46 - Updating parameters on client #17
2020-10-28 16:17:39.326 | INFO     | server:train_subset_of_clients:46 - Updating parameters on client #18
2020-10-28 16:17:39.327 | INFO     | server:train_subset_of_clients:46 - Updating parameters on client #19
2020-10-28 16:17:39.329 | INFO     | server:train_subset_of_clients:46 - Updating parameters on client #20
2020-10-28 16:17:39.331 | INFO     | server:train_subset_of_clients:46 - Updating parameters on client #21
2020-10-28 16:17:39.332 | INFO     | server:train_subset_of_clients:46 - Updating parameters on client #22
2020-10-28 16:17:39.334 | INFO     | server:train_subset_of_clients:46 - Updating parameters on client #23
2020-10-28 16:17:39.336 | INFO     | server:train_subset_of_clients:46 - Updating parameters on client #24
2020-10-28 16:17:39.337 | INFO     | server:train_subset_of_clients:46 - Updating parameters on client #25
2020-10-28 16:17:39.339 | INFO     | server:train_subset_of_clients:46 - Updating parameters on client #26
2020-10-28 16:17:39.341 | INFO     | server:train_subset_of_clients:46 - Updating parameters on client #27
2020-10-28 16:17:39.342 | INFO     | server:train_subset_of_clients:46 - Updating parameters on client #28
2020-10-28 16:17:39.344 | INFO     | server:train_subset_of_clients:46 - Updating parameters on client #29
2020-10-28 16:17:39.346 | INFO     | server:train_subset_of_clients:46 - Updating parameters on client #30
2020-10-28 16:17:39.347 | INFO     | server:train_subset_of_clients:46 - Updating parameters on client #31
2020-10-28 16:17:39.349 | INFO     | server:train_subset_of_clients:46 - Updating parameters on client #32
2020-10-28 16:17:39.351 | INFO     | server:train_subset_of_clients:46 - Updating parameters on client #33
2020-10-28 16:17:39.352 | INFO     | server:train_subset_of_clients:46 - Updating parameters on client #34
2020-10-28 16:17:39.354 | INFO     | server:train_subset_of_clients:46 - Updating parameters on client #35
2020-10-28 16:17:39.356 | INFO     | server:train_subset_of_clients:46 - Updating parameters on client #36
2020-10-28 16:17:39.358 | INFO     | server:train_subset_of_clients:46 - Updating parameters on client #37
2020-10-28 16:17:39.359 | INFO     | server:train_subset_of_clients:46 - Updating parameters on client #38
2020-10-28 16:17:39.361 | INFO     | server:train_subset_of_clients:46 - Updating parameters on client #39
2020-10-28 16:17:39.363 | INFO     | server:train_subset_of_clients:46 - Updating parameters on client #40
2020-10-28 16:17:39.364 | INFO     | server:train_subset_of_clients:46 - Updating parameters on client #41
2020-10-28 16:17:39.366 | INFO     | server:train_subset_of_clients:46 - Updating parameters on client #42
2020-10-28 16:17:39.368 | INFO     | server:train_subset_of_clients:46 - Updating parameters on client #43
2020-10-28 16:17:39.369 | INFO     | server:train_subset_of_clients:46 - Updating parameters on client #44
2020-10-28 16:17:39.371 | INFO     | server:train_subset_of_clients:46 - Updating parameters on client #45
2020-10-28 16:17:39.373 | INFO     | server:train_subset_of_clients:46 - Updating parameters on client #46
2020-10-28 16:17:39.375 | INFO     | server:train_subset_of_clients:46 - Updating parameters on client #47
2020-10-28 16:17:39.376 | INFO     | server:train_subset_of_clients:46 - Updating parameters on client #48
2020-10-28 16:17:39.378 | INFO     | server:train_subset_of_clients:46 - Updating parameters on client #49
2020-10-28 16:17:43.314 | DEBUG    | client:test:203 - Test set: Accuracy: 8489/10000 (85%)
2020-10-28 16:17:43.315 | DEBUG    | client:test:204 - Test set: Loss: 4.220016807317734
2020-10-28 16:17:43.348 | DEBUG    | client:test:205 - Classification Report:
              precision    recall  f1-score   support

           0       0.78      0.85      0.81      1000
           1       1.00      0.92      0.95      1000
           2       0.78      0.76      0.77      1000
           3       0.80      0.89      0.85      1000
           4       0.77      0.73      0.75      1000
           5       0.96      0.94      0.95      1000
           6       0.60      0.58      0.59      1000
           7       0.93      0.91      0.92      1000
           8       0.96      0.95      0.95      1000
           9       0.92      0.96      0.94      1000

    accuracy                           0.85     10000
   macro avg       0.85      0.85      0.85     10000
weighted avg       0.85      0.85      0.85     10000

2020-10-28 16:17:43.349 | DEBUG    | client:test:206 - Confusion Matrix:
[[849   0  14  53   5   5  65   0   9   0]
 [  2 915   9  58   5   0   8   0   2   1]
 [ 16   0 756  13 101   1 108   0   5   0]
 [ 23   1   6 894  28   0  47   0   1   0]
 [  1   0  89  41 733   0 133   0   2   1]
 [  1   0   0   5   0 939   0  34   2  19]
 [194   0  96  37  76   1 581   0  15   0]
 [  0   0   0   0   0  31   0 912   1  56]
 [  3   1   2  13   1   3  23   4 948   2]
 [  0   0   0   0   0   3   1  33   1 962]]
2020-10-28 16:17:43.351 | DEBUG    | client:test:207 - Class precision: [0.77961433 0.99781897 0.77777778 0.80251346 0.77239199 0.95523906
 0.60144928 0.92777213 0.96146045 0.92411143]
2020-10-28 16:17:43.351 | DEBUG    | client:test:208 - Class recall: [0.849 0.915 0.756 0.894 0.733 0.939 0.581 0.912 0.948 0.962]
2020-10-28 16:17:43.354 | INFO     | server:train_subset_of_clients:38 - Training epoch #6 on client #11
2020-10-28 16:17:43.384 | INFO     | client:train:139 - [6,     0] loss: 0.003
2020-10-28 16:17:45.390 | INFO     | client:train:139 - [6,   100] loss: 0.504
2020-10-28 16:17:45.768 | INFO     | server:train_subset_of_clients:38 - Training epoch #6 on client #0
2020-10-28 16:17:45.789 | INFO     | client:train:139 - [6,     0] loss: 0.004
2020-10-28 16:17:47.761 | INFO     | client:train:139 - [6,   100] loss: 0.513
2020-10-28 16:17:48.135 | INFO     | server:train_subset_of_clients:38 - Training epoch #6 on client #15
2020-10-28 16:17:48.155 | INFO     | client:train:139 - [6,     0] loss: 0.001
2020-10-28 16:17:50.123 | INFO     | client:train:139 - [6,   100] loss: 0.421
2020-10-28 16:17:50.499 | INFO     | server:train_subset_of_clients:38 - Training epoch #6 on client #18
2020-10-28 16:17:50.519 | INFO     | client:train:139 - [6,     0] loss: 0.005
2020-10-28 16:17:52.483 | INFO     | client:train:139 - [6,   100] loss: 0.489
2020-10-28 16:17:52.852 | INFO     | server:train_subset_of_clients:38 - Training epoch #6 on client #24
2020-10-28 16:17:52.873 | INFO     | client:train:139 - [6,     0] loss: 0.014
2020-10-28 16:17:54.831 | INFO     | client:train:139 - [6,   100] loss: 0.431
2020-10-28 16:17:55.206 | INFO     | server:train_subset_of_clients:41 - Averaging client parameters
2020-10-28 16:17:55.209 | INFO     | server:train_subset_of_clients:46 - Updating parameters on client #0
2020-10-28 16:17:55.211 | INFO     | server:train_subset_of_clients:46 - Updating parameters on client #1
2020-10-28 16:17:55.212 | INFO     | server:train_subset_of_clients:46 - Updating parameters on client #2
2020-10-28 16:17:55.214 | INFO     | server:train_subset_of_clients:46 - Updating parameters on client #3
2020-10-28 16:17:55.215 | INFO     | server:train_subset_of_clients:46 - Updating parameters on client #4
2020-10-28 16:17:55.217 | INFO     | server:train_subset_of_clients:46 - Updating parameters on client #5
2020-10-28 16:17:55.219 | INFO     | server:train_subset_of_clients:46 - Updating parameters on client #6
2020-10-28 16:17:55.220 | INFO     | server:train_subset_of_clients:46 - Updating parameters on client #7
2020-10-28 16:17:55.222 | INFO     | server:train_subset_of_clients:46 - Updating parameters on client #8
2020-10-28 16:17:55.224 | INFO     | server:train_subset_of_clients:46 - Updating parameters on client #9
2020-10-28 16:17:55.225 | INFO     | server:train_subset_of_clients:46 - Updating parameters on client #10
2020-10-28 16:17:55.227 | INFO     | server:train_subset_of_clients:46 - Updating parameters on client #11
2020-10-28 16:17:55.229 | INFO     | server:train_subset_of_clients:46 - Updating parameters on client #12
2020-10-28 16:17:55.231 | INFO     | server:train_subset_of_clients:46 - Updating parameters on client #13
2020-10-28 16:17:55.232 | INFO     | server:train_subset_of_clients:46 - Updating parameters on client #14
2020-10-28 16:17:55.234 | INFO     | server:train_subset_of_clients:46 - Updating parameters on client #15
2020-10-28 16:17:55.236 | INFO     | server:train_subset_of_clients:46 - Updating parameters on client #16
2020-10-28 16:17:55.237 | INFO     | server:train_subset_of_clients:46 - Updating parameters on client #17
2020-10-28 16:17:55.239 | INFO     | server:train_subset_of_clients:46 - Updating parameters on client #18
2020-10-28 16:17:55.240 | INFO     | server:train_subset_of_clients:46 - Updating parameters on client #19
2020-10-28 16:17:55.242 | INFO     | server:train_subset_of_clients:46 - Updating parameters on client #20
2020-10-28 16:17:55.244 | INFO     | server:train_subset_of_clients:46 - Updating parameters on client #21
2020-10-28 16:17:55.246 | INFO     | server:train_subset_of_clients:46 - Updating parameters on client #22
2020-10-28 16:17:55.248 | INFO     | server:train_subset_of_clients:46 - Updating parameters on client #23
2020-10-28 16:17:55.249 | INFO     | server:train_subset_of_clients:46 - Updating parameters on client #24
2020-10-28 16:17:55.251 | INFO     | server:train_subset_of_clients:46 - Updating parameters on client #25
2020-10-28 16:17:55.253 | INFO     | server:train_subset_of_clients:46 - Updating parameters on client #26
2020-10-28 16:17:55.254 | INFO     | server:train_subset_of_clients:46 - Updating parameters on client #27
2020-10-28 16:17:55.256 | INFO     | server:train_subset_of_clients:46 - Updating parameters on client #28
2020-10-28 16:17:55.258 | INFO     | server:train_subset_of_clients:46 - Updating parameters on client #29
2020-10-28 16:17:55.260 | INFO     | server:train_subset_of_clients:46 - Updating parameters on client #30
2020-10-28 16:17:55.262 | INFO     | server:train_subset_of_clients:46 - Updating parameters on client #31
2020-10-28 16:17:55.263 | INFO     | server:train_subset_of_clients:46 - Updating parameters on client #32
2020-10-28 16:17:55.265 | INFO     | server:train_subset_of_clients:46 - Updating parameters on client #33
2020-10-28 16:17:55.267 | INFO     | server:train_subset_of_clients:46 - Updating parameters on client #34
2020-10-28 16:17:55.268 | INFO     | server:train_subset_of_clients:46 - Updating parameters on client #35
2020-10-28 16:17:55.270 | INFO     | server:train_subset_of_clients:46 - Updating parameters on client #36
2020-10-28 16:17:55.272 | INFO     | server:train_subset_of_clients:46 - Updating parameters on client #37
2020-10-28 16:17:55.273 | INFO     | server:train_subset_of_clients:46 - Updating parameters on client #38
2020-10-28 16:17:55.275 | INFO     | server:train_subset_of_clients:46 - Updating parameters on client #39
2020-10-28 16:17:55.277 | INFO     | server:train_subset_of_clients:46 - Updating parameters on client #40
2020-10-28 16:17:55.278 | INFO     | server:train_subset_of_clients:46 - Updating parameters on client #41
2020-10-28 16:17:55.280 | INFO     | server:train_subset_of_clients:46 - Updating parameters on client #42
2020-10-28 16:17:55.282 | INFO     | server:train_subset_of_clients:46 - Updating parameters on client #43
2020-10-28 16:17:55.283 | INFO     | server:train_subset_of_clients:46 - Updating parameters on client #44
2020-10-28 16:17:55.285 | INFO     | server:train_subset_of_clients:46 - Updating parameters on client #45
2020-10-28 16:17:55.287 | INFO     | server:train_subset_of_clients:46 - Updating parameters on client #46
2020-10-28 16:17:55.288 | INFO     | server:train_subset_of_clients:46 - Updating parameters on client #47
2020-10-28 16:17:55.290 | INFO     | server:train_subset_of_clients:46 - Updating parameters on client #48
2020-10-28 16:17:55.292 | INFO     | server:train_subset_of_clients:46 - Updating parameters on client #49
2020-10-28 16:17:59.316 | DEBUG    | client:test:203 - Test set: Accuracy: 8148/10000 (81%)
2020-10-28 16:17:59.316 | DEBUG    | client:test:204 - Test set: Loss: 4.844724535942078
2020-10-28 16:17:59.348 | DEBUG    | client:test:205 - Classification Report:
              precision    recall  f1-score   support

           0       0.76      0.86      0.81      1000
           1       1.00      0.57      0.73      1000
           2       0.77      0.77      0.77      1000
           3       0.84      0.85      0.85      1000
           4       0.75      0.78      0.76      1000
           5       0.98      0.92      0.95      1000
           6       0.63      0.55      0.58      1000
           7       0.92      0.92      0.92      1000
           8       0.95      0.96      0.95      1000
           9       0.68      0.97      0.80      1000

    accuracy                           0.81     10000
   macro avg       0.83      0.81      0.81     10000
weighted avg       0.83      0.81      0.81     10000

2020-10-28 16:17:59.349 | DEBUG    | client:test:206 - Confusion Matrix:
[[864   0  18  30   7   5  63   0  13   0]
 [  2 570   6  59   5   0   9   0   2 347]
 [ 12   0 771   8 116   1  86   0   6   0]
 [ 40   0   4 854  45   1  51   0   3   2]
 [  2   0  87  28 776   1 103   0   2   1]
 [  0   0   0   2   0 917   1  50   2  28]
 [210   0 103  29  88   2 548   0  19   1]
 [  0   0   0   0   0  11   0 924   1  64]
 [  2   0   6   9   3   1  15   4 956   4]
 [  0   0   0   0   0   1   0  30   1 968]]
2020-10-28 16:17:59.350 | DEBUG    | client:test:207 - Class precision: [0.76325088 1.         0.77487437 0.83807655 0.74615385 0.97553191
 0.62557078 0.91666667 0.95124378 0.68409894]
2020-10-28 16:17:59.351 | DEBUG    | client:test:208 - Class recall: [0.864 0.57  0.771 0.854 0.776 0.917 0.548 0.924 0.956 0.968]
2020-10-28 16:17:59.354 | INFO     | server:train_subset_of_clients:38 - Training epoch #7 on client #47
2020-10-28 16:17:59.382 | INFO     | client:train:139 - [7,     0] loss: 0.003
2020-10-28 16:18:01.410 | INFO     | client:train:139 - [7,   100] loss: 0.466
2020-10-28 16:18:01.781 | INFO     | server:train_subset_of_clients:38 - Training epoch #7 on client #48
2020-10-28 16:18:01.801 | INFO     | client:train:139 - [7,     0] loss: 0.011
2020-10-28 16:18:03.776 | INFO     | client:train:139 - [7,   100] loss: 0.510
2020-10-28 16:18:04.148 | INFO     | server:train_subset_of_clients:38 - Training epoch #7 on client #28
2020-10-28 16:18:04.168 | INFO     | client:train:139 - [7,     0] loss: 0.007
2020-10-28 16:18:06.170 | INFO     | client:train:139 - [7,   100] loss: 0.494
2020-10-28 16:18:06.559 | INFO     | server:train_subset_of_clients:38 - Training epoch #7 on client #15
2020-10-28 16:18:06.580 | INFO     | client:train:139 - [7,     0] loss: 0.004
2020-10-28 16:18:08.581 | INFO     | client:train:139 - [7,   100] loss: 0.419
2020-10-28 16:18:08.958 | INFO     | server:train_subset_of_clients:38 - Training epoch #7 on client #23
2020-10-28 16:18:08.978 | INFO     | client:train:139 - [7,     0] loss: 0.001
2020-10-28 16:18:10.958 | INFO     | client:train:139 - [7,   100] loss: 0.483
2020-10-28 16:18:11.334 | INFO     | server:train_subset_of_clients:41 - Averaging client parameters
2020-10-28 16:18:11.336 | INFO     | server:train_subset_of_clients:46 - Updating parameters on client #0
2020-10-28 16:18:11.338 | INFO     | server:train_subset_of_clients:46 - Updating parameters on client #1
2020-10-28 16:18:11.340 | INFO     | server:train_subset_of_clients:46 - Updating parameters on client #2
2020-10-28 16:18:11.342 | INFO     | server:train_subset_of_clients:46 - Updating parameters on client #3
2020-10-28 16:18:11.343 | INFO     | server:train_subset_of_clients:46 - Updating parameters on client #4
2020-10-28 16:18:11.345 | INFO     | server:train_subset_of_clients:46 - Updating parameters on client #5
2020-10-28 16:18:11.346 | INFO     | server:train_subset_of_clients:46 - Updating parameters on client #6
2020-10-28 16:18:11.348 | INFO     | server:train_subset_of_clients:46 - Updating parameters on client #7
2020-10-28 16:18:11.350 | INFO     | server:train_subset_of_clients:46 - Updating parameters on client #8
2020-10-28 16:18:11.352 | INFO     | server:train_subset_of_clients:46 - Updating parameters on client #9
2020-10-28 16:18:11.354 | INFO     | server:train_subset_of_clients:46 - Updating parameters on client #10
2020-10-28 16:18:11.355 | INFO     | server:train_subset_of_clients:46 - Updating parameters on client #11
2020-10-28 16:18:11.357 | INFO     | server:train_subset_of_clients:46 - Updating parameters on client #12
2020-10-28 16:18:11.359 | INFO     | server:train_subset_of_clients:46 - Updating parameters on client #13
2020-10-28 16:18:11.361 | INFO     | server:train_subset_of_clients:46 - Updating parameters on client #14
2020-10-28 16:18:11.362 | INFO     | server:train_subset_of_clients:46 - Updating parameters on client #15
2020-10-28 16:18:11.364 | INFO     | server:train_subset_of_clients:46 - Updating parameters on client #16
2020-10-28 16:18:11.366 | INFO     | server:train_subset_of_clients:46 - Updating parameters on client #17
2020-10-28 16:18:11.368 | INFO     | server:train_subset_of_clients:46 - Updating parameters on client #18
2020-10-28 16:18:11.370 | INFO     | server:train_subset_of_clients:46 - Updating parameters on client #19
2020-10-28 16:18:11.371 | INFO     | server:train_subset_of_clients:46 - Updating parameters on client #20
2020-10-28 16:18:11.373 | INFO     | server:train_subset_of_clients:46 - Updating parameters on client #21
2020-10-28 16:18:11.375 | INFO     | server:train_subset_of_clients:46 - Updating parameters on client #22
2020-10-28 16:18:11.376 | INFO     | server:train_subset_of_clients:46 - Updating parameters on client #23
2020-10-28 16:18:11.378 | INFO     | server:train_subset_of_clients:46 - Updating parameters on client #24
2020-10-28 16:18:11.379 | INFO     | server:train_subset_of_clients:46 - Updating parameters on client #25
2020-10-28 16:18:11.381 | INFO     | server:train_subset_of_clients:46 - Updating parameters on client #26
2020-10-28 16:18:11.383 | INFO     | server:train_subset_of_clients:46 - Updating parameters on client #27
2020-10-28 16:18:11.385 | INFO     | server:train_subset_of_clients:46 - Updating parameters on client #28
2020-10-28 16:18:11.386 | INFO     | server:train_subset_of_clients:46 - Updating parameters on client #29
2020-10-28 16:18:11.388 | INFO     | server:train_subset_of_clients:46 - Updating parameters on client #30
2020-10-28 16:18:11.390 | INFO     | server:train_subset_of_clients:46 - Updating parameters on client #31
2020-10-28 16:18:11.392 | INFO     | server:train_subset_of_clients:46 - Updating parameters on client #32
2020-10-28 16:18:11.393 | INFO     | server:train_subset_of_clients:46 - Updating parameters on client #33
2020-10-28 16:18:11.395 | INFO     | server:train_subset_of_clients:46 - Updating parameters on client #34
2020-10-28 16:18:11.397 | INFO     | server:train_subset_of_clients:46 - Updating parameters on client #35
2020-10-28 16:18:11.398 | INFO     | server:train_subset_of_clients:46 - Updating parameters on client #36
2020-10-28 16:18:11.400 | INFO     | server:train_subset_of_clients:46 - Updating parameters on client #37
2020-10-28 16:18:11.402 | INFO     | server:train_subset_of_clients:46 - Updating parameters on client #38
2020-10-28 16:18:11.403 | INFO     | server:train_subset_of_clients:46 - Updating parameters on client #39
2020-10-28 16:18:11.405 | INFO     | server:train_subset_of_clients:46 - Updating parameters on client #40
2020-10-28 16:18:11.407 | INFO     | server:train_subset_of_clients:46 - Updating parameters on client #41
2020-10-28 16:18:11.409 | INFO     | server:train_subset_of_clients:46 - Updating parameters on client #42
2020-10-28 16:18:11.410 | INFO     | server:train_subset_of_clients:46 - Updating parameters on client #43
2020-10-28 16:18:11.412 | INFO     | server:train_subset_of_clients:46 - Updating parameters on client #44
2020-10-28 16:18:11.414 | INFO     | server:train_subset_of_clients:46 - Updating parameters on client #45
2020-10-28 16:18:11.415 | INFO     | server:train_subset_of_clients:46 - Updating parameters on client #46
2020-10-28 16:18:11.417 | INFO     | server:train_subset_of_clients:46 - Updating parameters on client #47
2020-10-28 16:18:11.419 | INFO     | server:train_subset_of_clients:46 - Updating parameters on client #48
2020-10-28 16:18:11.420 | INFO     | server:train_subset_of_clients:46 - Updating parameters on client #49
2020-10-28 16:18:15.375 | DEBUG    | client:test:203 - Test set: Accuracy: 8574/10000 (86%)
2020-10-28 16:18:15.376 | DEBUG    | client:test:204 - Test set: Loss: 3.9203978180885315
2020-10-28 16:18:15.411 | DEBUG    | client:test:205 - Classification Report:
              precision    recall  f1-score   support

           0       0.83      0.80      0.81      1000
           1       0.99      0.95      0.97      1000
           2       0.77      0.81      0.79      1000
           3       0.81      0.91      0.85      1000
           4       0.79      0.73      0.76      1000
           5       0.96      0.95      0.95      1000
           6       0.63      0.63      0.63      1000
           7       0.94      0.88      0.91      1000
           8       0.97      0.95      0.96      1000
           9       0.90      0.97      0.94      1000

    accuracy                           0.86     10000
   macro avg       0.86      0.86      0.86     10000
weighted avg       0.86      0.86      0.86     10000

2020-10-28 16:18:15.413 | DEBUG    | client:test:206 - Confusion Matrix:
[[799   0  14  66   6   5 100   0  10   0]
 [  1 954   6  28   4   0   5   0   2   0]
 [ 10   0 807  14  75   2  88   0   4   0]
 [ 12   6   4 905  21   0  51   0   1   0]
 [  0   2 115  47 729   0 105   0   2   0]
 [  0   0   0   3   0 950   0  29   1  17]
 [142   2  95  42  81   1 626   0  11   0]
 [  0   0   0   0   0  30   0 881   1  88]
 [  0   2   5  12   2   3  20   4 950   2]
 [  0   0   0   0   0   3   1  22   1 973]]
2020-10-28 16:18:15.415 | DEBUG    | client:test:207 - Class precision: [0.82883817 0.98757764 0.77151052 0.81020591 0.79411765 0.95573441
 0.62851406 0.94123932 0.9664293  0.90092593]
2020-10-28 16:18:15.416 | DEBUG    | client:test:208 - Class recall: [0.799 0.954 0.807 0.905 0.729 0.95  0.626 0.881 0.95  0.973]
2020-10-28 16:18:15.419 | INFO     | server:train_subset_of_clients:38 - Training epoch #8 on client #6
2020-10-28 16:18:15.453 | INFO     | client:train:139 - [8,     0] loss: 0.011
2020-10-28 16:18:17.497 | INFO     | client:train:139 - [8,   100] loss: 0.482
2020-10-28 16:18:17.877 | INFO     | server:train_subset_of_clients:38 - Training epoch #8 on client #27
2020-10-28 16:18:17.898 | INFO     | client:train:139 - [8,     0] loss: 0.005
2020-10-28 16:18:19.848 | INFO     | client:train:139 - [8,   100] loss: 0.422
2020-10-28 16:18:20.219 | INFO     | server:train_subset_of_clients:38 - Training epoch #8 on client #15
2020-10-28 16:18:20.239 | INFO     | client:train:139 - [8,     0] loss: 0.008
2020-10-28 16:18:22.209 | INFO     | client:train:139 - [8,   100] loss: 0.380
2020-10-28 16:18:22.583 | INFO     | server:train_subset_of_clients:38 - Training epoch #8 on client #0
2020-10-28 16:18:22.604 | INFO     | client:train:139 - [8,     0] loss: 0.028
2020-10-28 16:18:24.558 | INFO     | client:train:139 - [8,   100] loss: 0.457
2020-10-28 16:18:24.929 | INFO     | server:train_subset_of_clients:38 - Training epoch #8 on client #19
2020-10-28 16:18:24.950 | INFO     | client:train:139 - [8,     0] loss: 0.001
2020-10-28 16:18:27.013 | INFO     | client:train:139 - [8,   100] loss: 0.470
2020-10-28 16:18:27.402 | INFO     | server:train_subset_of_clients:41 - Averaging client parameters
2020-10-28 16:18:27.405 | INFO     | server:train_subset_of_clients:46 - Updating parameters on client #0
2020-10-28 16:18:27.407 | INFO     | server:train_subset_of_clients:46 - Updating parameters on client #1
2020-10-28 16:18:27.408 | INFO     | server:train_subset_of_clients:46 - Updating parameters on client #2
2020-10-28 16:18:27.410 | INFO     | server:train_subset_of_clients:46 - Updating parameters on client #3
2020-10-28 16:18:27.411 | INFO     | server:train_subset_of_clients:46 - Updating parameters on client #4
2020-10-28 16:18:27.413 | INFO     | server:train_subset_of_clients:46 - Updating parameters on client #5
2020-10-28 16:18:27.415 | INFO     | server:train_subset_of_clients:46 - Updating parameters on client #6
2020-10-28 16:18:27.416 | INFO     | server:train_subset_of_clients:46 - Updating parameters on client #7
2020-10-28 16:18:27.418 | INFO     | server:train_subset_of_clients:46 - Updating parameters on client #8
2020-10-28 16:18:27.420 | INFO     | server:train_subset_of_clients:46 - Updating parameters on client #9
2020-10-28 16:18:27.421 | INFO     | server:train_subset_of_clients:46 - Updating parameters on client #10
2020-10-28 16:18:27.423 | INFO     | server:train_subset_of_clients:46 - Updating parameters on client #11
2020-10-28 16:18:27.425 | INFO     | server:train_subset_of_clients:46 - Updating parameters on client #12
2020-10-28 16:18:27.427 | INFO     | server:train_subset_of_clients:46 - Updating parameters on client #13
2020-10-28 16:18:27.428 | INFO     | server:train_subset_of_clients:46 - Updating parameters on client #14
2020-10-28 16:18:27.430 | INFO     | server:train_subset_of_clients:46 - Updating parameters on client #15
2020-10-28 16:18:27.431 | INFO     | server:train_subset_of_clients:46 - Updating parameters on client #16
2020-10-28 16:18:27.433 | INFO     | server:train_subset_of_clients:46 - Updating parameters on client #17
2020-10-28 16:18:27.435 | INFO     | server:train_subset_of_clients:46 - Updating parameters on client #18
2020-10-28 16:18:27.437 | INFO     | server:train_subset_of_clients:46 - Updating parameters on client #19
2020-10-28 16:18:27.438 | INFO     | server:train_subset_of_clients:46 - Updating parameters on client #20
2020-10-28 16:18:27.440 | INFO     | server:train_subset_of_clients:46 - Updating parameters on client #21
2020-10-28 16:18:27.441 | INFO     | server:train_subset_of_clients:46 - Updating parameters on client #22
2020-10-28 16:18:27.443 | INFO     | server:train_subset_of_clients:46 - Updating parameters on client #23
2020-10-28 16:18:27.445 | INFO     | server:train_subset_of_clients:46 - Updating parameters on client #24
2020-10-28 16:18:27.447 | INFO     | server:train_subset_of_clients:46 - Updating parameters on client #25
2020-10-28 16:18:27.448 | INFO     | server:train_subset_of_clients:46 - Updating parameters on client #26
2020-10-28 16:18:27.450 | INFO     | server:train_subset_of_clients:46 - Updating parameters on client #27
2020-10-28 16:18:27.452 | INFO     | server:train_subset_of_clients:46 - Updating parameters on client #28
2020-10-28 16:18:27.453 | INFO     | server:train_subset_of_clients:46 - Updating parameters on client #29
2020-10-28 16:18:27.455 | INFO     | server:train_subset_of_clients:46 - Updating parameters on client #30
2020-10-28 16:18:27.457 | INFO     | server:train_subset_of_clients:46 - Updating parameters on client #31
2020-10-28 16:18:27.458 | INFO     | server:train_subset_of_clients:46 - Updating parameters on client #32
2020-10-28 16:18:27.460 | INFO     | server:train_subset_of_clients:46 - Updating parameters on client #33
2020-10-28 16:18:27.462 | INFO     | server:train_subset_of_clients:46 - Updating parameters on client #34
2020-10-28 16:18:27.464 | INFO     | server:train_subset_of_clients:46 - Updating parameters on client #35
2020-10-28 16:18:27.465 | INFO     | server:train_subset_of_clients:46 - Updating parameters on client #36
2020-10-28 16:18:27.467 | INFO     | server:train_subset_of_clients:46 - Updating parameters on client #37
2020-10-28 16:18:27.468 | INFO     | server:train_subset_of_clients:46 - Updating parameters on client #38
2020-10-28 16:18:27.470 | INFO     | server:train_subset_of_clients:46 - Updating parameters on client #39
2020-10-28 16:18:27.472 | INFO     | server:train_subset_of_clients:46 - Updating parameters on client #40
2020-10-28 16:18:27.473 | INFO     | server:train_subset_of_clients:46 - Updating parameters on client #41
2020-10-28 16:18:27.475 | INFO     | server:train_subset_of_clients:46 - Updating parameters on client #42
2020-10-28 16:18:27.477 | INFO     | server:train_subset_of_clients:46 - Updating parameters on client #43
2020-10-28 16:18:27.479 | INFO     | server:train_subset_of_clients:46 - Updating parameters on client #44
2020-10-28 16:18:27.480 | INFO     | server:train_subset_of_clients:46 - Updating parameters on client #45
2020-10-28 16:18:27.482 | INFO     | server:train_subset_of_clients:46 - Updating parameters on client #46
2020-10-28 16:18:27.483 | INFO     | server:train_subset_of_clients:46 - Updating parameters on client #47
2020-10-28 16:18:27.485 | INFO     | server:train_subset_of_clients:46 - Updating parameters on client #48
2020-10-28 16:18:27.487 | INFO     | server:train_subset_of_clients:46 - Updating parameters on client #49
2020-10-28 16:18:31.696 | DEBUG    | client:test:203 - Test set: Accuracy: 8560/10000 (86%)
2020-10-28 16:18:31.697 | DEBUG    | client:test:204 - Test set: Loss: 4.241197913885117
2020-10-28 16:18:31.727 | DEBUG    | client:test:205 - Classification Report:
              precision    recall  f1-score   support

           0       0.86      0.77      0.81      1000
           1       1.00      0.92      0.96      1000
           2       0.77      0.79      0.78      1000
           3       0.84      0.87      0.86      1000
           4       0.67      0.89      0.77      1000
           5       0.97      0.94      0.95      1000
           6       0.71      0.51      0.59      1000
           7       0.92      0.94      0.93      1000
           8       0.93      0.97      0.95      1000
           9       0.93      0.95      0.94      1000

    accuracy                           0.86     10000
   macro avg       0.86      0.86      0.85     10000
weighted avg       0.86      0.86      0.85     10000

2020-10-28 16:18:31.728 | DEBUG    | client:test:206 - Confusion Matrix:
[[774   0  25  57  13   5 107   0  19   0]
 [  2 921   8  41  12   0   2   0   3  11]
 [  9   0 789   8 148   1  37   0   8   0]
 [  8   2  10 873  65   0  35   0   7   0]
 [  0   0  66  19 893   0  19   0   2   1]
 [  0   0   0   2   0 936   1  40   1  20]
 [108   0 126  34 196   1 505   0  30   0]
 [  0   0   0   0   0  15   0 940   1  44]
 [  0   0   5   4   7   0   4   5 974   1]
 [  0   0   0   0   0   3   1  40   1 955]]
2020-10-28 16:18:31.729 | DEBUG    | client:test:207 - Class precision: [0.8590455  0.99783315 0.76676385 0.84104046 0.66941529 0.97398543
 0.71026723 0.91707317 0.93116635 0.9253876 ]
2020-10-28 16:18:31.729 | DEBUG    | client:test:208 - Class recall: [0.774 0.921 0.789 0.873 0.893 0.936 0.505 0.94  0.974 0.955]
2020-10-28 16:18:31.731 | INFO     | server:train_subset_of_clients:38 - Training epoch #9 on client #32
2020-10-28 16:18:31.762 | INFO     | client:train:139 - [9,     0] loss: 0.004
2020-10-28 16:18:33.718 | INFO     | client:train:139 - [9,   100] loss: 0.451
2020-10-28 16:18:34.088 | INFO     | server:train_subset_of_clients:38 - Training epoch #9 on client #12
2020-10-28 16:18:34.109 | INFO     | client:train:139 - [9,     0] loss: 0.007
2020-10-28 16:18:36.083 | INFO     | client:train:139 - [9,   100] loss: 0.396
2020-10-28 16:18:36.455 | INFO     | server:train_subset_of_clients:38 - Training epoch #9 on client #30
2020-10-28 16:18:36.475 | INFO     | client:train:139 - [9,     0] loss: 0.008
2020-10-28 16:18:38.455 | INFO     | client:train:139 - [9,   100] loss: 0.437
2020-10-28 16:18:38.843 | INFO     | server:train_subset_of_clients:38 - Training epoch #9 on client #43
2020-10-28 16:18:38.864 | INFO     | client:train:139 - [9,     0] loss: 0.004
2020-10-28 16:18:40.841 | INFO     | client:train:139 - [9,   100] loss: 0.417
2020-10-28 16:18:41.215 | INFO     | server:train_subset_of_clients:38 - Training epoch #9 on client #29
2020-10-28 16:18:41.236 | INFO     | client:train:139 - [9,     0] loss: 0.006
2020-10-28 16:18:43.186 | INFO     | client:train:139 - [9,   100] loss: 0.445
2020-10-28 16:18:43.558 | INFO     | server:train_subset_of_clients:41 - Averaging client parameters
2020-10-28 16:18:43.561 | INFO     | server:train_subset_of_clients:46 - Updating parameters on client #0
2020-10-28 16:18:43.563 | INFO     | server:train_subset_of_clients:46 - Updating parameters on client #1
2020-10-28 16:18:43.564 | INFO     | server:train_subset_of_clients:46 - Updating parameters on client #2
2020-10-28 16:18:43.566 | INFO     | server:train_subset_of_clients:46 - Updating parameters on client #3
2020-10-28 16:18:43.568 | INFO     | server:train_subset_of_clients:46 - Updating parameters on client #4
2020-10-28 16:18:43.569 | INFO     | server:train_subset_of_clients:46 - Updating parameters on client #5
2020-10-28 16:18:43.571 | INFO     | server:train_subset_of_clients:46 - Updating parameters on client #6
2020-10-28 16:18:43.573 | INFO     | server:train_subset_of_clients:46 - Updating parameters on client #7
2020-10-28 16:18:43.574 | INFO     | server:train_subset_of_clients:46 - Updating parameters on client #8
2020-10-28 16:18:43.576 | INFO     | server:train_subset_of_clients:46 - Updating parameters on client #9
2020-10-28 16:18:43.578 | INFO     | server:train_subset_of_clients:46 - Updating parameters on client #10
2020-10-28 16:18:43.579 | INFO     | server:train_subset_of_clients:46 - Updating parameters on client #11
2020-10-28 16:18:43.581 | INFO     | server:train_subset_of_clients:46 - Updating parameters on client #12
2020-10-28 16:18:43.583 | INFO     | server:train_subset_of_clients:46 - Updating parameters on client #13
2020-10-28 16:18:43.584 | INFO     | server:train_subset_of_clients:46 - Updating parameters on client #14
2020-10-28 16:18:43.587 | INFO     | server:train_subset_of_clients:46 - Updating parameters on client #15
2020-10-28 16:18:43.588 | INFO     | server:train_subset_of_clients:46 - Updating parameters on client #16
2020-10-28 16:18:43.590 | INFO     | server:train_subset_of_clients:46 - Updating parameters on client #17
2020-10-28 16:18:43.592 | INFO     | server:train_subset_of_clients:46 - Updating parameters on client #18
2020-10-28 16:18:43.593 | INFO     | server:train_subset_of_clients:46 - Updating parameters on client #19
2020-10-28 16:18:43.595 | INFO     | server:train_subset_of_clients:46 - Updating parameters on client #20
2020-10-28 16:18:43.597 | INFO     | server:train_subset_of_clients:46 - Updating parameters on client #21
2020-10-28 16:18:43.598 | INFO     | server:train_subset_of_clients:46 - Updating parameters on client #22
2020-10-28 16:18:43.600 | INFO     | server:train_subset_of_clients:46 - Updating parameters on client #23
2020-10-28 16:18:43.602 | INFO     | server:train_subset_of_clients:46 - Updating parameters on client #24
2020-10-28 16:18:43.604 | INFO     | server:train_subset_of_clients:46 - Updating parameters on client #25
2020-10-28 16:18:43.605 | INFO     | server:train_subset_of_clients:46 - Updating parameters on client #26
2020-10-28 16:18:43.607 | INFO     | server:train_subset_of_clients:46 - Updating parameters on client #27
2020-10-28 16:18:43.609 | INFO     | server:train_subset_of_clients:46 - Updating parameters on client #28
2020-10-28 16:18:43.610 | INFO     | server:train_subset_of_clients:46 - Updating parameters on client #29
2020-10-28 16:18:43.612 | INFO     | server:train_subset_of_clients:46 - Updating parameters on client #30
2020-10-28 16:18:43.614 | INFO     | server:train_subset_of_clients:46 - Updating parameters on client #31
2020-10-28 16:18:43.615 | INFO     | server:train_subset_of_clients:46 - Updating parameters on client #32
2020-10-28 16:18:43.617 | INFO     | server:train_subset_of_clients:46 - Updating parameters on client #33
2020-10-28 16:18:43.618 | INFO     | server:train_subset_of_clients:46 - Updating parameters on client #34
2020-10-28 16:18:43.620 | INFO     | server:train_subset_of_clients:46 - Updating parameters on client #35
2020-10-28 16:18:43.622 | INFO     | server:train_subset_of_clients:46 - Updating parameters on client #36
2020-10-28 16:18:43.623 | INFO     | server:train_subset_of_clients:46 - Updating parameters on client #37
2020-10-28 16:18:43.625 | INFO     | server:train_subset_of_clients:46 - Updating parameters on client #38
2020-10-28 16:18:43.627 | INFO     | server:train_subset_of_clients:46 - Updating parameters on client #39
2020-10-28 16:18:43.629 | INFO     | server:train_subset_of_clients:46 - Updating parameters on client #40
2020-10-28 16:18:43.630 | INFO     | server:train_subset_of_clients:46 - Updating parameters on client #41
2020-10-28 16:18:43.632 | INFO     | server:train_subset_of_clients:46 - Updating parameters on client #42
2020-10-28 16:18:43.634 | INFO     | server:train_subset_of_clients:46 - Updating parameters on client #43
2020-10-28 16:18:43.635 | INFO     | server:train_subset_of_clients:46 - Updating parameters on client #44
2020-10-28 16:18:43.637 | INFO     | server:train_subset_of_clients:46 - Updating parameters on client #45
2020-10-28 16:18:43.638 | INFO     | server:train_subset_of_clients:46 - Updating parameters on client #46
2020-10-28 16:18:43.640 | INFO     | server:train_subset_of_clients:46 - Updating parameters on client #47
2020-10-28 16:18:43.642 | INFO     | server:train_subset_of_clients:46 - Updating parameters on client #48
2020-10-28 16:18:43.643 | INFO     | server:train_subset_of_clients:46 - Updating parameters on client #49
2020-10-28 16:18:47.629 | DEBUG    | client:test:203 - Test set: Accuracy: 7697/10000 (77%)
2020-10-28 16:18:47.629 | DEBUG    | client:test:204 - Test set: Loss: 5.46006965637207
2020-10-28 16:18:47.658 | DEBUG    | client:test:205 - Classification Report:
              precision    recall  f1-score   support

           0       0.74      0.91      0.81      1000
           1       1.00      0.01      0.01      1000
           2       0.79      0.81      0.80      1000
           3       0.85      0.88      0.86      1000
           4       0.79      0.78      0.78      1000
           5       0.92      0.97      0.95      1000
           6       0.69      0.52      0.59      1000
           7       0.95      0.90      0.92      1000
           8       0.96      0.97      0.96      1000
           9       0.49      0.96      0.65      1000

    accuracy                           0.77     10000
   macro avg       0.82      0.77      0.73     10000
weighted avg       0.82      0.77      0.73     10000

2020-10-28 16:18:47.659 | DEBUG    | client:test:206 - Confusion Matrix:
[[913   0  10  25   3   6  34   0   9   0]
 [  5   6   6  44   5   2   6   0   2 924]
 [ 25   0 806   9  86   3  62   0   9   0]
 [ 42   0   7 876  34   2  35   0   1   3]
 [  3   0  94  33 778   1  88   0   2   1]
 [  0   0   0   2   0 970   0  14   1  13]
 [251   0 100  28  79   2 520   0  19   1]
 [  0   0   0   0   0  52   0 904   0  44]
 [  2   0   1   9   1   7   8   5 966   1]
 [  0   0   0   0   0   7   1  33   1 958]]
2020-10-28 16:18:47.660 | DEBUG    | client:test:207 - Class precision: [0.73569702 1.         0.78710938 0.85380117 0.78904665 0.92205323
 0.68965517 0.94560669 0.95643564 0.49254499]
2020-10-28 16:18:47.661 | DEBUG    | client:test:208 - Class recall: [0.913 0.006 0.806 0.876 0.778 0.97  0.52  0.904 0.966 0.958]
2020-10-28 16:18:47.663 | INFO     | server:train_subset_of_clients:38 - Training epoch #10 on client #9
2020-10-28 16:18:47.694 | INFO     | client:train:139 - [10,     0] loss: 0.007
2020-10-28 16:18:49.677 | INFO     | client:train:139 - [10,   100] loss: 0.438
2020-10-28 16:18:50.049 | INFO     | server:train_subset_of_clients:38 - Training epoch #10 on client #4
2020-10-28 16:18:50.069 | INFO     | client:train:139 - [10,     0] loss: 0.002
2020-10-28 16:18:52.057 | INFO     | client:train:139 - [10,   100] loss: 0.450
2020-10-28 16:18:52.432 | INFO     | server:train_subset_of_clients:38 - Training epoch #10 on client #43
2020-10-28 16:18:52.452 | INFO     | client:train:139 - [10,     0] loss: 0.001
2020-10-28 16:18:54.430 | INFO     | client:train:139 - [10,   100] loss: 0.401
2020-10-28 16:18:54.809 | INFO     | server:train_subset_of_clients:38 - Training epoch #10 on client #30
2020-10-28 16:18:54.830 | INFO     | client:train:139 - [10,     0] loss: 0.006
2020-10-28 16:18:56.802 | INFO     | client:train:139 - [10,   100] loss: 0.394
2020-10-28 16:18:57.169 | INFO     | server:train_subset_of_clients:38 - Training epoch #10 on client #16
2020-10-28 16:18:57.190 | INFO     | client:train:139 - [10,     0] loss: 0.006
2020-10-28 16:18:59.165 | INFO     | client:train:139 - [10,   100] loss: 0.462
2020-10-28 16:18:59.534 | INFO     | server:train_subset_of_clients:41 - Averaging client parameters
2020-10-28 16:18:59.537 | INFO     | server:train_subset_of_clients:46 - Updating parameters on client #0
2020-10-28 16:18:59.538 | INFO     | server:train_subset_of_clients:46 - Updating parameters on client #1
2020-10-28 16:18:59.540 | INFO     | server:train_subset_of_clients:46 - Updating parameters on client #2
2020-10-28 16:18:59.542 | INFO     | server:train_subset_of_clients:46 - Updating parameters on client #3
2020-10-28 16:18:59.543 | INFO     | server:train_subset_of_clients:46 - Updating parameters on client #4
2020-10-28 16:18:59.545 | INFO     | server:train_subset_of_clients:46 - Updating parameters on client #5
2020-10-28 16:18:59.547 | INFO     | server:train_subset_of_clients:46 - Updating parameters on client #6
2020-10-28 16:18:59.549 | INFO     | server:train_subset_of_clients:46 - Updating parameters on client #7
2020-10-28 16:18:59.551 | INFO     | server:train_subset_of_clients:46 - Updating parameters on client #8
2020-10-28 16:18:59.552 | INFO     | server:train_subset_of_clients:46 - Updating parameters on client #9
2020-10-28 16:18:59.554 | INFO     | server:train_subset_of_clients:46 - Updating parameters on client #10
2020-10-28 16:18:59.556 | INFO     | server:train_subset_of_clients:46 - Updating parameters on client #11
2020-10-28 16:18:59.557 | INFO     | server:train_subset_of_clients:46 - Updating parameters on client #12
2020-10-28 16:18:59.559 | INFO     | server:train_subset_of_clients:46 - Updating parameters on client #13
2020-10-28 16:18:59.561 | INFO     | server:train_subset_of_clients:46 - Updating parameters on client #14
2020-10-28 16:18:59.564 | INFO     | server:train_subset_of_clients:46 - Updating parameters on client #15
2020-10-28 16:18:59.567 | INFO     | server:train_subset_of_clients:46 - Updating parameters on client #16
2020-10-28 16:18:59.569 | INFO     | server:train_subset_of_clients:46 - Updating parameters on client #17
2020-10-28 16:18:59.571 | INFO     | server:train_subset_of_clients:46 - Updating parameters on client #18
2020-10-28 16:18:59.573 | INFO     | server:train_subset_of_clients:46 - Updating parameters on client #19
2020-10-28 16:18:59.575 | INFO     | server:train_subset_of_clients:46 - Updating parameters on client #20
2020-10-28 16:18:59.577 | INFO     | server:train_subset_of_clients:46 - Updating parameters on client #21
2020-10-28 16:18:59.579 | INFO     | server:train_subset_of_clients:46 - Updating parameters on client #22
2020-10-28 16:18:59.580 | INFO     | server:train_subset_of_clients:46 - Updating parameters on client #23
2020-10-28 16:18:59.582 | INFO     | server:train_subset_of_clients:46 - Updating parameters on client #24
2020-10-28 16:18:59.583 | INFO     | server:train_subset_of_clients:46 - Updating parameters on client #25
2020-10-28 16:18:59.585 | INFO     | server:train_subset_of_clients:46 - Updating parameters on client #26
2020-10-28 16:18:59.587 | INFO     | server:train_subset_of_clients:46 - Updating parameters on client #27
2020-10-28 16:18:59.589 | INFO     | server:train_subset_of_clients:46 - Updating parameters on client #28
2020-10-28 16:18:59.590 | INFO     | server:train_subset_of_clients:46 - Updating parameters on client #29
2020-10-28 16:18:59.592 | INFO     | server:train_subset_of_clients:46 - Updating parameters on client #30
2020-10-28 16:18:59.594 | INFO     | server:train_subset_of_clients:46 - Updating parameters on client #31
2020-10-28 16:18:59.596 | INFO     | server:train_subset_of_clients:46 - Updating parameters on client #32
2020-10-28 16:18:59.597 | INFO     | server:train_subset_of_clients:46 - Updating parameters on client #33
2020-10-28 16:18:59.599 | INFO     | server:train_subset_of_clients:46 - Updating parameters on client #34
2020-10-28 16:18:59.601 | INFO     | server:train_subset_of_clients:46 - Updating parameters on client #35
2020-10-28 16:18:59.602 | INFO     | server:train_subset_of_clients:46 - Updating parameters on client #36
2020-10-28 16:18:59.604 | INFO     | server:train_subset_of_clients:46 - Updating parameters on client #37
2020-10-28 16:18:59.607 | INFO     | server:train_subset_of_clients:46 - Updating parameters on client #38
2020-10-28 16:18:59.609 | INFO     | server:train_subset_of_clients:46 - Updating parameters on client #39
2020-10-28 16:18:59.610 | INFO     | server:train_subset_of_clients:46 - Updating parameters on client #40
2020-10-28 16:18:59.612 | INFO     | server:train_subset_of_clients:46 - Updating parameters on client #41
2020-10-28 16:18:59.614 | INFO     | server:train_subset_of_clients:46 - Updating parameters on client #42
2020-10-28 16:18:59.615 | INFO     | server:train_subset_of_clients:46 - Updating parameters on client #43
2020-10-28 16:18:59.617 | INFO     | server:train_subset_of_clients:46 - Updating parameters on client #44
2020-10-28 16:18:59.619 | INFO     | server:train_subset_of_clients:46 - Updating parameters on client #45
2020-10-28 16:18:59.621 | INFO     | server:train_subset_of_clients:46 - Updating parameters on client #46
2020-10-28 16:18:59.622 | INFO     | server:train_subset_of_clients:46 - Updating parameters on client #47
2020-10-28 16:18:59.624 | INFO     | server:train_subset_of_clients:46 - Updating parameters on client #48
2020-10-28 16:18:59.625 | INFO     | server:train_subset_of_clients:46 - Updating parameters on client #49
2020-10-28 16:19:03.589 | DEBUG    | client:test:203 - Test set: Accuracy: 7717/10000 (77%)
2020-10-28 16:19:03.590 | DEBUG    | client:test:204 - Test set: Loss: 10.072407186031342
2020-10-28 16:19:03.624 | DEBUG    | client:test:205 - Classification Report:
              precision    recall  f1-score   support

           0       0.77      0.88      0.82      1000
           1       0.00      0.00      0.00      1000
           2       0.75      0.84      0.80      1000
           3       0.83      0.92      0.87      1000
           4       0.81      0.73      0.77      1000
           5       0.95      0.95      0.95      1000
           6       0.73      0.54      0.62      1000
           7       0.92      0.93      0.93      1000
           8       0.95      0.97      0.96      1000
           9       0.48      0.95      0.64      1000

    accuracy                           0.77     10000
   macro avg       0.72      0.77      0.74     10000
weighted avg       0.72      0.77      0.74     10000

2020-10-28 16:19:03.625 | DEBUG    | client:test:206 - Confusion Matrix:
[[882   0  13  39   3   5  43   0  14   1]
 [  4   0   6  33   3   0   3   0   2 949]
 [ 22   0 841  15  67   1  45   0   9   0]
 [ 27   0   8 916  12   1  29   0   2   5]
 [  2   0 139  53 728   1  72   0   4   1]
 [  0   0   0   3   0 955   0  28   1  13]
 [207   0 106  33  84   3 543   0  22   2]
 [  0   0   0   0   0  29   0 931   0  40]
 [  1   0   2  11   1   5   4   5 969   2]
 [  0   0   0   0   0   4   0  43   1 952]]
2020-10-28 16:19:03.626 | DEBUG    | client:test:207 - Class precision: [0.77030568        nan 0.75426009 0.83046238 0.81069042 0.95119522
 0.73477673 0.9245283  0.94628906 0.48447837]
2020-10-28 16:19:03.627 | DEBUG    | client:test:208 - Class recall: [0.882 0.    0.841 0.916 0.728 0.955 0.543 0.931 0.969 0.952]
