2020-10-28 16:19:03.706 | DEBUG    | federated_learning.arguments:log:182 - Arguments: 
Batch Size: 10
Test Batch Size: 1000
Epochs: 10
Learning Rate: 0.01
Momentum: 0.5
CUDA Enabled: True
Shuffle Enabled: False
Log Interval: 100
Scheduler Step Size: 50
Scheduler Gamma: 0.5
Scheduler Minimum Learning Rate: 1e-10
Client Selection Strategy: <federated_learning.worker_selection.random.RandomSelectionStrategy object at 0x102337f28>
Client Selection Strategy Arguments: {
    "NUM_WORKERS_PER_ROUND": 5,
    "current_epoch_number": 10
}
Model Saving Enabled: False
Model Saving Interval: 1
Model Saving Path (Relative): 3501_models
Epoch Save Start Prefix: start
Epoch Save End Suffix: end
Number of Clients: 50
Number of Poisoned Clients: 20
NN: <class 'federated_learning.nets.fashion_mnist_cnn.FashionMNISTCNN'>
Train Data Loader Path: data_loaders/fashion-mnist/train_data_loader.pickle
Test Data Loader Path: data_loaders/fashion-mnist/test_data_loader.pickle
Loss Function: <class 'torch.nn.modules.loss.CrossEntropyLoss'>
Default Model Folder Path: default_models
Data Path: data

2020-10-28 16:19:03.707 | INFO     | federated_learning.utils.data_loader_utils:load_data_loader_from_file:64 - Loading data loader from file: data_loaders/fashion-mnist/train_data_loader.pickle
2020-10-28 16:19:04.475 | INFO     | federated_learning.utils.data_loader_utils:load_data_loader_from_file:64 - Loading data loader from file: data_loaders/fashion-mnist/test_data_loader.pickle
2020-10-28 16:19:07.013 | INFO     | federated_learning.utils.poison_data:poison_data:24 - Poisoning data for workers: [37, 8, 29, 3, 48, 7, 47, 42, 30, 4, 33, 16, 21, 13, 18, 44, 49, 23, 9, 15]
2020-10-28 16:19:07.034 | INFO     | federated_learning.utils.client_utils:log_client_data_statistics:17 - Client #0 has data distribution: [142, 129, 134, 113, 115, 96, 127, 116, 116, 112]
2020-10-28 16:19:07.035 | INFO     | federated_learning.utils.client_utils:log_client_data_statistics:17 - Client #1 has data distribution: [115, 101, 125, 125, 118, 118, 116, 133, 127, 122]
2020-10-28 16:19:07.037 | INFO     | federated_learning.utils.client_utils:log_client_data_statistics:17 - Client #2 has data distribution: [116, 118, 110, 123, 123, 133, 127, 112, 125, 113]
2020-10-28 16:19:07.038 | INFO     | federated_learning.utils.client_utils:log_client_data_statistics:17 - Client #3 has data distribution: [116, 0, 122, 118, 124, 114, 118, 110, 127, 251]
2020-10-28 16:19:07.039 | INFO     | federated_learning.utils.client_utils:log_client_data_statistics:17 - Client #4 has data distribution: [114, 0, 147, 129, 111, 114, 121, 103, 128, 233]
2020-10-28 16:19:07.040 | INFO     | federated_learning.utils.client_utils:log_client_data_statistics:17 - Client #5 has data distribution: [139, 123, 132, 128, 111, 113, 112, 105, 102, 135]
2020-10-28 16:19:07.041 | INFO     | federated_learning.utils.client_utils:log_client_data_statistics:17 - Client #6 has data distribution: [115, 121, 113, 126, 116, 133, 112, 133, 119, 112]
2020-10-28 16:19:07.042 | INFO     | federated_learning.utils.client_utils:log_client_data_statistics:17 - Client #7 has data distribution: [128, 0, 118, 120, 120, 110, 114, 129, 121, 240]
2020-10-28 16:19:07.043 | INFO     | federated_learning.utils.client_utils:log_client_data_statistics:17 - Client #8 has data distribution: [109, 0, 135, 124, 123, 131, 123, 113, 118, 224]
2020-10-28 16:19:07.045 | INFO     | federated_learning.utils.client_utils:log_client_data_statistics:17 - Client #9 has data distribution: [103, 0, 126, 120, 127, 114, 128, 124, 139, 219]
2020-10-28 16:19:07.046 | INFO     | federated_learning.utils.client_utils:log_client_data_statistics:17 - Client #10 has data distribution: [113, 114, 121, 125, 110, 133, 127, 128, 109, 120]
2020-10-28 16:19:07.047 | INFO     | federated_learning.utils.client_utils:log_client_data_statistics:17 - Client #11 has data distribution: [140, 114, 120, 129, 135, 104, 112, 124, 104, 118]
2020-10-28 16:19:07.048 | INFO     | federated_learning.utils.client_utils:log_client_data_statistics:17 - Client #12 has data distribution: [131, 123, 114, 108, 141, 102, 102, 120, 122, 137]
2020-10-28 16:19:07.050 | INFO     | federated_learning.utils.client_utils:log_client_data_statistics:17 - Client #13 has data distribution: [111, 0, 114, 123, 136, 120, 123, 128, 113, 232]
2020-10-28 16:19:07.051 | INFO     | federated_learning.utils.client_utils:log_client_data_statistics:17 - Client #14 has data distribution: [118, 105, 118, 133, 117, 103, 127, 116, 124, 139]
2020-10-28 16:19:07.052 | INFO     | federated_learning.utils.client_utils:log_client_data_statistics:17 - Client #15 has data distribution: [125, 0, 127, 126, 128, 103, 105, 112, 130, 244]
2020-10-28 16:19:07.053 | INFO     | federated_learning.utils.client_utils:log_client_data_statistics:17 - Client #16 has data distribution: [138, 0, 121, 127, 118, 120, 113, 122, 136, 205]
2020-10-28 16:19:07.054 | INFO     | federated_learning.utils.client_utils:log_client_data_statistics:17 - Client #17 has data distribution: [112, 103, 146, 99, 114, 134, 128, 117, 121, 126]
2020-10-28 16:19:07.055 | INFO     | federated_learning.utils.client_utils:log_client_data_statistics:17 - Client #18 has data distribution: [110, 0, 128, 111, 112, 128, 125, 113, 124, 249]
2020-10-28 16:19:07.056 | INFO     | federated_learning.utils.client_utils:log_client_data_statistics:17 - Client #19 has data distribution: [151, 105, 109, 124, 139, 128, 115, 111, 102, 116]
2020-10-28 16:19:07.057 | INFO     | federated_learning.utils.client_utils:log_client_data_statistics:17 - Client #20 has data distribution: [124, 120, 126, 117, 129, 111, 113, 124, 111, 125]
2020-10-28 16:19:07.058 | INFO     | federated_learning.utils.client_utils:log_client_data_statistics:17 - Client #21 has data distribution: [127, 0, 110, 122, 113, 132, 120, 128, 113, 235]
2020-10-28 16:19:07.059 | INFO     | federated_learning.utils.client_utils:log_client_data_statistics:17 - Client #22 has data distribution: [126, 106, 121, 113, 125, 108, 141, 114, 124, 122]
2020-10-28 16:19:07.060 | INFO     | federated_learning.utils.client_utils:log_client_data_statistics:17 - Client #23 has data distribution: [111, 0, 134, 119, 120, 111, 117, 116, 111, 261]
2020-10-28 16:19:07.062 | INFO     | federated_learning.utils.client_utils:log_client_data_statistics:17 - Client #24 has data distribution: [119, 115, 113, 115, 113, 105, 124, 128, 149, 119]
2020-10-28 16:19:07.063 | INFO     | federated_learning.utils.client_utils:log_client_data_statistics:17 - Client #25 has data distribution: [108, 119, 106, 125, 116, 122, 134, 132, 118, 120]
2020-10-28 16:19:07.064 | INFO     | federated_learning.utils.client_utils:log_client_data_statistics:17 - Client #26 has data distribution: [123, 124, 106, 121, 127, 109, 127, 136, 95, 132]
2020-10-28 16:19:07.065 | INFO     | federated_learning.utils.client_utils:log_client_data_statistics:17 - Client #27 has data distribution: [105, 128, 110, 112, 130, 144, 116, 103, 121, 131]
2020-10-28 16:19:07.066 | INFO     | federated_learning.utils.client_utils:log_client_data_statistics:17 - Client #28 has data distribution: [120, 125, 132, 104, 108, 121, 119, 113, 126, 132]
2020-10-28 16:19:07.067 | INFO     | federated_learning.utils.client_utils:log_client_data_statistics:17 - Client #29 has data distribution: [118, 0, 127, 131, 110, 121, 113, 115, 130, 235]
2020-10-28 16:19:07.068 | INFO     | federated_learning.utils.client_utils:log_client_data_statistics:17 - Client #30 has data distribution: [123, 0, 109, 104, 113, 144, 129, 121, 114, 243]
2020-10-28 16:19:07.069 | INFO     | federated_learning.utils.client_utils:log_client_data_statistics:17 - Client #31 has data distribution: [121, 112, 128, 102, 127, 144, 108, 122, 117, 119]
2020-10-28 16:19:07.070 | INFO     | federated_learning.utils.client_utils:log_client_data_statistics:17 - Client #32 has data distribution: [135, 130, 122, 137, 92, 119, 137, 109, 106, 113]
2020-10-28 16:19:07.071 | INFO     | federated_learning.utils.client_utils:log_client_data_statistics:17 - Client #33 has data distribution: [141, 0, 121, 130, 93, 117, 109, 111, 120, 258]
2020-10-28 16:19:07.072 | INFO     | federated_learning.utils.client_utils:log_client_data_statistics:17 - Client #34 has data distribution: [109, 117, 117, 130, 113, 127, 118, 116, 142, 111]
2020-10-28 16:19:07.073 | INFO     | federated_learning.utils.client_utils:log_client_data_statistics:17 - Client #35 has data distribution: [129, 125, 124, 105, 143, 113, 112, 111, 118, 120]
2020-10-28 16:19:07.075 | INFO     | federated_learning.utils.client_utils:log_client_data_statistics:17 - Client #36 has data distribution: [128, 133, 133, 110, 135, 121, 114, 112, 102, 112]
2020-10-28 16:19:07.076 | INFO     | federated_learning.utils.client_utils:log_client_data_statistics:17 - Client #37 has data distribution: [119, 0, 118, 119, 131, 110, 110, 122, 120, 251]
2020-10-28 16:19:07.077 | INFO     | federated_learning.utils.client_utils:log_client_data_statistics:17 - Client #38 has data distribution: [117, 128, 111, 119, 114, 96, 130, 127, 133, 125]
2020-10-28 16:19:07.078 | INFO     | federated_learning.utils.client_utils:log_client_data_statistics:17 - Client #39 has data distribution: [116, 122, 94, 132, 120, 120, 121, 121, 117, 137]
2020-10-28 16:19:07.079 | INFO     | federated_learning.utils.client_utils:log_client_data_statistics:17 - Client #40 has data distribution: [110, 117, 110, 120, 126, 123, 126, 122, 128, 118]
2020-10-28 16:19:07.080 | INFO     | federated_learning.utils.client_utils:log_client_data_statistics:17 - Client #41 has data distribution: [114, 127, 102, 124, 110, 108, 127, 130, 119, 139]
2020-10-28 16:19:07.081 | INFO     | federated_learning.utils.client_utils:log_client_data_statistics:17 - Client #42 has data distribution: [108, 0, 109, 130, 145, 146, 100, 118, 110, 234]
2020-10-28 16:19:07.082 | INFO     | federated_learning.utils.client_utils:log_client_data_statistics:17 - Client #43 has data distribution: [124, 120, 121, 104, 113, 148, 117, 131, 133, 89]
2020-10-28 16:19:07.083 | INFO     | federated_learning.utils.client_utils:log_client_data_statistics:17 - Client #44 has data distribution: [106, 0, 132, 129, 140, 111, 106, 109, 120, 247]
2020-10-28 16:19:07.084 | INFO     | federated_learning.utils.client_utils:log_client_data_statistics:17 - Client #45 has data distribution: [129, 113, 118, 125, 114, 111, 120, 139, 110, 121]
2020-10-28 16:19:07.085 | INFO     | federated_learning.utils.client_utils:log_client_data_statistics:17 - Client #46 has data distribution: [129, 115, 119, 128, 111, 114, 105, 112, 135, 132]
2020-10-28 16:19:07.087 | INFO     | federated_learning.utils.client_utils:log_client_data_statistics:17 - Client #47 has data distribution: [100, 0, 118, 120, 104, 150, 133, 117, 125, 233]
2020-10-28 16:19:07.088 | INFO     | federated_learning.utils.client_utils:log_client_data_statistics:17 - Client #48 has data distribution: [105, 0, 118, 116, 105, 116, 160, 136, 111, 233]
2020-10-28 16:19:07.091 | INFO     | federated_learning.utils.client_utils:log_client_data_statistics:17 - Client #49 has data distribution: [110, 0, 111, 106, 122, 127, 119, 136, 115, 254]
2020-10-28 16:19:07.313 | INFO     | server:train_subset_of_clients:38 - Training epoch #1 on client #20
2020-10-28 16:19:07.336 | INFO     | client:train:139 - [1,     0] loss: 0.023
2020-10-28 16:19:09.318 | INFO     | client:train:139 - [1,   100] loss: 1.048
2020-10-28 16:19:09.729 | INFO     | server:train_subset_of_clients:38 - Training epoch #1 on client #29
2020-10-28 16:19:09.749 | INFO     | client:train:139 - [1,     0] loss: 0.021
2020-10-28 16:19:11.728 | INFO     | client:train:139 - [1,   100] loss: 1.198
2020-10-28 16:19:12.095 | INFO     | server:train_subset_of_clients:38 - Training epoch #1 on client #11
2020-10-28 16:19:12.116 | INFO     | client:train:139 - [1,     0] loss: 0.025
2020-10-28 16:19:14.110 | INFO     | client:train:139 - [1,   100] loss: 1.080
2020-10-28 16:19:14.487 | INFO     | server:train_subset_of_clients:38 - Training epoch #1 on client #24
2020-10-28 16:19:14.507 | INFO     | client:train:139 - [1,     0] loss: 0.024
2020-10-28 16:19:16.483 | INFO     | client:train:139 - [1,   100] loss: 1.035
2020-10-28 16:19:16.853 | INFO     | server:train_subset_of_clients:38 - Training epoch #1 on client #26
2020-10-28 16:19:16.874 | INFO     | client:train:139 - [1,     0] loss: 0.026
2020-10-28 16:19:18.835 | INFO     | client:train:139 - [1,   100] loss: 1.087
2020-10-28 16:19:19.207 | INFO     | server:train_subset_of_clients:41 - Averaging client parameters
2020-10-28 16:19:19.210 | INFO     | server:train_subset_of_clients:46 - Updating parameters on client #0
2020-10-28 16:19:19.212 | INFO     | server:train_subset_of_clients:46 - Updating parameters on client #1
2020-10-28 16:19:19.213 | INFO     | server:train_subset_of_clients:46 - Updating parameters on client #2
2020-10-28 16:19:19.215 | INFO     | server:train_subset_of_clients:46 - Updating parameters on client #3
2020-10-28 16:19:19.217 | INFO     | server:train_subset_of_clients:46 - Updating parameters on client #4
2020-10-28 16:19:19.218 | INFO     | server:train_subset_of_clients:46 - Updating parameters on client #5
2020-10-28 16:19:19.220 | INFO     | server:train_subset_of_clients:46 - Updating parameters on client #6
2020-10-28 16:19:19.222 | INFO     | server:train_subset_of_clients:46 - Updating parameters on client #7
2020-10-28 16:19:19.223 | INFO     | server:train_subset_of_clients:46 - Updating parameters on client #8
2020-10-28 16:19:19.225 | INFO     | server:train_subset_of_clients:46 - Updating parameters on client #9
2020-10-28 16:19:19.227 | INFO     | server:train_subset_of_clients:46 - Updating parameters on client #10
2020-10-28 16:19:19.229 | INFO     | server:train_subset_of_clients:46 - Updating parameters on client #11
2020-10-28 16:19:19.230 | INFO     | server:train_subset_of_clients:46 - Updating parameters on client #12
2020-10-28 16:19:19.232 | INFO     | server:train_subset_of_clients:46 - Updating parameters on client #13
2020-10-28 16:19:19.234 | INFO     | server:train_subset_of_clients:46 - Updating parameters on client #14
2020-10-28 16:19:19.235 | INFO     | server:train_subset_of_clients:46 - Updating parameters on client #15
2020-10-28 16:19:19.237 | INFO     | server:train_subset_of_clients:46 - Updating parameters on client #16
2020-10-28 16:19:19.239 | INFO     | server:train_subset_of_clients:46 - Updating parameters on client #17
2020-10-28 16:19:19.240 | INFO     | server:train_subset_of_clients:46 - Updating parameters on client #18
2020-10-28 16:19:19.242 | INFO     | server:train_subset_of_clients:46 - Updating parameters on client #19
2020-10-28 16:19:19.244 | INFO     | server:train_subset_of_clients:46 - Updating parameters on client #20
2020-10-28 16:19:19.246 | INFO     | server:train_subset_of_clients:46 - Updating parameters on client #21
2020-10-28 16:19:19.247 | INFO     | server:train_subset_of_clients:46 - Updating parameters on client #22
2020-10-28 16:19:19.249 | INFO     | server:train_subset_of_clients:46 - Updating parameters on client #23
2020-10-28 16:19:19.251 | INFO     | server:train_subset_of_clients:46 - Updating parameters on client #24
2020-10-28 16:19:19.252 | INFO     | server:train_subset_of_clients:46 - Updating parameters on client #25
2020-10-28 16:19:19.254 | INFO     | server:train_subset_of_clients:46 - Updating parameters on client #26
2020-10-28 16:19:19.256 | INFO     | server:train_subset_of_clients:46 - Updating parameters on client #27
2020-10-28 16:19:19.257 | INFO     | server:train_subset_of_clients:46 - Updating parameters on client #28
2020-10-28 16:19:19.259 | INFO     | server:train_subset_of_clients:46 - Updating parameters on client #29
2020-10-28 16:19:19.261 | INFO     | server:train_subset_of_clients:46 - Updating parameters on client #30
2020-10-28 16:19:19.262 | INFO     | server:train_subset_of_clients:46 - Updating parameters on client #31
2020-10-28 16:19:19.264 | INFO     | server:train_subset_of_clients:46 - Updating parameters on client #32
2020-10-28 16:19:19.265 | INFO     | server:train_subset_of_clients:46 - Updating parameters on client #33
2020-10-28 16:19:19.267 | INFO     | server:train_subset_of_clients:46 - Updating parameters on client #34
2020-10-28 16:19:19.269 | INFO     | server:train_subset_of_clients:46 - Updating parameters on client #35
2020-10-28 16:19:19.271 | INFO     | server:train_subset_of_clients:46 - Updating parameters on client #36
2020-10-28 16:19:19.272 | INFO     | server:train_subset_of_clients:46 - Updating parameters on client #37
2020-10-28 16:19:19.274 | INFO     | server:train_subset_of_clients:46 - Updating parameters on client #38
2020-10-28 16:19:19.275 | INFO     | server:train_subset_of_clients:46 - Updating parameters on client #39
2020-10-28 16:19:19.277 | INFO     | server:train_subset_of_clients:46 - Updating parameters on client #40
2020-10-28 16:19:19.279 | INFO     | server:train_subset_of_clients:46 - Updating parameters on client #41
2020-10-28 16:19:19.280 | INFO     | server:train_subset_of_clients:46 - Updating parameters on client #42
2020-10-28 16:19:19.282 | INFO     | server:train_subset_of_clients:46 - Updating parameters on client #43
2020-10-28 16:19:19.284 | INFO     | server:train_subset_of_clients:46 - Updating parameters on client #44
2020-10-28 16:19:19.285 | INFO     | server:train_subset_of_clients:46 - Updating parameters on client #45
2020-10-28 16:19:19.287 | INFO     | server:train_subset_of_clients:46 - Updating parameters on client #46
2020-10-28 16:19:19.289 | INFO     | server:train_subset_of_clients:46 - Updating parameters on client #47
2020-10-28 16:19:19.290 | INFO     | server:train_subset_of_clients:46 - Updating parameters on client #48
2020-10-28 16:19:19.292 | INFO     | server:train_subset_of_clients:46 - Updating parameters on client #49
2020-10-28 16:19:23.377 | DEBUG    | client:test:203 - Test set: Accuracy: 7813/10000 (78%)
2020-10-28 16:19:23.378 | DEBUG    | client:test:204 - Test set: Loss: 6.214301884174347
2020-10-28 16:19:23.409 | DEBUG    | client:test:205 - Classification Report:
              precision    recall  f1-score   support

           0       0.72      0.81      0.77      1000
           1       0.99      0.89      0.94      1000
           2       0.76      0.57      0.65      1000
           3       0.75      0.83      0.79      1000
           4       0.50      0.91      0.65      1000
           5       0.86      0.91      0.88      1000
           6       0.73      0.18      0.29      1000
           7       0.88      0.86      0.87      1000
           8       0.93      0.93      0.93      1000
           9       0.90      0.94      0.92      1000

    accuracy                           0.78     10000
   macro avg       0.80      0.78      0.77     10000
weighted avg       0.80      0.78      0.77     10000

2020-10-28 16:19:23.410 | DEBUG    | client:test:206 - Confusion Matrix:
[[815   0  15  90  27  15  16   0  22   0]
 [  5 886   7  74  25   1   0   0   2   0]
 [ 23   0 566  10 358  12  21   0  10   0]
 [ 25   4   7 831 108  12  10   0   3   0]
 [  1   1  36  26 908   8  15   0   5   0]
 [  0   0   0   4   0 908   0  61   4  23]
 [254   0 100  58 373  14 179   0  22   0]
 [  0   0   0   0   0  64   0 859   1  76]
 [  7   1  11  13  15  15   3   7 925   3]
 [  0   0   0   1   0   9   0  53   1 936]]
2020-10-28 16:19:23.411 | DEBUG    | client:test:207 - Class precision: [0.72123894 0.99327354 0.76280323 0.75067751 0.50055127 0.85822306
 0.73360656 0.87653061 0.92964824 0.9017341 ]
2020-10-28 16:19:23.412 | DEBUG    | client:test:208 - Class recall: [0.815 0.886 0.566 0.831 0.908 0.908 0.179 0.859 0.925 0.936]
2020-10-28 16:19:23.414 | INFO     | server:train_subset_of_clients:38 - Training epoch #2 on client #6
2020-10-28 16:19:23.445 | INFO     | client:train:139 - [2,     0] loss: 0.005
2020-10-28 16:19:25.405 | INFO     | client:train:139 - [2,   100] loss: 0.713
2020-10-28 16:19:25.777 | INFO     | server:train_subset_of_clients:38 - Training epoch #2 on client #28
2020-10-28 16:19:25.797 | INFO     | client:train:139 - [2,     0] loss: 0.009
2020-10-28 16:19:27.813 | INFO     | client:train:139 - [2,   100] loss: 0.727
2020-10-28 16:19:28.192 | INFO     | server:train_subset_of_clients:38 - Training epoch #2 on client #4
2020-10-28 16:19:28.213 | INFO     | client:train:139 - [2,     0] loss: 0.015
2020-10-28 16:19:30.193 | INFO     | client:train:139 - [2,   100] loss: 0.723
2020-10-28 16:19:30.577 | INFO     | server:train_subset_of_clients:38 - Training epoch #2 on client #49
2020-10-28 16:19:30.597 | INFO     | client:train:139 - [2,     0] loss: 0.007
2020-10-28 16:19:32.580 | INFO     | client:train:139 - [2,   100] loss: 0.785
2020-10-28 16:19:32.952 | INFO     | server:train_subset_of_clients:38 - Training epoch #2 on client #14
2020-10-28 16:19:32.972 | INFO     | client:train:139 - [2,     0] loss: 0.013
2020-10-28 16:19:34.944 | INFO     | client:train:139 - [2,   100] loss: 0.665
2020-10-28 16:19:35.314 | INFO     | server:train_subset_of_clients:41 - Averaging client parameters
2020-10-28 16:19:35.317 | INFO     | server:train_subset_of_clients:46 - Updating parameters on client #0
2020-10-28 16:19:35.319 | INFO     | server:train_subset_of_clients:46 - Updating parameters on client #1
2020-10-28 16:19:35.321 | INFO     | server:train_subset_of_clients:46 - Updating parameters on client #2
2020-10-28 16:19:35.323 | INFO     | server:train_subset_of_clients:46 - Updating parameters on client #3
2020-10-28 16:19:35.325 | INFO     | server:train_subset_of_clients:46 - Updating parameters on client #4
2020-10-28 16:19:35.327 | INFO     | server:train_subset_of_clients:46 - Updating parameters on client #5
2020-10-28 16:19:35.329 | INFO     | server:train_subset_of_clients:46 - Updating parameters on client #6
2020-10-28 16:19:35.330 | INFO     | server:train_subset_of_clients:46 - Updating parameters on client #7
2020-10-28 16:19:35.332 | INFO     | server:train_subset_of_clients:46 - Updating parameters on client #8
2020-10-28 16:19:35.333 | INFO     | server:train_subset_of_clients:46 - Updating parameters on client #9
2020-10-28 16:19:35.336 | INFO     | server:train_subset_of_clients:46 - Updating parameters on client #10
2020-10-28 16:19:35.338 | INFO     | server:train_subset_of_clients:46 - Updating parameters on client #11
2020-10-28 16:19:35.339 | INFO     | server:train_subset_of_clients:46 - Updating parameters on client #12
2020-10-28 16:19:35.341 | INFO     | server:train_subset_of_clients:46 - Updating parameters on client #13
2020-10-28 16:19:35.342 | INFO     | server:train_subset_of_clients:46 - Updating parameters on client #14
2020-10-28 16:19:35.344 | INFO     | server:train_subset_of_clients:46 - Updating parameters on client #15
2020-10-28 16:19:35.346 | INFO     | server:train_subset_of_clients:46 - Updating parameters on client #16
2020-10-28 16:19:35.348 | INFO     | server:train_subset_of_clients:46 - Updating parameters on client #17
2020-10-28 16:19:35.350 | INFO     | server:train_subset_of_clients:46 - Updating parameters on client #18
2020-10-28 16:19:35.352 | INFO     | server:train_subset_of_clients:46 - Updating parameters on client #19
2020-10-28 16:19:35.353 | INFO     | server:train_subset_of_clients:46 - Updating parameters on client #20
2020-10-28 16:19:35.355 | INFO     | server:train_subset_of_clients:46 - Updating parameters on client #21
2020-10-28 16:19:35.356 | INFO     | server:train_subset_of_clients:46 - Updating parameters on client #22
2020-10-28 16:19:35.358 | INFO     | server:train_subset_of_clients:46 - Updating parameters on client #23
2020-10-28 16:19:35.360 | INFO     | server:train_subset_of_clients:46 - Updating parameters on client #24
2020-10-28 16:19:35.362 | INFO     | server:train_subset_of_clients:46 - Updating parameters on client #25
2020-10-28 16:19:35.364 | INFO     | server:train_subset_of_clients:46 - Updating parameters on client #26
2020-10-28 16:19:35.365 | INFO     | server:train_subset_of_clients:46 - Updating parameters on client #27
2020-10-28 16:19:35.367 | INFO     | server:train_subset_of_clients:46 - Updating parameters on client #28
2020-10-28 16:19:35.369 | INFO     | server:train_subset_of_clients:46 - Updating parameters on client #29
2020-10-28 16:19:35.370 | INFO     | server:train_subset_of_clients:46 - Updating parameters on client #30
2020-10-28 16:19:35.372 | INFO     | server:train_subset_of_clients:46 - Updating parameters on client #31
2020-10-28 16:19:35.373 | INFO     | server:train_subset_of_clients:46 - Updating parameters on client #32
2020-10-28 16:19:35.375 | INFO     | server:train_subset_of_clients:46 - Updating parameters on client #33
2020-10-28 16:19:35.377 | INFO     | server:train_subset_of_clients:46 - Updating parameters on client #34
2020-10-28 16:19:35.379 | INFO     | server:train_subset_of_clients:46 - Updating parameters on client #35
2020-10-28 16:19:35.381 | INFO     | server:train_subset_of_clients:46 - Updating parameters on client #36
2020-10-28 16:19:35.382 | INFO     | server:train_subset_of_clients:46 - Updating parameters on client #37
2020-10-28 16:19:35.384 | INFO     | server:train_subset_of_clients:46 - Updating parameters on client #38
2020-10-28 16:19:35.386 | INFO     | server:train_subset_of_clients:46 - Updating parameters on client #39
2020-10-28 16:19:35.387 | INFO     | server:train_subset_of_clients:46 - Updating parameters on client #40
2020-10-28 16:19:35.389 | INFO     | server:train_subset_of_clients:46 - Updating parameters on client #41
2020-10-28 16:19:35.391 | INFO     | server:train_subset_of_clients:46 - Updating parameters on client #42
2020-10-28 16:19:35.392 | INFO     | server:train_subset_of_clients:46 - Updating parameters on client #43
2020-10-28 16:19:35.394 | INFO     | server:train_subset_of_clients:46 - Updating parameters on client #44
2020-10-28 16:19:35.396 | INFO     | server:train_subset_of_clients:46 - Updating parameters on client #45
2020-10-28 16:19:35.398 | INFO     | server:train_subset_of_clients:46 - Updating parameters on client #46
2020-10-28 16:19:35.399 | INFO     | server:train_subset_of_clients:46 - Updating parameters on client #47
2020-10-28 16:19:35.401 | INFO     | server:train_subset_of_clients:46 - Updating parameters on client #48
2020-10-28 16:19:35.403 | INFO     | server:train_subset_of_clients:46 - Updating parameters on client #49
2020-10-28 16:19:39.391 | DEBUG    | client:test:203 - Test set: Accuracy: 8117/10000 (81%)
2020-10-28 16:19:39.392 | DEBUG    | client:test:204 - Test set: Loss: 5.461694061756134
2020-10-28 16:19:39.424 | DEBUG    | client:test:205 - Classification Report:
              precision    recall  f1-score   support

           0       0.76      0.80      0.78      1000
           1       1.00      0.80      0.89      1000
           2       0.70      0.77      0.73      1000
           3       0.75      0.85      0.80      1000
           4       0.66      0.81      0.73      1000
           5       0.92      0.93      0.92      1000
           6       0.62      0.40      0.49      1000
           7       0.93      0.85      0.89      1000
           8       0.95      0.94      0.94      1000
           9       0.85      0.97      0.91      1000

    accuracy                           0.81     10000
   macro avg       0.81      0.81      0.81     10000
weighted avg       0.81      0.81      0.81     10000

2020-10-28 16:19:39.426 | DEBUG    | client:test:206 - Confusion Matrix:
[[797   0  32  64   8   9  73   0  17   0]
 [  6 802  15 123  14   0   7   0   2  31]
 [  9   0 766   8 159   4  48   0   6   0]
 [ 23   0  16 850  49   4  54   0   3   1]
 [  2   0 104  31 815   1  45   0   2   0]
 [  0   0   0   3   0 926   0  39   2  30]
 [205   0 150  38 183   5 398   0  20   1]
 [  0   0   0   0   0  45   0 848   1 106]
 [  1   0  15  10   5   7  14   4 941   3]
 [  0   0   0   0   0   3   0  22   1 974]]
2020-10-28 16:19:39.427 | DEBUG    | client:test:207 - Class precision: [0.7641419  1.         0.69763206 0.75421473 0.66098946 0.92231076
 0.6228482  0.92880613 0.94572864 0.84991274]
2020-10-28 16:19:39.428 | DEBUG    | client:test:208 - Class recall: [0.797 0.802 0.766 0.85  0.815 0.926 0.398 0.848 0.941 0.974]
2020-10-28 16:19:39.430 | INFO     | server:train_subset_of_clients:38 - Training epoch #3 on client #27
2020-10-28 16:19:39.460 | INFO     | client:train:139 - [3,     0] loss: 0.002
2020-10-28 16:19:41.418 | INFO     | client:train:139 - [3,   100] loss: 0.570
2020-10-28 16:19:41.788 | INFO     | server:train_subset_of_clients:38 - Training epoch #3 on client #24
2020-10-28 16:19:41.808 | INFO     | client:train:139 - [3,     0] loss: 0.003
2020-10-28 16:19:43.764 | INFO     | client:train:139 - [3,   100] loss: 0.532
2020-10-28 16:19:44.159 | INFO     | server:train_subset_of_clients:38 - Training epoch #3 on client #34
2020-10-28 16:19:44.184 | INFO     | client:train:139 - [3,     0] loss: 0.001
2020-10-28 16:19:46.165 | INFO     | client:train:139 - [3,   100] loss: 0.677
2020-10-28 16:19:46.537 | INFO     | server:train_subset_of_clients:38 - Training epoch #3 on client #3
2020-10-28 16:19:46.558 | INFO     | client:train:139 - [3,     0] loss: 0.006
2020-10-28 16:19:48.519 | INFO     | client:train:139 - [3,   100] loss: 0.588
2020-10-28 16:19:48.893 | INFO     | server:train_subset_of_clients:38 - Training epoch #3 on client #48
2020-10-28 16:19:48.914 | INFO     | client:train:139 - [3,     0] loss: 0.009
2020-10-28 16:19:50.865 | INFO     | client:train:139 - [3,   100] loss: 0.640
2020-10-28 16:19:51.237 | INFO     | server:train_subset_of_clients:41 - Averaging client parameters
2020-10-28 16:19:51.240 | INFO     | server:train_subset_of_clients:46 - Updating parameters on client #0
2020-10-28 16:19:51.242 | INFO     | server:train_subset_of_clients:46 - Updating parameters on client #1
2020-10-28 16:19:51.243 | INFO     | server:train_subset_of_clients:46 - Updating parameters on client #2
2020-10-28 16:19:51.246 | INFO     | server:train_subset_of_clients:46 - Updating parameters on client #3
2020-10-28 16:19:51.248 | INFO     | server:train_subset_of_clients:46 - Updating parameters on client #4
2020-10-28 16:19:51.250 | INFO     | server:train_subset_of_clients:46 - Updating parameters on client #5
2020-10-28 16:19:51.252 | INFO     | server:train_subset_of_clients:46 - Updating parameters on client #6
2020-10-28 16:19:51.254 | INFO     | server:train_subset_of_clients:46 - Updating parameters on client #7
2020-10-28 16:19:51.256 | INFO     | server:train_subset_of_clients:46 - Updating parameters on client #8
2020-10-28 16:19:51.258 | INFO     | server:train_subset_of_clients:46 - Updating parameters on client #9
2020-10-28 16:19:51.259 | INFO     | server:train_subset_of_clients:46 - Updating parameters on client #10
2020-10-28 16:19:51.261 | INFO     | server:train_subset_of_clients:46 - Updating parameters on client #11
2020-10-28 16:19:51.263 | INFO     | server:train_subset_of_clients:46 - Updating parameters on client #12
2020-10-28 16:19:51.265 | INFO     | server:train_subset_of_clients:46 - Updating parameters on client #13
2020-10-28 16:19:51.266 | INFO     | server:train_subset_of_clients:46 - Updating parameters on client #14
2020-10-28 16:19:51.268 | INFO     | server:train_subset_of_clients:46 - Updating parameters on client #15
2020-10-28 16:19:51.269 | INFO     | server:train_subset_of_clients:46 - Updating parameters on client #16
2020-10-28 16:19:51.271 | INFO     | server:train_subset_of_clients:46 - Updating parameters on client #17
2020-10-28 16:19:51.273 | INFO     | server:train_subset_of_clients:46 - Updating parameters on client #18
2020-10-28 16:19:51.274 | INFO     | server:train_subset_of_clients:46 - Updating parameters on client #19
2020-10-28 16:19:51.276 | INFO     | server:train_subset_of_clients:46 - Updating parameters on client #20
2020-10-28 16:19:51.278 | INFO     | server:train_subset_of_clients:46 - Updating parameters on client #21
2020-10-28 16:19:51.280 | INFO     | server:train_subset_of_clients:46 - Updating parameters on client #22
2020-10-28 16:19:51.281 | INFO     | server:train_subset_of_clients:46 - Updating parameters on client #23
2020-10-28 16:19:51.283 | INFO     | server:train_subset_of_clients:46 - Updating parameters on client #24
2020-10-28 16:19:51.284 | INFO     | server:train_subset_of_clients:46 - Updating parameters on client #25
2020-10-28 16:19:51.286 | INFO     | server:train_subset_of_clients:46 - Updating parameters on client #26
2020-10-28 16:19:51.287 | INFO     | server:train_subset_of_clients:46 - Updating parameters on client #27
2020-10-28 16:19:51.289 | INFO     | server:train_subset_of_clients:46 - Updating parameters on client #28
2020-10-28 16:19:51.291 | INFO     | server:train_subset_of_clients:46 - Updating parameters on client #29
2020-10-28 16:19:51.292 | INFO     | server:train_subset_of_clients:46 - Updating parameters on client #30
2020-10-28 16:19:51.294 | INFO     | server:train_subset_of_clients:46 - Updating parameters on client #31
2020-10-28 16:19:51.296 | INFO     | server:train_subset_of_clients:46 - Updating parameters on client #32
2020-10-28 16:19:51.298 | INFO     | server:train_subset_of_clients:46 - Updating parameters on client #33
2020-10-28 16:19:51.300 | INFO     | server:train_subset_of_clients:46 - Updating parameters on client #34
2020-10-28 16:19:51.301 | INFO     | server:train_subset_of_clients:46 - Updating parameters on client #35
2020-10-28 16:19:51.303 | INFO     | server:train_subset_of_clients:46 - Updating parameters on client #36
2020-10-28 16:19:51.305 | INFO     | server:train_subset_of_clients:46 - Updating parameters on client #37
2020-10-28 16:19:51.307 | INFO     | server:train_subset_of_clients:46 - Updating parameters on client #38
2020-10-28 16:19:51.308 | INFO     | server:train_subset_of_clients:46 - Updating parameters on client #39
2020-10-28 16:19:51.310 | INFO     | server:train_subset_of_clients:46 - Updating parameters on client #40
2020-10-28 16:19:51.311 | INFO     | server:train_subset_of_clients:46 - Updating parameters on client #41
2020-10-28 16:19:51.313 | INFO     | server:train_subset_of_clients:46 - Updating parameters on client #42
2020-10-28 16:19:51.315 | INFO     | server:train_subset_of_clients:46 - Updating parameters on client #43
2020-10-28 16:19:51.316 | INFO     | server:train_subset_of_clients:46 - Updating parameters on client #44
2020-10-28 16:19:51.318 | INFO     | server:train_subset_of_clients:46 - Updating parameters on client #45
2020-10-28 16:19:51.320 | INFO     | server:train_subset_of_clients:46 - Updating parameters on client #46
2020-10-28 16:19:51.322 | INFO     | server:train_subset_of_clients:46 - Updating parameters on client #47
2020-10-28 16:19:51.323 | INFO     | server:train_subset_of_clients:46 - Updating parameters on client #48
2020-10-28 16:19:51.325 | INFO     | server:train_subset_of_clients:46 - Updating parameters on client #49
2020-10-28 16:19:55.309 | DEBUG    | client:test:203 - Test set: Accuracy: 8345/10000 (83%)
2020-10-28 16:19:55.310 | DEBUG    | client:test:204 - Test set: Loss: 4.79851508140564
2020-10-28 16:19:55.342 | DEBUG    | client:test:205 - Classification Report:
              precision    recall  f1-score   support

           0       0.83      0.75      0.79      1000
           1       1.00      0.89      0.94      1000
           2       0.73      0.80      0.76      1000
           3       0.78      0.89      0.83      1000
           4       0.78      0.65      0.71      1000
           5       0.96      0.90      0.93      1000
           6       0.57      0.64      0.60      1000
           7       0.86      0.95      0.91      1000
           8       0.95      0.95      0.95      1000
           9       0.95      0.92      0.94      1000

    accuracy                           0.83     10000
   macro avg       0.84      0.83      0.84     10000
weighted avg       0.84      0.83      0.84     10000

2020-10-28 16:19:55.343 | DEBUG    | client:test:206 - Confusion Matrix:
[[750   0  18  60   6   7 144   0  15   0]
 [  4 887  12  78   5   0   8   0   2   4]
 [  7   0 800  10  80   2  93   0   8   0]
 [ 15   1   5 889  22   1  65   0   2   0]
 [  0   0 148  43 649   1 157   0   2   0]
 [  0   0   0   4   0 902   0  79   2  13]
 [123   0 110  42  63   3 639   0  20   0]
 [  0   0   0   0   0  14   0 955   1  30]
 [  1   0   2  13   2   7  17   5 952   1]
 [  0   0   0   0   0   4   2  71   1 922]]
2020-10-28 16:19:55.344 | DEBUG    | client:test:207 - Class precision: [0.83333333 0.99887387 0.73059361 0.78050922 0.78476421 0.95855473
 0.568      0.86036036 0.94726368 0.95051546]
2020-10-28 16:19:55.344 | DEBUG    | client:test:208 - Class recall: [0.75  0.887 0.8   0.889 0.649 0.902 0.639 0.955 0.952 0.922]
2020-10-28 16:19:55.347 | INFO     | server:train_subset_of_clients:38 - Training epoch #4 on client #44
2020-10-28 16:19:55.377 | INFO     | client:train:139 - [4,     0] loss: 0.018
2020-10-28 16:19:57.342 | INFO     | client:train:139 - [4,   100] loss: 0.536
2020-10-28 16:19:57.715 | INFO     | server:train_subset_of_clients:38 - Training epoch #4 on client #9
2020-10-28 16:19:57.735 | INFO     | client:train:139 - [4,     0] loss: 0.009
2020-10-28 16:19:59.692 | INFO     | client:train:139 - [4,   100] loss: 0.557
2020-10-28 16:20:00.068 | INFO     | server:train_subset_of_clients:38 - Training epoch #4 on client #16
2020-10-28 16:20:00.088 | INFO     | client:train:139 - [4,     0] loss: 0.007
2020-10-28 16:20:02.040 | INFO     | client:train:139 - [4,   100] loss: 0.575
2020-10-28 16:20:02.415 | INFO     | server:train_subset_of_clients:38 - Training epoch #4 on client #20
2020-10-28 16:20:02.435 | INFO     | client:train:139 - [4,     0] loss: 0.008
2020-10-28 16:20:04.388 | INFO     | client:train:139 - [4,   100] loss: 0.517
2020-10-28 16:20:04.764 | INFO     | server:train_subset_of_clients:38 - Training epoch #4 on client #19
2020-10-28 16:20:04.785 | INFO     | client:train:139 - [4,     0] loss: 0.002
2020-10-28 16:20:06.748 | INFO     | client:train:139 - [4,   100] loss: 0.614
2020-10-28 16:20:07.118 | INFO     | server:train_subset_of_clients:41 - Averaging client parameters
2020-10-28 16:20:07.120 | INFO     | server:train_subset_of_clients:46 - Updating parameters on client #0
2020-10-28 16:20:07.122 | INFO     | server:train_subset_of_clients:46 - Updating parameters on client #1
2020-10-28 16:20:07.124 | INFO     | server:train_subset_of_clients:46 - Updating parameters on client #2
2020-10-28 16:20:07.125 | INFO     | server:train_subset_of_clients:46 - Updating parameters on client #3
2020-10-28 16:20:07.127 | INFO     | server:train_subset_of_clients:46 - Updating parameters on client #4
2020-10-28 16:20:07.129 | INFO     | server:train_subset_of_clients:46 - Updating parameters on client #5
2020-10-28 16:20:07.130 | INFO     | server:train_subset_of_clients:46 - Updating parameters on client #6
2020-10-28 16:20:07.132 | INFO     | server:train_subset_of_clients:46 - Updating parameters on client #7
2020-10-28 16:20:07.134 | INFO     | server:train_subset_of_clients:46 - Updating parameters on client #8
2020-10-28 16:20:07.136 | INFO     | server:train_subset_of_clients:46 - Updating parameters on client #9
2020-10-28 16:20:07.137 | INFO     | server:train_subset_of_clients:46 - Updating parameters on client #10
2020-10-28 16:20:07.139 | INFO     | server:train_subset_of_clients:46 - Updating parameters on client #11
2020-10-28 16:20:07.141 | INFO     | server:train_subset_of_clients:46 - Updating parameters on client #12
2020-10-28 16:20:07.142 | INFO     | server:train_subset_of_clients:46 - Updating parameters on client #13
2020-10-28 16:20:07.144 | INFO     | server:train_subset_of_clients:46 - Updating parameters on client #14
2020-10-28 16:20:07.146 | INFO     | server:train_subset_of_clients:46 - Updating parameters on client #15
2020-10-28 16:20:07.147 | INFO     | server:train_subset_of_clients:46 - Updating parameters on client #16
2020-10-28 16:20:07.149 | INFO     | server:train_subset_of_clients:46 - Updating parameters on client #17
2020-10-28 16:20:07.151 | INFO     | server:train_subset_of_clients:46 - Updating parameters on client #18
2020-10-28 16:20:07.152 | INFO     | server:train_subset_of_clients:46 - Updating parameters on client #19
2020-10-28 16:20:07.154 | INFO     | server:train_subset_of_clients:46 - Updating parameters on client #20
2020-10-28 16:20:07.156 | INFO     | server:train_subset_of_clients:46 - Updating parameters on client #21
2020-10-28 16:20:07.158 | INFO     | server:train_subset_of_clients:46 - Updating parameters on client #22
2020-10-28 16:20:07.160 | INFO     | server:train_subset_of_clients:46 - Updating parameters on client #23
2020-10-28 16:20:07.161 | INFO     | server:train_subset_of_clients:46 - Updating parameters on client #24
2020-10-28 16:20:07.163 | INFO     | server:train_subset_of_clients:46 - Updating parameters on client #25
2020-10-28 16:20:07.165 | INFO     | server:train_subset_of_clients:46 - Updating parameters on client #26
2020-10-28 16:20:07.166 | INFO     | server:train_subset_of_clients:46 - Updating parameters on client #27
2020-10-28 16:20:07.168 | INFO     | server:train_subset_of_clients:46 - Updating parameters on client #28
2020-10-28 16:20:07.170 | INFO     | server:train_subset_of_clients:46 - Updating parameters on client #29
2020-10-28 16:20:07.171 | INFO     | server:train_subset_of_clients:46 - Updating parameters on client #30
2020-10-28 16:20:07.173 | INFO     | server:train_subset_of_clients:46 - Updating parameters on client #31
2020-10-28 16:20:07.174 | INFO     | server:train_subset_of_clients:46 - Updating parameters on client #32
2020-10-28 16:20:07.176 | INFO     | server:train_subset_of_clients:46 - Updating parameters on client #33
2020-10-28 16:20:07.177 | INFO     | server:train_subset_of_clients:46 - Updating parameters on client #34
2020-10-28 16:20:07.179 | INFO     | server:train_subset_of_clients:46 - Updating parameters on client #35
2020-10-28 16:20:07.181 | INFO     | server:train_subset_of_clients:46 - Updating parameters on client #36
2020-10-28 16:20:07.183 | INFO     | server:train_subset_of_clients:46 - Updating parameters on client #37
2020-10-28 16:20:07.185 | INFO     | server:train_subset_of_clients:46 - Updating parameters on client #38
2020-10-28 16:20:07.186 | INFO     | server:train_subset_of_clients:46 - Updating parameters on client #39
2020-10-28 16:20:07.188 | INFO     | server:train_subset_of_clients:46 - Updating parameters on client #40
2020-10-28 16:20:07.190 | INFO     | server:train_subset_of_clients:46 - Updating parameters on client #41
2020-10-28 16:20:07.192 | INFO     | server:train_subset_of_clients:46 - Updating parameters on client #42
2020-10-28 16:20:07.193 | INFO     | server:train_subset_of_clients:46 - Updating parameters on client #43
2020-10-28 16:20:07.195 | INFO     | server:train_subset_of_clients:46 - Updating parameters on client #44
2020-10-28 16:20:07.197 | INFO     | server:train_subset_of_clients:46 - Updating parameters on client #45
2020-10-28 16:20:07.198 | INFO     | server:train_subset_of_clients:46 - Updating parameters on client #46
2020-10-28 16:20:07.200 | INFO     | server:train_subset_of_clients:46 - Updating parameters on client #47
2020-10-28 16:20:07.202 | INFO     | server:train_subset_of_clients:46 - Updating parameters on client #48
2020-10-28 16:20:07.203 | INFO     | server:train_subset_of_clients:46 - Updating parameters on client #49
2020-10-28 16:20:11.207 | DEBUG    | client:test:203 - Test set: Accuracy: 7519/10000 (75%)
2020-10-28 16:20:11.208 | DEBUG    | client:test:204 - Test set: Loss: 6.606060206890106
2020-10-28 16:20:11.240 | DEBUG    | client:test:205 - Classification Report:
              precision    recall  f1-score   support

           0       0.78      0.84      0.81      1000
           1       1.00      0.01      0.01      1000
           2       0.83      0.66      0.74      1000
           3       0.85      0.84      0.85      1000
           4       0.73      0.79      0.76      1000
           5       0.97      0.89      0.93      1000
           6       0.57      0.63      0.60      1000
           7       0.86      0.96      0.91      1000
           8       0.93      0.96      0.95      1000
           9       0.49      0.92      0.64      1000

    accuracy                           0.75     10000
   macro avg       0.80      0.75      0.72     10000
weighted avg       0.80      0.75      0.72     10000

2020-10-28 16:20:11.242 | DEBUG    | client:test:206 - Confusion Matrix:
[[839   0   4  28   6   5 102   0  16   0]
 [ 12   5   8  61   5   0  13   0   3 893]
 [ 18   0 663   5 152   0 152   1   9   0]
 [ 39   0   3 845  38   1  67   0   5   2]
 [  1   0  49  29 793   1 120   0   7   0]
 [  0   0   0   2   0 893   1  83   3  18]
 [162   0  67  22  91   2 634   0  22   0]
 [  0   0   0   0   0   9   0 962   1  28]
 [  2   0   1   6   2   2  17   5 963   2]
 [  0   0   0   0   0   3   2  72   1 922]]
2020-10-28 16:20:11.243 | DEBUG    | client:test:207 - Class precision: [0.78191985 1.         0.83396226 0.84669339 0.72953082 0.97489083
 0.57220217 0.85663402 0.93495146 0.49436997]
2020-10-28 16:20:11.244 | DEBUG    | client:test:208 - Class recall: [0.839 0.005 0.663 0.845 0.793 0.893 0.634 0.962 0.963 0.922]
2020-10-28 16:20:11.246 | INFO     | server:train_subset_of_clients:38 - Training epoch #5 on client #24
2020-10-28 16:20:11.276 | INFO     | client:train:139 - [5,     0] loss: 0.006
2020-10-28 16:20:13.247 | INFO     | client:train:139 - [5,   100] loss: 0.465
2020-10-28 16:20:13.621 | INFO     | server:train_subset_of_clients:38 - Training epoch #5 on client #19
2020-10-28 16:20:13.641 | INFO     | client:train:139 - [5,     0] loss: 0.008
2020-10-28 16:20:15.603 | INFO     | client:train:139 - [5,   100] loss: 0.520
2020-10-28 16:20:15.974 | INFO     | server:train_subset_of_clients:38 - Training epoch #5 on client #7
2020-10-28 16:20:15.995 | INFO     | client:train:139 - [5,     0] loss: 0.003
2020-10-28 16:20:17.963 | INFO     | client:train:139 - [5,   100] loss: 0.522
2020-10-28 16:20:18.346 | INFO     | server:train_subset_of_clients:38 - Training epoch #5 on client #9
2020-10-28 16:20:18.366 | INFO     | client:train:139 - [5,     0] loss: 0.005
2020-10-28 16:20:20.320 | INFO     | client:train:139 - [5,   100] loss: 0.522
2020-10-28 16:20:20.691 | INFO     | server:train_subset_of_clients:38 - Training epoch #5 on client #5
2020-10-28 16:20:20.712 | INFO     | client:train:139 - [5,     0] loss: 0.006
2020-10-28 16:20:22.670 | INFO     | client:train:139 - [5,   100] loss: 0.501
2020-10-28 16:20:23.048 | INFO     | server:train_subset_of_clients:41 - Averaging client parameters
2020-10-28 16:20:23.051 | INFO     | server:train_subset_of_clients:46 - Updating parameters on client #0
2020-10-28 16:20:23.053 | INFO     | server:train_subset_of_clients:46 - Updating parameters on client #1
2020-10-28 16:20:23.054 | INFO     | server:train_subset_of_clients:46 - Updating parameters on client #2
2020-10-28 16:20:23.056 | INFO     | server:train_subset_of_clients:46 - Updating parameters on client #3
2020-10-28 16:20:23.058 | INFO     | server:train_subset_of_clients:46 - Updating parameters on client #4
2020-10-28 16:20:23.059 | INFO     | server:train_subset_of_clients:46 - Updating parameters on client #5
2020-10-28 16:20:23.061 | INFO     | server:train_subset_of_clients:46 - Updating parameters on client #6
2020-10-28 16:20:23.063 | INFO     | server:train_subset_of_clients:46 - Updating parameters on client #7
2020-10-28 16:20:23.065 | INFO     | server:train_subset_of_clients:46 - Updating parameters on client #8
2020-10-28 16:20:23.066 | INFO     | server:train_subset_of_clients:46 - Updating parameters on client #9
2020-10-28 16:20:23.068 | INFO     | server:train_subset_of_clients:46 - Updating parameters on client #10
2020-10-28 16:20:23.070 | INFO     | server:train_subset_of_clients:46 - Updating parameters on client #11
2020-10-28 16:20:23.071 | INFO     | server:train_subset_of_clients:46 - Updating parameters on client #12
2020-10-28 16:20:23.073 | INFO     | server:train_subset_of_clients:46 - Updating parameters on client #13
2020-10-28 16:20:23.075 | INFO     | server:train_subset_of_clients:46 - Updating parameters on client #14
2020-10-28 16:20:23.077 | INFO     | server:train_subset_of_clients:46 - Updating parameters on client #15
2020-10-28 16:20:23.078 | INFO     | server:train_subset_of_clients:46 - Updating parameters on client #16
2020-10-28 16:20:23.080 | INFO     | server:train_subset_of_clients:46 - Updating parameters on client #17
2020-10-28 16:20:23.081 | INFO     | server:train_subset_of_clients:46 - Updating parameters on client #18
2020-10-28 16:20:23.083 | INFO     | server:train_subset_of_clients:46 - Updating parameters on client #19
2020-10-28 16:20:23.085 | INFO     | server:train_subset_of_clients:46 - Updating parameters on client #20
2020-10-28 16:20:23.086 | INFO     | server:train_subset_of_clients:46 - Updating parameters on client #21
2020-10-28 16:20:23.088 | INFO     | server:train_subset_of_clients:46 - Updating parameters on client #22
2020-10-28 16:20:23.090 | INFO     | server:train_subset_of_clients:46 - Updating parameters on client #23
2020-10-28 16:20:23.092 | INFO     | server:train_subset_of_clients:46 - Updating parameters on client #24
2020-10-28 16:20:23.093 | INFO     | server:train_subset_of_clients:46 - Updating parameters on client #25
2020-10-28 16:20:23.095 | INFO     | server:train_subset_of_clients:46 - Updating parameters on client #26
2020-10-28 16:20:23.096 | INFO     | server:train_subset_of_clients:46 - Updating parameters on client #27
2020-10-28 16:20:23.098 | INFO     | server:train_subset_of_clients:46 - Updating parameters on client #28
2020-10-28 16:20:23.100 | INFO     | server:train_subset_of_clients:46 - Updating parameters on client #29
2020-10-28 16:20:23.101 | INFO     | server:train_subset_of_clients:46 - Updating parameters on client #30
2020-10-28 16:20:23.103 | INFO     | server:train_subset_of_clients:46 - Updating parameters on client #31
2020-10-28 16:20:23.104 | INFO     | server:train_subset_of_clients:46 - Updating parameters on client #32
2020-10-28 16:20:23.106 | INFO     | server:train_subset_of_clients:46 - Updating parameters on client #33
2020-10-28 16:20:23.108 | INFO     | server:train_subset_of_clients:46 - Updating parameters on client #34
2020-10-28 16:20:23.110 | INFO     | server:train_subset_of_clients:46 - Updating parameters on client #35
2020-10-28 16:20:23.111 | INFO     | server:train_subset_of_clients:46 - Updating parameters on client #36
2020-10-28 16:20:23.113 | INFO     | server:train_subset_of_clients:46 - Updating parameters on client #37
2020-10-28 16:20:23.114 | INFO     | server:train_subset_of_clients:46 - Updating parameters on client #38
2020-10-28 16:20:23.116 | INFO     | server:train_subset_of_clients:46 - Updating parameters on client #39
2020-10-28 16:20:23.118 | INFO     | server:train_subset_of_clients:46 - Updating parameters on client #40
2020-10-28 16:20:23.120 | INFO     | server:train_subset_of_clients:46 - Updating parameters on client #41
2020-10-28 16:20:23.122 | INFO     | server:train_subset_of_clients:46 - Updating parameters on client #42
2020-10-28 16:20:23.123 | INFO     | server:train_subset_of_clients:46 - Updating parameters on client #43
2020-10-28 16:20:23.125 | INFO     | server:train_subset_of_clients:46 - Updating parameters on client #44
2020-10-28 16:20:23.126 | INFO     | server:train_subset_of_clients:46 - Updating parameters on client #45
2020-10-28 16:20:23.128 | INFO     | server:train_subset_of_clients:46 - Updating parameters on client #46
2020-10-28 16:20:23.130 | INFO     | server:train_subset_of_clients:46 - Updating parameters on client #47
2020-10-28 16:20:23.131 | INFO     | server:train_subset_of_clients:46 - Updating parameters on client #48
2020-10-28 16:20:23.133 | INFO     | server:train_subset_of_clients:46 - Updating parameters on client #49
2020-10-28 16:20:27.140 | DEBUG    | client:test:203 - Test set: Accuracy: 8295/10000 (83%)
2020-10-28 16:20:27.141 | DEBUG    | client:test:204 - Test set: Loss: 4.7716585993766785
2020-10-28 16:20:27.172 | DEBUG    | client:test:205 - Classification Report:
              precision    recall  f1-score   support

           0       0.84      0.78      0.81      1000
           1       1.00      0.71      0.83      1000
           2       0.79      0.76      0.78      1000
           3       0.75      0.91      0.82      1000
           4       0.75      0.77      0.76      1000
           5       0.94      0.95      0.94      1000
           6       0.64      0.59      0.62      1000
           7       0.93      0.90      0.91      1000
           8       0.93      0.96      0.95      1000
           9       0.79      0.96      0.87      1000

    accuracy                           0.83     10000
   macro avg       0.84      0.83      0.83     10000
weighted avg       0.84      0.83      0.83     10000

2020-10-28 16:20:27.173 | DEBUG    | client:test:206 - Confusion Matrix:
[[775   0  13  81   6   6 100   0  19   0]
 [  0 707   7  90   5   1   8   0   2 180]
 [ 11   0 763  14 112   2  86   0  12   0]
 [ 12   0   4 912  30   1  37   0   4   0]
 [  0   0  83  46 772   1  89   0   8   1]
 [  0   0   0   4   0 946   0  33   1  16]
 [127   0  90  59 101   4 591   0  26   2]
 [  0   0   0   0   0  37   0 901   1  61]
 [  0   0   3  11   3   4   8   4 965   2]
 [  0   0   0   0   0   4   0  32   1 963]]
2020-10-28 16:20:27.174 | DEBUG    | client:test:207 - Class precision: [0.83783784 1.         0.79231568 0.74938373 0.75024295 0.94035785
 0.64309032 0.92886598 0.92877767 0.78612245]
2020-10-28 16:20:27.175 | DEBUG    | client:test:208 - Class recall: [0.775 0.707 0.763 0.912 0.772 0.946 0.591 0.901 0.965 0.963]
2020-10-28 16:20:27.177 | INFO     | server:train_subset_of_clients:38 - Training epoch #6 on client #4
2020-10-28 16:20:27.207 | INFO     | client:train:139 - [6,     0] loss: 0.004
2020-10-28 16:20:29.161 | INFO     | client:train:139 - [6,   100] loss: 0.490
2020-10-28 16:20:29.535 | INFO     | server:train_subset_of_clients:38 - Training epoch #6 on client #26
2020-10-28 16:20:29.556 | INFO     | client:train:139 - [6,     0] loss: 0.004
2020-10-28 16:20:31.521 | INFO     | client:train:139 - [6,   100] loss: 0.494
2020-10-28 16:20:31.895 | INFO     | server:train_subset_of_clients:38 - Training epoch #6 on client #10
2020-10-28 16:20:31.916 | INFO     | client:train:139 - [6,     0] loss: 0.002
2020-10-28 16:20:33.869 | INFO     | client:train:139 - [6,   100] loss: 0.490
2020-10-28 16:20:34.247 | INFO     | server:train_subset_of_clients:38 - Training epoch #6 on client #12
2020-10-28 16:20:34.267 | INFO     | client:train:139 - [6,     0] loss: 0.003
2020-10-28 16:20:36.219 | INFO     | client:train:139 - [6,   100] loss: 0.464
2020-10-28 16:20:36.590 | INFO     | server:train_subset_of_clients:38 - Training epoch #6 on client #0
2020-10-28 16:20:36.611 | INFO     | client:train:139 - [6,     0] loss: 0.010
2020-10-28 16:20:38.587 | INFO     | client:train:139 - [6,   100] loss: 0.548
2020-10-28 16:20:38.956 | INFO     | server:train_subset_of_clients:41 - Averaging client parameters
2020-10-28 16:20:38.959 | INFO     | server:train_subset_of_clients:46 - Updating parameters on client #0
2020-10-28 16:20:38.961 | INFO     | server:train_subset_of_clients:46 - Updating parameters on client #1
2020-10-28 16:20:38.963 | INFO     | server:train_subset_of_clients:46 - Updating parameters on client #2
2020-10-28 16:20:38.966 | INFO     | server:train_subset_of_clients:46 - Updating parameters on client #3
2020-10-28 16:20:38.967 | INFO     | server:train_subset_of_clients:46 - Updating parameters on client #4
2020-10-28 16:20:38.969 | INFO     | server:train_subset_of_clients:46 - Updating parameters on client #5
2020-10-28 16:20:38.971 | INFO     | server:train_subset_of_clients:46 - Updating parameters on client #6
2020-10-28 16:20:38.973 | INFO     | server:train_subset_of_clients:46 - Updating parameters on client #7
2020-10-28 16:20:38.975 | INFO     | server:train_subset_of_clients:46 - Updating parameters on client #8
2020-10-28 16:20:38.976 | INFO     | server:train_subset_of_clients:46 - Updating parameters on client #9
2020-10-28 16:20:38.978 | INFO     | server:train_subset_of_clients:46 - Updating parameters on client #10
2020-10-28 16:20:38.980 | INFO     | server:train_subset_of_clients:46 - Updating parameters on client #11
2020-10-28 16:20:38.981 | INFO     | server:train_subset_of_clients:46 - Updating parameters on client #12
2020-10-28 16:20:38.983 | INFO     | server:train_subset_of_clients:46 - Updating parameters on client #13
2020-10-28 16:20:38.985 | INFO     | server:train_subset_of_clients:46 - Updating parameters on client #14
2020-10-28 16:20:38.986 | INFO     | server:train_subset_of_clients:46 - Updating parameters on client #15
2020-10-28 16:20:38.988 | INFO     | server:train_subset_of_clients:46 - Updating parameters on client #16
2020-10-28 16:20:38.989 | INFO     | server:train_subset_of_clients:46 - Updating parameters on client #17
2020-10-28 16:20:38.991 | INFO     | server:train_subset_of_clients:46 - Updating parameters on client #18
2020-10-28 16:20:38.993 | INFO     | server:train_subset_of_clients:46 - Updating parameters on client #19
2020-10-28 16:20:38.995 | INFO     | server:train_subset_of_clients:46 - Updating parameters on client #20
2020-10-28 16:20:38.996 | INFO     | server:train_subset_of_clients:46 - Updating parameters on client #21
2020-10-28 16:20:38.998 | INFO     | server:train_subset_of_clients:46 - Updating parameters on client #22
2020-10-28 16:20:39.000 | INFO     | server:train_subset_of_clients:46 - Updating parameters on client #23
2020-10-28 16:20:39.001 | INFO     | server:train_subset_of_clients:46 - Updating parameters on client #24
2020-10-28 16:20:39.003 | INFO     | server:train_subset_of_clients:46 - Updating parameters on client #25
2020-10-28 16:20:39.004 | INFO     | server:train_subset_of_clients:46 - Updating parameters on client #26
2020-10-28 16:20:39.006 | INFO     | server:train_subset_of_clients:46 - Updating parameters on client #27
2020-10-28 16:20:39.008 | INFO     | server:train_subset_of_clients:46 - Updating parameters on client #28
2020-10-28 16:20:39.010 | INFO     | server:train_subset_of_clients:46 - Updating parameters on client #29
2020-10-28 16:20:39.012 | INFO     | server:train_subset_of_clients:46 - Updating parameters on client #30
2020-10-28 16:20:39.013 | INFO     | server:train_subset_of_clients:46 - Updating parameters on client #31
2020-10-28 16:20:39.015 | INFO     | server:train_subset_of_clients:46 - Updating parameters on client #32
2020-10-28 16:20:39.016 | INFO     | server:train_subset_of_clients:46 - Updating parameters on client #33
2020-10-28 16:20:39.018 | INFO     | server:train_subset_of_clients:46 - Updating parameters on client #34
2020-10-28 16:20:39.020 | INFO     | server:train_subset_of_clients:46 - Updating parameters on client #35
2020-10-28 16:20:39.021 | INFO     | server:train_subset_of_clients:46 - Updating parameters on client #36
2020-10-28 16:20:39.023 | INFO     | server:train_subset_of_clients:46 - Updating parameters on client #37
2020-10-28 16:20:39.025 | INFO     | server:train_subset_of_clients:46 - Updating parameters on client #38
2020-10-28 16:20:39.027 | INFO     | server:train_subset_of_clients:46 - Updating parameters on client #39
2020-10-28 16:20:39.028 | INFO     | server:train_subset_of_clients:46 - Updating parameters on client #40
2020-10-28 16:20:39.030 | INFO     | server:train_subset_of_clients:46 - Updating parameters on client #41
2020-10-28 16:20:39.031 | INFO     | server:train_subset_of_clients:46 - Updating parameters on client #42
2020-10-28 16:20:39.033 | INFO     | server:train_subset_of_clients:46 - Updating parameters on client #43
2020-10-28 16:20:39.035 | INFO     | server:train_subset_of_clients:46 - Updating parameters on client #44
2020-10-28 16:20:39.036 | INFO     | server:train_subset_of_clients:46 - Updating parameters on client #45
2020-10-28 16:20:39.038 | INFO     | server:train_subset_of_clients:46 - Updating parameters on client #46
2020-10-28 16:20:39.040 | INFO     | server:train_subset_of_clients:46 - Updating parameters on client #47
2020-10-28 16:20:39.042 | INFO     | server:train_subset_of_clients:46 - Updating parameters on client #48
2020-10-28 16:20:39.043 | INFO     | server:train_subset_of_clients:46 - Updating parameters on client #49
2020-10-28 16:20:42.995 | DEBUG    | client:test:203 - Test set: Accuracy: 8565/10000 (86%)
2020-10-28 16:20:42.995 | DEBUG    | client:test:204 - Test set: Loss: 4.094939142465591
2020-10-28 16:20:43.026 | DEBUG    | client:test:205 - Classification Report:
              precision    recall  f1-score   support

           0       0.77      0.86      0.81      1000
           1       0.99      0.94      0.97      1000
           2       0.77      0.81      0.79      1000
           3       0.82      0.90      0.86      1000
           4       0.78      0.74      0.76      1000
           5       0.98      0.90      0.94      1000
           6       0.67      0.55      0.60      1000
           7       0.88      0.95      0.91      1000
           8       0.95      0.96      0.96      1000
           9       0.94      0.95      0.95      1000

    accuracy                           0.86     10000
   macro avg       0.86      0.86      0.85     10000
weighted avg       0.86      0.86      0.85     10000

2020-10-28 16:20:43.027 | DEBUG    | client:test:206 - Confusion Matrix:
[[865   0  10  44   5   4  61   1  10   0]
 [  2 940   6  40   5   0   5   0   2   0]
 [ 22   0 809  11  88   0  62   1   7   0]
 [ 26   2   5 900  22   1  43   0   1   0]
 [  0   2 112  44 745   0  95   0   2   0]
 [  0   0   0   4   0 897   0  78   2  19]
 [202   1 104  38  87   0 548   0  20   0]
 [  0   0   0   0   0   9   0 948   1  42]
 [  6   1   3  13   2   2   8   5 959   1]
 [  0   0   0   0   0   3   1  41   1 954]]
2020-10-28 16:20:43.028 | DEBUG    | client:test:207 - Class precision: [0.77025824 0.99365751 0.77121068 0.8226691  0.78092243 0.97925764
 0.66585662 0.88268156 0.95422886 0.93897638]
2020-10-28 16:20:43.029 | DEBUG    | client:test:208 - Class recall: [0.865 0.94  0.809 0.9   0.745 0.897 0.548 0.948 0.959 0.954]
2020-10-28 16:20:43.032 | INFO     | server:train_subset_of_clients:38 - Training epoch #7 on client #7
2020-10-28 16:20:43.061 | INFO     | client:train:139 - [7,     0] loss: 0.015
2020-10-28 16:20:45.042 | INFO     | client:train:139 - [7,   100] loss: 0.460
2020-10-28 16:20:45.425 | INFO     | server:train_subset_of_clients:38 - Training epoch #7 on client #18
2020-10-28 16:20:45.444 | INFO     | client:train:139 - [7,     0] loss: 0.007
2020-10-28 16:20:47.400 | INFO     | client:train:139 - [7,   100] loss: 0.498
2020-10-28 16:20:47.774 | INFO     | server:train_subset_of_clients:38 - Training epoch #7 on client #39
2020-10-28 16:20:47.794 | INFO     | client:train:139 - [7,     0] loss: 0.008
2020-10-28 16:20:49.760 | INFO     | client:train:139 - [7,   100] loss: 0.493
2020-10-28 16:20:50.139 | INFO     | server:train_subset_of_clients:38 - Training epoch #7 on client #0
2020-10-28 16:20:50.159 | INFO     | client:train:139 - [7,     0] loss: 0.001
2020-10-28 16:20:52.117 | INFO     | client:train:139 - [7,   100] loss: 0.492
2020-10-28 16:20:52.487 | INFO     | server:train_subset_of_clients:38 - Training epoch #7 on client #19
2020-10-28 16:20:52.508 | INFO     | client:train:139 - [7,     0] loss: 0.002
2020-10-28 16:20:54.462 | INFO     | client:train:139 - [7,   100] loss: 0.490
2020-10-28 16:20:54.833 | INFO     | server:train_subset_of_clients:41 - Averaging client parameters
2020-10-28 16:20:54.835 | INFO     | server:train_subset_of_clients:46 - Updating parameters on client #0
2020-10-28 16:20:54.837 | INFO     | server:train_subset_of_clients:46 - Updating parameters on client #1
2020-10-28 16:20:54.839 | INFO     | server:train_subset_of_clients:46 - Updating parameters on client #2
2020-10-28 16:20:54.841 | INFO     | server:train_subset_of_clients:46 - Updating parameters on client #3
2020-10-28 16:20:54.843 | INFO     | server:train_subset_of_clients:46 - Updating parameters on client #4
2020-10-28 16:20:54.844 | INFO     | server:train_subset_of_clients:46 - Updating parameters on client #5
2020-10-28 16:20:54.846 | INFO     | server:train_subset_of_clients:46 - Updating parameters on client #6
2020-10-28 16:20:54.848 | INFO     | server:train_subset_of_clients:46 - Updating parameters on client #7
2020-10-28 16:20:54.850 | INFO     | server:train_subset_of_clients:46 - Updating parameters on client #8
2020-10-28 16:20:54.852 | INFO     | server:train_subset_of_clients:46 - Updating parameters on client #9
2020-10-28 16:20:54.853 | INFO     | server:train_subset_of_clients:46 - Updating parameters on client #10
2020-10-28 16:20:54.855 | INFO     | server:train_subset_of_clients:46 - Updating parameters on client #11
2020-10-28 16:20:54.857 | INFO     | server:train_subset_of_clients:46 - Updating parameters on client #12
2020-10-28 16:20:54.858 | INFO     | server:train_subset_of_clients:46 - Updating parameters on client #13
2020-10-28 16:20:54.860 | INFO     | server:train_subset_of_clients:46 - Updating parameters on client #14
2020-10-28 16:20:54.862 | INFO     | server:train_subset_of_clients:46 - Updating parameters on client #15
2020-10-28 16:20:54.864 | INFO     | server:train_subset_of_clients:46 - Updating parameters on client #16
2020-10-28 16:20:54.866 | INFO     | server:train_subset_of_clients:46 - Updating parameters on client #17
2020-10-28 16:20:54.868 | INFO     | server:train_subset_of_clients:46 - Updating parameters on client #18
2020-10-28 16:20:54.870 | INFO     | server:train_subset_of_clients:46 - Updating parameters on client #19
2020-10-28 16:20:54.871 | INFO     | server:train_subset_of_clients:46 - Updating parameters on client #20
2020-10-28 16:20:54.873 | INFO     | server:train_subset_of_clients:46 - Updating parameters on client #21
2020-10-28 16:20:54.874 | INFO     | server:train_subset_of_clients:46 - Updating parameters on client #22
2020-10-28 16:20:54.876 | INFO     | server:train_subset_of_clients:46 - Updating parameters on client #23
2020-10-28 16:20:54.878 | INFO     | server:train_subset_of_clients:46 - Updating parameters on client #24
2020-10-28 16:20:54.880 | INFO     | server:train_subset_of_clients:46 - Updating parameters on client #25
2020-10-28 16:20:54.882 | INFO     | server:train_subset_of_clients:46 - Updating parameters on client #26
2020-10-28 16:20:54.883 | INFO     | server:train_subset_of_clients:46 - Updating parameters on client #27
2020-10-28 16:20:54.885 | INFO     | server:train_subset_of_clients:46 - Updating parameters on client #28
2020-10-28 16:20:54.887 | INFO     | server:train_subset_of_clients:46 - Updating parameters on client #29
2020-10-28 16:20:54.888 | INFO     | server:train_subset_of_clients:46 - Updating parameters on client #30
2020-10-28 16:20:54.890 | INFO     | server:train_subset_of_clients:46 - Updating parameters on client #31
2020-10-28 16:20:54.892 | INFO     | server:train_subset_of_clients:46 - Updating parameters on client #32
2020-10-28 16:20:54.894 | INFO     | server:train_subset_of_clients:46 - Updating parameters on client #33
2020-10-28 16:20:54.895 | INFO     | server:train_subset_of_clients:46 - Updating parameters on client #34
2020-10-28 16:20:54.897 | INFO     | server:train_subset_of_clients:46 - Updating parameters on client #35
2020-10-28 16:20:54.899 | INFO     | server:train_subset_of_clients:46 - Updating parameters on client #36
2020-10-28 16:20:54.900 | INFO     | server:train_subset_of_clients:46 - Updating parameters on client #37
2020-10-28 16:20:54.902 | INFO     | server:train_subset_of_clients:46 - Updating parameters on client #38
2020-10-28 16:20:54.904 | INFO     | server:train_subset_of_clients:46 - Updating parameters on client #39
2020-10-28 16:20:54.906 | INFO     | server:train_subset_of_clients:46 - Updating parameters on client #40
2020-10-28 16:20:54.907 | INFO     | server:train_subset_of_clients:46 - Updating parameters on client #41
2020-10-28 16:20:54.909 | INFO     | server:train_subset_of_clients:46 - Updating parameters on client #42
2020-10-28 16:20:54.910 | INFO     | server:train_subset_of_clients:46 - Updating parameters on client #43
2020-10-28 16:20:54.912 | INFO     | server:train_subset_of_clients:46 - Updating parameters on client #44
2020-10-28 16:20:54.914 | INFO     | server:train_subset_of_clients:46 - Updating parameters on client #45
2020-10-28 16:20:54.915 | INFO     | server:train_subset_of_clients:46 - Updating parameters on client #46
2020-10-28 16:20:54.917 | INFO     | server:train_subset_of_clients:46 - Updating parameters on client #47
2020-10-28 16:20:54.919 | INFO     | server:train_subset_of_clients:46 - Updating parameters on client #48
2020-10-28 16:20:54.921 | INFO     | server:train_subset_of_clients:46 - Updating parameters on client #49
2020-10-28 16:20:58.984 | DEBUG    | client:test:203 - Test set: Accuracy: 8429/10000 (84%)
2020-10-28 16:20:58.986 | DEBUG    | client:test:204 - Test set: Loss: 4.444472014904022
2020-10-28 16:20:59.019 | DEBUG    | client:test:205 - Classification Report:
              precision    recall  f1-score   support

           0       0.85      0.75      0.80      1000
           1       1.00      0.87      0.93      1000
           2       0.81      0.75      0.78      1000
           3       0.83      0.88      0.86      1000
           4       0.81      0.66      0.73      1000
           5       0.94      0.96      0.95      1000
           6       0.54      0.74      0.62      1000
           7       0.94      0.91      0.92      1000
           8       0.96      0.96      0.96      1000
           9       0.89      0.96      0.92      1000

    accuracy                           0.84     10000
   macro avg       0.86      0.84      0.85     10000
weighted avg       0.86      0.84      0.85     10000

2020-10-28 16:20:59.021 | DEBUG    | client:test:206 - Confusion Matrix:
[[751   0   8  38   2   6 183   0  12   0]
 [  2 868   7  50   3   0  12   0   2  56]
 [ 14   0 749   8  78   1 145   0   5   0]
 [ 19   2   6 879  22   1  69   0   2   0]
 [  0   0  84  40 662   0 210   0   3   1]
 [  0   0   0   2   0 956   1  26   1  14]
 [ 99   0  69  30  48   0 738   0  16   0]
 [  0   0   0   0   0  45   0 907   1  47]
 [  1   1   1   8   2   4  18   5 960   0]
 [  0   0   0   0   0   7   2  31   1 959]]
2020-10-28 16:20:59.022 | DEBUG    | client:test:207 - Class precision: [0.8476298  0.99655568 0.81060606 0.83317536 0.81028152 0.9372549
 0.53555878 0.93601651 0.95712861 0.8904364 ]
2020-10-28 16:20:59.023 | DEBUG    | client:test:208 - Class recall: [0.751 0.868 0.749 0.879 0.662 0.956 0.738 0.907 0.96  0.959]
2020-10-28 16:20:59.026 | INFO     | server:train_subset_of_clients:38 - Training epoch #8 on client #37
2020-10-28 16:20:59.057 | INFO     | client:train:139 - [8,     0] loss: 0.010
2020-10-28 16:21:01.287 | INFO     | client:train:139 - [8,   100] loss: 0.515
2020-10-28 16:21:01.684 | INFO     | server:train_subset_of_clients:38 - Training epoch #8 on client #10
2020-10-28 16:21:01.705 | INFO     | client:train:139 - [8,     0] loss: 0.006
2020-10-28 16:21:03.733 | INFO     | client:train:139 - [8,   100] loss: 0.420
2020-10-28 16:21:04.128 | INFO     | server:train_subset_of_clients:38 - Training epoch #8 on client #6
2020-10-28 16:21:04.152 | INFO     | client:train:139 - [8,     0] loss: 0.009
2020-10-28 16:21:06.161 | INFO     | client:train:139 - [8,   100] loss: 0.441
2020-10-28 16:21:06.533 | INFO     | server:train_subset_of_clients:38 - Training epoch #8 on client #39
2020-10-28 16:21:06.553 | INFO     | client:train:139 - [8,     0] loss: 0.002
2020-10-28 16:21:08.640 | INFO     | client:train:139 - [8,   100] loss: 0.464
2020-10-28 16:21:09.077 | INFO     | server:train_subset_of_clients:38 - Training epoch #8 on client #2
2020-10-28 16:21:09.102 | INFO     | client:train:139 - [8,     0] loss: 0.006
2020-10-28 16:21:11.215 | INFO     | client:train:139 - [8,   100] loss: 0.470
2020-10-28 16:21:11.619 | INFO     | server:train_subset_of_clients:41 - Averaging client parameters
2020-10-28 16:21:11.622 | INFO     | server:train_subset_of_clients:46 - Updating parameters on client #0
2020-10-28 16:21:11.623 | INFO     | server:train_subset_of_clients:46 - Updating parameters on client #1
2020-10-28 16:21:11.625 | INFO     | server:train_subset_of_clients:46 - Updating parameters on client #2
2020-10-28 16:21:11.628 | INFO     | server:train_subset_of_clients:46 - Updating parameters on client #3
2020-10-28 16:21:11.630 | INFO     | server:train_subset_of_clients:46 - Updating parameters on client #4
2020-10-28 16:21:11.632 | INFO     | server:train_subset_of_clients:46 - Updating parameters on client #5
2020-10-28 16:21:11.633 | INFO     | server:train_subset_of_clients:46 - Updating parameters on client #6
2020-10-28 16:21:11.635 | INFO     | server:train_subset_of_clients:46 - Updating parameters on client #7
2020-10-28 16:21:11.636 | INFO     | server:train_subset_of_clients:46 - Updating parameters on client #8
2020-10-28 16:21:11.638 | INFO     | server:train_subset_of_clients:46 - Updating parameters on client #9
2020-10-28 16:21:11.640 | INFO     | server:train_subset_of_clients:46 - Updating parameters on client #10
2020-10-28 16:21:11.641 | INFO     | server:train_subset_of_clients:46 - Updating parameters on client #11
2020-10-28 16:21:11.643 | INFO     | server:train_subset_of_clients:46 - Updating parameters on client #12
2020-10-28 16:21:11.645 | INFO     | server:train_subset_of_clients:46 - Updating parameters on client #13
2020-10-28 16:21:11.646 | INFO     | server:train_subset_of_clients:46 - Updating parameters on client #14
2020-10-28 16:21:11.648 | INFO     | server:train_subset_of_clients:46 - Updating parameters on client #15
2020-10-28 16:21:11.650 | INFO     | server:train_subset_of_clients:46 - Updating parameters on client #16
2020-10-28 16:21:11.652 | INFO     | server:train_subset_of_clients:46 - Updating parameters on client #17
2020-10-28 16:21:11.653 | INFO     | server:train_subset_of_clients:46 - Updating parameters on client #18
2020-10-28 16:21:11.655 | INFO     | server:train_subset_of_clients:46 - Updating parameters on client #19
2020-10-28 16:21:11.657 | INFO     | server:train_subset_of_clients:46 - Updating parameters on client #20
2020-10-28 16:21:11.658 | INFO     | server:train_subset_of_clients:46 - Updating parameters on client #21
2020-10-28 16:21:11.660 | INFO     | server:train_subset_of_clients:46 - Updating parameters on client #22
2020-10-28 16:21:11.662 | INFO     | server:train_subset_of_clients:46 - Updating parameters on client #23
2020-10-28 16:21:11.664 | INFO     | server:train_subset_of_clients:46 - Updating parameters on client #24
2020-10-28 16:21:11.665 | INFO     | server:train_subset_of_clients:46 - Updating parameters on client #25
2020-10-28 16:21:11.667 | INFO     | server:train_subset_of_clients:46 - Updating parameters on client #26
2020-10-28 16:21:11.669 | INFO     | server:train_subset_of_clients:46 - Updating parameters on client #27
2020-10-28 16:21:11.670 | INFO     | server:train_subset_of_clients:46 - Updating parameters on client #28
2020-10-28 16:21:11.672 | INFO     | server:train_subset_of_clients:46 - Updating parameters on client #29
2020-10-28 16:21:11.677 | INFO     | server:train_subset_of_clients:46 - Updating parameters on client #30
2020-10-28 16:21:11.682 | INFO     | server:train_subset_of_clients:46 - Updating parameters on client #31
2020-10-28 16:21:11.684 | INFO     | server:train_subset_of_clients:46 - Updating parameters on client #32
2020-10-28 16:21:11.686 | INFO     | server:train_subset_of_clients:46 - Updating parameters on client #33
2020-10-28 16:21:11.689 | INFO     | server:train_subset_of_clients:46 - Updating parameters on client #34
2020-10-28 16:21:11.692 | INFO     | server:train_subset_of_clients:46 - Updating parameters on client #35
2020-10-28 16:21:11.694 | INFO     | server:train_subset_of_clients:46 - Updating parameters on client #36
2020-10-28 16:21:11.697 | INFO     | server:train_subset_of_clients:46 - Updating parameters on client #37
2020-10-28 16:21:11.699 | INFO     | server:train_subset_of_clients:46 - Updating parameters on client #38
2020-10-28 16:21:11.700 | INFO     | server:train_subset_of_clients:46 - Updating parameters on client #39
2020-10-28 16:21:11.702 | INFO     | server:train_subset_of_clients:46 - Updating parameters on client #40
2020-10-28 16:21:11.704 | INFO     | server:train_subset_of_clients:46 - Updating parameters on client #41
2020-10-28 16:21:11.706 | INFO     | server:train_subset_of_clients:46 - Updating parameters on client #42
2020-10-28 16:21:11.708 | INFO     | server:train_subset_of_clients:46 - Updating parameters on client #43
2020-10-28 16:21:11.710 | INFO     | server:train_subset_of_clients:46 - Updating parameters on client #44
2020-10-28 16:21:11.711 | INFO     | server:train_subset_of_clients:46 - Updating parameters on client #45
2020-10-28 16:21:11.713 | INFO     | server:train_subset_of_clients:46 - Updating parameters on client #46
2020-10-28 16:21:11.715 | INFO     | server:train_subset_of_clients:46 - Updating parameters on client #47
2020-10-28 16:21:11.717 | INFO     | server:train_subset_of_clients:46 - Updating parameters on client #48
2020-10-28 16:21:11.718 | INFO     | server:train_subset_of_clients:46 - Updating parameters on client #49
2020-10-28 16:21:15.759 | DEBUG    | client:test:203 - Test set: Accuracy: 8615/10000 (86%)
2020-10-28 16:21:15.760 | DEBUG    | client:test:204 - Test set: Loss: 3.8430246114730835
2020-10-28 16:21:15.791 | DEBUG    | client:test:205 - Classification Report:
              precision    recall  f1-score   support

           0       0.83      0.80      0.81      1000
           1       0.99      0.93      0.96      1000
           2       0.77      0.81      0.79      1000
           3       0.81      0.90      0.86      1000
           4       0.79      0.74      0.77      1000
           5       0.96      0.94      0.95      1000
           6       0.65      0.64      0.64      1000
           7       0.91      0.94      0.92      1000
           8       0.96      0.96      0.96      1000
           9       0.95      0.94      0.95      1000

    accuracy                           0.86     10000
   macro avg       0.86      0.86      0.86     10000
weighted avg       0.86      0.86      0.86     10000

2020-10-28 16:21:15.792 | DEBUG    | client:test:206 - Confusion Matrix:
[[796   0  16  62   5   6 103   0  12   0]
 [  2 929   6  47   5   1   8   0   2   0]
 [ 15   0 813   8  85   1  73   0   5   0]
 [ 16   2   7 904  26   1  43   0   1   0]
 [  0   2 110  39 743   0 104   0   2   0]
 [  0   0   0   2   0 945   0  43   1   9]
 [126   1 101  42  75   0 639   0  16   0]
 [  0   0   0   0   0  21   0 941   1  37]
 [  0   1   4   9   2   3  14   5 962   0]
 [  0   0   0   0   0   5   2  49   1 943]]
2020-10-28 16:21:15.793 | DEBUG    | client:test:207 - Class precision: [0.83350785 0.99358289 0.76915799 0.81221923 0.78958555 0.96134283
 0.64807302 0.90655106 0.95912263 0.95348837]
2020-10-28 16:21:15.794 | DEBUG    | client:test:208 - Class recall: [0.796 0.929 0.813 0.904 0.743 0.945 0.639 0.941 0.962 0.943]
2020-10-28 16:21:15.796 | INFO     | server:train_subset_of_clients:38 - Training epoch #9 on client #27
2020-10-28 16:21:15.827 | INFO     | client:train:139 - [9,     0] loss: 0.003
2020-10-28 16:21:17.788 | INFO     | client:train:139 - [9,   100] loss: 0.401
2020-10-28 16:21:18.189 | INFO     | server:train_subset_of_clients:38 - Training epoch #9 on client #41
2020-10-28 16:21:18.213 | INFO     | client:train:139 - [9,     0] loss: 0.008
2020-10-28 16:21:20.216 | INFO     | client:train:139 - [9,   100] loss: 0.481
2020-10-28 16:21:20.606 | INFO     | server:train_subset_of_clients:38 - Training epoch #9 on client #26
2020-10-28 16:21:20.627 | INFO     | client:train:139 - [9,     0] loss: 0.002
2020-10-28 16:21:22.596 | INFO     | client:train:139 - [9,   100] loss: 0.447
2020-10-28 16:21:22.974 | INFO     | server:train_subset_of_clients:38 - Training epoch #9 on client #30
2020-10-28 16:21:22.995 | INFO     | client:train:139 - [9,     0] loss: 0.010
2020-10-28 16:21:24.957 | INFO     | client:train:139 - [9,   100] loss: 0.400
2020-10-28 16:21:25.330 | INFO     | server:train_subset_of_clients:38 - Training epoch #9 on client #6
2020-10-28 16:21:25.351 | INFO     | client:train:139 - [9,     0] loss: 0.007
2020-10-28 16:21:27.314 | INFO     | client:train:139 - [9,   100] loss: 0.420
2020-10-28 16:21:27.683 | INFO     | server:train_subset_of_clients:41 - Averaging client parameters
2020-10-28 16:21:27.686 | INFO     | server:train_subset_of_clients:46 - Updating parameters on client #0
2020-10-28 16:21:27.688 | INFO     | server:train_subset_of_clients:46 - Updating parameters on client #1
2020-10-28 16:21:27.689 | INFO     | server:train_subset_of_clients:46 - Updating parameters on client #2
2020-10-28 16:21:27.692 | INFO     | server:train_subset_of_clients:46 - Updating parameters on client #3
2020-10-28 16:21:27.693 | INFO     | server:train_subset_of_clients:46 - Updating parameters on client #4
2020-10-28 16:21:27.696 | INFO     | server:train_subset_of_clients:46 - Updating parameters on client #5
2020-10-28 16:21:27.697 | INFO     | server:train_subset_of_clients:46 - Updating parameters on client #6
2020-10-28 16:21:27.699 | INFO     | server:train_subset_of_clients:46 - Updating parameters on client #7
2020-10-28 16:21:27.701 | INFO     | server:train_subset_of_clients:46 - Updating parameters on client #8
2020-10-28 16:21:27.702 | INFO     | server:train_subset_of_clients:46 - Updating parameters on client #9
2020-10-28 16:21:27.704 | INFO     | server:train_subset_of_clients:46 - Updating parameters on client #10
2020-10-28 16:21:27.706 | INFO     | server:train_subset_of_clients:46 - Updating parameters on client #11
2020-10-28 16:21:27.708 | INFO     | server:train_subset_of_clients:46 - Updating parameters on client #12
2020-10-28 16:21:27.710 | INFO     | server:train_subset_of_clients:46 - Updating parameters on client #13
2020-10-28 16:21:27.713 | INFO     | server:train_subset_of_clients:46 - Updating parameters on client #14
2020-10-28 16:21:27.715 | INFO     | server:train_subset_of_clients:46 - Updating parameters on client #15
2020-10-28 16:21:27.716 | INFO     | server:train_subset_of_clients:46 - Updating parameters on client #16
2020-10-28 16:21:27.718 | INFO     | server:train_subset_of_clients:46 - Updating parameters on client #17
2020-10-28 16:21:27.720 | INFO     | server:train_subset_of_clients:46 - Updating parameters on client #18
2020-10-28 16:21:27.721 | INFO     | server:train_subset_of_clients:46 - Updating parameters on client #19
2020-10-28 16:21:27.724 | INFO     | server:train_subset_of_clients:46 - Updating parameters on client #20
2020-10-28 16:21:27.727 | INFO     | server:train_subset_of_clients:46 - Updating parameters on client #21
2020-10-28 16:21:27.729 | INFO     | server:train_subset_of_clients:46 - Updating parameters on client #22
2020-10-28 16:21:27.731 | INFO     | server:train_subset_of_clients:46 - Updating parameters on client #23
2020-10-28 16:21:27.734 | INFO     | server:train_subset_of_clients:46 - Updating parameters on client #24
2020-10-28 16:21:27.736 | INFO     | server:train_subset_of_clients:46 - Updating parameters on client #25
2020-10-28 16:21:27.739 | INFO     | server:train_subset_of_clients:46 - Updating parameters on client #26
2020-10-28 16:21:27.741 | INFO     | server:train_subset_of_clients:46 - Updating parameters on client #27
2020-10-28 16:21:27.743 | INFO     | server:train_subset_of_clients:46 - Updating parameters on client #28
2020-10-28 16:21:27.745 | INFO     | server:train_subset_of_clients:46 - Updating parameters on client #29
2020-10-28 16:21:27.748 | INFO     | server:train_subset_of_clients:46 - Updating parameters on client #30
2020-10-28 16:21:27.750 | INFO     | server:train_subset_of_clients:46 - Updating parameters on client #31
2020-10-28 16:21:27.752 | INFO     | server:train_subset_of_clients:46 - Updating parameters on client #32
2020-10-28 16:21:27.754 | INFO     | server:train_subset_of_clients:46 - Updating parameters on client #33
2020-10-28 16:21:27.756 | INFO     | server:train_subset_of_clients:46 - Updating parameters on client #34
2020-10-28 16:21:27.758 | INFO     | server:train_subset_of_clients:46 - Updating parameters on client #35
2020-10-28 16:21:27.760 | INFO     | server:train_subset_of_clients:46 - Updating parameters on client #36
2020-10-28 16:21:27.762 | INFO     | server:train_subset_of_clients:46 - Updating parameters on client #37
2020-10-28 16:21:27.764 | INFO     | server:train_subset_of_clients:46 - Updating parameters on client #38
2020-10-28 16:21:27.765 | INFO     | server:train_subset_of_clients:46 - Updating parameters on client #39
2020-10-28 16:21:27.767 | INFO     | server:train_subset_of_clients:46 - Updating parameters on client #40
2020-10-28 16:21:27.770 | INFO     | server:train_subset_of_clients:46 - Updating parameters on client #41
2020-10-28 16:21:27.771 | INFO     | server:train_subset_of_clients:46 - Updating parameters on client #42
2020-10-28 16:21:27.773 | INFO     | server:train_subset_of_clients:46 - Updating parameters on client #43
2020-10-28 16:21:27.775 | INFO     | server:train_subset_of_clients:46 - Updating parameters on client #44
2020-10-28 16:21:27.777 | INFO     | server:train_subset_of_clients:46 - Updating parameters on client #45
2020-10-28 16:21:27.779 | INFO     | server:train_subset_of_clients:46 - Updating parameters on client #46
2020-10-28 16:21:27.780 | INFO     | server:train_subset_of_clients:46 - Updating parameters on client #47
2020-10-28 16:21:27.782 | INFO     | server:train_subset_of_clients:46 - Updating parameters on client #48
2020-10-28 16:21:27.785 | INFO     | server:train_subset_of_clients:46 - Updating parameters on client #49
2020-10-28 16:21:31.914 | DEBUG    | client:test:203 - Test set: Accuracy: 8625/10000 (86%)
2020-10-28 16:21:31.914 | DEBUG    | client:test:204 - Test set: Loss: 3.883837103843689
2020-10-28 16:21:31.950 | DEBUG    | client:test:205 - Classification Report:
              precision    recall  f1-score   support

           0       0.72      0.91      0.80      1000
           1       0.99      0.96      0.97      1000
           2       0.76      0.84      0.80      1000
           3       0.89      0.86      0.87      1000
           4       0.78      0.78      0.78      1000
           5       0.97      0.94      0.95      1000
           6       0.75      0.47      0.58      1000
           7       0.91      0.94      0.92      1000
           8       0.93      0.98      0.95      1000
           9       0.95      0.95      0.95      1000

    accuracy                           0.86     10000
   macro avg       0.86      0.86      0.86     10000
weighted avg       0.86      0.86      0.86     10000

2020-10-28 16:21:31.952 | DEBUG    | client:test:206 - Confusion Matrix:
[[905   1  13  19   4   5  35   0  18   0]
 [  5 958   3  23   4   0   3   0   4   0]
 [ 23   0 841   9  78   0  36   1  12   0]
 [ 50   8  12 862  38   0  23   0   7   0]
 [  3   2 127  29 775   0  60   0   4   0]
 [  0   0   0   2   0 939   0  44   1  14]
 [263   1 116  23  93   1 475   0  28   0]
 [  0   0   0   0   0  20   0 942   1  37]
 [  1   1   0   4   3   3   3   5 980   0]
 [  0   0   0   0   0   4   1  46   1 948]]
2020-10-28 16:21:31.953 | DEBUG    | client:test:207 - Class precision: [0.724      0.98661174 0.75629496 0.88774459 0.77889447 0.96604938
 0.74685535 0.90751445 0.9280303  0.94894895]
2020-10-28 16:21:31.954 | DEBUG    | client:test:208 - Class recall: [0.905 0.958 0.841 0.862 0.775 0.939 0.475 0.942 0.98  0.948]
2020-10-28 16:21:31.956 | INFO     | server:train_subset_of_clients:38 - Training epoch #10 on client #49
2020-10-28 16:21:31.992 | INFO     | client:train:139 - [10,     0] loss: 0.004
2020-10-28 16:21:34.105 | INFO     | client:train:139 - [10,   100] loss: 0.480
2020-10-28 16:21:34.503 | INFO     | server:train_subset_of_clients:38 - Training epoch #10 on client #23
2020-10-28 16:21:34.528 | INFO     | client:train:139 - [10,     0] loss: 0.016
2020-10-28 16:21:36.688 | INFO     | client:train:139 - [10,   100] loss: 0.454
2020-10-28 16:21:37.074 | INFO     | server:train_subset_of_clients:38 - Training epoch #10 on client #0
2020-10-28 16:21:37.097 | INFO     | client:train:139 - [10,     0] loss: 0.001
2020-10-28 16:21:39.217 | INFO     | client:train:139 - [10,   100] loss: 0.420
2020-10-28 16:21:39.614 | INFO     | server:train_subset_of_clients:38 - Training epoch #10 on client #18
2020-10-28 16:21:39.635 | INFO     | client:train:139 - [10,     0] loss: 0.013
2020-10-28 16:21:41.763 | INFO     | client:train:139 - [10,   100] loss: 0.409
2020-10-28 16:21:42.173 | INFO     | server:train_subset_of_clients:38 - Training epoch #10 on client #20
2020-10-28 16:21:42.194 | INFO     | client:train:139 - [10,     0] loss: 0.002
2020-10-28 16:21:44.363 | INFO     | client:train:139 - [10,   100] loss: 0.430
2020-10-28 16:21:44.943 | INFO     | server:train_subset_of_clients:41 - Averaging client parameters
2020-10-28 16:21:44.947 | INFO     | server:train_subset_of_clients:46 - Updating parameters on client #0
2020-10-28 16:21:44.949 | INFO     | server:train_subset_of_clients:46 - Updating parameters on client #1
2020-10-28 16:21:44.951 | INFO     | server:train_subset_of_clients:46 - Updating parameters on client #2
2020-10-28 16:21:44.953 | INFO     | server:train_subset_of_clients:46 - Updating parameters on client #3
2020-10-28 16:21:44.955 | INFO     | server:train_subset_of_clients:46 - Updating parameters on client #4
2020-10-28 16:21:44.957 | INFO     | server:train_subset_of_clients:46 - Updating parameters on client #5
2020-10-28 16:21:44.959 | INFO     | server:train_subset_of_clients:46 - Updating parameters on client #6
2020-10-28 16:21:44.961 | INFO     | server:train_subset_of_clients:46 - Updating parameters on client #7
2020-10-28 16:21:44.963 | INFO     | server:train_subset_of_clients:46 - Updating parameters on client #8
2020-10-28 16:21:44.965 | INFO     | server:train_subset_of_clients:46 - Updating parameters on client #9
2020-10-28 16:21:44.966 | INFO     | server:train_subset_of_clients:46 - Updating parameters on client #10
2020-10-28 16:21:44.968 | INFO     | server:train_subset_of_clients:46 - Updating parameters on client #11
2020-10-28 16:21:44.971 | INFO     | server:train_subset_of_clients:46 - Updating parameters on client #12
2020-10-28 16:21:44.973 | INFO     | server:train_subset_of_clients:46 - Updating parameters on client #13
2020-10-28 16:21:44.975 | INFO     | server:train_subset_of_clients:46 - Updating parameters on client #14
2020-10-28 16:21:44.977 | INFO     | server:train_subset_of_clients:46 - Updating parameters on client #15
2020-10-28 16:21:44.979 | INFO     | server:train_subset_of_clients:46 - Updating parameters on client #16
2020-10-28 16:21:44.981 | INFO     | server:train_subset_of_clients:46 - Updating parameters on client #17
2020-10-28 16:21:44.982 | INFO     | server:train_subset_of_clients:46 - Updating parameters on client #18
2020-10-28 16:21:44.984 | INFO     | server:train_subset_of_clients:46 - Updating parameters on client #19
2020-10-28 16:21:44.988 | INFO     | server:train_subset_of_clients:46 - Updating parameters on client #20
2020-10-28 16:21:44.992 | INFO     | server:train_subset_of_clients:46 - Updating parameters on client #21
2020-10-28 16:21:45.017 | INFO     | server:train_subset_of_clients:46 - Updating parameters on client #22
2020-10-28 16:21:45.236 | INFO     | server:train_subset_of_clients:46 - Updating parameters on client #23
2020-10-28 16:21:45.272 | INFO     | server:train_subset_of_clients:46 - Updating parameters on client #24
2020-10-28 16:21:45.280 | INFO     | server:train_subset_of_clients:46 - Updating parameters on client #25
2020-10-28 16:21:45.284 | INFO     | server:train_subset_of_clients:46 - Updating parameters on client #26
2020-10-28 16:21:45.289 | INFO     | server:train_subset_of_clients:46 - Updating parameters on client #27
2020-10-28 16:21:45.292 | INFO     | server:train_subset_of_clients:46 - Updating parameters on client #28
2020-10-28 16:21:45.295 | INFO     | server:train_subset_of_clients:46 - Updating parameters on client #29
2020-10-28 16:21:45.299 | INFO     | server:train_subset_of_clients:46 - Updating parameters on client #30
2020-10-28 16:21:45.302 | INFO     | server:train_subset_of_clients:46 - Updating parameters on client #31
2020-10-28 16:21:45.306 | INFO     | server:train_subset_of_clients:46 - Updating parameters on client #32
2020-10-28 16:21:45.309 | INFO     | server:train_subset_of_clients:46 - Updating parameters on client #33
2020-10-28 16:21:45.312 | INFO     | server:train_subset_of_clients:46 - Updating parameters on client #34
2020-10-28 16:21:45.315 | INFO     | server:train_subset_of_clients:46 - Updating parameters on client #35
2020-10-28 16:21:45.319 | INFO     | server:train_subset_of_clients:46 - Updating parameters on client #36
2020-10-28 16:21:45.322 | INFO     | server:train_subset_of_clients:46 - Updating parameters on client #37
2020-10-28 16:21:45.325 | INFO     | server:train_subset_of_clients:46 - Updating parameters on client #38
2020-10-28 16:21:45.328 | INFO     | server:train_subset_of_clients:46 - Updating parameters on client #39
2020-10-28 16:21:45.332 | INFO     | server:train_subset_of_clients:46 - Updating parameters on client #40
2020-10-28 16:21:45.335 | INFO     | server:train_subset_of_clients:46 - Updating parameters on client #41
2020-10-28 16:21:45.338 | INFO     | server:train_subset_of_clients:46 - Updating parameters on client #42
2020-10-28 16:21:45.341 | INFO     | server:train_subset_of_clients:46 - Updating parameters on client #43
2020-10-28 16:21:45.344 | INFO     | server:train_subset_of_clients:46 - Updating parameters on client #44
2020-10-28 16:21:45.349 | INFO     | server:train_subset_of_clients:46 - Updating parameters on client #45
2020-10-28 16:21:45.352 | INFO     | server:train_subset_of_clients:46 - Updating parameters on client #46
2020-10-28 16:21:45.356 | INFO     | server:train_subset_of_clients:46 - Updating parameters on client #47
2020-10-28 16:21:45.359 | INFO     | server:train_subset_of_clients:46 - Updating parameters on client #48
2020-10-28 16:21:45.362 | INFO     | server:train_subset_of_clients:46 - Updating parameters on client #49
2020-10-28 16:21:50.369 | DEBUG    | client:test:203 - Test set: Accuracy: 7683/10000 (77%)
2020-10-28 16:21:50.369 | DEBUG    | client:test:204 - Test set: Loss: 5.9372076988220215
2020-10-28 16:21:50.401 | DEBUG    | client:test:205 - Classification Report:
              precision    recall  f1-score   support

           0       0.77      0.86      0.82      1000
           1       0.00      0.00      0.00      1000
           2       0.83      0.76      0.79      1000
           3       0.83      0.90      0.86      1000
           4       0.69      0.88      0.78      1000
           5       0.96      0.95      0.96      1000
           6       0.74      0.48      0.58      1000
           7       0.95      0.91      0.93      1000
           8       0.95      0.97      0.96      1000
           9       0.49      0.98      0.65      1000

    accuracy                           0.77     10000
   macro avg       0.72      0.77      0.73     10000
weighted avg       0.72      0.77      0.73     10000

2020-10-28 16:21:50.402 | DEBUG    | client:test:206 - Confusion Matrix:
[[864   0  11  47   9   5  52   0  12   0]
 [  2   0   5  43   8   0   4   0   2 936]
 [ 21   0 759  12 151   1  50   0   6   0]
 [ 22   0   4 899  41   1  29   0   2   2]
 [  1   0  53  30 880   1  32   0   2   1]
 [  0   0   0   3   0 951   0  23   1  22]
 [208   0  84  39 172   0 477   0  19   1]
 [  0   0   0   0   0  24   0 907   1  68]
 [  0   0   3   9   6   2   4   4 969   3]
 [  0   0   0   0   0   3   0  19   1 977]]
2020-10-28 16:21:50.403 | DEBUG    | client:test:207 - Class precision: [0.77280859        nan 0.82589771 0.83086876 0.69455406 0.96255061
 0.73611111 0.95173137 0.9546798  0.48606965]
2020-10-28 16:21:50.404 | DEBUG    | client:test:208 - Class recall: [0.864 0.    0.759 0.899 0.88  0.951 0.477 0.907 0.969 0.977]
