2020-10-28 16:21:50.487 | DEBUG    | federated_learning.arguments:log:182 - Arguments: 
Batch Size: 10
Test Batch Size: 1000
Epochs: 10
Learning Rate: 0.01
Momentum: 0.5
CUDA Enabled: True
Shuffle Enabled: False
Log Interval: 100
Scheduler Step Size: 50
Scheduler Gamma: 0.5
Scheduler Minimum Learning Rate: 1e-10
Client Selection Strategy: <federated_learning.worker_selection.random.RandomSelectionStrategy object at 0x102337f28>
Client Selection Strategy Arguments: {
    "NUM_WORKERS_PER_ROUND": 5,
    "current_epoch_number": 10
}
Model Saving Enabled: False
Model Saving Interval: 1
Model Saving Path (Relative): 3502_models
Epoch Save Start Prefix: start
Epoch Save End Suffix: end
Number of Clients: 50
Number of Poisoned Clients: 20
NN: <class 'federated_learning.nets.fashion_mnist_cnn.FashionMNISTCNN'>
Train Data Loader Path: data_loaders/fashion-mnist/train_data_loader.pickle
Test Data Loader Path: data_loaders/fashion-mnist/test_data_loader.pickle
Loss Function: <class 'torch.nn.modules.loss.CrossEntropyLoss'>
Default Model Folder Path: default_models
Data Path: data

2020-10-28 16:21:50.488 | INFO     | federated_learning.utils.data_loader_utils:load_data_loader_from_file:64 - Loading data loader from file: data_loaders/fashion-mnist/train_data_loader.pickle
2020-10-28 16:21:51.489 | INFO     | federated_learning.utils.data_loader_utils:load_data_loader_from_file:64 - Loading data loader from file: data_loaders/fashion-mnist/test_data_loader.pickle
2020-10-28 16:21:54.772 | INFO     | federated_learning.utils.poison_data:poison_data:24 - Poisoning data for workers: [4, 47, 14, 45, 24, 2, 49, 41, 34, 7, 11, 12, 18, 33, 38, 44, 3, 42, 36, 9]
2020-10-28 16:21:54.794 | INFO     | federated_learning.utils.client_utils:log_client_data_statistics:17 - Client #0 has data distribution: [142, 129, 134, 113, 115, 96, 127, 116, 116, 112]
2020-10-28 16:21:54.795 | INFO     | federated_learning.utils.client_utils:log_client_data_statistics:17 - Client #1 has data distribution: [115, 101, 125, 125, 118, 118, 116, 133, 127, 122]
2020-10-28 16:21:54.796 | INFO     | federated_learning.utils.client_utils:log_client_data_statistics:17 - Client #2 has data distribution: [116, 0, 110, 123, 123, 133, 127, 112, 125, 231]
2020-10-28 16:21:54.798 | INFO     | federated_learning.utils.client_utils:log_client_data_statistics:17 - Client #3 has data distribution: [116, 0, 122, 118, 124, 114, 118, 110, 127, 251]
2020-10-28 16:21:54.799 | INFO     | federated_learning.utils.client_utils:log_client_data_statistics:17 - Client #4 has data distribution: [114, 0, 147, 129, 111, 114, 121, 103, 128, 233]
2020-10-28 16:21:54.800 | INFO     | federated_learning.utils.client_utils:log_client_data_statistics:17 - Client #5 has data distribution: [139, 123, 132, 128, 111, 113, 112, 105, 102, 135]
2020-10-28 16:21:54.801 | INFO     | federated_learning.utils.client_utils:log_client_data_statistics:17 - Client #6 has data distribution: [115, 121, 113, 126, 116, 133, 112, 133, 119, 112]
2020-10-28 16:21:54.802 | INFO     | federated_learning.utils.client_utils:log_client_data_statistics:17 - Client #7 has data distribution: [128, 0, 118, 120, 120, 110, 114, 129, 121, 240]
2020-10-28 16:21:54.803 | INFO     | federated_learning.utils.client_utils:log_client_data_statistics:17 - Client #8 has data distribution: [109, 112, 135, 124, 123, 131, 123, 113, 118, 112]
2020-10-28 16:21:54.805 | INFO     | federated_learning.utils.client_utils:log_client_data_statistics:17 - Client #9 has data distribution: [103, 0, 126, 120, 127, 114, 128, 124, 139, 219]
2020-10-28 16:21:54.806 | INFO     | federated_learning.utils.client_utils:log_client_data_statistics:17 - Client #10 has data distribution: [113, 114, 121, 125, 110, 133, 127, 128, 109, 120]
2020-10-28 16:21:54.807 | INFO     | federated_learning.utils.client_utils:log_client_data_statistics:17 - Client #11 has data distribution: [140, 0, 120, 129, 135, 104, 112, 124, 104, 232]
2020-10-28 16:21:54.808 | INFO     | federated_learning.utils.client_utils:log_client_data_statistics:17 - Client #12 has data distribution: [131, 0, 114, 108, 141, 102, 102, 120, 122, 260]
2020-10-28 16:21:54.809 | INFO     | federated_learning.utils.client_utils:log_client_data_statistics:17 - Client #13 has data distribution: [111, 126, 114, 123, 136, 120, 123, 128, 113, 106]
2020-10-28 16:21:54.810 | INFO     | federated_learning.utils.client_utils:log_client_data_statistics:17 - Client #14 has data distribution: [118, 0, 118, 133, 117, 103, 127, 116, 124, 244]
2020-10-28 16:21:54.811 | INFO     | federated_learning.utils.client_utils:log_client_data_statistics:17 - Client #15 has data distribution: [125, 115, 127, 126, 128, 103, 105, 112, 130, 129]
2020-10-28 16:21:54.812 | INFO     | federated_learning.utils.client_utils:log_client_data_statistics:17 - Client #16 has data distribution: [138, 112, 121, 127, 118, 120, 113, 122, 136, 93]
2020-10-28 16:21:54.813 | INFO     | federated_learning.utils.client_utils:log_client_data_statistics:17 - Client #17 has data distribution: [112, 103, 146, 99, 114, 134, 128, 117, 121, 126]
2020-10-28 16:21:54.814 | INFO     | federated_learning.utils.client_utils:log_client_data_statistics:17 - Client #18 has data distribution: [110, 0, 128, 111, 112, 128, 125, 113, 124, 249]
2020-10-28 16:21:54.816 | INFO     | federated_learning.utils.client_utils:log_client_data_statistics:17 - Client #19 has data distribution: [151, 105, 109, 124, 139, 128, 115, 111, 102, 116]
2020-10-28 16:21:54.817 | INFO     | federated_learning.utils.client_utils:log_client_data_statistics:17 - Client #20 has data distribution: [124, 120, 126, 117, 129, 111, 113, 124, 111, 125]
2020-10-28 16:21:54.818 | INFO     | federated_learning.utils.client_utils:log_client_data_statistics:17 - Client #21 has data distribution: [127, 113, 110, 122, 113, 132, 120, 128, 113, 122]
2020-10-28 16:21:54.819 | INFO     | federated_learning.utils.client_utils:log_client_data_statistics:17 - Client #22 has data distribution: [126, 106, 121, 113, 125, 108, 141, 114, 124, 122]
2020-10-28 16:21:54.820 | INFO     | federated_learning.utils.client_utils:log_client_data_statistics:17 - Client #23 has data distribution: [111, 133, 134, 119, 120, 111, 117, 116, 111, 128]
2020-10-28 16:21:54.822 | INFO     | federated_learning.utils.client_utils:log_client_data_statistics:17 - Client #24 has data distribution: [119, 0, 113, 115, 113, 105, 124, 128, 149, 234]
2020-10-28 16:21:54.823 | INFO     | federated_learning.utils.client_utils:log_client_data_statistics:17 - Client #25 has data distribution: [108, 119, 106, 125, 116, 122, 134, 132, 118, 120]
2020-10-28 16:21:54.824 | INFO     | federated_learning.utils.client_utils:log_client_data_statistics:17 - Client #26 has data distribution: [123, 124, 106, 121, 127, 109, 127, 136, 95, 132]
2020-10-28 16:21:54.825 | INFO     | federated_learning.utils.client_utils:log_client_data_statistics:17 - Client #27 has data distribution: [105, 128, 110, 112, 130, 144, 116, 103, 121, 131]
2020-10-28 16:21:54.826 | INFO     | federated_learning.utils.client_utils:log_client_data_statistics:17 - Client #28 has data distribution: [120, 125, 132, 104, 108, 121, 119, 113, 126, 132]
2020-10-28 16:21:54.827 | INFO     | federated_learning.utils.client_utils:log_client_data_statistics:17 - Client #29 has data distribution: [118, 119, 127, 131, 110, 121, 113, 115, 130, 116]
2020-10-28 16:21:54.828 | INFO     | federated_learning.utils.client_utils:log_client_data_statistics:17 - Client #30 has data distribution: [123, 130, 109, 104, 113, 144, 129, 121, 114, 113]
2020-10-28 16:21:54.829 | INFO     | federated_learning.utils.client_utils:log_client_data_statistics:17 - Client #31 has data distribution: [121, 112, 128, 102, 127, 144, 108, 122, 117, 119]
2020-10-28 16:21:54.830 | INFO     | federated_learning.utils.client_utils:log_client_data_statistics:17 - Client #32 has data distribution: [135, 130, 122, 137, 92, 119, 137, 109, 106, 113]
2020-10-28 16:21:54.831 | INFO     | federated_learning.utils.client_utils:log_client_data_statistics:17 - Client #33 has data distribution: [141, 0, 121, 130, 93, 117, 109, 111, 120, 258]
2020-10-28 16:21:54.832 | INFO     | federated_learning.utils.client_utils:log_client_data_statistics:17 - Client #34 has data distribution: [109, 0, 117, 130, 113, 127, 118, 116, 142, 228]
2020-10-28 16:21:54.833 | INFO     | federated_learning.utils.client_utils:log_client_data_statistics:17 - Client #35 has data distribution: [129, 125, 124, 105, 143, 113, 112, 111, 118, 120]
2020-10-28 16:21:54.835 | INFO     | federated_learning.utils.client_utils:log_client_data_statistics:17 - Client #36 has data distribution: [128, 0, 133, 110, 135, 121, 114, 112, 102, 245]
2020-10-28 16:21:54.836 | INFO     | federated_learning.utils.client_utils:log_client_data_statistics:17 - Client #37 has data distribution: [119, 129, 118, 119, 131, 110, 110, 122, 120, 122]
2020-10-28 16:21:54.837 | INFO     | federated_learning.utils.client_utils:log_client_data_statistics:17 - Client #38 has data distribution: [117, 0, 111, 119, 114, 96, 130, 127, 133, 253]
2020-10-28 16:21:54.838 | INFO     | federated_learning.utils.client_utils:log_client_data_statistics:17 - Client #39 has data distribution: [116, 122, 94, 132, 120, 120, 121, 121, 117, 137]
2020-10-28 16:21:54.839 | INFO     | federated_learning.utils.client_utils:log_client_data_statistics:17 - Client #40 has data distribution: [110, 117, 110, 120, 126, 123, 126, 122, 128, 118]
2020-10-28 16:21:54.840 | INFO     | federated_learning.utils.client_utils:log_client_data_statistics:17 - Client #41 has data distribution: [114, 0, 102, 124, 110, 108, 127, 130, 119, 266]
2020-10-28 16:21:54.841 | INFO     | federated_learning.utils.client_utils:log_client_data_statistics:17 - Client #42 has data distribution: [108, 0, 109, 130, 145, 146, 100, 118, 110, 234]
2020-10-28 16:21:54.842 | INFO     | federated_learning.utils.client_utils:log_client_data_statistics:17 - Client #43 has data distribution: [124, 120, 121, 104, 113, 148, 117, 131, 133, 89]
2020-10-28 16:21:54.843 | INFO     | federated_learning.utils.client_utils:log_client_data_statistics:17 - Client #44 has data distribution: [106, 0, 132, 129, 140, 111, 106, 109, 120, 247]
2020-10-28 16:21:54.844 | INFO     | federated_learning.utils.client_utils:log_client_data_statistics:17 - Client #45 has data distribution: [129, 0, 118, 125, 114, 111, 120, 139, 110, 234]
2020-10-28 16:21:54.846 | INFO     | federated_learning.utils.client_utils:log_client_data_statistics:17 - Client #46 has data distribution: [129, 115, 119, 128, 111, 114, 105, 112, 135, 132]
2020-10-28 16:21:54.847 | INFO     | federated_learning.utils.client_utils:log_client_data_statistics:17 - Client #47 has data distribution: [100, 0, 118, 120, 104, 150, 133, 117, 125, 233]
2020-10-28 16:21:54.848 | INFO     | federated_learning.utils.client_utils:log_client_data_statistics:17 - Client #48 has data distribution: [105, 125, 118, 116, 105, 116, 160, 136, 111, 108]
2020-10-28 16:21:54.849 | INFO     | federated_learning.utils.client_utils:log_client_data_statistics:17 - Client #49 has data distribution: [110, 0, 111, 106, 122, 127, 119, 136, 115, 254]
2020-10-28 16:21:55.062 | INFO     | server:train_subset_of_clients:38 - Training epoch #1 on client #24
2020-10-28 16:21:55.085 | INFO     | client:train:139 - [1,     0] loss: 0.024
2020-10-28 16:21:57.424 | INFO     | client:train:139 - [1,   100] loss: 1.071
2020-10-28 16:21:57.810 | INFO     | server:train_subset_of_clients:38 - Training epoch #1 on client #49
2020-10-28 16:21:57.833 | INFO     | client:train:139 - [1,     0] loss: 0.024
2020-10-28 16:22:00.105 | INFO     | client:train:139 - [1,   100] loss: 1.079
2020-10-28 16:22:00.531 | INFO     | server:train_subset_of_clients:38 - Training epoch #1 on client #25
2020-10-28 16:22:00.551 | INFO     | client:train:139 - [1,     0] loss: 0.026
2020-10-28 16:22:02.675 | INFO     | client:train:139 - [1,   100] loss: 1.074
2020-10-28 16:22:03.055 | INFO     | server:train_subset_of_clients:38 - Training epoch #1 on client #32
2020-10-28 16:22:03.077 | INFO     | client:train:139 - [1,     0] loss: 0.027
2020-10-28 16:22:05.756 | INFO     | client:train:139 - [1,   100] loss: 1.116
2020-10-28 16:22:06.196 | INFO     | server:train_subset_of_clients:38 - Training epoch #1 on client #11
2020-10-28 16:22:06.217 | INFO     | client:train:139 - [1,     0] loss: 0.024
2020-10-28 16:22:09.071 | INFO     | client:train:139 - [1,   100] loss: 1.126
2020-10-28 16:22:09.458 | INFO     | server:train_subset_of_clients:41 - Averaging client parameters
2020-10-28 16:22:09.461 | INFO     | server:train_subset_of_clients:46 - Updating parameters on client #0
2020-10-28 16:22:09.463 | INFO     | server:train_subset_of_clients:46 - Updating parameters on client #1
2020-10-28 16:22:09.465 | INFO     | server:train_subset_of_clients:46 - Updating parameters on client #2
2020-10-28 16:22:09.466 | INFO     | server:train_subset_of_clients:46 - Updating parameters on client #3
2020-10-28 16:22:09.468 | INFO     | server:train_subset_of_clients:46 - Updating parameters on client #4
2020-10-28 16:22:09.470 | INFO     | server:train_subset_of_clients:46 - Updating parameters on client #5
2020-10-28 16:22:09.472 | INFO     | server:train_subset_of_clients:46 - Updating parameters on client #6
2020-10-28 16:22:09.474 | INFO     | server:train_subset_of_clients:46 - Updating parameters on client #7
2020-10-28 16:22:09.476 | INFO     | server:train_subset_of_clients:46 - Updating parameters on client #8
2020-10-28 16:22:09.478 | INFO     | server:train_subset_of_clients:46 - Updating parameters on client #9
2020-10-28 16:22:09.479 | INFO     | server:train_subset_of_clients:46 - Updating parameters on client #10
2020-10-28 16:22:09.481 | INFO     | server:train_subset_of_clients:46 - Updating parameters on client #11
2020-10-28 16:22:09.483 | INFO     | server:train_subset_of_clients:46 - Updating parameters on client #12
2020-10-28 16:22:09.485 | INFO     | server:train_subset_of_clients:46 - Updating parameters on client #13
2020-10-28 16:22:09.487 | INFO     | server:train_subset_of_clients:46 - Updating parameters on client #14
2020-10-28 16:22:09.489 | INFO     | server:train_subset_of_clients:46 - Updating parameters on client #15
2020-10-28 16:22:09.490 | INFO     | server:train_subset_of_clients:46 - Updating parameters on client #16
2020-10-28 16:22:09.492 | INFO     | server:train_subset_of_clients:46 - Updating parameters on client #17
2020-10-28 16:22:09.494 | INFO     | server:train_subset_of_clients:46 - Updating parameters on client #18
2020-10-28 16:22:09.496 | INFO     | server:train_subset_of_clients:46 - Updating parameters on client #19
2020-10-28 16:22:09.497 | INFO     | server:train_subset_of_clients:46 - Updating parameters on client #20
2020-10-28 16:22:09.500 | INFO     | server:train_subset_of_clients:46 - Updating parameters on client #21
2020-10-28 16:22:09.503 | INFO     | server:train_subset_of_clients:46 - Updating parameters on client #22
2020-10-28 16:22:09.505 | INFO     | server:train_subset_of_clients:46 - Updating parameters on client #23
2020-10-28 16:22:09.506 | INFO     | server:train_subset_of_clients:46 - Updating parameters on client #24
2020-10-28 16:22:09.508 | INFO     | server:train_subset_of_clients:46 - Updating parameters on client #25
2020-10-28 16:22:09.510 | INFO     | server:train_subset_of_clients:46 - Updating parameters on client #26
2020-10-28 16:22:09.512 | INFO     | server:train_subset_of_clients:46 - Updating parameters on client #27
2020-10-28 16:22:09.513 | INFO     | server:train_subset_of_clients:46 - Updating parameters on client #28
2020-10-28 16:22:09.515 | INFO     | server:train_subset_of_clients:46 - Updating parameters on client #29
2020-10-28 16:22:09.517 | INFO     | server:train_subset_of_clients:46 - Updating parameters on client #30
2020-10-28 16:22:09.519 | INFO     | server:train_subset_of_clients:46 - Updating parameters on client #31
2020-10-28 16:22:09.521 | INFO     | server:train_subset_of_clients:46 - Updating parameters on client #32
2020-10-28 16:22:09.522 | INFO     | server:train_subset_of_clients:46 - Updating parameters on client #33
2020-10-28 16:22:09.524 | INFO     | server:train_subset_of_clients:46 - Updating parameters on client #34
2020-10-28 16:22:09.526 | INFO     | server:train_subset_of_clients:46 - Updating parameters on client #35
2020-10-28 16:22:09.528 | INFO     | server:train_subset_of_clients:46 - Updating parameters on client #36
2020-10-28 16:22:09.530 | INFO     | server:train_subset_of_clients:46 - Updating parameters on client #37
2020-10-28 16:22:09.531 | INFO     | server:train_subset_of_clients:46 - Updating parameters on client #38
2020-10-28 16:22:09.533 | INFO     | server:train_subset_of_clients:46 - Updating parameters on client #39
2020-10-28 16:22:09.535 | INFO     | server:train_subset_of_clients:46 - Updating parameters on client #40
2020-10-28 16:22:09.537 | INFO     | server:train_subset_of_clients:46 - Updating parameters on client #41
2020-10-28 16:22:09.538 | INFO     | server:train_subset_of_clients:46 - Updating parameters on client #42
2020-10-28 16:22:09.540 | INFO     | server:train_subset_of_clients:46 - Updating parameters on client #43
2020-10-28 16:22:09.542 | INFO     | server:train_subset_of_clients:46 - Updating parameters on client #44
2020-10-28 16:22:09.544 | INFO     | server:train_subset_of_clients:46 - Updating parameters on client #45
2020-10-28 16:22:09.546 | INFO     | server:train_subset_of_clients:46 - Updating parameters on client #46
2020-10-28 16:22:09.547 | INFO     | server:train_subset_of_clients:46 - Updating parameters on client #47
2020-10-28 16:22:09.549 | INFO     | server:train_subset_of_clients:46 - Updating parameters on client #48
2020-10-28 16:22:09.551 | INFO     | server:train_subset_of_clients:46 - Updating parameters on client #49
2020-10-28 16:22:13.953 | DEBUG    | client:test:203 - Test set: Accuracy: 6980/10000 (70%)
2020-10-28 16:22:13.953 | DEBUG    | client:test:204 - Test set: Loss: 8.849295556545258
2020-10-28 16:22:13.986 | DEBUG    | client:test:205 - Classification Report:
              precision    recall  f1-score   support

           0       0.71      0.80      0.76      1000
           1       0.00      0.00      0.00      1000
           2       0.70      0.66      0.68      1000
           3       0.61      0.87      0.72      1000
           4       0.59      0.80      0.68      1000
           5       0.97      0.76      0.85      1000
           6       0.60      0.27      0.37      1000
           7       0.78      0.92      0.85      1000
           8       0.90      0.95      0.92      1000
           9       0.56      0.94      0.70      1000

    accuracy                           0.70     10000
   macro avg       0.64      0.70      0.65     10000
weighted avg       0.64      0.70      0.65     10000

2020-10-28 16:22:13.988 | DEBUG    | client:test:206 - Confusion Matrix:
[[803   0  27  96  10   5  37   2  20   0]
 [ 18   0  12 311  12   0   2   0   3 642]
 [ 20   0 655  11 245   2  43   0  24   0]
 [ 29   0  12 871  41   2  39   1   5   0]
 [  1   0  82  49 799   0  56   0  13   0]
 [  0   0   0   3   0 762   1 192  10  32]
 [250   0 136  68 238   2 270   0  36   0]
 [  0   0   0   0   0   5   0 923   0  72]
 [  3   0   6  15   5   4   2   7 955   3]
 [  0   0   0   0   0   1   0  56   1 942]]
2020-10-28 16:22:13.989 | DEBUG    | client:test:207 - Class precision: [0.71441281        nan 0.70430108 0.6116573  0.59185185 0.97318008
 0.6        0.78154107 0.8950328  0.55706682]
2020-10-28 16:22:13.990 | DEBUG    | client:test:208 - Class recall: [0.803 0.    0.655 0.871 0.799 0.762 0.27  0.923 0.955 0.942]
2020-10-28 16:22:13.992 | INFO     | server:train_subset_of_clients:38 - Training epoch #2 on client #43
2020-10-28 16:22:14.022 | INFO     | client:train:139 - [2,     0] loss: 0.007
2020-10-28 16:22:16.134 | INFO     | client:train:139 - [2,   100] loss: 0.727
2020-10-28 16:22:16.624 | INFO     | server:train_subset_of_clients:38 - Training epoch #2 on client #21
2020-10-28 16:22:16.645 | INFO     | client:train:139 - [2,     0] loss: 0.006
2020-10-28 16:22:19.258 | INFO     | client:train:139 - [2,   100] loss: 0.679
2020-10-28 16:22:19.674 | INFO     | server:train_subset_of_clients:38 - Training epoch #2 on client #22
2020-10-28 16:22:19.698 | INFO     | client:train:139 - [2,     0] loss: 0.012
2020-10-28 16:22:21.738 | INFO     | client:train:139 - [2,   100] loss: 0.729
2020-10-28 16:22:22.111 | INFO     | server:train_subset_of_clients:38 - Training epoch #2 on client #33
2020-10-28 16:22:22.131 | INFO     | client:train:139 - [2,     0] loss: 0.004
2020-10-28 16:22:24.110 | INFO     | client:train:139 - [2,   100] loss: 0.633
2020-10-28 16:22:24.505 | INFO     | server:train_subset_of_clients:38 - Training epoch #2 on client #9
2020-10-28 16:22:24.526 | INFO     | client:train:139 - [2,     0] loss: 0.002
2020-10-28 16:22:26.644 | INFO     | client:train:139 - [2,   100] loss: 0.721
2020-10-28 16:22:27.024 | INFO     | server:train_subset_of_clients:41 - Averaging client parameters
2020-10-28 16:22:27.027 | INFO     | server:train_subset_of_clients:46 - Updating parameters on client #0
2020-10-28 16:22:27.029 | INFO     | server:train_subset_of_clients:46 - Updating parameters on client #1
2020-10-28 16:22:27.030 | INFO     | server:train_subset_of_clients:46 - Updating parameters on client #2
2020-10-28 16:22:27.032 | INFO     | server:train_subset_of_clients:46 - Updating parameters on client #3
2020-10-28 16:22:27.034 | INFO     | server:train_subset_of_clients:46 - Updating parameters on client #4
2020-10-28 16:22:27.036 | INFO     | server:train_subset_of_clients:46 - Updating parameters on client #5
2020-10-28 16:22:27.037 | INFO     | server:train_subset_of_clients:46 - Updating parameters on client #6
2020-10-28 16:22:27.039 | INFO     | server:train_subset_of_clients:46 - Updating parameters on client #7
2020-10-28 16:22:27.041 | INFO     | server:train_subset_of_clients:46 - Updating parameters on client #8
2020-10-28 16:22:27.042 | INFO     | server:train_subset_of_clients:46 - Updating parameters on client #9
2020-10-28 16:22:27.044 | INFO     | server:train_subset_of_clients:46 - Updating parameters on client #10
2020-10-28 16:22:27.046 | INFO     | server:train_subset_of_clients:46 - Updating parameters on client #11
2020-10-28 16:22:27.048 | INFO     | server:train_subset_of_clients:46 - Updating parameters on client #12
2020-10-28 16:22:27.050 | INFO     | server:train_subset_of_clients:46 - Updating parameters on client #13
2020-10-28 16:22:27.051 | INFO     | server:train_subset_of_clients:46 - Updating parameters on client #14
2020-10-28 16:22:27.053 | INFO     | server:train_subset_of_clients:46 - Updating parameters on client #15
2020-10-28 16:22:27.055 | INFO     | server:train_subset_of_clients:46 - Updating parameters on client #16
2020-10-28 16:22:27.056 | INFO     | server:train_subset_of_clients:46 - Updating parameters on client #17
2020-10-28 16:22:27.058 | INFO     | server:train_subset_of_clients:46 - Updating parameters on client #18
2020-10-28 16:22:27.060 | INFO     | server:train_subset_of_clients:46 - Updating parameters on client #19
2020-10-28 16:22:27.061 | INFO     | server:train_subset_of_clients:46 - Updating parameters on client #20
2020-10-28 16:22:27.063 | INFO     | server:train_subset_of_clients:46 - Updating parameters on client #21
2020-10-28 16:22:27.065 | INFO     | server:train_subset_of_clients:46 - Updating parameters on client #22
2020-10-28 16:22:27.067 | INFO     | server:train_subset_of_clients:46 - Updating parameters on client #23
2020-10-28 16:22:27.069 | INFO     | server:train_subset_of_clients:46 - Updating parameters on client #24
2020-10-28 16:22:27.070 | INFO     | server:train_subset_of_clients:46 - Updating parameters on client #25
2020-10-28 16:22:27.072 | INFO     | server:train_subset_of_clients:46 - Updating parameters on client #26
2020-10-28 16:22:27.074 | INFO     | server:train_subset_of_clients:46 - Updating parameters on client #27
2020-10-28 16:22:27.075 | INFO     | server:train_subset_of_clients:46 - Updating parameters on client #28
2020-10-28 16:22:27.077 | INFO     | server:train_subset_of_clients:46 - Updating parameters on client #29
2020-10-28 16:22:27.079 | INFO     | server:train_subset_of_clients:46 - Updating parameters on client #30
2020-10-28 16:22:27.081 | INFO     | server:train_subset_of_clients:46 - Updating parameters on client #31
2020-10-28 16:22:27.083 | INFO     | server:train_subset_of_clients:46 - Updating parameters on client #32
2020-10-28 16:22:27.084 | INFO     | server:train_subset_of_clients:46 - Updating parameters on client #33
2020-10-28 16:22:27.086 | INFO     | server:train_subset_of_clients:46 - Updating parameters on client #34
2020-10-28 16:22:27.088 | INFO     | server:train_subset_of_clients:46 - Updating parameters on client #35
2020-10-28 16:22:27.089 | INFO     | server:train_subset_of_clients:46 - Updating parameters on client #36
2020-10-28 16:22:27.091 | INFO     | server:train_subset_of_clients:46 - Updating parameters on client #37
2020-10-28 16:22:27.093 | INFO     | server:train_subset_of_clients:46 - Updating parameters on client #38
2020-10-28 16:22:27.094 | INFO     | server:train_subset_of_clients:46 - Updating parameters on client #39
2020-10-28 16:22:27.096 | INFO     | server:train_subset_of_clients:46 - Updating parameters on client #40
2020-10-28 16:22:27.098 | INFO     | server:train_subset_of_clients:46 - Updating parameters on client #41
2020-10-28 16:22:27.100 | INFO     | server:train_subset_of_clients:46 - Updating parameters on client #42
2020-10-28 16:22:27.101 | INFO     | server:train_subset_of_clients:46 - Updating parameters on client #43
2020-10-28 16:22:27.103 | INFO     | server:train_subset_of_clients:46 - Updating parameters on client #44
2020-10-28 16:22:27.104 | INFO     | server:train_subset_of_clients:46 - Updating parameters on client #45
2020-10-28 16:22:27.106 | INFO     | server:train_subset_of_clients:46 - Updating parameters on client #46
2020-10-28 16:22:27.108 | INFO     | server:train_subset_of_clients:46 - Updating parameters on client #47
2020-10-28 16:22:27.110 | INFO     | server:train_subset_of_clients:46 - Updating parameters on client #48
2020-10-28 16:22:27.112 | INFO     | server:train_subset_of_clients:46 - Updating parameters on client #49
2020-10-28 16:22:31.402 | DEBUG    | client:test:203 - Test set: Accuracy: 8025/10000 (80%)
2020-10-28 16:22:31.402 | DEBUG    | client:test:204 - Test set: Loss: 5.682664752006531
2020-10-28 16:22:31.434 | DEBUG    | client:test:205 - Classification Report:
              precision    recall  f1-score   support

           0       0.67      0.89      0.76      1000
           1       1.00      0.85      0.92      1000
           2       0.56      0.87      0.68      1000
           3       0.84      0.83      0.83      1000
           4       0.77      0.55      0.64      1000
           5       0.93      0.92      0.92      1000
           6       0.71      0.33      0.45      1000
           7       0.93      0.85      0.89      1000
           8       0.92      0.96      0.94      1000
           9       0.86      0.97      0.91      1000

    accuracy                           0.80     10000
   macro avg       0.82      0.80      0.80     10000
weighted avg       0.82      0.80      0.80     10000

2020-10-28 16:22:31.435 | DEBUG    | client:test:206 - Confusion Matrix:
[[889   0  34  23   4   8  26   0  16   0]
 [ 26 855  22  65   5   1   1   0   2  23]
 [ 19   0 871   8  58   3  27   0  14   0]
 [ 82   0  36 826  27   4  21   0   4   0]
 [  8   0 340  35 554   1  55   0   7   0]
 [  2   0   0   2   0 923   0  38   5  30]
 [307   0 241  20  70   4 327   0  30   1]
 [  0   0   0   0   0  45   0 853   2 100]
 [  2   1  10   9   3   5   5   4 958   3]
 [  0   0   0   0   0   3   1  26   1 969]]
2020-10-28 16:22:31.436 | DEBUG    | client:test:207 - Class precision: [0.6659176  0.99883178 0.56048906 0.83603239 0.76837725 0.92577733
 0.7062635  0.92616721 0.92204042 0.86056838]
2020-10-28 16:22:31.437 | DEBUG    | client:test:208 - Class recall: [0.889 0.855 0.871 0.826 0.554 0.923 0.327 0.853 0.958 0.969]
2020-10-28 16:22:31.439 | INFO     | server:train_subset_of_clients:38 - Training epoch #3 on client #38
2020-10-28 16:22:31.467 | INFO     | client:train:139 - [3,     0] loss: 0.004
2020-10-28 16:22:33.423 | INFO     | client:train:139 - [3,   100] loss: 0.630
2020-10-28 16:22:33.795 | INFO     | server:train_subset_of_clients:38 - Training epoch #3 on client #26
2020-10-28 16:22:33.816 | INFO     | client:train:139 - [3,     0] loss: 0.005
2020-10-28 16:22:35.772 | INFO     | client:train:139 - [3,   100] loss: 0.631
2020-10-28 16:22:36.142 | INFO     | server:train_subset_of_clients:38 - Training epoch #3 on client #5
2020-10-28 16:22:36.162 | INFO     | client:train:139 - [3,     0] loss: 0.004
2020-10-28 16:22:38.115 | INFO     | client:train:139 - [3,   100] loss: 0.622
2020-10-28 16:22:38.489 | INFO     | server:train_subset_of_clients:38 - Training epoch #3 on client #24
2020-10-28 16:22:38.513 | INFO     | client:train:139 - [3,     0] loss: 0.007
2020-10-28 16:22:40.988 | INFO     | client:train:139 - [3,   100] loss: 0.542
2020-10-28 16:22:41.377 | INFO     | server:train_subset_of_clients:38 - Training epoch #3 on client #4
2020-10-28 16:22:41.398 | INFO     | client:train:139 - [3,     0] loss: 0.011
2020-10-28 16:22:43.509 | INFO     | client:train:139 - [3,   100] loss: 0.647
2020-10-28 16:22:43.905 | INFO     | server:train_subset_of_clients:41 - Averaging client parameters
2020-10-28 16:22:43.908 | INFO     | server:train_subset_of_clients:46 - Updating parameters on client #0
2020-10-28 16:22:43.910 | INFO     | server:train_subset_of_clients:46 - Updating parameters on client #1
2020-10-28 16:22:43.911 | INFO     | server:train_subset_of_clients:46 - Updating parameters on client #2
2020-10-28 16:22:43.913 | INFO     | server:train_subset_of_clients:46 - Updating parameters on client #3
2020-10-28 16:22:43.914 | INFO     | server:train_subset_of_clients:46 - Updating parameters on client #4
2020-10-28 16:22:43.916 | INFO     | server:train_subset_of_clients:46 - Updating parameters on client #5
2020-10-28 16:22:43.917 | INFO     | server:train_subset_of_clients:46 - Updating parameters on client #6
2020-10-28 16:22:43.920 | INFO     | server:train_subset_of_clients:46 - Updating parameters on client #7
2020-10-28 16:22:43.921 | INFO     | server:train_subset_of_clients:46 - Updating parameters on client #8
2020-10-28 16:22:43.923 | INFO     | server:train_subset_of_clients:46 - Updating parameters on client #9
2020-10-28 16:22:43.924 | INFO     | server:train_subset_of_clients:46 - Updating parameters on client #10
2020-10-28 16:22:43.926 | INFO     | server:train_subset_of_clients:46 - Updating parameters on client #11
2020-10-28 16:22:43.928 | INFO     | server:train_subset_of_clients:46 - Updating parameters on client #12
2020-10-28 16:22:43.929 | INFO     | server:train_subset_of_clients:46 - Updating parameters on client #13
2020-10-28 16:22:43.931 | INFO     | server:train_subset_of_clients:46 - Updating parameters on client #14
2020-10-28 16:22:43.933 | INFO     | server:train_subset_of_clients:46 - Updating parameters on client #15
2020-10-28 16:22:43.934 | INFO     | server:train_subset_of_clients:46 - Updating parameters on client #16
2020-10-28 16:22:43.936 | INFO     | server:train_subset_of_clients:46 - Updating parameters on client #17
2020-10-28 16:22:43.938 | INFO     | server:train_subset_of_clients:46 - Updating parameters on client #18
2020-10-28 16:22:43.940 | INFO     | server:train_subset_of_clients:46 - Updating parameters on client #19
2020-10-28 16:22:43.941 | INFO     | server:train_subset_of_clients:46 - Updating parameters on client #20
2020-10-28 16:22:43.943 | INFO     | server:train_subset_of_clients:46 - Updating parameters on client #21
2020-10-28 16:22:43.945 | INFO     | server:train_subset_of_clients:46 - Updating parameters on client #22
2020-10-28 16:22:43.946 | INFO     | server:train_subset_of_clients:46 - Updating parameters on client #23
2020-10-28 16:22:43.948 | INFO     | server:train_subset_of_clients:46 - Updating parameters on client #24
2020-10-28 16:22:43.949 | INFO     | server:train_subset_of_clients:46 - Updating parameters on client #25
2020-10-28 16:22:43.951 | INFO     | server:train_subset_of_clients:46 - Updating parameters on client #26
2020-10-28 16:22:43.953 | INFO     | server:train_subset_of_clients:46 - Updating parameters on client #27
2020-10-28 16:22:43.955 | INFO     | server:train_subset_of_clients:46 - Updating parameters on client #28
2020-10-28 16:22:43.956 | INFO     | server:train_subset_of_clients:46 - Updating parameters on client #29
2020-10-28 16:22:43.958 | INFO     | server:train_subset_of_clients:46 - Updating parameters on client #30
2020-10-28 16:22:43.960 | INFO     | server:train_subset_of_clients:46 - Updating parameters on client #31
2020-10-28 16:22:43.961 | INFO     | server:train_subset_of_clients:46 - Updating parameters on client #32
2020-10-28 16:22:43.963 | INFO     | server:train_subset_of_clients:46 - Updating parameters on client #33
2020-10-28 16:22:43.964 | INFO     | server:train_subset_of_clients:46 - Updating parameters on client #34
2020-10-28 16:22:43.966 | INFO     | server:train_subset_of_clients:46 - Updating parameters on client #35
2020-10-28 16:22:43.968 | INFO     | server:train_subset_of_clients:46 - Updating parameters on client #36
2020-10-28 16:22:43.970 | INFO     | server:train_subset_of_clients:46 - Updating parameters on client #37
2020-10-28 16:22:43.971 | INFO     | server:train_subset_of_clients:46 - Updating parameters on client #38
2020-10-28 16:22:43.973 | INFO     | server:train_subset_of_clients:46 - Updating parameters on client #39
2020-10-28 16:22:43.974 | INFO     | server:train_subset_of_clients:46 - Updating parameters on client #40
2020-10-28 16:22:43.976 | INFO     | server:train_subset_of_clients:46 - Updating parameters on client #41
2020-10-28 16:22:43.978 | INFO     | server:train_subset_of_clients:46 - Updating parameters on client #42
2020-10-28 16:22:43.979 | INFO     | server:train_subset_of_clients:46 - Updating parameters on client #43
2020-10-28 16:22:43.981 | INFO     | server:train_subset_of_clients:46 - Updating parameters on client #44
2020-10-28 16:22:43.983 | INFO     | server:train_subset_of_clients:46 - Updating parameters on client #45
2020-10-28 16:22:43.985 | INFO     | server:train_subset_of_clients:46 - Updating parameters on client #46
2020-10-28 16:22:43.986 | INFO     | server:train_subset_of_clients:46 - Updating parameters on client #47
2020-10-28 16:22:43.988 | INFO     | server:train_subset_of_clients:46 - Updating parameters on client #48
2020-10-28 16:22:43.990 | INFO     | server:train_subset_of_clients:46 - Updating parameters on client #49
2020-10-28 16:22:48.468 | DEBUG    | client:test:203 - Test set: Accuracy: 7417/10000 (74%)
2020-10-28 16:22:48.469 | DEBUG    | client:test:204 - Test set: Loss: 7.283516228199005
2020-10-28 16:22:48.504 | DEBUG    | client:test:205 - Classification Report:
              precision    recall  f1-score   support

           0       0.76      0.83      0.79      1000
           1       0.00      0.00      0.00      1000
           2       0.68      0.81      0.74      1000
           3       0.81      0.87      0.84      1000
           4       0.70      0.81      0.75      1000
           5       0.94      0.91      0.93      1000
           6       0.73      0.36      0.48      1000
           7       0.88      0.93      0.90      1000
           8       0.93      0.96      0.94      1000
           9       0.49      0.94      0.64      1000

    accuracy                           0.74     10000
   macro avg       0.69      0.74      0.70     10000
weighted avg       0.69      0.74      0.70     10000

2020-10-28 16:22:48.505 | DEBUG    | client:test:206 - Confusion Matrix:
[[832   0  41  53   5   9  38   0  22   0]
 [  5   0  12  57   7   1   1   0   2 915]
 [ 10   0 811   7 130   3  28   0  11   0]
 [ 25   0  28 871  39   4  27   0   4   2]
 [  0   0 116  36 805   1  37   0   4   1]
 [  0   0   0   3   0 910   0  66   2  19]
 [227   0 175  37 165   6 361   1  28   0]
 [  0   0   0   0   0  20   0 927   1  52]
 [  0   0  11   9   4   6   3   4 960   3]
 [  0   0   0   0   0   4   1  54   1 940]]
2020-10-28 16:22:48.507 | DEBUG    | client:test:207 - Class precision: [0.75705187        nan 0.67922948 0.81174278 0.6969697  0.9439834
 0.72782258 0.88117871 0.92753623 0.48654244]
2020-10-28 16:22:48.508 | DEBUG    | client:test:208 - Class recall: [0.832 0.    0.811 0.871 0.805 0.91  0.361 0.927 0.96  0.94 ]
2020-10-28 16:22:48.511 | INFO     | server:train_subset_of_clients:38 - Training epoch #4 on client #8
2020-10-28 16:22:48.543 | INFO     | client:train:139 - [4,     0] loss: 0.000
2020-10-28 16:22:50.672 | INFO     | client:train:139 - [4,   100] loss: 0.631
2020-10-28 16:22:51.069 | INFO     | server:train_subset_of_clients:38 - Training epoch #4 on client #4
2020-10-28 16:22:51.090 | INFO     | client:train:139 - [4,     0] loss: 0.008
2020-10-28 16:22:53.548 | INFO     | client:train:139 - [4,   100] loss: 0.568
2020-10-28 16:22:53.970 | INFO     | server:train_subset_of_clients:38 - Training epoch #4 on client #42
2020-10-28 16:22:53.991 | INFO     | client:train:139 - [4,     0] loss: 0.002
2020-10-28 16:22:56.080 | INFO     | client:train:139 - [4,   100] loss: 0.513
2020-10-28 16:22:56.498 | INFO     | server:train_subset_of_clients:38 - Training epoch #4 on client #17
2020-10-28 16:22:56.518 | INFO     | client:train:139 - [4,     0] loss: 0.004
2020-10-28 16:22:58.605 | INFO     | client:train:139 - [4,   100] loss: 0.632
2020-10-28 16:22:58.988 | INFO     | server:train_subset_of_clients:38 - Training epoch #4 on client #5
2020-10-28 16:22:59.009 | INFO     | client:train:139 - [4,     0] loss: 0.006
2020-10-28 16:23:00.957 | INFO     | client:train:139 - [4,   100] loss: 0.560
2020-10-28 16:23:01.326 | INFO     | server:train_subset_of_clients:41 - Averaging client parameters
2020-10-28 16:23:01.328 | INFO     | server:train_subset_of_clients:46 - Updating parameters on client #0
2020-10-28 16:23:01.330 | INFO     | server:train_subset_of_clients:46 - Updating parameters on client #1
2020-10-28 16:23:01.332 | INFO     | server:train_subset_of_clients:46 - Updating parameters on client #2
2020-10-28 16:23:01.333 | INFO     | server:train_subset_of_clients:46 - Updating parameters on client #3
2020-10-28 16:23:01.335 | INFO     | server:train_subset_of_clients:46 - Updating parameters on client #4
2020-10-28 16:23:01.337 | INFO     | server:train_subset_of_clients:46 - Updating parameters on client #5
2020-10-28 16:23:01.339 | INFO     | server:train_subset_of_clients:46 - Updating parameters on client #6
2020-10-28 16:23:01.340 | INFO     | server:train_subset_of_clients:46 - Updating parameters on client #7
2020-10-28 16:23:01.342 | INFO     | server:train_subset_of_clients:46 - Updating parameters on client #8
2020-10-28 16:23:01.344 | INFO     | server:train_subset_of_clients:46 - Updating parameters on client #9
2020-10-28 16:23:01.345 | INFO     | server:train_subset_of_clients:46 - Updating parameters on client #10
2020-10-28 16:23:01.347 | INFO     | server:train_subset_of_clients:46 - Updating parameters on client #11
2020-10-28 16:23:01.348 | INFO     | server:train_subset_of_clients:46 - Updating parameters on client #12
2020-10-28 16:23:01.350 | INFO     | server:train_subset_of_clients:46 - Updating parameters on client #13
2020-10-28 16:23:01.352 | INFO     | server:train_subset_of_clients:46 - Updating parameters on client #14
2020-10-28 16:23:01.353 | INFO     | server:train_subset_of_clients:46 - Updating parameters on client #15
2020-10-28 16:23:01.355 | INFO     | server:train_subset_of_clients:46 - Updating parameters on client #16
2020-10-28 16:23:01.357 | INFO     | server:train_subset_of_clients:46 - Updating parameters on client #17
2020-10-28 16:23:01.358 | INFO     | server:train_subset_of_clients:46 - Updating parameters on client #18
2020-10-28 16:23:01.360 | INFO     | server:train_subset_of_clients:46 - Updating parameters on client #19
2020-10-28 16:23:01.362 | INFO     | server:train_subset_of_clients:46 - Updating parameters on client #20
2020-10-28 16:23:01.363 | INFO     | server:train_subset_of_clients:46 - Updating parameters on client #21
2020-10-28 16:23:01.365 | INFO     | server:train_subset_of_clients:46 - Updating parameters on client #22
2020-10-28 16:23:01.366 | INFO     | server:train_subset_of_clients:46 - Updating parameters on client #23
2020-10-28 16:23:01.368 | INFO     | server:train_subset_of_clients:46 - Updating parameters on client #24
2020-10-28 16:23:01.370 | INFO     | server:train_subset_of_clients:46 - Updating parameters on client #25
2020-10-28 16:23:01.372 | INFO     | server:train_subset_of_clients:46 - Updating parameters on client #26
2020-10-28 16:23:01.374 | INFO     | server:train_subset_of_clients:46 - Updating parameters on client #27
2020-10-28 16:23:01.375 | INFO     | server:train_subset_of_clients:46 - Updating parameters on client #28
2020-10-28 16:23:01.377 | INFO     | server:train_subset_of_clients:46 - Updating parameters on client #29
2020-10-28 16:23:01.378 | INFO     | server:train_subset_of_clients:46 - Updating parameters on client #30
2020-10-28 16:23:01.380 | INFO     | server:train_subset_of_clients:46 - Updating parameters on client #31
2020-10-28 16:23:01.382 | INFO     | server:train_subset_of_clients:46 - Updating parameters on client #32
2020-10-28 16:23:01.383 | INFO     | server:train_subset_of_clients:46 - Updating parameters on client #33
2020-10-28 16:23:01.385 | INFO     | server:train_subset_of_clients:46 - Updating parameters on client #34
2020-10-28 16:23:01.387 | INFO     | server:train_subset_of_clients:46 - Updating parameters on client #35
2020-10-28 16:23:01.389 | INFO     | server:train_subset_of_clients:46 - Updating parameters on client #36
2020-10-28 16:23:01.390 | INFO     | server:train_subset_of_clients:46 - Updating parameters on client #37
2020-10-28 16:23:01.392 | INFO     | server:train_subset_of_clients:46 - Updating parameters on client #38
2020-10-28 16:23:01.394 | INFO     | server:train_subset_of_clients:46 - Updating parameters on client #39
2020-10-28 16:23:01.395 | INFO     | server:train_subset_of_clients:46 - Updating parameters on client #40
2020-10-28 16:23:01.397 | INFO     | server:train_subset_of_clients:46 - Updating parameters on client #41
2020-10-28 16:23:01.399 | INFO     | server:train_subset_of_clients:46 - Updating parameters on client #42
2020-10-28 16:23:01.400 | INFO     | server:train_subset_of_clients:46 - Updating parameters on client #43
2020-10-28 16:23:01.402 | INFO     | server:train_subset_of_clients:46 - Updating parameters on client #44
2020-10-28 16:23:01.404 | INFO     | server:train_subset_of_clients:46 - Updating parameters on client #45
2020-10-28 16:23:01.405 | INFO     | server:train_subset_of_clients:46 - Updating parameters on client #46
2020-10-28 16:23:01.407 | INFO     | server:train_subset_of_clients:46 - Updating parameters on client #47
2020-10-28 16:23:01.408 | INFO     | server:train_subset_of_clients:46 - Updating parameters on client #48
2020-10-28 16:23:01.411 | INFO     | server:train_subset_of_clients:46 - Updating parameters on client #49
2020-10-28 16:23:05.332 | DEBUG    | client:test:203 - Test set: Accuracy: 8339/10000 (83%)
2020-10-28 16:23:05.332 | DEBUG    | client:test:204 - Test set: Loss: 4.7548768520355225
2020-10-28 16:23:05.364 | DEBUG    | client:test:205 - Classification Report:
              precision    recall  f1-score   support

           0       0.71      0.88      0.79      1000
           1       1.00      0.89      0.94      1000
           2       0.65      0.86      0.74      1000
           3       0.79      0.90      0.84      1000
           4       0.77      0.70      0.73      1000
           5       0.95      0.92      0.94      1000
           6       0.74      0.37      0.49      1000
           7       0.88      0.94      0.91      1000
           8       0.96      0.94      0.95      1000
           9       0.94      0.93      0.94      1000

    accuracy                           0.83     10000
   macro avg       0.84      0.83      0.83     10000
weighted avg       0.84      0.83      0.83     10000

2020-10-28 16:23:05.365 | DEBUG    | client:test:206 - Confusion Matrix:
[[877   0  30  50   4   6  24   0   9   0]
 [  9 893  11  72   5   0   5   0   2   3]
 [ 18   0 863   7  75   2  30   0   5   0]
 [ 37   0  23 895  23   1  20   0   1   0]
 [  2   0 204  47 704   0  41   0   2   0]
 [  1   0   0   3   0 924   0  60   1  11]
 [279   0 194  35 104   3 368   0  16   1]
 [  0   0   0   0   0  18   0 944   0  38]
 [  7   1   9  17   3   8   9   5 939   2]
 [  0   0   0   0   0   7   2  58   1 932]]
2020-10-28 16:23:05.366 | DEBUG    | client:test:207 - Class precision: [0.71300813 0.99888143 0.64692654 0.79484902 0.76688453 0.95356037
 0.73747495 0.88472352 0.96209016 0.94427558]
2020-10-28 16:23:05.367 | DEBUG    | client:test:208 - Class recall: [0.877 0.893 0.863 0.895 0.704 0.924 0.368 0.944 0.939 0.932]
2020-10-28 16:23:05.369 | INFO     | server:train_subset_of_clients:38 - Training epoch #5 on client #27
2020-10-28 16:23:05.398 | INFO     | client:train:139 - [5,     0] loss: 0.009
2020-10-28 16:23:07.381 | INFO     | client:train:139 - [5,   100] loss: 0.478
2020-10-28 16:23:07.759 | INFO     | server:train_subset_of_clients:38 - Training epoch #5 on client #32
2020-10-28 16:23:07.783 | INFO     | client:train:139 - [5,     0] loss: 0.003
2020-10-28 16:23:09.839 | INFO     | client:train:139 - [5,   100] loss: 0.520
2020-10-28 16:23:10.211 | INFO     | server:train_subset_of_clients:38 - Training epoch #5 on client #9
2020-10-28 16:23:10.231 | INFO     | client:train:139 - [5,     0] loss: 0.008
2020-10-28 16:23:12.180 | INFO     | client:train:139 - [5,   100] loss: 0.503
2020-10-28 16:23:12.551 | INFO     | server:train_subset_of_clients:38 - Training epoch #5 on client #13
2020-10-28 16:23:12.573 | INFO     | client:train:139 - [5,     0] loss: 0.004
2020-10-28 16:23:14.586 | INFO     | client:train:139 - [5,   100] loss: 0.570
2020-10-28 16:23:14.954 | INFO     | server:train_subset_of_clients:38 - Training epoch #5 on client #20
2020-10-28 16:23:14.974 | INFO     | client:train:139 - [5,     0] loss: 0.002
2020-10-28 16:23:16.922 | INFO     | client:train:139 - [5,   100] loss: 0.519
2020-10-28 16:23:17.297 | INFO     | server:train_subset_of_clients:41 - Averaging client parameters
2020-10-28 16:23:17.299 | INFO     | server:train_subset_of_clients:46 - Updating parameters on client #0
2020-10-28 16:23:17.301 | INFO     | server:train_subset_of_clients:46 - Updating parameters on client #1
2020-10-28 16:23:17.303 | INFO     | server:train_subset_of_clients:46 - Updating parameters on client #2
2020-10-28 16:23:17.304 | INFO     | server:train_subset_of_clients:46 - Updating parameters on client #3
2020-10-28 16:23:17.306 | INFO     | server:train_subset_of_clients:46 - Updating parameters on client #4
2020-10-28 16:23:17.307 | INFO     | server:train_subset_of_clients:46 - Updating parameters on client #5
2020-10-28 16:23:17.309 | INFO     | server:train_subset_of_clients:46 - Updating parameters on client #6
2020-10-28 16:23:17.311 | INFO     | server:train_subset_of_clients:46 - Updating parameters on client #7
2020-10-28 16:23:17.313 | INFO     | server:train_subset_of_clients:46 - Updating parameters on client #8
2020-10-28 16:23:17.314 | INFO     | server:train_subset_of_clients:46 - Updating parameters on client #9
2020-10-28 16:23:17.316 | INFO     | server:train_subset_of_clients:46 - Updating parameters on client #10
2020-10-28 16:23:17.318 | INFO     | server:train_subset_of_clients:46 - Updating parameters on client #11
2020-10-28 16:23:17.319 | INFO     | server:train_subset_of_clients:46 - Updating parameters on client #12
2020-10-28 16:23:17.321 | INFO     | server:train_subset_of_clients:46 - Updating parameters on client #13
2020-10-28 16:23:17.322 | INFO     | server:train_subset_of_clients:46 - Updating parameters on client #14
2020-10-28 16:23:17.324 | INFO     | server:train_subset_of_clients:46 - Updating parameters on client #15
2020-10-28 16:23:17.326 | INFO     | server:train_subset_of_clients:46 - Updating parameters on client #16
2020-10-28 16:23:17.327 | INFO     | server:train_subset_of_clients:46 - Updating parameters on client #17
2020-10-28 16:23:17.329 | INFO     | server:train_subset_of_clients:46 - Updating parameters on client #18
2020-10-28 16:23:17.331 | INFO     | server:train_subset_of_clients:46 - Updating parameters on client #19
2020-10-28 16:23:17.332 | INFO     | server:train_subset_of_clients:46 - Updating parameters on client #20
2020-10-28 16:23:17.334 | INFO     | server:train_subset_of_clients:46 - Updating parameters on client #21
2020-10-28 16:23:17.336 | INFO     | server:train_subset_of_clients:46 - Updating parameters on client #22
2020-10-28 16:23:17.337 | INFO     | server:train_subset_of_clients:46 - Updating parameters on client #23
2020-10-28 16:23:17.339 | INFO     | server:train_subset_of_clients:46 - Updating parameters on client #24
2020-10-28 16:23:17.340 | INFO     | server:train_subset_of_clients:46 - Updating parameters on client #25
2020-10-28 16:23:17.342 | INFO     | server:train_subset_of_clients:46 - Updating parameters on client #26
2020-10-28 16:23:17.344 | INFO     | server:train_subset_of_clients:46 - Updating parameters on client #27
2020-10-28 16:23:17.346 | INFO     | server:train_subset_of_clients:46 - Updating parameters on client #28
2020-10-28 16:23:17.347 | INFO     | server:train_subset_of_clients:46 - Updating parameters on client #29
2020-10-28 16:23:17.349 | INFO     | server:train_subset_of_clients:46 - Updating parameters on client #30
2020-10-28 16:23:17.351 | INFO     | server:train_subset_of_clients:46 - Updating parameters on client #31
2020-10-28 16:23:17.352 | INFO     | server:train_subset_of_clients:46 - Updating parameters on client #32
2020-10-28 16:23:17.354 | INFO     | server:train_subset_of_clients:46 - Updating parameters on client #33
2020-10-28 16:23:17.356 | INFO     | server:train_subset_of_clients:46 - Updating parameters on client #34
2020-10-28 16:23:17.357 | INFO     | server:train_subset_of_clients:46 - Updating parameters on client #35
2020-10-28 16:23:17.359 | INFO     | server:train_subset_of_clients:46 - Updating parameters on client #36
2020-10-28 16:23:17.361 | INFO     | server:train_subset_of_clients:46 - Updating parameters on client #37
2020-10-28 16:23:17.362 | INFO     | server:train_subset_of_clients:46 - Updating parameters on client #38
2020-10-28 16:23:17.364 | INFO     | server:train_subset_of_clients:46 - Updating parameters on client #39
2020-10-28 16:23:17.366 | INFO     | server:train_subset_of_clients:46 - Updating parameters on client #40
2020-10-28 16:23:17.367 | INFO     | server:train_subset_of_clients:46 - Updating parameters on client #41
2020-10-28 16:23:17.369 | INFO     | server:train_subset_of_clients:46 - Updating parameters on client #42
2020-10-28 16:23:17.371 | INFO     | server:train_subset_of_clients:46 - Updating parameters on client #43
2020-10-28 16:23:17.373 | INFO     | server:train_subset_of_clients:46 - Updating parameters on client #44
2020-10-28 16:23:17.375 | INFO     | server:train_subset_of_clients:46 - Updating parameters on client #45
2020-10-28 16:23:17.376 | INFO     | server:train_subset_of_clients:46 - Updating parameters on client #46
2020-10-28 16:23:17.378 | INFO     | server:train_subset_of_clients:46 - Updating parameters on client #47
2020-10-28 16:23:17.379 | INFO     | server:train_subset_of_clients:46 - Updating parameters on client #48
2020-10-28 16:23:17.381 | INFO     | server:train_subset_of_clients:46 - Updating parameters on client #49
2020-10-28 16:23:21.626 | DEBUG    | client:test:203 - Test set: Accuracy: 8489/10000 (85%)
2020-10-28 16:23:21.627 | DEBUG    | client:test:204 - Test set: Loss: 4.1809773445129395
2020-10-28 16:23:21.658 | DEBUG    | client:test:205 - Classification Report:
              precision    recall  f1-score   support

           0       0.86      0.75      0.80      1000
           1       0.99      0.94      0.96      1000
           2       0.84      0.70      0.76      1000
           3       0.84      0.88      0.86      1000
           4       0.76      0.74      0.75      1000
           5       0.93      0.95      0.94      1000
           6       0.55      0.72      0.62      1000
           7       0.93      0.90      0.91      1000
           8       0.96      0.95      0.96      1000
           9       0.92      0.96      0.94      1000

    accuracy                           0.85     10000
   macro avg       0.86      0.85      0.85     10000
weighted avg       0.86      0.85      0.85     10000

2020-10-28 16:23:21.659 | DEBUG    | client:test:206 - Confusion Matrix:
[[748   0   4  44   4   8 182   0  10   0]
 [  1 941   3  36   6   1   9   0   2   1]
 [  8   0 696   8 114   3 168   0   3   0]
 [ 14   7   2 880  32   1  63   0   1   0]
 [  0   1  69  35 745   1 147   0   2   0]
 [  0   0   0   2   0 950   1  33   1  13]
 [ 99   1  53  35  76   2 719   0  15   0]
 [  0   0   0   0   0  37   0 901   0  62]
 [  0   1   1  13   2   9  19   4 949   2]
 [  0   0   0   0   0   5   2  32   1 960]]
2020-10-28 16:23:21.660 | DEBUG    | client:test:207 - Class precision: [0.85977011 0.98948475 0.84057971 0.8357075  0.76098059 0.93411996
 0.54885496 0.92886598 0.96443089 0.92485549]
2020-10-28 16:23:21.661 | DEBUG    | client:test:208 - Class recall: [0.748 0.941 0.696 0.88  0.745 0.95  0.719 0.901 0.949 0.96 ]
2020-10-28 16:23:21.663 | INFO     | server:train_subset_of_clients:38 - Training epoch #6 on client #9
2020-10-28 16:23:21.694 | INFO     | client:train:139 - [6,     0] loss: 0.005
2020-10-28 16:23:24.364 | INFO     | client:train:139 - [6,   100] loss: 0.465
2020-10-28 16:23:25.074 | INFO     | server:train_subset_of_clients:38 - Training epoch #6 on client #34
2020-10-28 16:23:25.119 | INFO     | client:train:139 - [6,     0] loss: 0.007
2020-10-28 16:23:27.609 | INFO     | client:train:139 - [6,   100] loss: 0.541
2020-10-28 16:23:27.997 | INFO     | server:train_subset_of_clients:38 - Training epoch #6 on client #12
2020-10-28 16:23:28.017 | INFO     | client:train:139 - [6,     0] loss: 0.008
2020-10-28 16:23:30.338 | INFO     | client:train:139 - [6,   100] loss: 0.475
2020-10-28 16:23:30.740 | INFO     | server:train_subset_of_clients:38 - Training epoch #6 on client #23
2020-10-28 16:23:30.760 | INFO     | client:train:139 - [6,     0] loss: 0.002
2020-10-28 16:23:33.469 | INFO     | client:train:139 - [6,   100] loss: 0.519
2020-10-28 16:23:33.919 | INFO     | server:train_subset_of_clients:38 - Training epoch #6 on client #47
2020-10-28 16:23:33.940 | INFO     | client:train:139 - [6,     0] loss: 0.003
2020-10-28 16:23:36.470 | INFO     | client:train:139 - [6,   100] loss: 0.547
2020-10-28 16:23:36.873 | INFO     | server:train_subset_of_clients:41 - Averaging client parameters
2020-10-28 16:23:36.876 | INFO     | server:train_subset_of_clients:46 - Updating parameters on client #0
2020-10-28 16:23:36.878 | INFO     | server:train_subset_of_clients:46 - Updating parameters on client #1
2020-10-28 16:23:36.879 | INFO     | server:train_subset_of_clients:46 - Updating parameters on client #2
2020-10-28 16:23:36.881 | INFO     | server:train_subset_of_clients:46 - Updating parameters on client #3
2020-10-28 16:23:36.883 | INFO     | server:train_subset_of_clients:46 - Updating parameters on client #4
2020-10-28 16:23:36.885 | INFO     | server:train_subset_of_clients:46 - Updating parameters on client #5
2020-10-28 16:23:36.887 | INFO     | server:train_subset_of_clients:46 - Updating parameters on client #6
2020-10-28 16:23:36.889 | INFO     | server:train_subset_of_clients:46 - Updating parameters on client #7
2020-10-28 16:23:36.891 | INFO     | server:train_subset_of_clients:46 - Updating parameters on client #8
2020-10-28 16:23:36.892 | INFO     | server:train_subset_of_clients:46 - Updating parameters on client #9
2020-10-28 16:23:36.894 | INFO     | server:train_subset_of_clients:46 - Updating parameters on client #10
2020-10-28 16:23:36.896 | INFO     | server:train_subset_of_clients:46 - Updating parameters on client #11
2020-10-28 16:23:36.897 | INFO     | server:train_subset_of_clients:46 - Updating parameters on client #12
2020-10-28 16:23:36.899 | INFO     | server:train_subset_of_clients:46 - Updating parameters on client #13
2020-10-28 16:23:36.901 | INFO     | server:train_subset_of_clients:46 - Updating parameters on client #14
2020-10-28 16:23:36.903 | INFO     | server:train_subset_of_clients:46 - Updating parameters on client #15
2020-10-28 16:23:36.905 | INFO     | server:train_subset_of_clients:46 - Updating parameters on client #16
2020-10-28 16:23:36.907 | INFO     | server:train_subset_of_clients:46 - Updating parameters on client #17
2020-10-28 16:23:36.908 | INFO     | server:train_subset_of_clients:46 - Updating parameters on client #18
2020-10-28 16:23:36.910 | INFO     | server:train_subset_of_clients:46 - Updating parameters on client #19
2020-10-28 16:23:36.911 | INFO     | server:train_subset_of_clients:46 - Updating parameters on client #20
2020-10-28 16:23:36.913 | INFO     | server:train_subset_of_clients:46 - Updating parameters on client #21
2020-10-28 16:23:36.915 | INFO     | server:train_subset_of_clients:46 - Updating parameters on client #22
2020-10-28 16:23:36.917 | INFO     | server:train_subset_of_clients:46 - Updating parameters on client #23
2020-10-28 16:23:36.919 | INFO     | server:train_subset_of_clients:46 - Updating parameters on client #24
2020-10-28 16:23:36.920 | INFO     | server:train_subset_of_clients:46 - Updating parameters on client #25
2020-10-28 16:23:36.922 | INFO     | server:train_subset_of_clients:46 - Updating parameters on client #26
2020-10-28 16:23:36.924 | INFO     | server:train_subset_of_clients:46 - Updating parameters on client #27
2020-10-28 16:23:36.925 | INFO     | server:train_subset_of_clients:46 - Updating parameters on client #28
2020-10-28 16:23:36.927 | INFO     | server:train_subset_of_clients:46 - Updating parameters on client #29
2020-10-28 16:23:36.929 | INFO     | server:train_subset_of_clients:46 - Updating parameters on client #30
2020-10-28 16:23:36.930 | INFO     | server:train_subset_of_clients:46 - Updating parameters on client #31
2020-10-28 16:23:36.933 | INFO     | server:train_subset_of_clients:46 - Updating parameters on client #32
2020-10-28 16:23:36.934 | INFO     | server:train_subset_of_clients:46 - Updating parameters on client #33
2020-10-28 16:23:36.936 | INFO     | server:train_subset_of_clients:46 - Updating parameters on client #34
2020-10-28 16:23:36.938 | INFO     | server:train_subset_of_clients:46 - Updating parameters on client #35
2020-10-28 16:23:36.939 | INFO     | server:train_subset_of_clients:46 - Updating parameters on client #36
2020-10-28 16:23:36.941 | INFO     | server:train_subset_of_clients:46 - Updating parameters on client #37
2020-10-28 16:23:36.943 | INFO     | server:train_subset_of_clients:46 - Updating parameters on client #38
2020-10-28 16:23:36.944 | INFO     | server:train_subset_of_clients:46 - Updating parameters on client #39
2020-10-28 16:23:36.946 | INFO     | server:train_subset_of_clients:46 - Updating parameters on client #40
2020-10-28 16:23:36.948 | INFO     | server:train_subset_of_clients:46 - Updating parameters on client #41
2020-10-28 16:23:36.950 | INFO     | server:train_subset_of_clients:46 - Updating parameters on client #42
2020-10-28 16:23:36.952 | INFO     | server:train_subset_of_clients:46 - Updating parameters on client #43
2020-10-28 16:23:36.953 | INFO     | server:train_subset_of_clients:46 - Updating parameters on client #44
2020-10-28 16:23:36.955 | INFO     | server:train_subset_of_clients:46 - Updating parameters on client #45
2020-10-28 16:23:36.956 | INFO     | server:train_subset_of_clients:46 - Updating parameters on client #46
2020-10-28 16:23:36.958 | INFO     | server:train_subset_of_clients:46 - Updating parameters on client #47
2020-10-28 16:23:36.960 | INFO     | server:train_subset_of_clients:46 - Updating parameters on client #48
2020-10-28 16:23:36.962 | INFO     | server:train_subset_of_clients:46 - Updating parameters on client #49
2020-10-28 16:23:41.527 | DEBUG    | client:test:203 - Test set: Accuracy: 7575/10000 (76%)
2020-10-28 16:23:41.527 | DEBUG    | client:test:204 - Test set: Loss: 8.374953031539917
2020-10-28 16:23:41.559 | DEBUG    | client:test:205 - Classification Report:
              precision    recall  f1-score   support

           0       0.77      0.85      0.81      1000
           1       0.00      0.00      0.00      1000
           2       0.76      0.81      0.78      1000
           3       0.78      0.93      0.84      1000
           4       0.73      0.81      0.77      1000
           5       0.96      0.94      0.95      1000
           6       0.75      0.41      0.53      1000
           7       0.87      0.97      0.92      1000
           8       0.94      0.96      0.95      1000
           9       0.49      0.91      0.63      1000

    accuracy                           0.76     10000
   macro avg       0.70      0.76      0.72     10000
weighted avg       0.70      0.76      0.72     10000

2020-10-28 16:23:41.560 | DEBUG    | client:test:206 - Confusion Matrix:
[[846   0  21  66   4   7  41   0  15   0]
 [  0   0   5  55   5   1   5   0   2 927]
 [ 15   0 811  16 111   2  35   0  10   0]
 [ 21   0   8 925  17   1  25   0   2   1]
 [  1   0  95  60 813   1  26   0   3   1]
 [  0   0   0   3   0 935   0  51   2   9]
 [215   0 126  53 168   5 406   1  24   2]
 [  0   0   0   0   0  11   0 974   1  14]
 [  1   0   4  14   3   5   5   5 960   3]
 [  0   0   0   0   0   6   1  87   1 905]]
2020-10-28 16:23:41.561 | DEBUG    | client:test:207 - Class precision: [0.76979072        nan 0.75794393 0.77600671 0.72524532 0.95995893
 0.74632353 0.87119857 0.94117647 0.48603652]
2020-10-28 16:23:41.562 | DEBUG    | client:test:208 - Class recall: [0.846 0.    0.811 0.925 0.813 0.935 0.406 0.974 0.96  0.905]
2020-10-28 16:23:41.565 | INFO     | server:train_subset_of_clients:38 - Training epoch #7 on client #15
2020-10-28 16:23:41.595 | INFO     | client:train:139 - [7,     0] loss: 0.004
2020-10-28 16:23:43.723 | INFO     | client:train:139 - [7,   100] loss: 0.457
2020-10-28 16:23:44.186 | INFO     | server:train_subset_of_clients:38 - Training epoch #7 on client #11
2020-10-28 16:23:44.212 | INFO     | client:train:139 - [7,     0] loss: 0.006
2020-10-28 16:23:46.431 | INFO     | client:train:139 - [7,   100] loss: 0.442
2020-10-28 16:23:46.863 | INFO     | server:train_subset_of_clients:38 - Training epoch #7 on client #3
2020-10-28 16:23:46.885 | INFO     | client:train:139 - [7,     0] loss: 0.006
2020-10-28 16:23:49.152 | INFO     | client:train:139 - [7,   100] loss: 0.423
2020-10-28 16:23:49.546 | INFO     | server:train_subset_of_clients:38 - Training epoch #7 on client #1
2020-10-28 16:23:49.568 | INFO     | client:train:139 - [7,     0] loss: 0.003
2020-10-28 16:23:51.774 | INFO     | client:train:139 - [7,   100] loss: 0.515
2020-10-28 16:23:52.176 | INFO     | server:train_subset_of_clients:38 - Training epoch #7 on client #6
2020-10-28 16:23:52.197 | INFO     | client:train:139 - [7,     0] loss: 0.013
2020-10-28 16:23:54.232 | INFO     | client:train:139 - [7,   100] loss: 0.466
2020-10-28 16:23:54.622 | INFO     | server:train_subset_of_clients:41 - Averaging client parameters
2020-10-28 16:23:54.625 | INFO     | server:train_subset_of_clients:46 - Updating parameters on client #0
2020-10-28 16:23:54.627 | INFO     | server:train_subset_of_clients:46 - Updating parameters on client #1
2020-10-28 16:23:54.629 | INFO     | server:train_subset_of_clients:46 - Updating parameters on client #2
2020-10-28 16:23:54.631 | INFO     | server:train_subset_of_clients:46 - Updating parameters on client #3
2020-10-28 16:23:54.632 | INFO     | server:train_subset_of_clients:46 - Updating parameters on client #4
2020-10-28 16:23:54.634 | INFO     | server:train_subset_of_clients:46 - Updating parameters on client #5
2020-10-28 16:23:54.636 | INFO     | server:train_subset_of_clients:46 - Updating parameters on client #6
2020-10-28 16:23:54.637 | INFO     | server:train_subset_of_clients:46 - Updating parameters on client #7
2020-10-28 16:23:54.639 | INFO     | server:train_subset_of_clients:46 - Updating parameters on client #8
2020-10-28 16:23:54.641 | INFO     | server:train_subset_of_clients:46 - Updating parameters on client #9
2020-10-28 16:23:54.643 | INFO     | server:train_subset_of_clients:46 - Updating parameters on client #10
2020-10-28 16:23:54.644 | INFO     | server:train_subset_of_clients:46 - Updating parameters on client #11
2020-10-28 16:23:54.646 | INFO     | server:train_subset_of_clients:46 - Updating parameters on client #12
2020-10-28 16:23:54.647 | INFO     | server:train_subset_of_clients:46 - Updating parameters on client #13
2020-10-28 16:23:54.649 | INFO     | server:train_subset_of_clients:46 - Updating parameters on client #14
2020-10-28 16:23:54.651 | INFO     | server:train_subset_of_clients:46 - Updating parameters on client #15
2020-10-28 16:23:54.653 | INFO     | server:train_subset_of_clients:46 - Updating parameters on client #16
2020-10-28 16:23:54.654 | INFO     | server:train_subset_of_clients:46 - Updating parameters on client #17
2020-10-28 16:23:54.656 | INFO     | server:train_subset_of_clients:46 - Updating parameters on client #18
2020-10-28 16:23:54.658 | INFO     | server:train_subset_of_clients:46 - Updating parameters on client #19
2020-10-28 16:23:54.660 | INFO     | server:train_subset_of_clients:46 - Updating parameters on client #20
2020-10-28 16:23:54.662 | INFO     | server:train_subset_of_clients:46 - Updating parameters on client #21
2020-10-28 16:23:54.663 | INFO     | server:train_subset_of_clients:46 - Updating parameters on client #22
2020-10-28 16:23:54.665 | INFO     | server:train_subset_of_clients:46 - Updating parameters on client #23
2020-10-28 16:23:54.666 | INFO     | server:train_subset_of_clients:46 - Updating parameters on client #24
2020-10-28 16:23:54.668 | INFO     | server:train_subset_of_clients:46 - Updating parameters on client #25
2020-10-28 16:23:54.670 | INFO     | server:train_subset_of_clients:46 - Updating parameters on client #26
2020-10-28 16:23:54.671 | INFO     | server:train_subset_of_clients:46 - Updating parameters on client #27
2020-10-28 16:23:54.673 | INFO     | server:train_subset_of_clients:46 - Updating parameters on client #28
2020-10-28 16:23:54.675 | INFO     | server:train_subset_of_clients:46 - Updating parameters on client #29
2020-10-28 16:23:54.677 | INFO     | server:train_subset_of_clients:46 - Updating parameters on client #30
2020-10-28 16:23:54.678 | INFO     | server:train_subset_of_clients:46 - Updating parameters on client #31
2020-10-28 16:23:54.680 | INFO     | server:train_subset_of_clients:46 - Updating parameters on client #32
2020-10-28 16:23:54.682 | INFO     | server:train_subset_of_clients:46 - Updating parameters on client #33
2020-10-28 16:23:54.683 | INFO     | server:train_subset_of_clients:46 - Updating parameters on client #34
2020-10-28 16:23:54.685 | INFO     | server:train_subset_of_clients:46 - Updating parameters on client #35
2020-10-28 16:23:54.686 | INFO     | server:train_subset_of_clients:46 - Updating parameters on client #36
2020-10-28 16:23:54.688 | INFO     | server:train_subset_of_clients:46 - Updating parameters on client #37
2020-10-28 16:23:54.690 | INFO     | server:train_subset_of_clients:46 - Updating parameters on client #38
2020-10-28 16:23:54.692 | INFO     | server:train_subset_of_clients:46 - Updating parameters on client #39
2020-10-28 16:23:54.693 | INFO     | server:train_subset_of_clients:46 - Updating parameters on client #40
2020-10-28 16:23:54.695 | INFO     | server:train_subset_of_clients:46 - Updating parameters on client #41
2020-10-28 16:23:54.697 | INFO     | server:train_subset_of_clients:46 - Updating parameters on client #42
2020-10-28 16:23:54.699 | INFO     | server:train_subset_of_clients:46 - Updating parameters on client #43
2020-10-28 16:23:54.700 | INFO     | server:train_subset_of_clients:46 - Updating parameters on client #44
2020-10-28 16:23:54.702 | INFO     | server:train_subset_of_clients:46 - Updating parameters on client #45
2020-10-28 16:23:54.704 | INFO     | server:train_subset_of_clients:46 - Updating parameters on client #46
2020-10-28 16:23:54.705 | INFO     | server:train_subset_of_clients:46 - Updating parameters on client #47
2020-10-28 16:23:54.707 | INFO     | server:train_subset_of_clients:46 - Updating parameters on client #48
2020-10-28 16:23:54.709 | INFO     | server:train_subset_of_clients:46 - Updating parameters on client #49
2020-10-28 16:23:59.292 | DEBUG    | client:test:203 - Test set: Accuracy: 8344/10000 (83%)
2020-10-28 16:23:59.292 | DEBUG    | client:test:204 - Test set: Loss: 4.639687925577164
2020-10-28 16:23:59.325 | DEBUG    | client:test:205 - Classification Report:
              precision    recall  f1-score   support

           0       0.88      0.70      0.78      1000
           1       1.00      0.81      0.90      1000
           2       0.78      0.78      0.78      1000
           3       0.87      0.86      0.86      1000
           4       0.82      0.66      0.73      1000
           5       0.95      0.94      0.95      1000
           6       0.52      0.76      0.62      1000
           7       0.90      0.95      0.92      1000
           8       0.96      0.96      0.96      1000
           9       0.85      0.94      0.89      1000

    accuracy                           0.83     10000
   macro avg       0.85      0.83      0.84     10000
weighted avg       0.85      0.83      0.84     10000

2020-10-28 16:23:59.327 | DEBUG    | client:test:206 - Confusion Matrix:
[[697   0  14  30   3   8 235   0  13   0]
 [  2 814   7  36   3   2  14   0   2 120]
 [  4   0 779   7  63   3 137   0   7   0]
 [ 12   2   9 859  28   1  85   1   2   1]
 [  0   0 106  30 660   0 201   0   2   1]
 [  0   0   0   1   0 938   1  48   1  11]
 [ 78   0  83  19  47   2 756   1  14   0]
 [  0   0   0   0   0  19   0 948   0  33]
 [  0   1   3   6   1   4  23   5 957   0]
 [  0   0   0   0   0   7   2  54   1 936]]
2020-10-28 16:23:59.327 | DEBUG    | client:test:207 - Class precision: [0.87894073 0.99632803 0.77822178 0.8694332  0.81987578 0.95325203
 0.51994498 0.89687796 0.95795796 0.84936479]
2020-10-28 16:23:59.328 | DEBUG    | client:test:208 - Class recall: [0.697 0.814 0.779 0.859 0.66  0.938 0.756 0.948 0.957 0.936]
2020-10-28 16:23:59.330 | INFO     | server:train_subset_of_clients:38 - Training epoch #8 on client #17
2020-10-28 16:23:59.360 | INFO     | client:train:139 - [8,     0] loss: 0.003
2020-10-28 16:24:01.441 | INFO     | client:train:139 - [8,   100] loss: 0.510
2020-10-28 16:24:01.815 | INFO     | server:train_subset_of_clients:38 - Training epoch #8 on client #25
2020-10-28 16:24:01.836 | INFO     | client:train:139 - [8,     0] loss: 0.008
2020-10-28 16:24:03.794 | INFO     | client:train:139 - [8,   100] loss: 0.442
2020-10-28 16:24:04.164 | INFO     | server:train_subset_of_clients:38 - Training epoch #8 on client #16
2020-10-28 16:24:04.187 | INFO     | client:train:139 - [8,     0] loss: 0.006
2020-10-28 16:24:06.735 | INFO     | client:train:139 - [8,   100] loss: 0.431
2020-10-28 16:24:07.116 | INFO     | server:train_subset_of_clients:38 - Training epoch #8 on client #32
2020-10-28 16:24:07.136 | INFO     | client:train:139 - [8,     0] loss: 0.008
2020-10-28 16:24:09.258 | INFO     | client:train:139 - [8,   100] loss: 0.428
2020-10-28 16:24:09.636 | INFO     | server:train_subset_of_clients:38 - Training epoch #8 on client #46
2020-10-28 16:24:09.657 | INFO     | client:train:139 - [8,     0] loss: 0.008
2020-10-28 16:24:12.060 | INFO     | client:train:139 - [8,   100] loss: 0.443
2020-10-28 16:24:12.432 | INFO     | server:train_subset_of_clients:41 - Averaging client parameters
2020-10-28 16:24:12.434 | INFO     | server:train_subset_of_clients:46 - Updating parameters on client #0
2020-10-28 16:24:12.436 | INFO     | server:train_subset_of_clients:46 - Updating parameters on client #1
2020-10-28 16:24:12.438 | INFO     | server:train_subset_of_clients:46 - Updating parameters on client #2
2020-10-28 16:24:12.439 | INFO     | server:train_subset_of_clients:46 - Updating parameters on client #3
2020-10-28 16:24:12.441 | INFO     | server:train_subset_of_clients:46 - Updating parameters on client #4
2020-10-28 16:24:12.443 | INFO     | server:train_subset_of_clients:46 - Updating parameters on client #5
2020-10-28 16:24:12.444 | INFO     | server:train_subset_of_clients:46 - Updating parameters on client #6
2020-10-28 16:24:12.446 | INFO     | server:train_subset_of_clients:46 - Updating parameters on client #7
2020-10-28 16:24:12.448 | INFO     | server:train_subset_of_clients:46 - Updating parameters on client #8
2020-10-28 16:24:12.450 | INFO     | server:train_subset_of_clients:46 - Updating parameters on client #9
2020-10-28 16:24:12.451 | INFO     | server:train_subset_of_clients:46 - Updating parameters on client #10
2020-10-28 16:24:12.453 | INFO     | server:train_subset_of_clients:46 - Updating parameters on client #11
2020-10-28 16:24:12.455 | INFO     | server:train_subset_of_clients:46 - Updating parameters on client #12
2020-10-28 16:24:12.457 | INFO     | server:train_subset_of_clients:46 - Updating parameters on client #13
2020-10-28 16:24:12.458 | INFO     | server:train_subset_of_clients:46 - Updating parameters on client #14
2020-10-28 16:24:12.460 | INFO     | server:train_subset_of_clients:46 - Updating parameters on client #15
2020-10-28 16:24:12.461 | INFO     | server:train_subset_of_clients:46 - Updating parameters on client #16
2020-10-28 16:24:12.463 | INFO     | server:train_subset_of_clients:46 - Updating parameters on client #17
2020-10-28 16:24:12.465 | INFO     | server:train_subset_of_clients:46 - Updating parameters on client #18
2020-10-28 16:24:12.467 | INFO     | server:train_subset_of_clients:46 - Updating parameters on client #19
2020-10-28 16:24:12.468 | INFO     | server:train_subset_of_clients:46 - Updating parameters on client #20
2020-10-28 16:24:12.470 | INFO     | server:train_subset_of_clients:46 - Updating parameters on client #21
2020-10-28 16:24:12.472 | INFO     | server:train_subset_of_clients:46 - Updating parameters on client #22
2020-10-28 16:24:12.473 | INFO     | server:train_subset_of_clients:46 - Updating parameters on client #23
2020-10-28 16:24:12.475 | INFO     | server:train_subset_of_clients:46 - Updating parameters on client #24
2020-10-28 16:24:12.476 | INFO     | server:train_subset_of_clients:46 - Updating parameters on client #25
2020-10-28 16:24:12.478 | INFO     | server:train_subset_of_clients:46 - Updating parameters on client #26
2020-10-28 16:24:12.480 | INFO     | server:train_subset_of_clients:46 - Updating parameters on client #27
2020-10-28 16:24:12.481 | INFO     | server:train_subset_of_clients:46 - Updating parameters on client #28
2020-10-28 16:24:12.483 | INFO     | server:train_subset_of_clients:46 - Updating parameters on client #29
2020-10-28 16:24:12.485 | INFO     | server:train_subset_of_clients:46 - Updating parameters on client #30
2020-10-28 16:24:12.487 | INFO     | server:train_subset_of_clients:46 - Updating parameters on client #31
2020-10-28 16:24:12.488 | INFO     | server:train_subset_of_clients:46 - Updating parameters on client #32
2020-10-28 16:24:12.490 | INFO     | server:train_subset_of_clients:46 - Updating parameters on client #33
2020-10-28 16:24:12.491 | INFO     | server:train_subset_of_clients:46 - Updating parameters on client #34
2020-10-28 16:24:12.493 | INFO     | server:train_subset_of_clients:46 - Updating parameters on client #35
2020-10-28 16:24:12.495 | INFO     | server:train_subset_of_clients:46 - Updating parameters on client #36
2020-10-28 16:24:12.497 | INFO     | server:train_subset_of_clients:46 - Updating parameters on client #37
2020-10-28 16:24:12.498 | INFO     | server:train_subset_of_clients:46 - Updating parameters on client #38
2020-10-28 16:24:12.500 | INFO     | server:train_subset_of_clients:46 - Updating parameters on client #39
2020-10-28 16:24:12.502 | INFO     | server:train_subset_of_clients:46 - Updating parameters on client #40
2020-10-28 16:24:12.503 | INFO     | server:train_subset_of_clients:46 - Updating parameters on client #41
2020-10-28 16:24:12.505 | INFO     | server:train_subset_of_clients:46 - Updating parameters on client #42
2020-10-28 16:24:12.506 | INFO     | server:train_subset_of_clients:46 - Updating parameters on client #43
2020-10-28 16:24:12.508 | INFO     | server:train_subset_of_clients:46 - Updating parameters on client #44
2020-10-28 16:24:12.510 | INFO     | server:train_subset_of_clients:46 - Updating parameters on client #45
2020-10-28 16:24:12.511 | INFO     | server:train_subset_of_clients:46 - Updating parameters on client #46
2020-10-28 16:24:12.513 | INFO     | server:train_subset_of_clients:46 - Updating parameters on client #47
2020-10-28 16:24:12.515 | INFO     | server:train_subset_of_clients:46 - Updating parameters on client #48
2020-10-28 16:24:12.516 | INFO     | server:train_subset_of_clients:46 - Updating parameters on client #49
2020-10-28 16:24:16.585 | DEBUG    | client:test:203 - Test set: Accuracy: 8602/10000 (86%)
2020-10-28 16:24:16.586 | DEBUG    | client:test:204 - Test set: Loss: 3.883610814809799
2020-10-28 16:24:16.624 | DEBUG    | client:test:205 - Classification Report:
              precision    recall  f1-score   support

           0       0.81      0.85      0.83      1000
           1       0.98      0.96      0.97      1000
           2       0.73      0.85      0.79      1000
           3       0.86      0.87      0.86      1000
           4       0.81      0.70      0.75      1000
           5       0.98      0.92      0.95      1000
           6       0.65      0.60      0.63      1000
           7       0.88      0.96      0.92      1000
           8       0.96      0.96      0.96      1000
           9       0.96      0.94      0.95      1000

    accuracy                           0.86     10000
   macro avg       0.86      0.86      0.86     10000
weighted avg       0.86      0.86      0.86     10000

2020-10-28 16:24:16.625 | DEBUG    | client:test:206 - Confusion Matrix:
[[847   0  21  32   2   3  84   0  11   0]
 [  2 960   6  22   3   0   5   0   2   0]
 [ 14   0 851   7  63   0  62   1   2   0]
 [ 29  15  11 867  24   0  53   0   1   0]
 [  0   2 147  42 696   0 111   0   2   0]
 [  1   0   0   3   0 919   0  63   1  13]
 [155   1 120  28  72   1 605   0  18   0]
 [  0   0   0   0   0  10   0 963   0  27]
 [  1   4   8   9   2   4   8   5 959   0]
 [  0   0   0   0   0   3   2  59   1 935]]
2020-10-28 16:24:16.626 | DEBUG    | client:test:207 - Class precision: [0.80743565 0.97759674 0.73109966 0.85841584 0.80742459 0.97765957
 0.65053763 0.88267644 0.96188566 0.95897436]
2020-10-28 16:24:16.627 | DEBUG    | client:test:208 - Class recall: [0.847 0.96  0.851 0.867 0.696 0.919 0.605 0.963 0.959 0.935]
2020-10-28 16:24:16.629 | INFO     | server:train_subset_of_clients:38 - Training epoch #9 on client #23
2020-10-28 16:24:16.663 | INFO     | client:train:139 - [9,     0] loss: 0.001
2020-10-28 16:24:18.750 | INFO     | client:train:139 - [9,   100] loss: 0.437
2020-10-28 16:24:19.120 | INFO     | server:train_subset_of_clients:38 - Training epoch #9 on client #49
2020-10-28 16:24:19.141 | INFO     | client:train:139 - [9,     0] loss: 0.011
2020-10-28 16:24:21.104 | INFO     | client:train:139 - [9,   100] loss: 0.444
2020-10-28 16:24:21.480 | INFO     | server:train_subset_of_clients:38 - Training epoch #9 on client #0
2020-10-28 16:24:21.500 | INFO     | client:train:139 - [9,     0] loss: 0.004
2020-10-28 16:24:23.456 | INFO     | client:train:139 - [9,   100] loss: 0.468
2020-10-28 16:24:23.825 | INFO     | server:train_subset_of_clients:38 - Training epoch #9 on client #30
2020-10-28 16:24:23.846 | INFO     | client:train:139 - [9,     0] loss: 0.002
2020-10-28 16:24:25.803 | INFO     | client:train:139 - [9,   100] loss: 0.430
2020-10-28 16:24:26.175 | INFO     | server:train_subset_of_clients:38 - Training epoch #9 on client #10
2020-10-28 16:24:26.194 | INFO     | client:train:139 - [9,     0] loss: 0.001
2020-10-28 16:24:28.373 | INFO     | client:train:139 - [9,   100] loss: 0.452
2020-10-28 16:24:28.761 | INFO     | server:train_subset_of_clients:41 - Averaging client parameters
2020-10-28 16:24:28.763 | INFO     | server:train_subset_of_clients:46 - Updating parameters on client #0
2020-10-28 16:24:28.765 | INFO     | server:train_subset_of_clients:46 - Updating parameters on client #1
2020-10-28 16:24:28.767 | INFO     | server:train_subset_of_clients:46 - Updating parameters on client #2
2020-10-28 16:24:28.768 | INFO     | server:train_subset_of_clients:46 - Updating parameters on client #3
2020-10-28 16:24:28.770 | INFO     | server:train_subset_of_clients:46 - Updating parameters on client #4
2020-10-28 16:24:28.771 | INFO     | server:train_subset_of_clients:46 - Updating parameters on client #5
2020-10-28 16:24:28.773 | INFO     | server:train_subset_of_clients:46 - Updating parameters on client #6
2020-10-28 16:24:28.775 | INFO     | server:train_subset_of_clients:46 - Updating parameters on client #7
2020-10-28 16:24:28.777 | INFO     | server:train_subset_of_clients:46 - Updating parameters on client #8
2020-10-28 16:24:28.778 | INFO     | server:train_subset_of_clients:46 - Updating parameters on client #9
2020-10-28 16:24:28.780 | INFO     | server:train_subset_of_clients:46 - Updating parameters on client #10
2020-10-28 16:24:28.781 | INFO     | server:train_subset_of_clients:46 - Updating parameters on client #11
2020-10-28 16:24:28.783 | INFO     | server:train_subset_of_clients:46 - Updating parameters on client #12
2020-10-28 16:24:28.785 | INFO     | server:train_subset_of_clients:46 - Updating parameters on client #13
2020-10-28 16:24:28.787 | INFO     | server:train_subset_of_clients:46 - Updating parameters on client #14
2020-10-28 16:24:28.789 | INFO     | server:train_subset_of_clients:46 - Updating parameters on client #15
2020-10-28 16:24:28.790 | INFO     | server:train_subset_of_clients:46 - Updating parameters on client #16
2020-10-28 16:24:28.792 | INFO     | server:train_subset_of_clients:46 - Updating parameters on client #17
2020-10-28 16:24:28.794 | INFO     | server:train_subset_of_clients:46 - Updating parameters on client #18
2020-10-28 16:24:28.795 | INFO     | server:train_subset_of_clients:46 - Updating parameters on client #19
2020-10-28 16:24:28.797 | INFO     | server:train_subset_of_clients:46 - Updating parameters on client #20
2020-10-28 16:24:28.799 | INFO     | server:train_subset_of_clients:46 - Updating parameters on client #21
2020-10-28 16:24:28.801 | INFO     | server:train_subset_of_clients:46 - Updating parameters on client #22
2020-10-28 16:24:28.802 | INFO     | server:train_subset_of_clients:46 - Updating parameters on client #23
2020-10-28 16:24:28.804 | INFO     | server:train_subset_of_clients:46 - Updating parameters on client #24
2020-10-28 16:24:28.806 | INFO     | server:train_subset_of_clients:46 - Updating parameters on client #25
2020-10-28 16:24:28.808 | INFO     | server:train_subset_of_clients:46 - Updating parameters on client #26
2020-10-28 16:24:28.809 | INFO     | server:train_subset_of_clients:46 - Updating parameters on client #27
2020-10-28 16:24:28.811 | INFO     | server:train_subset_of_clients:46 - Updating parameters on client #28
2020-10-28 16:24:28.813 | INFO     | server:train_subset_of_clients:46 - Updating parameters on client #29
2020-10-28 16:24:28.814 | INFO     | server:train_subset_of_clients:46 - Updating parameters on client #30
2020-10-28 16:24:28.816 | INFO     | server:train_subset_of_clients:46 - Updating parameters on client #31
2020-10-28 16:24:28.818 | INFO     | server:train_subset_of_clients:46 - Updating parameters on client #32
2020-10-28 16:24:28.820 | INFO     | server:train_subset_of_clients:46 - Updating parameters on client #33
2020-10-28 16:24:28.821 | INFO     | server:train_subset_of_clients:46 - Updating parameters on client #34
2020-10-28 16:24:28.823 | INFO     | server:train_subset_of_clients:46 - Updating parameters on client #35
2020-10-28 16:24:28.825 | INFO     | server:train_subset_of_clients:46 - Updating parameters on client #36
2020-10-28 16:24:28.826 | INFO     | server:train_subset_of_clients:46 - Updating parameters on client #37
2020-10-28 16:24:28.828 | INFO     | server:train_subset_of_clients:46 - Updating parameters on client #38
2020-10-28 16:24:28.830 | INFO     | server:train_subset_of_clients:46 - Updating parameters on client #39
2020-10-28 16:24:28.832 | INFO     | server:train_subset_of_clients:46 - Updating parameters on client #40
2020-10-28 16:24:28.834 | INFO     | server:train_subset_of_clients:46 - Updating parameters on client #41
2020-10-28 16:24:28.835 | INFO     | server:train_subset_of_clients:46 - Updating parameters on client #42
2020-10-28 16:24:28.837 | INFO     | server:train_subset_of_clients:46 - Updating parameters on client #43
2020-10-28 16:24:28.839 | INFO     | server:train_subset_of_clients:46 - Updating parameters on client #44
2020-10-28 16:24:28.841 | INFO     | server:train_subset_of_clients:46 - Updating parameters on client #45
2020-10-28 16:24:28.842 | INFO     | server:train_subset_of_clients:46 - Updating parameters on client #46
2020-10-28 16:24:28.844 | INFO     | server:train_subset_of_clients:46 - Updating parameters on client #47
2020-10-28 16:24:28.846 | INFO     | server:train_subset_of_clients:46 - Updating parameters on client #48
2020-10-28 16:24:28.848 | INFO     | server:train_subset_of_clients:46 - Updating parameters on client #49
2020-10-28 16:24:32.924 | DEBUG    | client:test:203 - Test set: Accuracy: 8620/10000 (86%)
2020-10-28 16:24:32.924 | DEBUG    | client:test:204 - Test set: Loss: 3.909458875656128
2020-10-28 16:24:32.957 | DEBUG    | client:test:205 - Classification Report:
              precision    recall  f1-score   support

           0       0.82      0.83      0.83      1000
           1       0.99      0.94      0.96      1000
           2       0.71      0.86      0.78      1000
           3       0.85      0.89      0.87      1000
           4       0.78      0.76      0.77      1000
           5       0.98      0.92      0.95      1000
           6       0.72      0.55      0.62      1000
           7       0.91      0.94      0.92      1000
           8       0.93      0.97      0.95      1000
           9       0.94      0.95      0.95      1000

    accuracy                           0.86     10000
   macro avg       0.86      0.86      0.86     10000
weighted avg       0.86      0.86      0.86     10000

2020-10-28 16:24:32.959 | DEBUG    | client:test:206 - Confusion Matrix:
[[831   0  23  35   3   5  85   0  18   0]
 [  2 937   8  40   4   0   4   0   3   2]
 [ 11   0 859  10  72   0  38   1   9   0]
 [ 23   1  20 886  33   0  34   0   3   0]
 [  0   2 149  32 763   0  51   0   3   0]
 [  1   0   0   2   0 922   1  53   4  17]
 [140   1 147  33 103   0 547   0  29   0]
 [  0   0   0   0   0  10   0 945   1  44]
 [  0   1   4   8   3   1   2   5 975   1]
 [  0   0   0   0   0   3   1  40   1 955]]
2020-10-28 16:24:32.959 | DEBUG    | client:test:207 - Class precision: [0.82440476 0.99469214 0.70991736 0.84703633 0.77777778 0.97980871
 0.71690695 0.90517241 0.93212237 0.93719333]
2020-10-28 16:24:32.960 | DEBUG    | client:test:208 - Class recall: [0.831 0.937 0.859 0.886 0.763 0.922 0.547 0.945 0.975 0.955]
2020-10-28 16:24:32.962 | INFO     | server:train_subset_of_clients:38 - Training epoch #10 on client #48
2020-10-28 16:24:32.995 | INFO     | client:train:139 - [10,     0] loss: 0.001
2020-10-28 16:24:35.235 | INFO     | client:train:139 - [10,   100] loss: 0.475
2020-10-28 16:24:35.652 | INFO     | server:train_subset_of_clients:38 - Training epoch #10 on client #18
2020-10-28 16:24:35.673 | INFO     | client:train:139 - [10,     0] loss: 0.002
2020-10-28 16:24:37.832 | INFO     | client:train:139 - [10,   100] loss: 0.432
2020-10-28 16:24:38.306 | INFO     | server:train_subset_of_clients:38 - Training epoch #10 on client #45
2020-10-28 16:24:38.541 | INFO     | client:train:139 - [10,     0] loss: 0.010
2020-10-28 16:24:41.102 | INFO     | client:train:139 - [10,   100] loss: 0.393
2020-10-28 16:24:41.561 | INFO     | server:train_subset_of_clients:38 - Training epoch #10 on client #40
2020-10-28 16:24:41.583 | INFO     | client:train:139 - [10,     0] loss: 0.001
2020-10-28 16:24:43.790 | INFO     | client:train:139 - [10,   100] loss: 0.476
2020-10-28 16:24:44.602 | INFO     | server:train_subset_of_clients:38 - Training epoch #10 on client #16
2020-10-28 16:24:44.623 | INFO     | client:train:139 - [10,     0] loss: 0.001
2020-10-28 16:24:47.018 | INFO     | client:train:139 - [10,   100] loss: 0.441
2020-10-28 16:24:47.397 | INFO     | server:train_subset_of_clients:41 - Averaging client parameters
2020-10-28 16:24:47.400 | INFO     | server:train_subset_of_clients:46 - Updating parameters on client #0
2020-10-28 16:24:47.402 | INFO     | server:train_subset_of_clients:46 - Updating parameters on client #1
2020-10-28 16:24:47.404 | INFO     | server:train_subset_of_clients:46 - Updating parameters on client #2
2020-10-28 16:24:47.406 | INFO     | server:train_subset_of_clients:46 - Updating parameters on client #3
2020-10-28 16:24:47.408 | INFO     | server:train_subset_of_clients:46 - Updating parameters on client #4
2020-10-28 16:24:47.410 | INFO     | server:train_subset_of_clients:46 - Updating parameters on client #5
2020-10-28 16:24:47.412 | INFO     | server:train_subset_of_clients:46 - Updating parameters on client #6
2020-10-28 16:24:47.413 | INFO     | server:train_subset_of_clients:46 - Updating parameters on client #7
2020-10-28 16:24:47.415 | INFO     | server:train_subset_of_clients:46 - Updating parameters on client #8
2020-10-28 16:24:47.417 | INFO     | server:train_subset_of_clients:46 - Updating parameters on client #9
2020-10-28 16:24:47.419 | INFO     | server:train_subset_of_clients:46 - Updating parameters on client #10
2020-10-28 16:24:47.421 | INFO     | server:train_subset_of_clients:46 - Updating parameters on client #11
2020-10-28 16:24:47.423 | INFO     | server:train_subset_of_clients:46 - Updating parameters on client #12
2020-10-28 16:24:47.425 | INFO     | server:train_subset_of_clients:46 - Updating parameters on client #13
2020-10-28 16:24:47.427 | INFO     | server:train_subset_of_clients:46 - Updating parameters on client #14
2020-10-28 16:24:47.428 | INFO     | server:train_subset_of_clients:46 - Updating parameters on client #15
2020-10-28 16:24:47.430 | INFO     | server:train_subset_of_clients:46 - Updating parameters on client #16
2020-10-28 16:24:47.432 | INFO     | server:train_subset_of_clients:46 - Updating parameters on client #17
2020-10-28 16:24:47.433 | INFO     | server:train_subset_of_clients:46 - Updating parameters on client #18
2020-10-28 16:24:47.436 | INFO     | server:train_subset_of_clients:46 - Updating parameters on client #19
2020-10-28 16:24:47.437 | INFO     | server:train_subset_of_clients:46 - Updating parameters on client #20
2020-10-28 16:24:47.439 | INFO     | server:train_subset_of_clients:46 - Updating parameters on client #21
2020-10-28 16:24:47.440 | INFO     | server:train_subset_of_clients:46 - Updating parameters on client #22
2020-10-28 16:24:47.442 | INFO     | server:train_subset_of_clients:46 - Updating parameters on client #23
2020-10-28 16:24:47.444 | INFO     | server:train_subset_of_clients:46 - Updating parameters on client #24
2020-10-28 16:24:47.447 | INFO     | server:train_subset_of_clients:46 - Updating parameters on client #25
2020-10-28 16:24:47.448 | INFO     | server:train_subset_of_clients:46 - Updating parameters on client #26
2020-10-28 16:24:47.450 | INFO     | server:train_subset_of_clients:46 - Updating parameters on client #27
2020-10-28 16:24:47.452 | INFO     | server:train_subset_of_clients:46 - Updating parameters on client #28
2020-10-28 16:24:47.454 | INFO     | server:train_subset_of_clients:46 - Updating parameters on client #29
2020-10-28 16:24:47.455 | INFO     | server:train_subset_of_clients:46 - Updating parameters on client #30
2020-10-28 16:24:47.458 | INFO     | server:train_subset_of_clients:46 - Updating parameters on client #31
2020-10-28 16:24:47.460 | INFO     | server:train_subset_of_clients:46 - Updating parameters on client #32
2020-10-28 16:24:47.462 | INFO     | server:train_subset_of_clients:46 - Updating parameters on client #33
2020-10-28 16:24:47.463 | INFO     | server:train_subset_of_clients:46 - Updating parameters on client #34
2020-10-28 16:24:47.465 | INFO     | server:train_subset_of_clients:46 - Updating parameters on client #35
2020-10-28 16:24:47.467 | INFO     | server:train_subset_of_clients:46 - Updating parameters on client #36
2020-10-28 16:24:47.470 | INFO     | server:train_subset_of_clients:46 - Updating parameters on client #37
2020-10-28 16:24:47.472 | INFO     | server:train_subset_of_clients:46 - Updating parameters on client #38
2020-10-28 16:24:47.474 | INFO     | server:train_subset_of_clients:46 - Updating parameters on client #39
2020-10-28 16:24:47.476 | INFO     | server:train_subset_of_clients:46 - Updating parameters on client #40
2020-10-28 16:24:47.478 | INFO     | server:train_subset_of_clients:46 - Updating parameters on client #41
2020-10-28 16:24:47.480 | INFO     | server:train_subset_of_clients:46 - Updating parameters on client #42
2020-10-28 16:24:47.482 | INFO     | server:train_subset_of_clients:46 - Updating parameters on client #43
2020-10-28 16:24:47.485 | INFO     | server:train_subset_of_clients:46 - Updating parameters on client #44
2020-10-28 16:24:47.488 | INFO     | server:train_subset_of_clients:46 - Updating parameters on client #45
2020-10-28 16:24:47.491 | INFO     | server:train_subset_of_clients:46 - Updating parameters on client #46
2020-10-28 16:24:47.494 | INFO     | server:train_subset_of_clients:46 - Updating parameters on client #47
2020-10-28 16:24:47.496 | INFO     | server:train_subset_of_clients:46 - Updating parameters on client #48
2020-10-28 16:24:47.497 | INFO     | server:train_subset_of_clients:46 - Updating parameters on client #49
2020-10-28 16:24:51.723 | DEBUG    | client:test:203 - Test set: Accuracy: 8606/10000 (86%)
2020-10-28 16:24:51.724 | DEBUG    | client:test:204 - Test set: Loss: 4.095293194055557
2020-10-28 16:24:51.755 | DEBUG    | client:test:205 - Classification Report:
              precision    recall  f1-score   support

           0       0.78      0.86      0.82      1000
           1       1.00      0.89      0.94      1000
           2       0.75      0.85      0.80      1000
           3       0.85      0.90      0.87      1000
           4       0.79      0.77      0.78      1000
           5       0.98      0.92      0.95      1000
           6       0.71      0.55      0.62      1000
           7       0.90      0.95      0.93      1000
           8       0.96      0.97      0.96      1000
           9       0.90      0.96      0.93      1000

    accuracy                           0.86     10000
   macro avg       0.86      0.86      0.86     10000
weighted avg       0.86      0.86      0.86     10000

2020-10-28 16:24:51.757 | DEBUG    | client:test:206 - Confusion Matrix:
[[863   0  18  34   4   3  68   0  10   0]
 [  3 886   5  38   7   0   5   0   2  54]
 [ 17   0 848  10  77   0  44   1   3   0]
 [ 28   1  13 896  26   1  34   0   1   0]
 [  1   0 119  44 768   0  65   0   2   1]
 [  1   0   0   2   0 924   1  56   1  15]
 [193   0 120  27  92   0 548   0  20   0]
 [  0   0   0   0   0  10   0 949   1  40]
 [  0   1   5   9   3   2   6   5 968   1]
 [  0   0   0   0   0   3   1  39   1 956]]
2020-10-28 16:24:51.759 | DEBUG    | client:test:207 - Class precision: [0.78028933 0.99774775 0.75177305 0.84528302 0.78607984 0.97985154
 0.70984456 0.90380952 0.95936571 0.89597001]
2020-10-28 16:24:51.760 | DEBUG    | client:test:208 - Class recall: [0.863 0.886 0.848 0.896 0.768 0.924 0.548 0.949 0.968 0.956]
