2020-11-15 21:01:46.502 | DEBUG    | federated_learning.arguments:log:182 - Arguments: 
Batch Size: 10
Test Batch Size: 1000
Epochs: 10
Learning Rate: 0.01
Momentum: 0.5
CUDA Enabled: True
Shuffle Enabled: False
Log Interval: 100
Scheduler Step Size: 50
Scheduler Gamma: 0.5
Scheduler Minimum Learning Rate: 1e-10
Client Selection Strategy: <federated_learning.worker_selection.breakpoint_after.AfterBreakpoint object at 0x7f82687df050>
Client Selection Strategy Arguments: {
    "AfterBreakPoint_EPOCH": 75,
    "AfterBreakpoint_NUM_WORKERS_PER_ROUND": 5,
    "BeforeBreakPoint_EPOCH": 75,
    "BeforeBreakpoint_NUM_WORKERS_PER_ROUND": 5
}
Model Saving Enabled: False
Model Saving Interval: 1
Model Saving Path (Relative): 900_models
Epoch Save Start Prefix: start
Epoch Save End Suffix: end
Number of Clients: 50
Number of Poisoned Clients: 25
NN: <class 'federated_learning.nets.fashion_mnist_cnn.FashionMNISTCNN'>
Train Data Loader Path: data_loaders/fashion-mnist/train_data_loader.pickle
Test Data Loader Path: data_loaders/fashion-mnist/test_data_loader.pickle
Loss Function: <class 'torch.nn.modules.loss.CrossEntropyLoss'>
Default Model Folder Path: default_models
Data Path: data

2020-11-15 21:01:46.503 | INFO     | federated_learning.utils.data_loader_utils:load_data_loader_from_file:64 - Loading data loader from file: data_loaders/fashion-mnist/train_data_loader.pickle
2020-11-15 21:01:47.037 | INFO     | federated_learning.utils.data_loader_utils:load_data_loader_from_file:64 - Loading data loader from file: data_loaders/fashion-mnist/test_data_loader.pickle
2020-11-15 21:01:48.223 | INFO     | federated_learning.utils.poison_data:poison_data:24 - Poisoning data for workers: [4, 0, 24, 15, 45, 49, 7, 28, 14, 38, 35, 34, 1, 3, 16, 39, 26, 27, 37, 48, 32, 8, 42, 19, 25]
2020-11-15 21:01:48.237 | INFO     | federated_learning.utils.client_utils:log_client_data_statistics:17 - Client #0 has data distribution: [142, 0, 134, 113, 115, 96, 127, 116, 116, 241]
2020-11-15 21:01:48.237 | INFO     | federated_learning.utils.client_utils:log_client_data_statistics:17 - Client #1 has data distribution: [115, 0, 125, 125, 118, 118, 116, 133, 127, 223]
2020-11-15 21:01:48.238 | INFO     | federated_learning.utils.client_utils:log_client_data_statistics:17 - Client #2 has data distribution: [116, 118, 110, 123, 123, 133, 127, 112, 125, 113]
2020-11-15 21:01:48.238 | INFO     | federated_learning.utils.client_utils:log_client_data_statistics:17 - Client #3 has data distribution: [116, 0, 122, 118, 124, 114, 118, 110, 127, 251]
2020-11-15 21:01:48.239 | INFO     | federated_learning.utils.client_utils:log_client_data_statistics:17 - Client #4 has data distribution: [114, 0, 147, 129, 111, 114, 121, 103, 128, 233]
2020-11-15 21:01:48.239 | INFO     | federated_learning.utils.client_utils:log_client_data_statistics:17 - Client #5 has data distribution: [139, 123, 132, 128, 111, 113, 112, 105, 102, 135]
2020-11-15 21:01:48.240 | INFO     | federated_learning.utils.client_utils:log_client_data_statistics:17 - Client #6 has data distribution: [115, 121, 113, 126, 116, 133, 112, 133, 119, 112]
2020-11-15 21:01:48.240 | INFO     | federated_learning.utils.client_utils:log_client_data_statistics:17 - Client #7 has data distribution: [128, 0, 118, 120, 120, 110, 114, 129, 121, 240]
2020-11-15 21:01:48.241 | INFO     | federated_learning.utils.client_utils:log_client_data_statistics:17 - Client #8 has data distribution: [109, 0, 135, 124, 123, 131, 123, 113, 118, 224]
2020-11-15 21:01:48.241 | INFO     | federated_learning.utils.client_utils:log_client_data_statistics:17 - Client #9 has data distribution: [103, 120, 126, 120, 127, 114, 128, 124, 139, 99]
2020-11-15 21:01:48.242 | INFO     | federated_learning.utils.client_utils:log_client_data_statistics:17 - Client #10 has data distribution: [113, 114, 121, 125, 110, 133, 127, 128, 109, 120]
2020-11-15 21:01:48.242 | INFO     | federated_learning.utils.client_utils:log_client_data_statistics:17 - Client #11 has data distribution: [140, 114, 120, 129, 135, 104, 112, 124, 104, 118]
2020-11-15 21:01:48.243 | INFO     | federated_learning.utils.client_utils:log_client_data_statistics:17 - Client #12 has data distribution: [131, 123, 114, 108, 141, 102, 102, 120, 122, 137]
2020-11-15 21:01:48.243 | INFO     | federated_learning.utils.client_utils:log_client_data_statistics:17 - Client #13 has data distribution: [111, 126, 114, 123, 136, 120, 123, 128, 113, 106]
2020-11-15 21:01:48.244 | INFO     | federated_learning.utils.client_utils:log_client_data_statistics:17 - Client #14 has data distribution: [118, 0, 118, 133, 117, 103, 127, 116, 124, 244]
2020-11-15 21:01:48.244 | INFO     | federated_learning.utils.client_utils:log_client_data_statistics:17 - Client #15 has data distribution: [125, 0, 127, 126, 128, 103, 105, 112, 130, 244]
2020-11-15 21:01:48.245 | INFO     | federated_learning.utils.client_utils:log_client_data_statistics:17 - Client #16 has data distribution: [138, 0, 121, 127, 118, 120, 113, 122, 136, 205]
2020-11-15 21:01:48.245 | INFO     | federated_learning.utils.client_utils:log_client_data_statistics:17 - Client #17 has data distribution: [112, 103, 146, 99, 114, 134, 128, 117, 121, 126]
2020-11-15 21:01:48.246 | INFO     | federated_learning.utils.client_utils:log_client_data_statistics:17 - Client #18 has data distribution: [110, 120, 128, 111, 112, 128, 125, 113, 124, 129]
2020-11-15 21:01:48.246 | INFO     | federated_learning.utils.client_utils:log_client_data_statistics:17 - Client #19 has data distribution: [151, 0, 109, 124, 139, 128, 115, 111, 102, 221]
2020-11-15 21:01:48.247 | INFO     | federated_learning.utils.client_utils:log_client_data_statistics:17 - Client #20 has data distribution: [124, 120, 126, 117, 129, 111, 113, 124, 111, 125]
2020-11-15 21:01:48.247 | INFO     | federated_learning.utils.client_utils:log_client_data_statistics:17 - Client #21 has data distribution: [127, 113, 110, 122, 113, 132, 120, 128, 113, 122]
2020-11-15 21:01:48.248 | INFO     | federated_learning.utils.client_utils:log_client_data_statistics:17 - Client #22 has data distribution: [126, 106, 121, 113, 125, 108, 141, 114, 124, 122]
2020-11-15 21:01:48.248 | INFO     | federated_learning.utils.client_utils:log_client_data_statistics:17 - Client #23 has data distribution: [111, 133, 134, 119, 120, 111, 117, 116, 111, 128]
2020-11-15 21:01:48.249 | INFO     | federated_learning.utils.client_utils:log_client_data_statistics:17 - Client #24 has data distribution: [119, 0, 113, 115, 113, 105, 124, 128, 149, 234]
2020-11-15 21:01:48.249 | INFO     | federated_learning.utils.client_utils:log_client_data_statistics:17 - Client #25 has data distribution: [108, 0, 106, 125, 116, 122, 134, 132, 118, 239]
2020-11-15 21:01:48.249 | INFO     | federated_learning.utils.client_utils:log_client_data_statistics:17 - Client #26 has data distribution: [123, 0, 106, 121, 127, 109, 127, 136, 95, 256]
2020-11-15 21:01:48.250 | INFO     | federated_learning.utils.client_utils:log_client_data_statistics:17 - Client #27 has data distribution: [105, 0, 110, 112, 130, 144, 116, 103, 121, 259]
2020-11-15 21:01:48.250 | INFO     | federated_learning.utils.client_utils:log_client_data_statistics:17 - Client #28 has data distribution: [120, 0, 132, 104, 108, 121, 119, 113, 126, 257]
2020-11-15 21:01:48.251 | INFO     | federated_learning.utils.client_utils:log_client_data_statistics:17 - Client #29 has data distribution: [118, 119, 127, 131, 110, 121, 113, 115, 130, 116]
2020-11-15 21:01:48.251 | INFO     | federated_learning.utils.client_utils:log_client_data_statistics:17 - Client #30 has data distribution: [123, 130, 109, 104, 113, 144, 129, 121, 114, 113]
2020-11-15 21:01:48.252 | INFO     | federated_learning.utils.client_utils:log_client_data_statistics:17 - Client #31 has data distribution: [121, 112, 128, 102, 127, 144, 108, 122, 117, 119]
2020-11-15 21:01:48.252 | INFO     | federated_learning.utils.client_utils:log_client_data_statistics:17 - Client #32 has data distribution: [135, 0, 122, 137, 92, 119, 137, 109, 106, 243]
2020-11-15 21:01:48.252 | INFO     | federated_learning.utils.client_utils:log_client_data_statistics:17 - Client #33 has data distribution: [141, 134, 121, 130, 93, 117, 109, 111, 120, 124]
2020-11-15 21:01:48.253 | INFO     | federated_learning.utils.client_utils:log_client_data_statistics:17 - Client #34 has data distribution: [109, 0, 117, 130, 113, 127, 118, 116, 142, 228]
2020-11-15 21:01:48.253 | INFO     | federated_learning.utils.client_utils:log_client_data_statistics:17 - Client #35 has data distribution: [129, 0, 124, 105, 143, 113, 112, 111, 118, 245]
2020-11-15 21:01:48.254 | INFO     | federated_learning.utils.client_utils:log_client_data_statistics:17 - Client #36 has data distribution: [128, 133, 133, 110, 135, 121, 114, 112, 102, 112]
2020-11-15 21:01:48.254 | INFO     | federated_learning.utils.client_utils:log_client_data_statistics:17 - Client #37 has data distribution: [119, 0, 118, 119, 131, 110, 110, 122, 120, 251]
2020-11-15 21:01:48.255 | INFO     | federated_learning.utils.client_utils:log_client_data_statistics:17 - Client #38 has data distribution: [117, 0, 111, 119, 114, 96, 130, 127, 133, 253]
2020-11-15 21:01:48.255 | INFO     | federated_learning.utils.client_utils:log_client_data_statistics:17 - Client #39 has data distribution: [116, 0, 94, 132, 120, 120, 121, 121, 117, 259]
2020-11-15 21:01:48.255 | INFO     | federated_learning.utils.client_utils:log_client_data_statistics:17 - Client #40 has data distribution: [110, 117, 110, 120, 126, 123, 126, 122, 128, 118]
2020-11-15 21:01:48.256 | INFO     | federated_learning.utils.client_utils:log_client_data_statistics:17 - Client #41 has data distribution: [114, 127, 102, 124, 110, 108, 127, 130, 119, 139]
2020-11-15 21:01:48.256 | INFO     | federated_learning.utils.client_utils:log_client_data_statistics:17 - Client #42 has data distribution: [108, 0, 109, 130, 145, 146, 100, 118, 110, 234]
2020-11-15 21:01:48.257 | INFO     | federated_learning.utils.client_utils:log_client_data_statistics:17 - Client #43 has data distribution: [124, 120, 121, 104, 113, 148, 117, 131, 133, 89]
2020-11-15 21:01:48.257 | INFO     | federated_learning.utils.client_utils:log_client_data_statistics:17 - Client #44 has data distribution: [106, 142, 132, 129, 140, 111, 106, 109, 120, 105]
2020-11-15 21:01:48.258 | INFO     | federated_learning.utils.client_utils:log_client_data_statistics:17 - Client #45 has data distribution: [129, 0, 118, 125, 114, 111, 120, 139, 110, 234]
2020-11-15 21:01:48.258 | INFO     | federated_learning.utils.client_utils:log_client_data_statistics:17 - Client #46 has data distribution: [129, 115, 119, 128, 111, 114, 105, 112, 135, 132]
2020-11-15 21:01:48.259 | INFO     | federated_learning.utils.client_utils:log_client_data_statistics:17 - Client #47 has data distribution: [100, 118, 118, 120, 104, 150, 133, 117, 125, 115]
2020-11-15 21:01:48.259 | INFO     | federated_learning.utils.client_utils:log_client_data_statistics:17 - Client #48 has data distribution: [105, 0, 118, 116, 105, 116, 160, 136, 111, 233]
2020-11-15 21:01:48.259 | INFO     | federated_learning.utils.client_utils:log_client_data_statistics:17 - Client #49 has data distribution: [110, 0, 111, 106, 122, 127, 119, 136, 115, 254]
2020-11-15 21:01:48.334 | INFO     | server:train_subset_of_clients:38 - Training epoch #1 on client #43
2020-11-15 21:01:48.345 | INFO     | client:train:139 - [1,     0] loss: 0.028
2020-11-15 21:01:49.185 | INFO     | client:train:139 - [1,   100] loss: 1.093
2020-11-15 21:01:49.331 | INFO     | server:train_subset_of_clients:38 - Training epoch #1 on client #19
2020-11-15 21:01:49.339 | INFO     | client:train:139 - [1,     0] loss: 0.025
2020-11-15 21:01:50.182 | INFO     | client:train:139 - [1,   100] loss: 1.191
2020-11-15 21:01:50.382 | INFO     | server:train_subset_of_clients:38 - Training epoch #1 on client #13
2020-11-15 21:01:50.393 | INFO     | client:train:139 - [1,     0] loss: 0.025
2020-11-15 21:01:51.470 | INFO     | client:train:139 - [1,   100] loss: 1.217
2020-11-15 21:01:51.632 | INFO     | server:train_subset_of_clients:38 - Training epoch #1 on client #33
2020-11-15 21:01:51.648 | INFO     | client:train:139 - [1,     0] loss: 0.025
2020-11-15 21:01:52.737 | INFO     | client:train:139 - [1,   100] loss: 1.087
2020-11-15 21:01:52.989 | INFO     | server:train_subset_of_clients:38 - Training epoch #1 on client #27
2020-11-15 21:01:52.999 | INFO     | client:train:139 - [1,     0] loss: 0.022
2020-11-15 21:01:54.108 | INFO     | client:train:139 - [1,   100] loss: 1.133
2020-11-15 21:01:54.266 | INFO     | server:train_subset_of_clients:41 - Averaging client parameters
2020-11-15 21:01:54.267 | INFO     | server:train_subset_of_clients:46 - Updating parameters on client #0
2020-11-15 21:01:54.268 | INFO     | server:train_subset_of_clients:46 - Updating parameters on client #1
2020-11-15 21:01:54.269 | INFO     | server:train_subset_of_clients:46 - Updating parameters on client #2
2020-11-15 21:01:54.270 | INFO     | server:train_subset_of_clients:46 - Updating parameters on client #3
2020-11-15 21:01:54.271 | INFO     | server:train_subset_of_clients:46 - Updating parameters on client #4
2020-11-15 21:01:54.272 | INFO     | server:train_subset_of_clients:46 - Updating parameters on client #5
2020-11-15 21:01:54.273 | INFO     | server:train_subset_of_clients:46 - Updating parameters on client #6
2020-11-15 21:01:54.274 | INFO     | server:train_subset_of_clients:46 - Updating parameters on client #7
2020-11-15 21:01:54.274 | INFO     | server:train_subset_of_clients:46 - Updating parameters on client #8
2020-11-15 21:01:54.275 | INFO     | server:train_subset_of_clients:46 - Updating parameters on client #9
2020-11-15 21:01:54.276 | INFO     | server:train_subset_of_clients:46 - Updating parameters on client #10
2020-11-15 21:01:54.277 | INFO     | server:train_subset_of_clients:46 - Updating parameters on client #11
2020-11-15 21:01:54.277 | INFO     | server:train_subset_of_clients:46 - Updating parameters on client #12
2020-11-15 21:01:54.278 | INFO     | server:train_subset_of_clients:46 - Updating parameters on client #13
2020-11-15 21:01:54.278 | INFO     | server:train_subset_of_clients:46 - Updating parameters on client #14
2020-11-15 21:01:54.279 | INFO     | server:train_subset_of_clients:46 - Updating parameters on client #15
2020-11-15 21:01:54.280 | INFO     | server:train_subset_of_clients:46 - Updating parameters on client #16
2020-11-15 21:01:54.280 | INFO     | server:train_subset_of_clients:46 - Updating parameters on client #17
2020-11-15 21:01:54.281 | INFO     | server:train_subset_of_clients:46 - Updating parameters on client #18
2020-11-15 21:01:54.282 | INFO     | server:train_subset_of_clients:46 - Updating parameters on client #19
2020-11-15 21:01:54.282 | INFO     | server:train_subset_of_clients:46 - Updating parameters on client #20
2020-11-15 21:01:54.283 | INFO     | server:train_subset_of_clients:46 - Updating parameters on client #21
2020-11-15 21:01:54.284 | INFO     | server:train_subset_of_clients:46 - Updating parameters on client #22
2020-11-15 21:01:54.284 | INFO     | server:train_subset_of_clients:46 - Updating parameters on client #23
2020-11-15 21:01:54.285 | INFO     | server:train_subset_of_clients:46 - Updating parameters on client #24
2020-11-15 21:01:54.286 | INFO     | server:train_subset_of_clients:46 - Updating parameters on client #25
2020-11-15 21:01:54.287 | INFO     | server:train_subset_of_clients:46 - Updating parameters on client #26
2020-11-15 21:01:54.287 | INFO     | server:train_subset_of_clients:46 - Updating parameters on client #27
2020-11-15 21:01:54.288 | INFO     | server:train_subset_of_clients:46 - Updating parameters on client #28
2020-11-15 21:01:54.288 | INFO     | server:train_subset_of_clients:46 - Updating parameters on client #29
2020-11-15 21:01:54.289 | INFO     | server:train_subset_of_clients:46 - Updating parameters on client #30
2020-11-15 21:01:54.290 | INFO     | server:train_subset_of_clients:46 - Updating parameters on client #31
2020-11-15 21:01:54.290 | INFO     | server:train_subset_of_clients:46 - Updating parameters on client #32
2020-11-15 21:01:54.291 | INFO     | server:train_subset_of_clients:46 - Updating parameters on client #33
2020-11-15 21:01:54.292 | INFO     | server:train_subset_of_clients:46 - Updating parameters on client #34
2020-11-15 21:01:54.292 | INFO     | server:train_subset_of_clients:46 - Updating parameters on client #35
2020-11-15 21:01:54.293 | INFO     | server:train_subset_of_clients:46 - Updating parameters on client #36
2020-11-15 21:01:54.294 | INFO     | server:train_subset_of_clients:46 - Updating parameters on client #37
2020-11-15 21:01:54.295 | INFO     | server:train_subset_of_clients:46 - Updating parameters on client #38
2020-11-15 21:01:54.295 | INFO     | server:train_subset_of_clients:46 - Updating parameters on client #39
2020-11-15 21:01:54.296 | INFO     | server:train_subset_of_clients:46 - Updating parameters on client #40
2020-11-15 21:01:54.297 | INFO     | server:train_subset_of_clients:46 - Updating parameters on client #41
2020-11-15 21:01:54.297 | INFO     | server:train_subset_of_clients:46 - Updating parameters on client #42
2020-11-15 21:01:54.298 | INFO     | server:train_subset_of_clients:46 - Updating parameters on client #43
2020-11-15 21:01:54.299 | INFO     | server:train_subset_of_clients:46 - Updating parameters on client #44
2020-11-15 21:01:54.299 | INFO     | server:train_subset_of_clients:46 - Updating parameters on client #45
2020-11-15 21:01:54.300 | INFO     | server:train_subset_of_clients:46 - Updating parameters on client #46
2020-11-15 21:01:54.301 | INFO     | server:train_subset_of_clients:46 - Updating parameters on client #47
2020-11-15 21:01:54.302 | INFO     | server:train_subset_of_clients:46 - Updating parameters on client #48
2020-11-15 21:01:54.302 | INFO     | server:train_subset_of_clients:46 - Updating parameters on client #49
2020-11-15 21:01:57.565 | DEBUG    | client:test:203 - Test set: Accuracy: 7764/10000 (78%)
2020-11-15 21:01:57.565 | DEBUG    | client:test:204 - Test set: Loss: 6.29151463508606
2020-11-15 21:01:57.589 | DEBUG    | client:test:205 - Classification Report:
              precision    recall  f1-score   support

           0       0.67      0.86      0.76      1000
           1       1.00      0.74      0.85      1000
           2       0.55      0.82      0.66      1000
           3       0.70      0.85      0.77      1000
           4       0.67      0.64      0.65      1000
           5       0.90      0.91      0.90      1000
           6       0.74      0.17      0.28      1000
           7       0.87      0.89      0.88      1000
           8       0.92      0.95      0.93      1000
           9       0.92      0.93      0.93      1000

    accuracy                           0.78     10000
   macro avg       0.79      0.78      0.76     10000
weighted avg       0.79      0.78      0.76     10000

2020-11-15 21:01:57.590 | DEBUG    | client:test:206 - Confusion Matrix:
[[864   0  29  61   8   9  13   0  16   0]
 [ 29 745  22 193   6   2   0   0   2   1]
 [ 22   0 820   8 116   5  13   0  16   0]
 [ 59   0  30 848  39   6  15   0   3   0]
 [  3   0 280  48 637   6  15   0  11   0]
 [  0   0   0   3   0 907   0  66   5  19]
 [297   0 308  40 146   6 172   0  31   0]
 [  0   0   0   0   0  53   0 890   3  54]
 [  7   0   8  11   4   8   3   4 953   2]
 [  0   0   0   0   0   8   0  63   1 928]]
2020-11-15 21:01:57.590 | DEBUG    | client:test:207 - Class precision: [0.67447307 1.         0.54776219 0.69966997 0.66631799 0.8980198
 0.74458874 0.86999022 0.9154659  0.92430279]
2020-11-15 21:01:57.591 | DEBUG    | client:test:208 - Class recall: [0.864 0.745 0.82  0.848 0.637 0.907 0.172 0.89  0.953 0.928]
2020-11-15 21:01:57.592 | INFO     | server:train_subset_of_clients:38 - Training epoch #2 on client #43
2020-11-15 21:01:57.604 | INFO     | client:train:139 - [2,     0] loss: 0.004
2020-11-15 21:01:58.631 | INFO     | client:train:139 - [2,   100] loss: 0.650
2020-11-15 21:01:58.788 | INFO     | server:train_subset_of_clients:38 - Training epoch #2 on client #25
2020-11-15 21:01:58.796 | INFO     | client:train:139 - [2,     0] loss: 0.005
2020-11-15 21:01:59.764 | INFO     | client:train:139 - [2,   100] loss: 0.682
2020-11-15 21:01:59.972 | INFO     | server:train_subset_of_clients:38 - Training epoch #2 on client #23
2020-11-15 21:01:59.985 | INFO     | client:train:139 - [2,     0] loss: 0.007
2020-11-15 21:02:00.979 | INFO     | client:train:139 - [2,   100] loss: 0.710
2020-11-15 21:02:01.183 | INFO     | server:train_subset_of_clients:38 - Training epoch #2 on client #7
2020-11-15 21:02:01.194 | INFO     | client:train:139 - [2,     0] loss: 0.013
2020-11-15 21:02:02.125 | INFO     | client:train:139 - [2,   100] loss: 0.690
2020-11-15 21:02:02.305 | INFO     | server:train_subset_of_clients:38 - Training epoch #2 on client #9
2020-11-15 21:02:02.314 | INFO     | client:train:139 - [2,     0] loss: 0.004
2020-11-15 21:02:03.175 | INFO     | client:train:139 - [2,   100] loss: 0.735
2020-11-15 21:02:03.333 | INFO     | server:train_subset_of_clients:41 - Averaging client parameters
2020-11-15 21:02:03.334 | INFO     | server:train_subset_of_clients:46 - Updating parameters on client #0
2020-11-15 21:02:03.334 | INFO     | server:train_subset_of_clients:46 - Updating parameters on client #1
2020-11-15 21:02:03.335 | INFO     | server:train_subset_of_clients:46 - Updating parameters on client #2
2020-11-15 21:02:03.336 | INFO     | server:train_subset_of_clients:46 - Updating parameters on client #3
2020-11-15 21:02:03.337 | INFO     | server:train_subset_of_clients:46 - Updating parameters on client #4
2020-11-15 21:02:03.337 | INFO     | server:train_subset_of_clients:46 - Updating parameters on client #5
2020-11-15 21:02:03.338 | INFO     | server:train_subset_of_clients:46 - Updating parameters on client #6
2020-11-15 21:02:03.338 | INFO     | server:train_subset_of_clients:46 - Updating parameters on client #7
2020-11-15 21:02:03.339 | INFO     | server:train_subset_of_clients:46 - Updating parameters on client #8
2020-11-15 21:02:03.340 | INFO     | server:train_subset_of_clients:46 - Updating parameters on client #9
2020-11-15 21:02:03.340 | INFO     | server:train_subset_of_clients:46 - Updating parameters on client #10
2020-11-15 21:02:03.341 | INFO     | server:train_subset_of_clients:46 - Updating parameters on client #11
2020-11-15 21:02:03.342 | INFO     | server:train_subset_of_clients:46 - Updating parameters on client #12
2020-11-15 21:02:03.342 | INFO     | server:train_subset_of_clients:46 - Updating parameters on client #13
2020-11-15 21:02:03.343 | INFO     | server:train_subset_of_clients:46 - Updating parameters on client #14
2020-11-15 21:02:03.343 | INFO     | server:train_subset_of_clients:46 - Updating parameters on client #15
2020-11-15 21:02:03.344 | INFO     | server:train_subset_of_clients:46 - Updating parameters on client #16
2020-11-15 21:02:03.345 | INFO     | server:train_subset_of_clients:46 - Updating parameters on client #17
2020-11-15 21:02:03.345 | INFO     | server:train_subset_of_clients:46 - Updating parameters on client #18
2020-11-15 21:02:03.346 | INFO     | server:train_subset_of_clients:46 - Updating parameters on client #19
2020-11-15 21:02:03.347 | INFO     | server:train_subset_of_clients:46 - Updating parameters on client #20
2020-11-15 21:02:03.347 | INFO     | server:train_subset_of_clients:46 - Updating parameters on client #21
2020-11-15 21:02:03.348 | INFO     | server:train_subset_of_clients:46 - Updating parameters on client #22
2020-11-15 21:02:03.349 | INFO     | server:train_subset_of_clients:46 - Updating parameters on client #23
2020-11-15 21:02:03.350 | INFO     | server:train_subset_of_clients:46 - Updating parameters on client #24
2020-11-15 21:02:03.350 | INFO     | server:train_subset_of_clients:46 - Updating parameters on client #25
2020-11-15 21:02:03.351 | INFO     | server:train_subset_of_clients:46 - Updating parameters on client #26
2020-11-15 21:02:03.352 | INFO     | server:train_subset_of_clients:46 - Updating parameters on client #27
2020-11-15 21:02:03.352 | INFO     | server:train_subset_of_clients:46 - Updating parameters on client #28
2020-11-15 21:02:03.353 | INFO     | server:train_subset_of_clients:46 - Updating parameters on client #29
2020-11-15 21:02:03.353 | INFO     | server:train_subset_of_clients:46 - Updating parameters on client #30
2020-11-15 21:02:03.354 | INFO     | server:train_subset_of_clients:46 - Updating parameters on client #31
2020-11-15 21:02:03.355 | INFO     | server:train_subset_of_clients:46 - Updating parameters on client #32
2020-11-15 21:02:03.355 | INFO     | server:train_subset_of_clients:46 - Updating parameters on client #33
2020-11-15 21:02:03.356 | INFO     | server:train_subset_of_clients:46 - Updating parameters on client #34
2020-11-15 21:02:03.357 | INFO     | server:train_subset_of_clients:46 - Updating parameters on client #35
2020-11-15 21:02:03.357 | INFO     | server:train_subset_of_clients:46 - Updating parameters on client #36
2020-11-15 21:02:03.358 | INFO     | server:train_subset_of_clients:46 - Updating parameters on client #37
2020-11-15 21:02:03.358 | INFO     | server:train_subset_of_clients:46 - Updating parameters on client #38
2020-11-15 21:02:03.359 | INFO     | server:train_subset_of_clients:46 - Updating parameters on client #39
2020-11-15 21:02:03.360 | INFO     | server:train_subset_of_clients:46 - Updating parameters on client #40
2020-11-15 21:02:03.361 | INFO     | server:train_subset_of_clients:46 - Updating parameters on client #41
2020-11-15 21:02:03.361 | INFO     | server:train_subset_of_clients:46 - Updating parameters on client #42
2020-11-15 21:02:03.362 | INFO     | server:train_subset_of_clients:46 - Updating parameters on client #43
2020-11-15 21:02:03.363 | INFO     | server:train_subset_of_clients:46 - Updating parameters on client #44
2020-11-15 21:02:03.363 | INFO     | server:train_subset_of_clients:46 - Updating parameters on client #45
2020-11-15 21:02:03.364 | INFO     | server:train_subset_of_clients:46 - Updating parameters on client #46
2020-11-15 21:02:03.365 | INFO     | server:train_subset_of_clients:46 - Updating parameters on client #47
2020-11-15 21:02:03.365 | INFO     | server:train_subset_of_clients:46 - Updating parameters on client #48
2020-11-15 21:02:03.366 | INFO     | server:train_subset_of_clients:46 - Updating parameters on client #49
2020-11-15 21:02:06.046 | DEBUG    | client:test:203 - Test set: Accuracy: 8147/10000 (81%)
2020-11-15 21:02:06.046 | DEBUG    | client:test:204 - Test set: Loss: 5.498243093490601
2020-11-15 21:02:06.070 | DEBUG    | client:test:205 - Classification Report:
              precision    recall  f1-score   support

           0       0.73      0.84      0.78      1000
           1       1.00      0.79      0.88      1000
           2       0.75      0.72      0.73      1000
           3       0.70      0.92      0.79      1000
           4       0.68      0.80      0.74      1000
           5       0.92      0.91      0.92      1000
           6       0.66      0.36      0.47      1000
           7       0.87      0.93      0.90      1000
           8       0.94      0.94      0.94      1000
           9       0.92      0.94      0.93      1000

    accuracy                           0.81     10000
   macro avg       0.82      0.81      0.81     10000
weighted avg       0.82      0.81      0.81     10000

2020-11-15 21:02:06.070 | DEBUG    | client:test:206 - Confusion Matrix:
[[842   0  13  76   6   8  43   0  12   0]
 [  8 785  12 157  11   2   3   0   2  20]
 [ 17   0 722  18 161   6  66   0  10   0]
 [ 22   0   6 915  26   3  25   0   3   0]
 [  1   0  87  59 803   3  41   0   6   0]
 [  0   0   0   3   0 909   0  73   2  13]
 [262   0 122  58 162  11 365   0  18   2]
 [  0   0   0   0   0  26   0 926   1  47]
 [  2   0   3  16   4   8  14   6 945   2]
 [  0   0   0   0   0   7   0  57   1 935]]
2020-11-15 21:02:06.071 | DEBUG    | client:test:207 - Class precision: [0.72963605 1.         0.74818653 0.70276498 0.68456948 0.92472024
 0.65529623 0.87193974 0.945      0.91756624]
2020-11-15 21:02:06.071 | DEBUG    | client:test:208 - Class recall: [0.842 0.785 0.722 0.915 0.803 0.909 0.365 0.926 0.945 0.935]
2020-11-15 21:02:06.072 | INFO     | server:train_subset_of_clients:38 - Training epoch #3 on client #16
2020-11-15 21:02:06.083 | INFO     | client:train:139 - [3,     0] loss: 0.008
2020-11-15 21:02:06.919 | INFO     | client:train:139 - [3,   100] loss: 0.653
2020-11-15 21:02:07.073 | INFO     | server:train_subset_of_clients:38 - Training epoch #3 on client #8
2020-11-15 21:02:07.081 | INFO     | client:train:139 - [3,     0] loss: 0.005
2020-11-15 21:02:07.890 | INFO     | client:train:139 - [3,   100] loss: 0.684
2020-11-15 21:02:08.049 | INFO     | server:train_subset_of_clients:38 - Training epoch #3 on client #28
2020-11-15 21:02:08.058 | INFO     | client:train:139 - [3,     0] loss: 0.010
2020-11-15 21:02:08.915 | INFO     | client:train:139 - [3,   100] loss: 0.662
2020-11-15 21:02:09.075 | INFO     | server:train_subset_of_clients:38 - Training epoch #3 on client #42
2020-11-15 21:02:09.084 | INFO     | client:train:139 - [3,     0] loss: 0.005
2020-11-15 21:02:09.901 | INFO     | client:train:139 - [3,   100] loss: 0.557
2020-11-15 21:02:10.058 | INFO     | server:train_subset_of_clients:38 - Training epoch #3 on client #35
2020-11-15 21:02:10.067 | INFO     | client:train:139 - [3,     0] loss: 0.009
2020-11-15 21:02:10.892 | INFO     | client:train:139 - [3,   100] loss: 0.652
2020-11-15 21:02:11.046 | INFO     | server:train_subset_of_clients:41 - Averaging client parameters
2020-11-15 21:02:11.048 | INFO     | server:train_subset_of_clients:46 - Updating parameters on client #0
2020-11-15 21:02:11.048 | INFO     | server:train_subset_of_clients:46 - Updating parameters on client #1
2020-11-15 21:02:11.049 | INFO     | server:train_subset_of_clients:46 - Updating parameters on client #2
2020-11-15 21:02:11.050 | INFO     | server:train_subset_of_clients:46 - Updating parameters on client #3
2020-11-15 21:02:11.050 | INFO     | server:train_subset_of_clients:46 - Updating parameters on client #4
2020-11-15 21:02:11.051 | INFO     | server:train_subset_of_clients:46 - Updating parameters on client #5
2020-11-15 21:02:11.051 | INFO     | server:train_subset_of_clients:46 - Updating parameters on client #6
2020-11-15 21:02:11.052 | INFO     | server:train_subset_of_clients:46 - Updating parameters on client #7
2020-11-15 21:02:11.052 | INFO     | server:train_subset_of_clients:46 - Updating parameters on client #8
2020-11-15 21:02:11.053 | INFO     | server:train_subset_of_clients:46 - Updating parameters on client #9
2020-11-15 21:02:11.054 | INFO     | server:train_subset_of_clients:46 - Updating parameters on client #10
2020-11-15 21:02:11.054 | INFO     | server:train_subset_of_clients:46 - Updating parameters on client #11
2020-11-15 21:02:11.055 | INFO     | server:train_subset_of_clients:46 - Updating parameters on client #12
2020-11-15 21:02:11.055 | INFO     | server:train_subset_of_clients:46 - Updating parameters on client #13
2020-11-15 21:02:11.056 | INFO     | server:train_subset_of_clients:46 - Updating parameters on client #14
2020-11-15 21:02:11.057 | INFO     | server:train_subset_of_clients:46 - Updating parameters on client #15
2020-11-15 21:02:11.057 | INFO     | server:train_subset_of_clients:46 - Updating parameters on client #16
2020-11-15 21:02:11.058 | INFO     | server:train_subset_of_clients:46 - Updating parameters on client #17
2020-11-15 21:02:11.058 | INFO     | server:train_subset_of_clients:46 - Updating parameters on client #18
2020-11-15 21:02:11.059 | INFO     | server:train_subset_of_clients:46 - Updating parameters on client #19
2020-11-15 21:02:11.059 | INFO     | server:train_subset_of_clients:46 - Updating parameters on client #20
2020-11-15 21:02:11.060 | INFO     | server:train_subset_of_clients:46 - Updating parameters on client #21
2020-11-15 21:02:11.061 | INFO     | server:train_subset_of_clients:46 - Updating parameters on client #22
2020-11-15 21:02:11.061 | INFO     | server:train_subset_of_clients:46 - Updating parameters on client #23
2020-11-15 21:02:11.062 | INFO     | server:train_subset_of_clients:46 - Updating parameters on client #24
2020-11-15 21:02:11.063 | INFO     | server:train_subset_of_clients:46 - Updating parameters on client #25
2020-11-15 21:02:11.063 | INFO     | server:train_subset_of_clients:46 - Updating parameters on client #26
2020-11-15 21:02:11.064 | INFO     | server:train_subset_of_clients:46 - Updating parameters on client #27
2020-11-15 21:02:11.064 | INFO     | server:train_subset_of_clients:46 - Updating parameters on client #28
2020-11-15 21:02:11.065 | INFO     | server:train_subset_of_clients:46 - Updating parameters on client #29
2020-11-15 21:02:11.066 | INFO     | server:train_subset_of_clients:46 - Updating parameters on client #30
2020-11-15 21:02:11.066 | INFO     | server:train_subset_of_clients:46 - Updating parameters on client #31
2020-11-15 21:02:11.067 | INFO     | server:train_subset_of_clients:46 - Updating parameters on client #32
2020-11-15 21:02:11.067 | INFO     | server:train_subset_of_clients:46 - Updating parameters on client #33
2020-11-15 21:02:11.068 | INFO     | server:train_subset_of_clients:46 - Updating parameters on client #34
2020-11-15 21:02:11.068 | INFO     | server:train_subset_of_clients:46 - Updating parameters on client #35
2020-11-15 21:02:11.069 | INFO     | server:train_subset_of_clients:46 - Updating parameters on client #36
2020-11-15 21:02:11.070 | INFO     | server:train_subset_of_clients:46 - Updating parameters on client #37
2020-11-15 21:02:11.070 | INFO     | server:train_subset_of_clients:46 - Updating parameters on client #38
2020-11-15 21:02:11.071 | INFO     | server:train_subset_of_clients:46 - Updating parameters on client #39
2020-11-15 21:02:11.071 | INFO     | server:train_subset_of_clients:46 - Updating parameters on client #40
2020-11-15 21:02:11.072 | INFO     | server:train_subset_of_clients:46 - Updating parameters on client #41
2020-11-15 21:02:11.073 | INFO     | server:train_subset_of_clients:46 - Updating parameters on client #42
2020-11-15 21:02:11.073 | INFO     | server:train_subset_of_clients:46 - Updating parameters on client #43
2020-11-15 21:02:11.074 | INFO     | server:train_subset_of_clients:46 - Updating parameters on client #44
2020-11-15 21:02:11.074 | INFO     | server:train_subset_of_clients:46 - Updating parameters on client #45
2020-11-15 21:02:11.075 | INFO     | server:train_subset_of_clients:46 - Updating parameters on client #46
2020-11-15 21:02:11.075 | INFO     | server:train_subset_of_clients:46 - Updating parameters on client #47
2020-11-15 21:02:11.076 | INFO     | server:train_subset_of_clients:46 - Updating parameters on client #48
2020-11-15 21:02:11.077 | INFO     | server:train_subset_of_clients:46 - Updating parameters on client #49
2020-11-15 21:02:13.894 | DEBUG    | client:test:203 - Test set: Accuracy: 7403/10000 (74%)
2020-11-15 21:02:13.894 | DEBUG    | client:test:204 - Test set: Loss: 11.828462719917297
2020-11-15 21:02:13.919 | DEBUG    | client:test:205 - Classification Report:
              precision    recall  f1-score   support

           0       0.73      0.86      0.79      1000
           1       0.00      0.00      0.00      1000
           2       0.65      0.85      0.74      1000
           3       0.83      0.87      0.85      1000
           4       0.73      0.74      0.74      1000
           5       0.92      0.95      0.93      1000
           6       0.77      0.33      0.46      1000
           7       0.92      0.89      0.91      1000
           8       0.93      0.95      0.94      1000
           9       0.48      0.95      0.64      1000

    accuracy                           0.74     10000
   macro avg       0.70      0.74      0.70     10000
weighted avg       0.70      0.74      0.70     10000

2020-11-15 21:02:13.920 | DEBUG    | client:test:206 - Confusion Matrix:
[[861   0  28  52   6   9  24   0  20   0]
 [  2   0  13  31   6   1   3   0   2 942]
 [ 16   0 854   7  84   4  24   0  11   0]
 [ 37   0  20 872  35   2  20   0   3  11]
 [  2   0 186  44 737   1  26   0   3   1]
 [  0   0   0   3   0 947   0  34   2  14]
 [267   0 206  32 131   6 331   0  27   0]
 [  0   0   0   0   0  48   0 892   1  59]
 [  0   0  11  10   4   7   4   4 954   6]
 [  0   0   0   0   0   8   0  36   1 955]]
2020-11-15 21:02:13.920 | DEBUG    | client:test:207 - Class precision: [0.72658228        nan 0.64795144 0.82968601 0.73479561 0.91674734
 0.7662037  0.92339545 0.93164062 0.48038229]
2020-11-15 21:02:13.921 | DEBUG    | client:test:208 - Class recall: [0.861 0.    0.854 0.872 0.737 0.947 0.331 0.892 0.954 0.955]
2020-11-15 21:02:13.922 | INFO     | server:train_subset_of_clients:38 - Training epoch #4 on client #43
2020-11-15 21:02:13.934 | INFO     | client:train:139 - [4,     0] loss: 0.012
2020-11-15 21:02:14.770 | INFO     | client:train:139 - [4,   100] loss: 0.469
2020-11-15 21:02:14.939 | INFO     | server:train_subset_of_clients:38 - Training epoch #4 on client #26
2020-11-15 21:02:14.949 | INFO     | client:train:139 - [4,     0] loss: 0.006
2020-11-15 21:02:15.842 | INFO     | client:train:139 - [4,   100] loss: 0.595
2020-11-15 21:02:16.024 | INFO     | server:train_subset_of_clients:38 - Training epoch #4 on client #46
2020-11-15 21:02:16.034 | INFO     | client:train:139 - [4,     0] loss: 0.015
2020-11-15 21:02:16.867 | INFO     | client:train:139 - [4,   100] loss: 0.526
2020-11-15 21:02:17.020 | INFO     | server:train_subset_of_clients:38 - Training epoch #4 on client #2
2020-11-15 21:02:17.029 | INFO     | client:train:139 - [4,     0] loss: 0.002
2020-11-15 21:02:17.881 | INFO     | client:train:139 - [4,   100] loss: 0.604
2020-11-15 21:02:18.039 | INFO     | server:train_subset_of_clients:38 - Training epoch #4 on client #36
2020-11-15 21:02:18.048 | INFO     | client:train:139 - [4,     0] loss: 0.014
2020-11-15 21:02:18.872 | INFO     | client:train:139 - [4,   100] loss: 0.564
2020-11-15 21:02:19.033 | INFO     | server:train_subset_of_clients:41 - Averaging client parameters
2020-11-15 21:02:19.034 | INFO     | server:train_subset_of_clients:46 - Updating parameters on client #0
2020-11-15 21:02:19.035 | INFO     | server:train_subset_of_clients:46 - Updating parameters on client #1
2020-11-15 21:02:19.035 | INFO     | server:train_subset_of_clients:46 - Updating parameters on client #2
2020-11-15 21:02:19.036 | INFO     | server:train_subset_of_clients:46 - Updating parameters on client #3
2020-11-15 21:02:19.037 | INFO     | server:train_subset_of_clients:46 - Updating parameters on client #4
2020-11-15 21:02:19.037 | INFO     | server:train_subset_of_clients:46 - Updating parameters on client #5
2020-11-15 21:02:19.038 | INFO     | server:train_subset_of_clients:46 - Updating parameters on client #6
2020-11-15 21:02:19.039 | INFO     | server:train_subset_of_clients:46 - Updating parameters on client #7
2020-11-15 21:02:19.040 | INFO     | server:train_subset_of_clients:46 - Updating parameters on client #8
2020-11-15 21:02:19.040 | INFO     | server:train_subset_of_clients:46 - Updating parameters on client #9
2020-11-15 21:02:19.041 | INFO     | server:train_subset_of_clients:46 - Updating parameters on client #10
2020-11-15 21:02:19.042 | INFO     | server:train_subset_of_clients:46 - Updating parameters on client #11
2020-11-15 21:02:19.042 | INFO     | server:train_subset_of_clients:46 - Updating parameters on client #12
2020-11-15 21:02:19.043 | INFO     | server:train_subset_of_clients:46 - Updating parameters on client #13
2020-11-15 21:02:19.044 | INFO     | server:train_subset_of_clients:46 - Updating parameters on client #14
2020-11-15 21:02:19.044 | INFO     | server:train_subset_of_clients:46 - Updating parameters on client #15
2020-11-15 21:02:19.045 | INFO     | server:train_subset_of_clients:46 - Updating parameters on client #16
2020-11-15 21:02:19.045 | INFO     | server:train_subset_of_clients:46 - Updating parameters on client #17
2020-11-15 21:02:19.046 | INFO     | server:train_subset_of_clients:46 - Updating parameters on client #18
2020-11-15 21:02:19.046 | INFO     | server:train_subset_of_clients:46 - Updating parameters on client #19
2020-11-15 21:02:19.047 | INFO     | server:train_subset_of_clients:46 - Updating parameters on client #20
2020-11-15 21:02:19.048 | INFO     | server:train_subset_of_clients:46 - Updating parameters on client #21
2020-11-15 21:02:19.048 | INFO     | server:train_subset_of_clients:46 - Updating parameters on client #22
2020-11-15 21:02:19.049 | INFO     | server:train_subset_of_clients:46 - Updating parameters on client #23
2020-11-15 21:02:19.050 | INFO     | server:train_subset_of_clients:46 - Updating parameters on client #24
2020-11-15 21:02:19.050 | INFO     | server:train_subset_of_clients:46 - Updating parameters on client #25
2020-11-15 21:02:19.051 | INFO     | server:train_subset_of_clients:46 - Updating parameters on client #26
2020-11-15 21:02:19.051 | INFO     | server:train_subset_of_clients:46 - Updating parameters on client #27
2020-11-15 21:02:19.052 | INFO     | server:train_subset_of_clients:46 - Updating parameters on client #28
2020-11-15 21:02:19.053 | INFO     | server:train_subset_of_clients:46 - Updating parameters on client #29
2020-11-15 21:02:19.053 | INFO     | server:train_subset_of_clients:46 - Updating parameters on client #30
2020-11-15 21:02:19.054 | INFO     | server:train_subset_of_clients:46 - Updating parameters on client #31
2020-11-15 21:02:19.054 | INFO     | server:train_subset_of_clients:46 - Updating parameters on client #32
2020-11-15 21:02:19.055 | INFO     | server:train_subset_of_clients:46 - Updating parameters on client #33
2020-11-15 21:02:19.056 | INFO     | server:train_subset_of_clients:46 - Updating parameters on client #34
2020-11-15 21:02:19.056 | INFO     | server:train_subset_of_clients:46 - Updating parameters on client #35
2020-11-15 21:02:19.057 | INFO     | server:train_subset_of_clients:46 - Updating parameters on client #36
2020-11-15 21:02:19.057 | INFO     | server:train_subset_of_clients:46 - Updating parameters on client #37
2020-11-15 21:02:19.058 | INFO     | server:train_subset_of_clients:46 - Updating parameters on client #38
2020-11-15 21:02:19.058 | INFO     | server:train_subset_of_clients:46 - Updating parameters on client #39
2020-11-15 21:02:19.059 | INFO     | server:train_subset_of_clients:46 - Updating parameters on client #40
2020-11-15 21:02:19.060 | INFO     | server:train_subset_of_clients:46 - Updating parameters on client #41
2020-11-15 21:02:19.060 | INFO     | server:train_subset_of_clients:46 - Updating parameters on client #42
2020-11-15 21:02:19.061 | INFO     | server:train_subset_of_clients:46 - Updating parameters on client #43
2020-11-15 21:02:19.062 | INFO     | server:train_subset_of_clients:46 - Updating parameters on client #44
2020-11-15 21:02:19.062 | INFO     | server:train_subset_of_clients:46 - Updating parameters on client #45
2020-11-15 21:02:19.063 | INFO     | server:train_subset_of_clients:46 - Updating parameters on client #46
2020-11-15 21:02:19.064 | INFO     | server:train_subset_of_clients:46 - Updating parameters on client #47
2020-11-15 21:02:19.065 | INFO     | server:train_subset_of_clients:46 - Updating parameters on client #48
2020-11-15 21:02:19.066 | INFO     | server:train_subset_of_clients:46 - Updating parameters on client #49
2020-11-15 21:02:21.914 | DEBUG    | client:test:203 - Test set: Accuracy: 8412/10000 (84%)
2020-11-15 21:02:21.914 | DEBUG    | client:test:204 - Test set: Loss: 4.521698474884033
2020-11-15 21:02:21.936 | DEBUG    | client:test:205 - Classification Report:
              precision    recall  f1-score   support

           0       0.73      0.87      0.79      1000
           1       1.00      0.91      0.95      1000
           2       0.83      0.66      0.74      1000
           3       0.82      0.87      0.84      1000
           4       0.71      0.85      0.77      1000
           5       0.94      0.94      0.94      1000
           6       0.61      0.51      0.56      1000
           7       0.87      0.95      0.91      1000
           8       0.96      0.95      0.96      1000
           9       0.97      0.89      0.93      1000

    accuracy                           0.84     10000
   macro avg       0.84      0.84      0.84     10000
weighted avg       0.84      0.84      0.84     10000

2020-11-15 21:02:21.937 | DEBUG    | client:test:206 - Confusion Matrix:
[[874   0   5  48   6   5  53   0   9   0]
 [  4 907   8  58   9   1  10   0   2   1]
 [ 27   0 662  10 166   1 129   0   5   0]
 [ 35   1   5 869  46   0  43   0   1   0]
 [  2   0  46  27 849   1  73   0   2   0]
 [  0   0   0   3   0 943   0  43   2   9]
 [249   0  66  31 123   5 513   0  13   0]
 [  0   0   0   0   0  29   0 954   1  16]
 [  8   1   1  14   4   6  14   5 947   0]
 [  0   0   0   1   0  12   3  89   1 894]]
2020-11-15 21:02:21.937 | DEBUG    | client:test:207 - Class precision: [0.72894078 0.99779978 0.83480454 0.81903864 0.70573566 0.94017946
 0.61217184 0.87442713 0.96337742 0.97173913]
2020-11-15 21:02:21.938 | DEBUG    | client:test:208 - Class recall: [0.874 0.907 0.662 0.869 0.849 0.943 0.513 0.954 0.947 0.894]
2020-11-15 21:02:21.939 | INFO     | server:train_subset_of_clients:38 - Training epoch #5 on client #39
2020-11-15 21:02:21.950 | INFO     | client:train:139 - [5,     0] loss: 0.002
2020-11-15 21:02:22.779 | INFO     | client:train:139 - [5,   100] loss: 0.559
2020-11-15 21:02:22.933 | INFO     | server:train_subset_of_clients:38 - Training epoch #5 on client #27
2020-11-15 21:02:22.941 | INFO     | client:train:139 - [5,     0] loss: 0.005
2020-11-15 21:02:23.753 | INFO     | client:train:139 - [5,   100] loss: 0.441
2020-11-15 21:02:23.899 | INFO     | server:train_subset_of_clients:38 - Training epoch #5 on client #24
2020-11-15 21:02:23.907 | INFO     | client:train:139 - [5,     0] loss: 0.006
2020-11-15 21:02:24.676 | INFO     | client:train:139 - [5,   100] loss: 0.483
2020-11-15 21:02:24.831 | INFO     | server:train_subset_of_clients:38 - Training epoch #5 on client #18
2020-11-15 21:02:24.842 | INFO     | client:train:139 - [5,     0] loss: 0.005
2020-11-15 21:02:25.769 | INFO     | client:train:139 - [5,   100] loss: 0.487
2020-11-15 21:02:25.945 | INFO     | server:train_subset_of_clients:38 - Training epoch #5 on client #34
2020-11-15 21:02:25.956 | INFO     | client:train:139 - [5,     0] loss: 0.010
2020-11-15 21:02:26.902 | INFO     | client:train:139 - [5,   100] loss: 0.559
2020-11-15 21:02:27.050 | INFO     | server:train_subset_of_clients:41 - Averaging client parameters
2020-11-15 21:02:27.052 | INFO     | server:train_subset_of_clients:46 - Updating parameters on client #0
2020-11-15 21:02:27.052 | INFO     | server:train_subset_of_clients:46 - Updating parameters on client #1
2020-11-15 21:02:27.053 | INFO     | server:train_subset_of_clients:46 - Updating parameters on client #2
2020-11-15 21:02:27.054 | INFO     | server:train_subset_of_clients:46 - Updating parameters on client #3
2020-11-15 21:02:27.055 | INFO     | server:train_subset_of_clients:46 - Updating parameters on client #4
2020-11-15 21:02:27.055 | INFO     | server:train_subset_of_clients:46 - Updating parameters on client #5
2020-11-15 21:02:27.056 | INFO     | server:train_subset_of_clients:46 - Updating parameters on client #6
2020-11-15 21:02:27.057 | INFO     | server:train_subset_of_clients:46 - Updating parameters on client #7
2020-11-15 21:02:27.057 | INFO     | server:train_subset_of_clients:46 - Updating parameters on client #8
2020-11-15 21:02:27.058 | INFO     | server:train_subset_of_clients:46 - Updating parameters on client #9
2020-11-15 21:02:27.058 | INFO     | server:train_subset_of_clients:46 - Updating parameters on client #10
2020-11-15 21:02:27.059 | INFO     | server:train_subset_of_clients:46 - Updating parameters on client #11
2020-11-15 21:02:27.059 | INFO     | server:train_subset_of_clients:46 - Updating parameters on client #12
2020-11-15 21:02:27.060 | INFO     | server:train_subset_of_clients:46 - Updating parameters on client #13
2020-11-15 21:02:27.061 | INFO     | server:train_subset_of_clients:46 - Updating parameters on client #14
2020-11-15 21:02:27.061 | INFO     | server:train_subset_of_clients:46 - Updating parameters on client #15
2020-11-15 21:02:27.062 | INFO     | server:train_subset_of_clients:46 - Updating parameters on client #16
2020-11-15 21:02:27.063 | INFO     | server:train_subset_of_clients:46 - Updating parameters on client #17
2020-11-15 21:02:27.063 | INFO     | server:train_subset_of_clients:46 - Updating parameters on client #18
2020-11-15 21:02:27.064 | INFO     | server:train_subset_of_clients:46 - Updating parameters on client #19
2020-11-15 21:02:27.064 | INFO     | server:train_subset_of_clients:46 - Updating parameters on client #20
2020-11-15 21:02:27.065 | INFO     | server:train_subset_of_clients:46 - Updating parameters on client #21
2020-11-15 21:02:27.066 | INFO     | server:train_subset_of_clients:46 - Updating parameters on client #22
2020-11-15 21:02:27.066 | INFO     | server:train_subset_of_clients:46 - Updating parameters on client #23
2020-11-15 21:02:27.067 | INFO     | server:train_subset_of_clients:46 - Updating parameters on client #24
2020-11-15 21:02:27.067 | INFO     | server:train_subset_of_clients:46 - Updating parameters on client #25
2020-11-15 21:02:27.068 | INFO     | server:train_subset_of_clients:46 - Updating parameters on client #26
2020-11-15 21:02:27.069 | INFO     | server:train_subset_of_clients:46 - Updating parameters on client #27
2020-11-15 21:02:27.069 | INFO     | server:train_subset_of_clients:46 - Updating parameters on client #28
2020-11-15 21:02:27.070 | INFO     | server:train_subset_of_clients:46 - Updating parameters on client #29
2020-11-15 21:02:27.070 | INFO     | server:train_subset_of_clients:46 - Updating parameters on client #30
2020-11-15 21:02:27.071 | INFO     | server:train_subset_of_clients:46 - Updating parameters on client #31
2020-11-15 21:02:27.071 | INFO     | server:train_subset_of_clients:46 - Updating parameters on client #32
2020-11-15 21:02:27.072 | INFO     | server:train_subset_of_clients:46 - Updating parameters on client #33
2020-11-15 21:02:27.073 | INFO     | server:train_subset_of_clients:46 - Updating parameters on client #34
2020-11-15 21:02:27.073 | INFO     | server:train_subset_of_clients:46 - Updating parameters on client #35
2020-11-15 21:02:27.074 | INFO     | server:train_subset_of_clients:46 - Updating parameters on client #36
2020-11-15 21:02:27.074 | INFO     | server:train_subset_of_clients:46 - Updating parameters on client #37
2020-11-15 21:02:27.075 | INFO     | server:train_subset_of_clients:46 - Updating parameters on client #38
2020-11-15 21:02:27.075 | INFO     | server:train_subset_of_clients:46 - Updating parameters on client #39
2020-11-15 21:02:27.076 | INFO     | server:train_subset_of_clients:46 - Updating parameters on client #40
2020-11-15 21:02:27.076 | INFO     | server:train_subset_of_clients:46 - Updating parameters on client #41
2020-11-15 21:02:27.077 | INFO     | server:train_subset_of_clients:46 - Updating parameters on client #42
2020-11-15 21:02:27.078 | INFO     | server:train_subset_of_clients:46 - Updating parameters on client #43
2020-11-15 21:02:27.078 | INFO     | server:train_subset_of_clients:46 - Updating parameters on client #44
2020-11-15 21:02:27.079 | INFO     | server:train_subset_of_clients:46 - Updating parameters on client #45
2020-11-15 21:02:27.080 | INFO     | server:train_subset_of_clients:46 - Updating parameters on client #46
2020-11-15 21:02:27.080 | INFO     | server:train_subset_of_clients:46 - Updating parameters on client #47
2020-11-15 21:02:27.081 | INFO     | server:train_subset_of_clients:46 - Updating parameters on client #48
2020-11-15 21:02:27.081 | INFO     | server:train_subset_of_clients:46 - Updating parameters on client #49
2020-11-15 21:02:29.930 | DEBUG    | client:test:203 - Test set: Accuracy: 7565/10000 (76%)
2020-11-15 21:02:29.930 | DEBUG    | client:test:204 - Test set: Loss: 8.491164028644562
2020-11-15 21:02:29.953 | DEBUG    | client:test:205 - Classification Report:
              precision    recall  f1-score   support

           0       0.84      0.76      0.80      1000
           1       0.00      0.00      0.00      1000
           2       0.76      0.78      0.77      1000
           3       0.82      0.88      0.85      1000
           4       0.70      0.85      0.77      1000
           5       0.95      0.94      0.94      1000
           6       0.66      0.54      0.59      1000
           7       0.92      0.91      0.91      1000
           8       0.96      0.95      0.96      1000
           9       0.48      0.96      0.64      1000

    accuracy                           0.76     10000
   macro avg       0.71      0.76      0.72     10000
weighted avg       0.71      0.76      0.72     10000

2020-11-15 21:02:29.954 | DEBUG    | client:test:206 - Confusion Matrix:
[[760   0  23  62   6   8 128   0  13   0]
 [  1   0   7  34   5   0   7   0   2 944]
 [ 13   0 780   7 144   2  49   0   5   0]
 [ 15   0  10 875  42   1  49   0   1   7]
 [  0   0  75  34 852   1  35   0   2   1]
 [  0   0   0   3   0 935   0  39   1  22]
 [117   0 122  42 159   5 539   0  14   2]
 [  0   0   0   0   0  30   0 905   1  64]
 [  2   0   5  11   5   3  10   5 955   4]
 [  0   0   0   0   0   3   0  32   1 964]]
2020-11-15 21:02:29.954 | DEBUG    | client:test:207 - Class precision: [0.83700441        nan 0.76320939 0.81928839 0.70239077 0.94635628
 0.65973072 0.92252803 0.95979899 0.48007968]
2020-11-15 21:02:29.954 | DEBUG    | client:test:208 - Class recall: [0.76  0.    0.78  0.875 0.852 0.935 0.539 0.905 0.955 0.964]
2020-11-15 21:02:29.955 | INFO     | server:train_subset_of_clients:38 - Training epoch #6 on client #40
2020-11-15 21:02:29.967 | INFO     | client:train:139 - [6,     0] loss: 0.009
2020-11-15 21:02:30.784 | INFO     | client:train:139 - [6,   100] loss: 0.542
2020-11-15 21:02:30.930 | INFO     | server:train_subset_of_clients:38 - Training epoch #6 on client #26
2020-11-15 21:02:30.938 | INFO     | client:train:139 - [6,     0] loss: 0.003
2020-11-15 21:02:31.769 | INFO     | client:train:139 - [6,   100] loss: 0.461
2020-11-15 21:02:31.933 | INFO     | server:train_subset_of_clients:38 - Training epoch #6 on client #1
2020-11-15 21:02:31.942 | INFO     | client:train:139 - [6,     0] loss: 0.006
2020-11-15 21:02:32.773 | INFO     | client:train:139 - [6,   100] loss: 0.529
2020-11-15 21:02:32.918 | INFO     | server:train_subset_of_clients:38 - Training epoch #6 on client #12
2020-11-15 21:02:32.926 | INFO     | client:train:139 - [6,     0] loss: 0.007
2020-11-15 21:02:33.876 | INFO     | client:train:139 - [6,   100] loss: 0.464
2020-11-15 21:02:34.059 | INFO     | server:train_subset_of_clients:38 - Training epoch #6 on client #7
2020-11-15 21:02:34.071 | INFO     | client:train:139 - [6,     0] loss: 0.004
2020-11-15 21:02:35.053 | INFO     | client:train:139 - [6,   100] loss: 0.496
2020-11-15 21:02:35.222 | INFO     | server:train_subset_of_clients:41 - Averaging client parameters
2020-11-15 21:02:35.223 | INFO     | server:train_subset_of_clients:46 - Updating parameters on client #0
2020-11-15 21:02:35.224 | INFO     | server:train_subset_of_clients:46 - Updating parameters on client #1
2020-11-15 21:02:35.225 | INFO     | server:train_subset_of_clients:46 - Updating parameters on client #2
2020-11-15 21:02:35.225 | INFO     | server:train_subset_of_clients:46 - Updating parameters on client #3
2020-11-15 21:02:35.226 | INFO     | server:train_subset_of_clients:46 - Updating parameters on client #4
2020-11-15 21:02:35.227 | INFO     | server:train_subset_of_clients:46 - Updating parameters on client #5
2020-11-15 21:02:35.228 | INFO     | server:train_subset_of_clients:46 - Updating parameters on client #6
2020-11-15 21:02:35.228 | INFO     | server:train_subset_of_clients:46 - Updating parameters on client #7
2020-11-15 21:02:35.229 | INFO     | server:train_subset_of_clients:46 - Updating parameters on client #8
2020-11-15 21:02:35.230 | INFO     | server:train_subset_of_clients:46 - Updating parameters on client #9
2020-11-15 21:02:35.230 | INFO     | server:train_subset_of_clients:46 - Updating parameters on client #10
2020-11-15 21:02:35.231 | INFO     | server:train_subset_of_clients:46 - Updating parameters on client #11
2020-11-15 21:02:35.232 | INFO     | server:train_subset_of_clients:46 - Updating parameters on client #12
2020-11-15 21:02:35.232 | INFO     | server:train_subset_of_clients:46 - Updating parameters on client #13
2020-11-15 21:02:35.233 | INFO     | server:train_subset_of_clients:46 - Updating parameters on client #14
2020-11-15 21:02:35.234 | INFO     | server:train_subset_of_clients:46 - Updating parameters on client #15
2020-11-15 21:02:35.234 | INFO     | server:train_subset_of_clients:46 - Updating parameters on client #16
2020-11-15 21:02:35.235 | INFO     | server:train_subset_of_clients:46 - Updating parameters on client #17
2020-11-15 21:02:35.236 | INFO     | server:train_subset_of_clients:46 - Updating parameters on client #18
2020-11-15 21:02:35.236 | INFO     | server:train_subset_of_clients:46 - Updating parameters on client #19
2020-11-15 21:02:35.237 | INFO     | server:train_subset_of_clients:46 - Updating parameters on client #20
2020-11-15 21:02:35.238 | INFO     | server:train_subset_of_clients:46 - Updating parameters on client #21
2020-11-15 21:02:35.239 | INFO     | server:train_subset_of_clients:46 - Updating parameters on client #22
2020-11-15 21:02:35.239 | INFO     | server:train_subset_of_clients:46 - Updating parameters on client #23
2020-11-15 21:02:35.240 | INFO     | server:train_subset_of_clients:46 - Updating parameters on client #24
2020-11-15 21:02:35.241 | INFO     | server:train_subset_of_clients:46 - Updating parameters on client #25
2020-11-15 21:02:35.241 | INFO     | server:train_subset_of_clients:46 - Updating parameters on client #26
2020-11-15 21:02:35.242 | INFO     | server:train_subset_of_clients:46 - Updating parameters on client #27
2020-11-15 21:02:35.243 | INFO     | server:train_subset_of_clients:46 - Updating parameters on client #28
2020-11-15 21:02:35.243 | INFO     | server:train_subset_of_clients:46 - Updating parameters on client #29
2020-11-15 21:02:35.244 | INFO     | server:train_subset_of_clients:46 - Updating parameters on client #30
2020-11-15 21:02:35.245 | INFO     | server:train_subset_of_clients:46 - Updating parameters on client #31
2020-11-15 21:02:35.245 | INFO     | server:train_subset_of_clients:46 - Updating parameters on client #32
2020-11-15 21:02:35.246 | INFO     | server:train_subset_of_clients:46 - Updating parameters on client #33
2020-11-15 21:02:35.247 | INFO     | server:train_subset_of_clients:46 - Updating parameters on client #34
2020-11-15 21:02:35.247 | INFO     | server:train_subset_of_clients:46 - Updating parameters on client #35
2020-11-15 21:02:35.248 | INFO     | server:train_subset_of_clients:46 - Updating parameters on client #36
2020-11-15 21:02:35.249 | INFO     | server:train_subset_of_clients:46 - Updating parameters on client #37
2020-11-15 21:02:35.249 | INFO     | server:train_subset_of_clients:46 - Updating parameters on client #38
2020-11-15 21:02:35.250 | INFO     | server:train_subset_of_clients:46 - Updating parameters on client #39
2020-11-15 21:02:35.251 | INFO     | server:train_subset_of_clients:46 - Updating parameters on client #40
2020-11-15 21:02:35.251 | INFO     | server:train_subset_of_clients:46 - Updating parameters on client #41
2020-11-15 21:02:35.252 | INFO     | server:train_subset_of_clients:46 - Updating parameters on client #42
2020-11-15 21:02:35.253 | INFO     | server:train_subset_of_clients:46 - Updating parameters on client #43
2020-11-15 21:02:35.253 | INFO     | server:train_subset_of_clients:46 - Updating parameters on client #44
2020-11-15 21:02:35.254 | INFO     | server:train_subset_of_clients:46 - Updating parameters on client #45
2020-11-15 21:02:35.254 | INFO     | server:train_subset_of_clients:46 - Updating parameters on client #46
2020-11-15 21:02:35.255 | INFO     | server:train_subset_of_clients:46 - Updating parameters on client #47
2020-11-15 21:02:35.256 | INFO     | server:train_subset_of_clients:46 - Updating parameters on client #48
2020-11-15 21:02:35.256 | INFO     | server:train_subset_of_clients:46 - Updating parameters on client #49
2020-11-15 21:02:38.203 | DEBUG    | client:test:203 - Test set: Accuracy: 7597/10000 (76%)
2020-11-15 21:02:38.204 | DEBUG    | client:test:204 - Test set: Loss: 6.470673501491547
2020-11-15 21:02:38.228 | DEBUG    | client:test:205 - Classification Report:
              precision    recall  f1-score   support

           0       0.79      0.86      0.83      1000
           1       0.00      0.00      0.00      1000
           2       0.88      0.65      0.75      1000
           3       0.84      0.88      0.86      1000
           4       0.72      0.83      0.77      1000
           5       0.97      0.92      0.94      1000
           6       0.60      0.62      0.61      1000
           7       0.91      0.93      0.92      1000
           8       0.97      0.95      0.96      1000
           9       0.48      0.96      0.64      1000

    accuracy                           0.76     10000
   macro avg       0.72      0.76      0.73     10000
weighted avg       0.72      0.76      0.73     10000

2020-11-15 21:02:38.229 | DEBUG    | client:test:206 - Confusion Matrix:
[[865   0   3  33   2   4  84   0   9   0]
 [  3   0   3  36   4   0   9   0   2 943]
 [ 21   0 651  12 168   1 143   0   4   0]
 [ 26   0   1 880  32   0  55   0   1   5]
 [  1   0  32  40 827   0  97   0   2   1]
 [  0   0   0   3   0 917   1  51   1  27]
 [177   0  48  26 112   1 621   0  13   2]
 [  0   0   0   0   0  16   0 927   1  56]
 [  3   0   2  13   4   2  19   4 947   6]
 [  0   0   0   0   0   3   1  33   1 962]]
2020-11-15 21:02:38.229 | DEBUG    | client:test:207 - Class precision: [0.78923358        nan 0.87972973 0.84372004 0.71975631 0.97139831
 0.60291262 0.91330049 0.96534149 0.48051948]
2020-11-15 21:02:38.229 | DEBUG    | client:test:208 - Class recall: [0.865 0.    0.651 0.88  0.827 0.917 0.621 0.927 0.947 0.962]
2020-11-15 21:02:38.231 | INFO     | server:train_subset_of_clients:38 - Training epoch #7 on client #38
2020-11-15 21:02:38.245 | INFO     | client:train:139 - [7,     0] loss: 0.008
2020-11-15 21:02:39.127 | INFO     | client:train:139 - [7,   100] loss: 0.512
2020-11-15 21:02:39.310 | INFO     | server:train_subset_of_clients:38 - Training epoch #7 on client #43
2020-11-15 21:02:39.319 | INFO     | client:train:139 - [7,     0] loss: 0.004
2020-11-15 21:02:40.154 | INFO     | client:train:139 - [7,   100] loss: 0.441
2020-11-15 21:02:40.311 | INFO     | server:train_subset_of_clients:38 - Training epoch #7 on client #46
2020-11-15 21:02:40.320 | INFO     | client:train:139 - [7,     0] loss: 0.004
2020-11-15 21:02:41.143 | INFO     | client:train:139 - [7,   100] loss: 0.418
2020-11-15 21:02:41.299 | INFO     | server:train_subset_of_clients:38 - Training epoch #7 on client #28
2020-11-15 21:02:41.308 | INFO     | client:train:139 - [7,     0] loss: 0.006
2020-11-15 21:02:42.163 | INFO     | client:train:139 - [7,   100] loss: 0.463
2020-11-15 21:02:42.325 | INFO     | server:train_subset_of_clients:38 - Training epoch #7 on client #44
2020-11-15 21:02:42.334 | INFO     | client:train:139 - [7,     0] loss: 0.003
2020-11-15 21:02:43.357 | INFO     | client:train:139 - [7,   100] loss: 0.464
2020-11-15 21:02:43.534 | INFO     | server:train_subset_of_clients:41 - Averaging client parameters
2020-11-15 21:02:43.535 | INFO     | server:train_subset_of_clients:46 - Updating parameters on client #0
2020-11-15 21:02:43.536 | INFO     | server:train_subset_of_clients:46 - Updating parameters on client #1
2020-11-15 21:02:43.537 | INFO     | server:train_subset_of_clients:46 - Updating parameters on client #2
2020-11-15 21:02:43.537 | INFO     | server:train_subset_of_clients:46 - Updating parameters on client #3
2020-11-15 21:02:43.538 | INFO     | server:train_subset_of_clients:46 - Updating parameters on client #4
2020-11-15 21:02:43.538 | INFO     | server:train_subset_of_clients:46 - Updating parameters on client #5
2020-11-15 21:02:43.539 | INFO     | server:train_subset_of_clients:46 - Updating parameters on client #6
2020-11-15 21:02:43.540 | INFO     | server:train_subset_of_clients:46 - Updating parameters on client #7
2020-11-15 21:02:43.540 | INFO     | server:train_subset_of_clients:46 - Updating parameters on client #8
2020-11-15 21:02:43.541 | INFO     | server:train_subset_of_clients:46 - Updating parameters on client #9
2020-11-15 21:02:43.542 | INFO     | server:train_subset_of_clients:46 - Updating parameters on client #10
2020-11-15 21:02:43.542 | INFO     | server:train_subset_of_clients:46 - Updating parameters on client #11
2020-11-15 21:02:43.543 | INFO     | server:train_subset_of_clients:46 - Updating parameters on client #12
2020-11-15 21:02:43.543 | INFO     | server:train_subset_of_clients:46 - Updating parameters on client #13
2020-11-15 21:02:43.544 | INFO     | server:train_subset_of_clients:46 - Updating parameters on client #14
2020-11-15 21:02:43.545 | INFO     | server:train_subset_of_clients:46 - Updating parameters on client #15
2020-11-15 21:02:43.545 | INFO     | server:train_subset_of_clients:46 - Updating parameters on client #16
2020-11-15 21:02:43.546 | INFO     | server:train_subset_of_clients:46 - Updating parameters on client #17
2020-11-15 21:02:43.546 | INFO     | server:train_subset_of_clients:46 - Updating parameters on client #18
2020-11-15 21:02:43.547 | INFO     | server:train_subset_of_clients:46 - Updating parameters on client #19
2020-11-15 21:02:43.548 | INFO     | server:train_subset_of_clients:46 - Updating parameters on client #20
2020-11-15 21:02:43.548 | INFO     | server:train_subset_of_clients:46 - Updating parameters on client #21
2020-11-15 21:02:43.549 | INFO     | server:train_subset_of_clients:46 - Updating parameters on client #22
2020-11-15 21:02:43.549 | INFO     | server:train_subset_of_clients:46 - Updating parameters on client #23
2020-11-15 21:02:43.550 | INFO     | server:train_subset_of_clients:46 - Updating parameters on client #24
2020-11-15 21:02:43.551 | INFO     | server:train_subset_of_clients:46 - Updating parameters on client #25
2020-11-15 21:02:43.551 | INFO     | server:train_subset_of_clients:46 - Updating parameters on client #26
2020-11-15 21:02:43.552 | INFO     | server:train_subset_of_clients:46 - Updating parameters on client #27
2020-11-15 21:02:43.552 | INFO     | server:train_subset_of_clients:46 - Updating parameters on client #28
2020-11-15 21:02:43.553 | INFO     | server:train_subset_of_clients:46 - Updating parameters on client #29
2020-11-15 21:02:43.554 | INFO     | server:train_subset_of_clients:46 - Updating parameters on client #30
2020-11-15 21:02:43.554 | INFO     | server:train_subset_of_clients:46 - Updating parameters on client #31
2020-11-15 21:02:43.555 | INFO     | server:train_subset_of_clients:46 - Updating parameters on client #32
2020-11-15 21:02:43.555 | INFO     | server:train_subset_of_clients:46 - Updating parameters on client #33
2020-11-15 21:02:43.556 | INFO     | server:train_subset_of_clients:46 - Updating parameters on client #34
2020-11-15 21:02:43.557 | INFO     | server:train_subset_of_clients:46 - Updating parameters on client #35
2020-11-15 21:02:43.557 | INFO     | server:train_subset_of_clients:46 - Updating parameters on client #36
2020-11-15 21:02:43.558 | INFO     | server:train_subset_of_clients:46 - Updating parameters on client #37
2020-11-15 21:02:43.559 | INFO     | server:train_subset_of_clients:46 - Updating parameters on client #38
2020-11-15 21:02:43.559 | INFO     | server:train_subset_of_clients:46 - Updating parameters on client #39
2020-11-15 21:02:43.560 | INFO     | server:train_subset_of_clients:46 - Updating parameters on client #40
2020-11-15 21:02:43.560 | INFO     | server:train_subset_of_clients:46 - Updating parameters on client #41
2020-11-15 21:02:43.561 | INFO     | server:train_subset_of_clients:46 - Updating parameters on client #42
2020-11-15 21:02:43.561 | INFO     | server:train_subset_of_clients:46 - Updating parameters on client #43
2020-11-15 21:02:43.562 | INFO     | server:train_subset_of_clients:46 - Updating parameters on client #44
2020-11-15 21:02:43.563 | INFO     | server:train_subset_of_clients:46 - Updating parameters on client #45
2020-11-15 21:02:43.563 | INFO     | server:train_subset_of_clients:46 - Updating parameters on client #46
2020-11-15 21:02:43.564 | INFO     | server:train_subset_of_clients:46 - Updating parameters on client #47
2020-11-15 21:02:43.565 | INFO     | server:train_subset_of_clients:46 - Updating parameters on client #48
2020-11-15 21:02:43.565 | INFO     | server:train_subset_of_clients:46 - Updating parameters on client #49
2020-11-15 21:02:46.687 | DEBUG    | client:test:203 - Test set: Accuracy: 8603/10000 (86%)
2020-11-15 21:02:46.688 | DEBUG    | client:test:204 - Test set: Loss: 4.205173343420029
2020-11-15 21:02:46.719 | DEBUG    | client:test:205 - Classification Report:
              precision    recall  f1-score   support

           0       0.82      0.82      0.82      1000
           1       1.00      0.91      0.95      1000
           2       0.79      0.80      0.79      1000
           3       0.80      0.91      0.85      1000
           4       0.76      0.79      0.77      1000
           5       0.97      0.93      0.95      1000
           6       0.69      0.58      0.63      1000
           7       0.90      0.95      0.92      1000
           8       0.94      0.97      0.96      1000
           9       0.93      0.95      0.94      1000

    accuracy                           0.86     10000
   macro avg       0.86      0.86      0.86     10000
weighted avg       0.86      0.86      0.86     10000

2020-11-15 21:02:46.719 | DEBUG    | client:test:206 - Confusion Matrix:
[[822   0  11  66   6   5  74   0  16   0]
 [  1 912   7  46   5   0   6   0   2  21]
 [  8   0 800  12 102   1  68   0   9   0]
 [ 15   2   3 905  37   0  37   0   1   0]
 [  1   0 101  40 790   1  63   0   3   1]
 [  0   0   0   3   0 930   0  51   1  15]
 [155   0  94  47 102   2 576   0  24   0]
 [  0   0   0   0   0  15   0 947   1  37]
 [  0   1   3   9   1   2   8   5 970   1]
 [  0   0   0   0   0   3   0  45   1 951]]
2020-11-15 21:02:46.720 | DEBUG    | client:test:207 - Class precision: [0.82035928 0.99672131 0.78508342 0.80230496 0.75743049 0.96976017
 0.69230769 0.90362595 0.94357977 0.92690058]
2020-11-15 21:02:46.720 | DEBUG    | client:test:208 - Class recall: [0.822 0.912 0.8   0.905 0.79  0.93  0.576 0.947 0.97  0.951]
2020-11-15 21:02:46.722 | INFO     | server:train_subset_of_clients:38 - Training epoch #8 on client #14
2020-11-15 21:02:46.741 | INFO     | client:train:139 - [8,     0] loss: 0.005
2020-11-15 21:02:47.757 | INFO     | client:train:139 - [8,   100] loss: 0.455
2020-11-15 21:02:47.914 | INFO     | server:train_subset_of_clients:38 - Training epoch #8 on client #0
2020-11-15 21:02:47.922 | INFO     | client:train:139 - [8,     0] loss: 0.003
2020-11-15 21:02:48.832 | INFO     | client:train:139 - [8,   100] loss: 0.451
2020-11-15 21:02:48.983 | INFO     | server:train_subset_of_clients:38 - Training epoch #8 on client #49
2020-11-15 21:02:48.992 | INFO     | client:train:139 - [8,     0] loss: 0.004
2020-11-15 21:02:49.798 | INFO     | client:train:139 - [8,   100] loss: 0.515
2020-11-15 21:02:49.948 | INFO     | server:train_subset_of_clients:38 - Training epoch #8 on client #34
2020-11-15 21:02:49.956 | INFO     | client:train:139 - [8,     0] loss: 0.007
2020-11-15 21:02:50.757 | INFO     | client:train:139 - [8,   100] loss: 0.505
2020-11-15 21:02:50.908 | INFO     | server:train_subset_of_clients:38 - Training epoch #8 on client #8
2020-11-15 21:02:50.916 | INFO     | client:train:139 - [8,     0] loss: 0.007
2020-11-15 21:02:51.935 | INFO     | client:train:139 - [8,   100] loss: 0.520
2020-11-15 21:02:52.088 | INFO     | server:train_subset_of_clients:41 - Averaging client parameters
2020-11-15 21:02:52.089 | INFO     | server:train_subset_of_clients:46 - Updating parameters on client #0
2020-11-15 21:02:52.090 | INFO     | server:train_subset_of_clients:46 - Updating parameters on client #1
2020-11-15 21:02:52.092 | INFO     | server:train_subset_of_clients:46 - Updating parameters on client #2
2020-11-15 21:02:52.092 | INFO     | server:train_subset_of_clients:46 - Updating parameters on client #3
2020-11-15 21:02:52.093 | INFO     | server:train_subset_of_clients:46 - Updating parameters on client #4
2020-11-15 21:02:52.093 | INFO     | server:train_subset_of_clients:46 - Updating parameters on client #5
2020-11-15 21:02:52.094 | INFO     | server:train_subset_of_clients:46 - Updating parameters on client #6
2020-11-15 21:02:52.095 | INFO     | server:train_subset_of_clients:46 - Updating parameters on client #7
2020-11-15 21:02:52.095 | INFO     | server:train_subset_of_clients:46 - Updating parameters on client #8
2020-11-15 21:02:52.096 | INFO     | server:train_subset_of_clients:46 - Updating parameters on client #9
2020-11-15 21:02:52.096 | INFO     | server:train_subset_of_clients:46 - Updating parameters on client #10
2020-11-15 21:02:52.097 | INFO     | server:train_subset_of_clients:46 - Updating parameters on client #11
2020-11-15 21:02:52.098 | INFO     | server:train_subset_of_clients:46 - Updating parameters on client #12
2020-11-15 21:02:52.099 | INFO     | server:train_subset_of_clients:46 - Updating parameters on client #13
2020-11-15 21:02:52.100 | INFO     | server:train_subset_of_clients:46 - Updating parameters on client #14
2020-11-15 21:02:52.101 | INFO     | server:train_subset_of_clients:46 - Updating parameters on client #15
2020-11-15 21:02:52.102 | INFO     | server:train_subset_of_clients:46 - Updating parameters on client #16
2020-11-15 21:02:52.103 | INFO     | server:train_subset_of_clients:46 - Updating parameters on client #17
2020-11-15 21:02:52.104 | INFO     | server:train_subset_of_clients:46 - Updating parameters on client #18
2020-11-15 21:02:52.105 | INFO     | server:train_subset_of_clients:46 - Updating parameters on client #19
2020-11-15 21:02:52.106 | INFO     | server:train_subset_of_clients:46 - Updating parameters on client #20
2020-11-15 21:02:52.107 | INFO     | server:train_subset_of_clients:46 - Updating parameters on client #21
2020-11-15 21:02:52.108 | INFO     | server:train_subset_of_clients:46 - Updating parameters on client #22
2020-11-15 21:02:52.109 | INFO     | server:train_subset_of_clients:46 - Updating parameters on client #23
2020-11-15 21:02:52.110 | INFO     | server:train_subset_of_clients:46 - Updating parameters on client #24
2020-11-15 21:02:52.110 | INFO     | server:train_subset_of_clients:46 - Updating parameters on client #25
2020-11-15 21:02:52.111 | INFO     | server:train_subset_of_clients:46 - Updating parameters on client #26
2020-11-15 21:02:52.112 | INFO     | server:train_subset_of_clients:46 - Updating parameters on client #27
2020-11-15 21:02:52.113 | INFO     | server:train_subset_of_clients:46 - Updating parameters on client #28
2020-11-15 21:02:52.114 | INFO     | server:train_subset_of_clients:46 - Updating parameters on client #29
2020-11-15 21:02:52.115 | INFO     | server:train_subset_of_clients:46 - Updating parameters on client #30
2020-11-15 21:02:52.116 | INFO     | server:train_subset_of_clients:46 - Updating parameters on client #31
2020-11-15 21:02:52.117 | INFO     | server:train_subset_of_clients:46 - Updating parameters on client #32
2020-11-15 21:02:52.118 | INFO     | server:train_subset_of_clients:46 - Updating parameters on client #33
2020-11-15 21:02:52.119 | INFO     | server:train_subset_of_clients:46 - Updating parameters on client #34
2020-11-15 21:02:52.120 | INFO     | server:train_subset_of_clients:46 - Updating parameters on client #35
2020-11-15 21:02:52.121 | INFO     | server:train_subset_of_clients:46 - Updating parameters on client #36
2020-11-15 21:02:52.122 | INFO     | server:train_subset_of_clients:46 - Updating parameters on client #37
2020-11-15 21:02:52.123 | INFO     | server:train_subset_of_clients:46 - Updating parameters on client #38
2020-11-15 21:02:52.124 | INFO     | server:train_subset_of_clients:46 - Updating parameters on client #39
2020-11-15 21:02:52.125 | INFO     | server:train_subset_of_clients:46 - Updating parameters on client #40
2020-11-15 21:02:52.126 | INFO     | server:train_subset_of_clients:46 - Updating parameters on client #41
2020-11-15 21:02:52.127 | INFO     | server:train_subset_of_clients:46 - Updating parameters on client #42
2020-11-15 21:02:52.128 | INFO     | server:train_subset_of_clients:46 - Updating parameters on client #43
2020-11-15 21:02:52.129 | INFO     | server:train_subset_of_clients:46 - Updating parameters on client #44
2020-11-15 21:02:52.129 | INFO     | server:train_subset_of_clients:46 - Updating parameters on client #45
2020-11-15 21:02:52.130 | INFO     | server:train_subset_of_clients:46 - Updating parameters on client #46
2020-11-15 21:02:52.132 | INFO     | server:train_subset_of_clients:46 - Updating parameters on client #47
2020-11-15 21:02:52.133 | INFO     | server:train_subset_of_clients:46 - Updating parameters on client #48
2020-11-15 21:02:52.134 | INFO     | server:train_subset_of_clients:46 - Updating parameters on client #49
2020-11-15 21:02:55.029 | DEBUG    | client:test:203 - Test set: Accuracy: 7663/10000 (77%)
2020-11-15 21:02:55.030 | DEBUG    | client:test:204 - Test set: Loss: 9.956937074661255
2020-11-15 21:02:55.057 | DEBUG    | client:test:205 - Classification Report:
              precision    recall  f1-score   support

           0       0.86      0.76      0.81      1000
           1       0.00      0.00      0.00      1000
           2       0.85      0.71      0.78      1000
           3       0.82      0.89      0.85      1000
           4       0.69      0.88      0.78      1000
           5       0.97      0.94      0.95      1000
           6       0.67      0.61      0.64      1000
           7       0.91      0.94      0.93      1000
           8       0.94      0.97      0.96      1000
           9       0.48      0.95      0.64      1000

    accuracy                           0.77     10000
   macro avg       0.72      0.77      0.73     10000
weighted avg       0.72      0.77      0.73     10000

2020-11-15 21:02:55.057 | DEBUG    | client:test:206 - Confusion Matrix:
[[763   0  20  69   9   5 120   0  14   0]
 [  0   0   4  30   6   0   6   0   2 952]
 [ 10   0 715   9 175   0  81   1   9   0]
 [ 10   0   4 890  42   0  46   0   1   7]
 [  1   0  37  32 884   1  42   0   2   1]
 [  0   0   0   2   0 941   1  39   2  15]
 [103   0  64  42 153   0 611   0  27   0]
 [  0   0   0   0   0  21   0 940   1  38]
 [  0   0   1  10   4   2   7   5 969   2]
 [  0   0   0   0   0   4   1  44   1 950]]
2020-11-15 21:02:55.058 | DEBUG    | client:test:207 - Class precision: [0.86020293        nan 0.84615385 0.82103321 0.69442262 0.9661191
 0.66775956 0.91350826 0.942607   0.48346056]
2020-11-15 21:02:55.058 | DEBUG    | client:test:208 - Class recall: [0.763 0.    0.715 0.89  0.884 0.941 0.611 0.94  0.969 0.95 ]
2020-11-15 21:02:55.060 | INFO     | server:train_subset_of_clients:38 - Training epoch #9 on client #17
2020-11-15 21:02:55.077 | INFO     | client:train:139 - [9,     0] loss: 0.004
2020-11-15 21:02:55.983 | INFO     | client:train:139 - [9,   100] loss: 0.506
2020-11-15 21:02:56.207 | INFO     | server:train_subset_of_clients:38 - Training epoch #9 on client #18
2020-11-15 21:02:56.222 | INFO     | client:train:139 - [9,     0] loss: 0.010
2020-11-15 21:02:57.166 | INFO     | client:train:139 - [9,   100] loss: 0.400
2020-11-15 21:02:57.317 | INFO     | server:train_subset_of_clients:38 - Training epoch #9 on client #10
2020-11-15 21:02:57.326 | INFO     | client:train:139 - [9,     0] loss: 0.001
2020-11-15 21:02:58.201 | INFO     | client:train:139 - [9,   100] loss: 0.473
2020-11-15 21:02:58.356 | INFO     | server:train_subset_of_clients:38 - Training epoch #9 on client #48
2020-11-15 21:02:58.364 | INFO     | client:train:139 - [9,     0] loss: 0.004
2020-11-15 21:02:59.173 | INFO     | client:train:139 - [9,   100] loss: 0.465
2020-11-15 21:02:59.429 | INFO     | server:train_subset_of_clients:38 - Training epoch #9 on client #43
2020-11-15 21:02:59.441 | INFO     | client:train:139 - [9,     0] loss: 0.012
2020-11-15 21:03:00.339 | INFO     | client:train:139 - [9,   100] loss: 0.346
2020-11-15 21:03:00.492 | INFO     | server:train_subset_of_clients:41 - Averaging client parameters
2020-11-15 21:03:00.493 | INFO     | server:train_subset_of_clients:46 - Updating parameters on client #0
2020-11-15 21:03:00.494 | INFO     | server:train_subset_of_clients:46 - Updating parameters on client #1
2020-11-15 21:03:00.495 | INFO     | server:train_subset_of_clients:46 - Updating parameters on client #2
2020-11-15 21:03:00.495 | INFO     | server:train_subset_of_clients:46 - Updating parameters on client #3
2020-11-15 21:03:00.496 | INFO     | server:train_subset_of_clients:46 - Updating parameters on client #4
2020-11-15 21:03:00.496 | INFO     | server:train_subset_of_clients:46 - Updating parameters on client #5
2020-11-15 21:03:00.497 | INFO     | server:train_subset_of_clients:46 - Updating parameters on client #6
2020-11-15 21:03:00.498 | INFO     | server:train_subset_of_clients:46 - Updating parameters on client #7
2020-11-15 21:03:00.498 | INFO     | server:train_subset_of_clients:46 - Updating parameters on client #8
2020-11-15 21:03:00.499 | INFO     | server:train_subset_of_clients:46 - Updating parameters on client #9
2020-11-15 21:03:00.499 | INFO     | server:train_subset_of_clients:46 - Updating parameters on client #10
2020-11-15 21:03:00.500 | INFO     | server:train_subset_of_clients:46 - Updating parameters on client #11
2020-11-15 21:03:00.501 | INFO     | server:train_subset_of_clients:46 - Updating parameters on client #12
2020-11-15 21:03:00.501 | INFO     | server:train_subset_of_clients:46 - Updating parameters on client #13
2020-11-15 21:03:00.502 | INFO     | server:train_subset_of_clients:46 - Updating parameters on client #14
2020-11-15 21:03:00.502 | INFO     | server:train_subset_of_clients:46 - Updating parameters on client #15
2020-11-15 21:03:00.503 | INFO     | server:train_subset_of_clients:46 - Updating parameters on client #16
2020-11-15 21:03:00.504 | INFO     | server:train_subset_of_clients:46 - Updating parameters on client #17
2020-11-15 21:03:00.504 | INFO     | server:train_subset_of_clients:46 - Updating parameters on client #18
2020-11-15 21:03:00.505 | INFO     | server:train_subset_of_clients:46 - Updating parameters on client #19
2020-11-15 21:03:00.505 | INFO     | server:train_subset_of_clients:46 - Updating parameters on client #20
2020-11-15 21:03:00.506 | INFO     | server:train_subset_of_clients:46 - Updating parameters on client #21
2020-11-15 21:03:00.506 | INFO     | server:train_subset_of_clients:46 - Updating parameters on client #22
2020-11-15 21:03:00.507 | INFO     | server:train_subset_of_clients:46 - Updating parameters on client #23
2020-11-15 21:03:00.508 | INFO     | server:train_subset_of_clients:46 - Updating parameters on client #24
2020-11-15 21:03:00.508 | INFO     | server:train_subset_of_clients:46 - Updating parameters on client #25
2020-11-15 21:03:00.509 | INFO     | server:train_subset_of_clients:46 - Updating parameters on client #26
2020-11-15 21:03:00.509 | INFO     | server:train_subset_of_clients:46 - Updating parameters on client #27
2020-11-15 21:03:00.510 | INFO     | server:train_subset_of_clients:46 - Updating parameters on client #28
2020-11-15 21:03:00.510 | INFO     | server:train_subset_of_clients:46 - Updating parameters on client #29
2020-11-15 21:03:00.511 | INFO     | server:train_subset_of_clients:46 - Updating parameters on client #30
2020-11-15 21:03:00.512 | INFO     | server:train_subset_of_clients:46 - Updating parameters on client #31
2020-11-15 21:03:00.512 | INFO     | server:train_subset_of_clients:46 - Updating parameters on client #32
2020-11-15 21:03:00.513 | INFO     | server:train_subset_of_clients:46 - Updating parameters on client #33
2020-11-15 21:03:00.513 | INFO     | server:train_subset_of_clients:46 - Updating parameters on client #34
2020-11-15 21:03:00.514 | INFO     | server:train_subset_of_clients:46 - Updating parameters on client #35
2020-11-15 21:03:00.515 | INFO     | server:train_subset_of_clients:46 - Updating parameters on client #36
2020-11-15 21:03:00.515 | INFO     | server:train_subset_of_clients:46 - Updating parameters on client #37
2020-11-15 21:03:00.516 | INFO     | server:train_subset_of_clients:46 - Updating parameters on client #38
2020-11-15 21:03:00.516 | INFO     | server:train_subset_of_clients:46 - Updating parameters on client #39
2020-11-15 21:03:00.517 | INFO     | server:train_subset_of_clients:46 - Updating parameters on client #40
2020-11-15 21:03:00.517 | INFO     | server:train_subset_of_clients:46 - Updating parameters on client #41
2020-11-15 21:03:00.518 | INFO     | server:train_subset_of_clients:46 - Updating parameters on client #42
2020-11-15 21:03:00.519 | INFO     | server:train_subset_of_clients:46 - Updating parameters on client #43
2020-11-15 21:03:00.519 | INFO     | server:train_subset_of_clients:46 - Updating parameters on client #44
2020-11-15 21:03:00.520 | INFO     | server:train_subset_of_clients:46 - Updating parameters on client #45
2020-11-15 21:03:00.520 | INFO     | server:train_subset_of_clients:46 - Updating parameters on client #46
2020-11-15 21:03:00.521 | INFO     | server:train_subset_of_clients:46 - Updating parameters on client #47
2020-11-15 21:03:00.521 | INFO     | server:train_subset_of_clients:46 - Updating parameters on client #48
2020-11-15 21:03:00.522 | INFO     | server:train_subset_of_clients:46 - Updating parameters on client #49
2020-11-15 21:03:03.414 | DEBUG    | client:test:203 - Test set: Accuracy: 8587/10000 (86%)
2020-11-15 21:03:03.414 | DEBUG    | client:test:204 - Test set: Loss: 3.8820758163928986
2020-11-15 21:03:03.438 | DEBUG    | client:test:205 - Classification Report:
              precision    recall  f1-score   support

           0       0.86      0.77      0.81      1000
           1       1.00      0.93      0.96      1000
           2       0.80      0.76      0.78      1000
           3       0.85      0.88      0.87      1000
           4       0.79      0.72      0.76      1000
           5       0.98      0.93      0.95      1000
           6       0.58      0.72      0.64      1000
           7       0.90      0.95      0.93      1000
           8       0.96      0.97      0.96      1000
           9       0.94      0.95      0.95      1000

    accuracy                           0.86     10000
   macro avg       0.87      0.86      0.86     10000
weighted avg       0.87      0.86      0.86     10000

2020-11-15 21:03:03.438 | DEBUG    | client:test:206 - Confusion Matrix:
[[771   0  17  32   3   4 161   0  12   0]
 [  2 929   6  39   5   0  12   0   2   5]
 [  7   0 763   7  89   0 128   1   5   0]
 [ 16   2   4 880  36   0  61   0   1   0]
 [  0   0  85  35 723   0 153   0   3   1]
 [  0   0   0   1   0 926   2  55   1  15]
 [101   0  73  28  55   0 724   0  19   0]
 [  0   0   0   0   0   8   0 954   1  37]
 [  0   1   1  10   2   1  11   5 968   1]
 [  0   0   0   0   0   4   2  44   1 949]]
2020-11-15 21:03:03.439 | DEBUG    | client:test:207 - Class precision: [0.85953177 0.99678112 0.80400421 0.85271318 0.79189485 0.98197243
 0.57735247 0.90084986 0.95557749 0.94146825]
2020-11-15 21:03:03.439 | DEBUG    | client:test:208 - Class recall: [0.771 0.929 0.763 0.88  0.723 0.926 0.724 0.954 0.968 0.949]
2020-11-15 21:03:03.440 | INFO     | server:train_subset_of_clients:38 - Training epoch #10 on client #44
2020-11-15 21:03:03.453 | INFO     | client:train:139 - [10,     0] loss: 0.001
2020-11-15 21:03:04.297 | INFO     | client:train:139 - [10,   100] loss: 0.400
2020-11-15 21:03:04.452 | INFO     | server:train_subset_of_clients:38 - Training epoch #10 on client #40
2020-11-15 21:03:04.461 | INFO     | client:train:139 - [10,     0] loss: 0.004
2020-11-15 21:03:05.269 | INFO     | client:train:139 - [10,   100] loss: 0.451
2020-11-15 21:03:05.434 | INFO     | server:train_subset_of_clients:38 - Training epoch #10 on client #14
2020-11-15 21:03:05.443 | INFO     | client:train:139 - [10,     0] loss: 0.008
2020-11-15 21:03:06.283 | INFO     | client:train:139 - [10,   100] loss: 0.425
2020-11-15 21:03:06.435 | INFO     | server:train_subset_of_clients:38 - Training epoch #10 on client #37
2020-11-15 21:03:06.443 | INFO     | client:train:139 - [10,     0] loss: 0.009
2020-11-15 21:03:07.269 | INFO     | client:train:139 - [10,   100] loss: 0.481
2020-11-15 21:03:07.418 | INFO     | server:train_subset_of_clients:38 - Training epoch #10 on client #15
2020-11-15 21:03:07.426 | INFO     | client:train:139 - [10,     0] loss: 0.005
2020-11-15 21:03:08.198 | INFO     | client:train:139 - [10,   100] loss: 0.405
2020-11-15 21:03:08.356 | INFO     | server:train_subset_of_clients:41 - Averaging client parameters
2020-11-15 21:03:08.358 | INFO     | server:train_subset_of_clients:46 - Updating parameters on client #0
2020-11-15 21:03:08.358 | INFO     | server:train_subset_of_clients:46 - Updating parameters on client #1
2020-11-15 21:03:08.359 | INFO     | server:train_subset_of_clients:46 - Updating parameters on client #2
2020-11-15 21:03:08.359 | INFO     | server:train_subset_of_clients:46 - Updating parameters on client #3
2020-11-15 21:03:08.360 | INFO     | server:train_subset_of_clients:46 - Updating parameters on client #4
2020-11-15 21:03:08.361 | INFO     | server:train_subset_of_clients:46 - Updating parameters on client #5
2020-11-15 21:03:08.361 | INFO     | server:train_subset_of_clients:46 - Updating parameters on client #6
2020-11-15 21:03:08.362 | INFO     | server:train_subset_of_clients:46 - Updating parameters on client #7
2020-11-15 21:03:08.362 | INFO     | server:train_subset_of_clients:46 - Updating parameters on client #8
2020-11-15 21:03:08.363 | INFO     | server:train_subset_of_clients:46 - Updating parameters on client #9
2020-11-15 21:03:08.364 | INFO     | server:train_subset_of_clients:46 - Updating parameters on client #10
2020-11-15 21:03:08.365 | INFO     | server:train_subset_of_clients:46 - Updating parameters on client #11
2020-11-15 21:03:08.365 | INFO     | server:train_subset_of_clients:46 - Updating parameters on client #12
2020-11-15 21:03:08.366 | INFO     | server:train_subset_of_clients:46 - Updating parameters on client #13
2020-11-15 21:03:08.366 | INFO     | server:train_subset_of_clients:46 - Updating parameters on client #14
2020-11-15 21:03:08.367 | INFO     | server:train_subset_of_clients:46 - Updating parameters on client #15
2020-11-15 21:03:08.368 | INFO     | server:train_subset_of_clients:46 - Updating parameters on client #16
2020-11-15 21:03:08.368 | INFO     | server:train_subset_of_clients:46 - Updating parameters on client #17
2020-11-15 21:03:08.369 | INFO     | server:train_subset_of_clients:46 - Updating parameters on client #18
2020-11-15 21:03:08.369 | INFO     | server:train_subset_of_clients:46 - Updating parameters on client #19
2020-11-15 21:03:08.370 | INFO     | server:train_subset_of_clients:46 - Updating parameters on client #20
2020-11-15 21:03:08.370 | INFO     | server:train_subset_of_clients:46 - Updating parameters on client #21
2020-11-15 21:03:08.371 | INFO     | server:train_subset_of_clients:46 - Updating parameters on client #22
2020-11-15 21:03:08.372 | INFO     | server:train_subset_of_clients:46 - Updating parameters on client #23
2020-11-15 21:03:08.372 | INFO     | server:train_subset_of_clients:46 - Updating parameters on client #24
2020-11-15 21:03:08.373 | INFO     | server:train_subset_of_clients:46 - Updating parameters on client #25
2020-11-15 21:03:08.373 | INFO     | server:train_subset_of_clients:46 - Updating parameters on client #26
2020-11-15 21:03:08.374 | INFO     | server:train_subset_of_clients:46 - Updating parameters on client #27
2020-11-15 21:03:08.375 | INFO     | server:train_subset_of_clients:46 - Updating parameters on client #28
2020-11-15 21:03:08.375 | INFO     | server:train_subset_of_clients:46 - Updating parameters on client #29
2020-11-15 21:03:08.376 | INFO     | server:train_subset_of_clients:46 - Updating parameters on client #30
2020-11-15 21:03:08.376 | INFO     | server:train_subset_of_clients:46 - Updating parameters on client #31
2020-11-15 21:03:08.377 | INFO     | server:train_subset_of_clients:46 - Updating parameters on client #32
2020-11-15 21:03:08.377 | INFO     | server:train_subset_of_clients:46 - Updating parameters on client #33
2020-11-15 21:03:08.378 | INFO     | server:train_subset_of_clients:46 - Updating parameters on client #34
2020-11-15 21:03:08.379 | INFO     | server:train_subset_of_clients:46 - Updating parameters on client #35
2020-11-15 21:03:08.379 | INFO     | server:train_subset_of_clients:46 - Updating parameters on client #36
2020-11-15 21:03:08.380 | INFO     | server:train_subset_of_clients:46 - Updating parameters on client #37
2020-11-15 21:03:08.381 | INFO     | server:train_subset_of_clients:46 - Updating parameters on client #38
2020-11-15 21:03:08.381 | INFO     | server:train_subset_of_clients:46 - Updating parameters on client #39
2020-11-15 21:03:08.382 | INFO     | server:train_subset_of_clients:46 - Updating parameters on client #40
2020-11-15 21:03:08.383 | INFO     | server:train_subset_of_clients:46 - Updating parameters on client #41
2020-11-15 21:03:08.383 | INFO     | server:train_subset_of_clients:46 - Updating parameters on client #42
2020-11-15 21:03:08.384 | INFO     | server:train_subset_of_clients:46 - Updating parameters on client #43
2020-11-15 21:03:08.384 | INFO     | server:train_subset_of_clients:46 - Updating parameters on client #44
2020-11-15 21:03:08.385 | INFO     | server:train_subset_of_clients:46 - Updating parameters on client #45
2020-11-15 21:03:08.385 | INFO     | server:train_subset_of_clients:46 - Updating parameters on client #46
2020-11-15 21:03:08.386 | INFO     | server:train_subset_of_clients:46 - Updating parameters on client #47
2020-11-15 21:03:08.387 | INFO     | server:train_subset_of_clients:46 - Updating parameters on client #48
2020-11-15 21:03:08.387 | INFO     | server:train_subset_of_clients:46 - Updating parameters on client #49
2020-11-15 21:03:11.086 | DEBUG    | client:test:203 - Test set: Accuracy: 7725/10000 (77%)
2020-11-15 21:03:11.086 | DEBUG    | client:test:204 - Test set: Loss: 6.121816635131836
2020-11-15 21:03:11.108 | DEBUG    | client:test:205 - Classification Report:
              precision    recall  f1-score   support

           0       0.80      0.84      0.82      1000
           1       0.00      0.00      0.00      1000
           2       0.86      0.72      0.79      1000
           3       0.86      0.88      0.87      1000
           4       0.71      0.87      0.78      1000
           5       0.96      0.94      0.95      1000
           6       0.68      0.60      0.64      1000
           7       0.92      0.94      0.93      1000
           8       0.95      0.97      0.96      1000
           9       0.49      0.95      0.64      1000

    accuracy                           0.77     10000
   macro avg       0.72      0.77      0.74     10000
weighted avg       0.72      0.77      0.74     10000

2020-11-15 21:03:11.108 | DEBUG    | client:test:206 - Confusion Matrix:
[[837   0  10  39  10   5  84   0  15   0]
 [  2   0   5  32   5   1   5   0   2 948]
 [ 19   0 723   8 157   1  86   0   6   0]
 [ 18   0   3 878  56   1  38   0   2   4]
 [  1   0  34  24 870   2  65   0   3   1]
 [  0   0   0   2   0 943   0  39   1  15]
 [162   0  65  34 118   0 603   0  18   0]
 [  0   0   0   0   0  20   0 941   1  38]
 [  1   0   1   6   3   2   5   5 975   2]
 [  0   0   0   0   0   4   0  40   1 955]]
2020-11-15 21:03:11.109 | DEBUG    | client:test:207 - Class precision: [0.80480769        nan 0.85969084 0.85826002 0.71369975 0.96322778
 0.68058691 0.91804878 0.95214844 0.48650025]
2020-11-15 21:03:11.109 | DEBUG    | client:test:208 - Class recall: [0.837 0.    0.723 0.878 0.87  0.943 0.603 0.941 0.975 0.955]
